#
# There is insufficient memory for the Java Runtime Environment to continue.
# Native memory allocation (mmap) failed to map 19922944 bytes for Failed to commit area from 0x0000000085d00000 to 0x0000000087000000 of length 19922944.
# Possible reasons:
#   The system is out of physical RAM or swap space
#   The process is running with CompressedOops enabled, and the Java Heap may be blocking the growth of the native heap
# Possible solutions:
#   Reduce memory load on the system
#   Increase physical memory or swap space
#   Check if swap backing store is full
#   Decrease Java heap size (-Xmx/-Xms)
#   Decrease number of Java threads
#   Decrease Java thread stack sizes (-Xss)
#   Set larger code cache with -XX:ReservedCodeCacheSize=
#   JVM is running with Unscaled Compressed Oops mode in which the Java heap is
#     placed in the first 4GB address space. The Java Heap base address is the
#     maximum limit for the native heap growth. Please use -XX:HeapBaseMinAddress
#     to set the Java Heap base and to place the Java Heap above 4GB virtual address.
# This output file may be truncated or incomplete.
#
#  Out of Memory Error (./src/hotspot/os/windows/os_windows.cpp:3301), pid=4556, tid=1228
#
# JRE version: OpenJDK Runtime Environment (11.0.10) (build 11.0.10+0-b96-7249189)
# Java VM: OpenJDK 64-Bit Server VM (11.0.10+0-b96-7249189, mixed mode, tiered, compressed oops, g1 gc, windows-amd64)
# No core dump will be written. Minidumps are not enabled by default on client versions of Windows
#

---------------  S U M M A R Y ------------

Command Line: --add-opens=java.base/java.util=ALL-UNNAMED --add-opens=java.base/java.lang=ALL-UNNAMED --add-opens=java.base/java.lang.invoke=ALL-UNNAMED --add-opens=java.base/java.util=ALL-UNNAMED --add-opens=java.prefs/java.util.prefs=ALL-UNNAMED --add-opens=java.prefs/java.util.prefs=ALL-UNNAMED --add-opens=java.base/java.nio.charset=ALL-UNNAMED --add-opens=java.base/java.net=ALL-UNNAMED --add-opens=java.base/java.util.concurrent.atomic=ALL-UNNAMED -Xmx2048m -Dfile.encoding=UTF-8 -Duser.country=ID -Duser.language=en -Duser.variant org.gradle.launcher.daemon.bootstrap.GradleDaemon 7.0.2

Host: Intel(R) Core(TM) i3-5005U CPU @ 2.00GHz, 4 cores, 3G,  Windows 10 , 64 bit Build 19041 (10.0.19041.1348)
Time: Thu Dec 30 11:14:52 2021 Eastern Standard Time elapsed time: 9.869174 seconds (0d 0h 0m 9s)

---------------  T H R E A D  ---------------

Current thread (0x0000011a30d25800):  VMThread "VM Thread" [stack: 0x00000017a1600000,0x00000017a1700000] [id=1228]

Stack: [0x00000017a1600000,0x00000017a1700000]
[error occurred during error reporting (printing stack bounds), id 0xc0000005, EXCEPTION_ACCESS_VIOLATION (0xc0000005) at pc=0x0000011a1ac80f2d]

Native frames: (J=compiled Java code, j=interpreted, Vv=VM code, C=native code)
V  [jvm.dll+0x5ecfaa]
V  [jvm.dll+0x722bd5]
V  [jvm.dll+0x72412d]
V  [jvm.dll+0x724745]
V  [jvm.dll+0x7246fb]
V  [jvm.dll+0x5ec348]
V  [jvm.dll+0x5ecad8]
C  [ntdll.dll+0xa20cf]
C  [ntdll.dll+0x51454]
C  [ntdll.dll+0xa0bfe]
C  0x0000011a1ac80f2d

VM_Operation (0x00000017a30fe030): G1CollectForAllocation, mode: safepoint, requested by thread 0x0000011a34025800


---------------  P R O C E S S  ---------------

Threads class SMR info:
_java_thread_list=0x0000011a36eeff80, length=41, elements={
0x0000011a1718e800, 0x0000011a30d2c000, 0x0000011a30d2f800, 0x0000011a30d87000,
0x0000011a30d8b000, 0x0000011a30d8d800, 0x0000011a30d8e800, 0x0000011a30d95000,
0x0000011a30da8800, 0x0000011a317f5000, 0x0000011a32d16000, 0x0000011a31aae000,
0x0000011a3509c000, 0x0000011a33987000, 0x0000011a3534d000, 0x0000011a34088800,
0x0000011a34089800, 0x0000011a34028000, 0x0000011a3402a800, 0x0000011a34029000,
0x0000011a3402b000, 0x0000011a34029800, 0x0000011a34025800, 0x0000011a33e54800,
0x0000011a3402c000, 0x0000011a34026800, 0x0000011a34027000, 0x0000011a35862800,
0x0000011a35863800, 0x0000011a35861000, 0x0000011a35864800, 0x0000011a35860000,
0x0000011a35862000, 0x0000011a35865000, 0x0000011a3586b800, 0x0000011a35866000,
0x0000011a3586a000, 0x0000011a3586c800, 0x0000011a35868800, 0x0000011a35867000,
0x0000011a3586d800
}

Java Threads: ( => current thread )
  0x0000011a1718e800 JavaThread "main" [_thread_blocked, id=8380, stack(0x00000017a1000000,0x00000017a1100000)]
  0x0000011a30d2c000 JavaThread "Reference Handler" daemon [_thread_blocked, id=6152, stack(0x00000017a1700000,0x00000017a1800000)]
  0x0000011a30d2f800 JavaThread "Finalizer" daemon [_thread_blocked, id=8208, stack(0x00000017a1800000,0x00000017a1900000)]
  0x0000011a30d87000 JavaThread "Signal Dispatcher" daemon [_thread_blocked, id=4040, stack(0x00000017a1900000,0x00000017a1a00000)]
  0x0000011a30d8b000 JavaThread "Attach Listener" daemon [_thread_blocked, id=1980, stack(0x00000017a1a00000,0x00000017a1b00000)]
  0x0000011a30d8d800 JavaThread "Service Thread" daemon [_thread_blocked, id=6832, stack(0x00000017a1b00000,0x00000017a1c00000)]
  0x0000011a30d8e800 JavaThread "C2 CompilerThread0" daemon [_thread_blocked, id=11016, stack(0x00000017a1c00000,0x00000017a1d00000)]
  0x0000011a30d95000 JavaThread "C1 CompilerThread0" daemon [_thread_blocked, id=6580, stack(0x00000017a1d00000,0x00000017a1e00000)]
  0x0000011a30da8800 JavaThread "Sweeper thread" daemon [_thread_blocked, id=2980, stack(0x00000017a1e00000,0x00000017a1f00000)]
  0x0000011a317f5000 JavaThread "Common-Cleaner" daemon [_thread_blocked, id=7600, stack(0x00000017a1f00000,0x00000017a2000000)]
  0x0000011a32d16000 JavaThread "Daemon health stats" [_thread_blocked, id=1548, stack(0x00000017a2300000,0x00000017a2400000)]
  0x0000011a31aae000 JavaThread "Incoming local TCP Connector on port 53151" [_thread_in_native, id=4384, stack(0x00000017a2100000,0x00000017a2200000)]
  0x0000011a3509c000 JavaThread "Daemon periodic checks" [_thread_blocked, id=544, stack(0x00000017a2600000,0x00000017a2700000)]
  0x0000011a33987000 JavaThread "Daemon" [_thread_blocked, id=3568, stack(0x00000017a2700000,0x00000017a2800000)]
  0x0000011a3534d000 JavaThread "Handler for socket connection from /127.0.0.1:53151 to /127.0.0.1:53152" [_thread_in_native, id=2596, stack(0x00000017a2800000,0x00000017a2900000)]
  0x0000011a34088800 JavaThread "Cancel handler" [_thread_blocked, id=6692, stack(0x00000017a2900000,0x00000017a2a00000)]
  0x0000011a34089800 JavaThread "Daemon worker" [_thread_blocked, id=7164, stack(0x00000017a2a00000,0x00000017a2b00000)]
  0x0000011a34028000 JavaThread "Asynchronous log dispatcher for DefaultDaemonConnection: socket connection from /127.0.0.1:53151 to /127.0.0.1:53152" [_thread_blocked, id=1056, stack(0x00000017a2b00000,0x00000017a2c00000)]
  0x0000011a3402a800 JavaThread "Stdin handler" [_thread_blocked, id=2316, stack(0x00000017a2c00000,0x00000017a2d00000)]
  0x0000011a34029000 JavaThread "Daemon client event forwarder" [_thread_blocked, id=4600, stack(0x00000017a2d00000,0x00000017a2e00000)]
  0x0000011a3402b000 JavaThread "Cache worker for file hash cache (C:\Users\NAS\.gradle\caches\7.0.2\fileHashes)" [_thread_blocked, id=10520, stack(0x00000017a2e00000,0x00000017a2f00000)]
  0x0000011a34029800 JavaThread "File lock request listener" [_thread_in_native, id=1680, stack(0x00000017a2f00000,0x00000017a3000000)]
  0x0000011a34025800 JavaThread "Cache worker for journal cache (C:\Users\NAS\.gradle\caches\journal-1)" [_thread_blocked, id=11776, stack(0x00000017a3000000,0x00000017a3100000)]
  0x0000011a33e54800 JavaThread "C2 CompilerThread1" daemon [_thread_blocked, id=220, stack(0x00000017a3100000,0x00000017a3200000)]
  0x0000011a3402c000 JavaThread "Cache worker for file hash cache (B:\Mobile\ProjectUas\.gradle\7.0.2\fileHashes)" [_thread_blocked, id=12156, stack(0x00000017a3200000,0x00000017a3300000)]
  0x0000011a34026800 JavaThread "File watcher server" daemon [_thread_in_native, id=7492, stack(0x00000017a3300000,0x00000017a3400000)]
  0x0000011a34027000 JavaThread "File watcher consumer" daemon [_thread_blocked, id=3268, stack(0x00000017a3400000,0x00000017a3500000)]
  0x0000011a35862800 JavaThread "Cache worker for checksums cache (B:\Mobile\ProjectUas\.gradle\checksums)" [_thread_blocked, id=7592, stack(0x00000017a3500000,0x00000017a3600000)]
  0x0000011a35863800 JavaThread "Cache worker for cache directory md-supplier (C:\Users\NAS\.gradle\caches\7.0.2\md-supplier)" [_thread_blocked, id=8980, stack(0x00000017a3600000,0x00000017a3700000)]
  0x0000011a35861000 JavaThread "Cache worker for cache directory md-rule (C:\Users\NAS\.gradle\caches\7.0.2\md-rule)" [_thread_blocked, id=5760, stack(0x00000017a3700000,0x00000017a3800000)]
  0x0000011a35864800 JavaThread "Cache worker for execution history cache (C:\Users\NAS\.gradle\caches\7.0.2\executionHistory)" [_thread_blocked, id=8748, stack(0x00000017a3800000,0x00000017a3900000)]
  0x0000011a35860000 JavaThread "jar transforms" [_thread_blocked, id=2916, stack(0x00000017a3900000,0x00000017a3a00000)]
  0x0000011a35862000 JavaThread "jar transforms Thread 2" [_thread_blocked, id=5592, stack(0x00000017a3a00000,0x00000017a3b00000)]
  0x0000011a35865000 JavaThread "Cache worker for file content cache (C:\Users\NAS\.gradle\caches\7.0.2\fileContent)" [_thread_blocked, id=4972, stack(0x00000017a3b00000,0x00000017a3c00000)]
  0x0000011a3586b800 JavaThread "Cache worker for dependencies-accessors (B:\Mobile\ProjectUas\.gradle\7.0.2\dependencies-accessors)" [_thread_blocked, id=9060, stack(0x00000017a3c00000,0x00000017a3d00000)]
  0x0000011a35866000 JavaThread "jar transforms Thread 3" [_thread_blocked, id=7416, stack(0x00000017a3d00000,0x00000017a3e00000)]
  0x0000011a3586a000 JavaThread "Cache worker for Build Output Cleanup Cache (B:\Mobile\ProjectUas\.gradle\buildOutputCleanup)" [_thread_blocked, id=6988, stack(0x00000017a3e00000,0x00000017a3f00000)]
  0x0000011a3586c800 JavaThread "Build operations" [_thread_blocked, id=9292, stack(0x00000017a3f00000,0x00000017a4000000)]
  0x0000011a35868800 JavaThread "Build operations Thread 2" [_thread_blocked, id=8248, stack(0x00000017a4000000,0x00000017a4100000)]
  0x0000011a35867000 JavaThread "Build operations Thread 3" [_thread_blocked, id=10144, stack(0x00000017a4100000,0x00000017a4200000)]
  0x0000011a3586d800 JavaThread "Build operations Thread 4" [_thread_blocked, id=2840, stack(0x00000017a4200000,0x00000017a4300000)]

Other Threads:
=>0x0000011a30d25800 VMThread "VM Thread" [stack: 0x00000017a1600000,0x00000017a1700000] [id=1228]
  0x0000011a31808800 WatcherThread [stack: 0x00000017a2000000,0x00000017a2100000] [id=2160]
  0x0000011a171a6000 GCTaskThread "GC Thread#0" [stack: 0x00000017a1100000,0x00000017a1200000] [id=8428]
  0x0000011a31d2e800 GCTaskThread "GC Thread#1" [stack: 0x00000017a2200000,0x00000017a2300000] [id=7284]
  0x0000011a337b8000 GCTaskThread "GC Thread#2" [stack: 0x00000017a2400000,0x00000017a2500000] [id=6728]
  0x0000011a33226800 GCTaskThread "GC Thread#3" [stack: 0x00000017a2500000,0x00000017a2600000] [id=8736]
  0x0000011a171da800 ConcurrentGCThread "G1 Main Marker" [stack: 0x00000017a1200000,0x00000017a1300000] [id=3064]
  0x0000011a171dc800 ConcurrentGCThread "G1 Conc#0" [stack: 0x00000017a1300000,0x00000017a1400000] [id=7868]
  0x0000011a17234800 ConcurrentGCThread "G1 Refine#0" [stack: 0x00000017a1400000,0x00000017a1500000] [id=756]
  0x0000011a17235800 ConcurrentGCThread "G1 Young RemSet Sampling" [stack: 0x00000017a1500000,0x00000017a1600000] [id=8324]

Threads with active compile tasks:
C2 CompilerThread0   9885 4625       4       com.esotericsoftware.kryo.io.Output::writeString (125 bytes)
C1 CompilerThread0   9885 4623       3       java.lang.invoke.InnerClassLambdaMetafactory$ForwardingMethodGenerator::generate (181 bytes)

VM state:at safepoint (normal execution)

VM Mutex/Monitor currently owned by a thread:  ([mutex/lock_event])
[0x0000011a1718bdb0] Threads_lock - owner thread: 0x0000011a30d25800
[0x0000011a1718b8a0] Heap_lock - owner thread: 0x0000011a34025800

Heap address: 0x0000000080000000, size: 2048 MB, Compressed Oops mode: 32-bit
Narrow klass base: 0x0000000000000000, Narrow klass shift: 3
Compressed class space size: 1073741824 Address: 0x0000000100000000

Heap:
 garbage-first heap   total 114688K, used 30709K [0x0000000080000000, 0x0000000100000000)
  region size 1024K, 4 young (4096K), 4 survivors (4096K)
 Metaspace       used 46660K, capacity 47931K, committed 48204K, reserved 1091584K
  class space    used 5987K, capacity 6434K, committed 6528K, reserved 1048576K
Heap Regions: E=young(eden), S=young(survivor), O=old, HS=humongous(starts), HC=humongous(continues), CS=collection set, F=free, A=archive, TAMS=top-at-mark-start (previous, next)
|   0|0x0000000080000000, 0x0000000080100000, 0x0000000080100000|100%| O|  |TAMS 0x0000000080100000, 0x0000000080000000| Untracked 
|   1|0x0000000080100000, 0x0000000080200000, 0x0000000080200000|100%| O|  |TAMS 0x0000000080200000, 0x0000000080100000| Untracked 
|   2|0x0000000080200000, 0x0000000080300000, 0x0000000080300000|100%| O|  |TAMS 0x0000000080300000, 0x0000000080200000| Untracked 
|   3|0x0000000080300000, 0x0000000080400000, 0x0000000080400000|100%|HS|  |TAMS 0x0000000080400000, 0x0000000080300000| Complete 
|   4|0x0000000080400000, 0x0000000080500000, 0x0000000080500000|100%|HC|  |TAMS 0x0000000080500000, 0x0000000080400000| Complete 
|   5|0x0000000080500000, 0x0000000080600000, 0x0000000080600000|100%|HC|  |TAMS 0x0000000080600000, 0x0000000080500000| Complete 
|   6|0x0000000080600000, 0x0000000080700000, 0x0000000080700000|100%| O|  |TAMS 0x0000000080700000, 0x0000000080600000| Untracked 
|   7|0x0000000080700000, 0x0000000080800000, 0x0000000080800000|100%| O|  |TAMS 0x0000000080800000, 0x0000000080700000| Untracked 
|   8|0x0000000080800000, 0x0000000080900000, 0x0000000080900000|100%| O|  |TAMS 0x0000000080900000, 0x0000000080800000| Untracked 
|   9|0x0000000080900000, 0x0000000080a00000, 0x0000000080a00000|100%| O|  |TAMS 0x0000000080a00000, 0x0000000080900000| Untracked 
|  10|0x0000000080a00000, 0x0000000080b00000, 0x0000000080b00000|100%| O|  |TAMS 0x0000000080b00000, 0x0000000080a00000| Untracked 
|  11|0x0000000080b00000, 0x0000000080c00000, 0x0000000080c00000|100%| O|  |TAMS 0x0000000080c00000, 0x0000000080b00000| Untracked 
|  12|0x0000000080c00000, 0x0000000080d00000, 0x0000000080d00000|100%| O|  |TAMS 0x0000000080d00000, 0x0000000080c00000| Untracked 
|  13|0x0000000080d00000, 0x0000000080e00000, 0x0000000080e00000|100%| O|  |TAMS 0x0000000080e00000, 0x0000000080d00000| Untracked 
|  14|0x0000000080e00000, 0x0000000080f00000, 0x0000000080f00000|100%| O|  |TAMS 0x0000000080f00000, 0x0000000080e00000| Untracked 
|  15|0x0000000080f00000, 0x0000000081000000, 0x0000000081000000|100%| O|  |TAMS 0x0000000081000000, 0x0000000080f00000| Untracked 
|  16|0x0000000081000000, 0x0000000081100000, 0x0000000081100000|100%| O|  |TAMS 0x00000000810edc00, 0x0000000081000000| Untracked 
|  17|0x0000000081100000, 0x0000000081200000, 0x0000000081200000|100%| O|  |TAMS 0x0000000081100000, 0x0000000081100000| Untracked 
|  18|0x0000000081200000, 0x0000000081300000, 0x0000000081300000|100%| O|  |TAMS 0x0000000081200000, 0x0000000081200000| Untracked 
|  19|0x0000000081300000, 0x0000000081400000, 0x0000000081400000|100%| O|  |TAMS 0x0000000081300000, 0x0000000081300000| Untracked 
|  20|0x0000000081400000, 0x0000000081500000, 0x0000000081500000|100%| O|  |TAMS 0x0000000081400000, 0x0000000081400000| Untracked 
|  21|0x0000000081500000, 0x0000000081600000, 0x0000000081600000|100%| O|  |TAMS 0x0000000081500000, 0x0000000081500000| Untracked 
|  22|0x0000000081600000, 0x0000000081700000, 0x0000000081700000|100%| O|  |TAMS 0x0000000081600000, 0x0000000081600000| Untracked 
|  23|0x0000000081700000, 0x0000000081800000, 0x0000000081800000|100%| O|  |TAMS 0x0000000081700000, 0x0000000081700000| Untracked 
|  24|0x0000000081800000, 0x0000000081900000, 0x0000000081900000|100%| O|  |TAMS 0x0000000081800000, 0x0000000081800000| Untracked 
|  25|0x0000000081900000, 0x0000000081a00000, 0x0000000081a00000|100%| O|  |TAMS 0x0000000081900000, 0x0000000081900000| Untracked 
|  26|0x0000000081a00000, 0x0000000081acf400, 0x0000000081b00000| 80%| O|  |TAMS 0x0000000081a00000, 0x0000000081a00000| Untracked 
|  27|0x0000000081b00000, 0x0000000081b00000, 0x0000000081c00000|  0%| F|  |TAMS 0x0000000081b00000, 0x0000000081b00000| Untracked 
|  28|0x0000000081c00000, 0x0000000081c00000, 0x0000000081d00000|  0%| F|  |TAMS 0x0000000081c00000, 0x0000000081c00000| Untracked 
|  29|0x0000000081d00000, 0x0000000081d00000, 0x0000000081e00000|  0%| F|  |TAMS 0x0000000081d00000, 0x0000000081d00000| Untracked 
|  30|0x0000000081e00000, 0x0000000081e00000, 0x0000000081f00000|  0%| F|  |TAMS 0x0000000081e00000, 0x0000000081e00000| Untracked 
|  31|0x0000000081f00000, 0x0000000081f00000, 0x0000000082000000|  0%| F|  |TAMS 0x0000000081f00000, 0x0000000081f00000| Untracked 
|  32|0x0000000082000000, 0x0000000082000000, 0x0000000082100000|  0%| F|  |TAMS 0x0000000082000000, 0x0000000082000000| Untracked 
|  33|0x0000000082100000, 0x0000000082100000, 0x0000000082200000|  0%| F|  |TAMS 0x0000000082100000, 0x0000000082100000| Untracked 
|  34|0x0000000082200000, 0x0000000082200000, 0x0000000082300000|  0%| F|  |TAMS 0x0000000082200000, 0x0000000082200000| Untracked 
|  35|0x0000000082300000, 0x0000000082300000, 0x0000000082400000|  0%| F|  |TAMS 0x0000000082300000, 0x0000000082300000| Untracked 
|  36|0x0000000082400000, 0x0000000082400000, 0x0000000082500000|  0%| F|  |TAMS 0x0000000082400000, 0x0000000082400000| Untracked 
|  37|0x0000000082500000, 0x0000000082500000, 0x0000000082600000|  0%| F|  |TAMS 0x0000000082500000, 0x0000000082500000| Untracked 
|  38|0x0000000082600000, 0x0000000082600000, 0x0000000082700000|  0%| F|  |TAMS 0x0000000082600000, 0x0000000082600000| Untracked 
|  39|0x0000000082700000, 0x0000000082700000, 0x0000000082800000|  0%| F|  |TAMS 0x0000000082700000, 0x0000000082700000| Untracked 
|  40|0x0000000082800000, 0x0000000082800000, 0x0000000082900000|  0%| F|  |TAMS 0x0000000082800000, 0x0000000082800000| Untracked 
|  41|0x0000000082900000, 0x0000000082900000, 0x0000000082a00000|  0%| F|  |TAMS 0x0000000082900000, 0x0000000082900000| Untracked 
|  42|0x0000000082a00000, 0x0000000082a00000, 0x0000000082b00000|  0%| F|  |TAMS 0x0000000082a00000, 0x0000000082a00000| Untracked 
|  43|0x0000000082b00000, 0x0000000082b00000, 0x0000000082c00000|  0%| F|  |TAMS 0x0000000082b00000, 0x0000000082b00000| Untracked 
|  44|0x0000000082c00000, 0x0000000082c00000, 0x0000000082d00000|  0%| F|  |TAMS 0x0000000082c00000, 0x0000000082c00000| Untracked 
|  45|0x0000000082d00000, 0x0000000082d00000, 0x0000000082e00000|  0%| F|  |TAMS 0x0000000082d00000, 0x0000000082d00000| Untracked 
|  46|0x0000000082e00000, 0x0000000082e00000, 0x0000000082f00000|  0%| F|  |TAMS 0x0000000082e00000, 0x0000000082e00000| Untracked 
|  47|0x0000000082f00000, 0x0000000082f00000, 0x0000000083000000|  0%| F|  |TAMS 0x0000000082f00000, 0x0000000082f00000| Untracked 
|  48|0x0000000083000000, 0x000000008302e1c0, 0x0000000083100000| 18%| S|CS|TAMS 0x0000000083000000, 0x0000000083000000| Complete 
|  49|0x0000000083100000, 0x0000000083100000, 0x0000000083200000|  0%| F|  |TAMS 0x0000000083100000, 0x0000000083100000| Untracked 
|  50|0x0000000083200000, 0x0000000083200000, 0x0000000083300000|  0%| F|  |TAMS 0x0000000083200000, 0x0000000083200000| Untracked 
|  51|0x0000000083300000, 0x0000000083300000, 0x0000000083400000|  0%| F|  |TAMS 0x0000000083300000, 0x0000000083300000| Untracked 
|  52|0x0000000083400000, 0x0000000083400000, 0x0000000083500000|  0%| F|  |TAMS 0x0000000083400000, 0x0000000083400000| Untracked 
|  53|0x0000000083500000, 0x0000000083600000, 0x0000000083600000|100%| S|CS|TAMS 0x0000000083500000, 0x0000000083500000| Complete 
|  54|0x0000000083600000, 0x0000000083700000, 0x0000000083700000|100%| S|CS|TAMS 0x0000000083600000, 0x0000000083600000| Complete 
|  55|0x0000000083700000, 0x0000000083800000, 0x0000000083800000|100%| S|CS|TAMS 0x0000000083700000, 0x0000000083700000| Complete 
|  56|0x0000000083800000, 0x0000000083800000, 0x0000000083900000|  0%| F|  |TAMS 0x0000000083800000, 0x0000000083800000| Untracked 
|  57|0x0000000083900000, 0x0000000083900000, 0x0000000083a00000|  0%| F|  |TAMS 0x0000000083900000, 0x0000000083900000| Untracked 
|  58|0x0000000083a00000, 0x0000000083a00000, 0x0000000083b00000|  0%| F|  |TAMS 0x0000000083a00000, 0x0000000083a00000| Untracked 
|  59|0x0000000083b00000, 0x0000000083b00000, 0x0000000083c00000|  0%| F|  |TAMS 0x0000000083b00000, 0x0000000083b00000| Untracked 
|  60|0x0000000083c00000, 0x0000000083c00000, 0x0000000083d00000|  0%| F|  |TAMS 0x0000000083c00000, 0x0000000083c00000| Untracked 
|  61|0x0000000083d00000, 0x0000000083d00000, 0x0000000083e00000|  0%| F|  |TAMS 0x0000000083d00000, 0x0000000083d00000| Untracked 
|  62|0x0000000083e00000, 0x0000000083e00000, 0x0000000083f00000|  0%| F|  |TAMS 0x0000000083e00000, 0x0000000083e00000| Untracked 
|  63|0x0000000083f00000, 0x0000000083f00000, 0x0000000084000000|  0%| F|  |TAMS 0x0000000083f00000, 0x0000000083f00000| Untracked 
|  64|0x0000000084000000, 0x0000000084000000, 0x0000000084100000|  0%| F|  |TAMS 0x0000000084000000, 0x0000000084000000| Untracked 
|  65|0x0000000084100000, 0x0000000084100000, 0x0000000084200000|  0%| F|  |TAMS 0x0000000084100000, 0x0000000084100000| Untracked 
|  66|0x0000000084200000, 0x0000000084200000, 0x0000000084300000|  0%| F|  |TAMS 0x0000000084200000, 0x0000000084200000| Untracked 
|  67|0x0000000084300000, 0x0000000084300000, 0x0000000084400000|  0%| F|  |TAMS 0x0000000084300000, 0x0000000084300000| Untracked 
|  68|0x0000000084400000, 0x0000000084400000, 0x0000000084500000|  0%| F|  |TAMS 0x0000000084400000, 0x0000000084400000| Untracked 
|  69|0x0000000084500000, 0x0000000084500000, 0x0000000084600000|  0%| F|  |TAMS 0x0000000084500000, 0x0000000084500000| Untracked 
|  70|0x0000000084600000, 0x0000000084600000, 0x0000000084700000|  0%| F|  |TAMS 0x0000000084600000, 0x0000000084600000| Untracked 
|  71|0x0000000084700000, 0x0000000084700000, 0x0000000084800000|  0%| F|  |TAMS 0x0000000084700000, 0x0000000084700000| Untracked 
|  72|0x0000000084800000, 0x0000000084800000, 0x0000000084900000|  0%| F|  |TAMS 0x0000000084800000, 0x0000000084800000| Untracked 
|  73|0x0000000084900000, 0x0000000084900000, 0x0000000084a00000|  0%| F|  |TAMS 0x0000000084900000, 0x0000000084900000| Untracked 
|  74|0x0000000084a00000, 0x0000000084a00000, 0x0000000084b00000|  0%| F|  |TAMS 0x0000000084a00000, 0x0000000084a00000| Untracked 
|  75|0x0000000084b00000, 0x0000000084b00000, 0x0000000084c00000|  0%| F|  |TAMS 0x0000000084b00000, 0x0000000084b00000| Untracked 
|  76|0x0000000084c00000, 0x0000000084c00000, 0x0000000084d00000|  0%| F|  |TAMS 0x0000000084c00000, 0x0000000084c00000| Untracked 
|  77|0x0000000084d00000, 0x0000000084d00000, 0x0000000084e00000|  0%| F|  |TAMS 0x0000000084d00000, 0x0000000084d00000| Untracked 
|  78|0x0000000084e00000, 0x0000000084e00000, 0x0000000084f00000|  0%| F|  |TAMS 0x0000000084e00000, 0x0000000084e00000| Untracked 
|  79|0x0000000084f00000, 0x0000000084f00000, 0x0000000085000000|  0%| F|  |TAMS 0x0000000084f00000, 0x0000000084f00000| Untracked 
|  80|0x0000000085000000, 0x0000000085000000, 0x0000000085100000|  0%| F|  |TAMS 0x0000000085000000, 0x0000000085000000| Untracked 
|  81|0x0000000085100000, 0x0000000085100000, 0x0000000085200000|  0%| F|  |TAMS 0x0000000085100000, 0x0000000085100000| Untracked 
|  82|0x0000000085200000, 0x0000000085200000, 0x0000000085300000|  0%| F|  |TAMS 0x0000000085200000, 0x0000000085200000| Untracked 
|  83|0x0000000085300000, 0x0000000085300000, 0x0000000085400000|  0%| F|  |TAMS 0x0000000085300000, 0x0000000085300000| Untracked 
|  84|0x0000000085400000, 0x0000000085400000, 0x0000000085500000|  0%| F|  |TAMS 0x0000000085400000, 0x0000000085400000| Untracked 
|  85|0x0000000085500000, 0x0000000085500000, 0x0000000085600000|  0%| F|  |TAMS 0x0000000085500000, 0x0000000085500000| Untracked 
|  86|0x0000000085600000, 0x0000000085600000, 0x0000000085700000|  0%| F|  |TAMS 0x0000000085600000, 0x0000000085600000| Untracked 
|  87|0x0000000085700000, 0x0000000085700000, 0x0000000085800000|  0%| F|  |TAMS 0x0000000085700000, 0x0000000085700000| Untracked 
|  88|0x0000000085800000, 0x0000000085800000, 0x0000000085900000|  0%| F|  |TAMS 0x0000000085800000, 0x0000000085800000| Untracked 
|  89|0x0000000085900000, 0x0000000085900000, 0x0000000085a00000|  0%| F|  |TAMS 0x0000000085900000, 0x0000000085900000| Untracked 
|  90|0x0000000085a00000, 0x0000000085a00000, 0x0000000085b00000|  0%| F|  |TAMS 0x0000000085a00000, 0x0000000085a00000| Untracked 
|  91|0x0000000085b00000, 0x0000000085b00000, 0x0000000085c00000|  0%| F|  |TAMS 0x0000000085b00000, 0x0000000085b00000| Untracked 
|  92|0x0000000085c00000, 0x0000000085c00000, 0x0000000085d00000|  0%| F|  |TAMS 0x0000000085c00000, 0x0000000085c00000| Untracked 

Card table byte_map: [0x0000011a2a080000,0x0000011a2a480000] _byte_map_base: 0x0000011a29c80000

Marking Bits (Prev, Next): (CMBitMap*) 0x0000011a171d1bb8, (CMBitMap*) 0x0000011a171d1bf0
 Prev Bits: [0x0000011a2a880000, 0x0000011a2c880000)
 Next Bits: [0x0000011a2c880000, 0x0000011a2e880000)

Polling page: 0x0000011a16970000

Metaspace:

Usage:
  Non-class:     40.52 MB capacity,    39.72 MB ( 98%) used,   702.38 KB (  2%) free+waste,   121.75 KB ( <1%) overhead. 
      Class:      6.28 MB capacity,     5.85 MB ( 93%) used,   388.24 KB (  6%) free+waste,    58.38 KB ( <1%) overhead. 
       Both:     46.81 MB capacity,    45.57 MB ( 97%) used,     1.07 MB (  2%) free+waste,   180.13 KB ( <1%) overhead. 

Virtual space:
  Non-class space:       42.00 MB reserved,      40.70 MB ( 97%) committed 
      Class space:        1.00 GB reserved,       6.38 MB ( <1%) committed 
             Both:        1.04 GB reserved,      47.07 MB (  4%) committed 

Chunk freelists:
   Non-Class:  0 bytes
       Class:  0 bytes
        Both:  0 bytes

MaxMetaspaceSize: 17179869184.00 GB
CompressedClassSpaceSize: 1.00 GB

CodeHeap 'non-profiled nmethods': size=120064Kb used=2324Kb max_used=2324Kb free=117739Kb
 bounds [0x0000011a22740000, 0x0000011a229b0000, 0x0000011a29c80000]
CodeHeap 'profiled nmethods': size=120000Kb used=9042Kb max_used=9042Kb free=110958Kb
 bounds [0x0000011a1b210000, 0x0000011a1baf0000, 0x0000011a22740000]
CodeHeap 'non-nmethods': size=5696Kb used=2216Kb max_used=2246Kb free=3479Kb
 bounds [0x0000011a1ac80000, 0x0000011a1aef0000, 0x0000011a1b210000]
 total_blobs=5371 nmethods=4583 adapters=699
 compilation: enabled
              stopped_count=0, restarted_count=0
 full_count=0

Compilation events (20 events):
Event: 9.836 Thread 0x0000011a30d95000 nmethod 4613 0x0000011a1badf190 code [0x0000011a1badf380, 0x0000011a1badf6a8]
Event: 9.837 Thread 0x0000011a30d95000 4615       3       java.util.concurrent.ThreadPoolExecutor::isRunning (10 bytes)
Event: 9.837 Thread 0x0000011a30d95000 nmethod 4615 0x0000011a1badf810 code [0x0000011a1badf9c0, 0x0000011a1badfaf8]
Event: 9.837 Thread 0x0000011a30d95000 4616       1       org.gradle.api.internal.artifacts.ivyservice.ResolvedArtifactCollectingVisitor::requireArtifactFiles (2 bytes)
Event: 9.838 Thread 0x0000011a30d95000 nmethod 4616 0x0000011a22984090 code [0x0000011a22984240, 0x0000011a229842f8]
Event: 9.838 Thread 0x0000011a33e54800 nmethod 4614 0x0000011a22984390 code [0x0000011a22984520, 0x0000011a22984658]
Event: 9.840 Thread 0x0000011a30d95000 4617       3       org.gradle.internal.operations.DefaultBuildOperationListenerManager$ProgressShieldingBuildOperationListener::started (29 bytes)
Event: 9.841 Thread 0x0000011a30d95000 nmethod 4617 0x0000011a1badfb90 code [0x0000011a1badfd60, 0x0000011a1bae0038]
Event: 9.845 Thread 0x0000011a30d8e800 4618       4       com.google.common.io.CountingInputStream::read (25 bytes)
Event: 9.847 Thread 0x0000011a30d95000 4619       3       java.lang.String::indexOf (18 bytes)
Event: 9.848 Thread 0x0000011a30d95000 nmethod 4619 0x0000011a1bae0190 code [0x0000011a1bae0360, 0x0000011a1bae0628]
Event: 9.848 Thread 0x0000011a30d95000 4620       3       java.lang.String::indexOf (113 bytes)
Event: 9.850 Thread 0x0000011a30d95000 nmethod 4620 0x0000011a1bae0790 code [0x0000011a1bae0a20, 0x0000011a1bae1448]
Event: 9.850 Thread 0x0000011a30d95000 4621   !   3       java.util.concurrent.ConcurrentHashMap::putVal (432 bytes)
Event: 9.850 Thread 0x0000011a33e54800 4624       4       org.gradle.cache.internal.btree.BTreePersistentIndexedCache$IndexEntry::<init> (5 bytes)
Event: 9.850 Thread 0x0000011a30d8e800 nmethod 4618 0x0000011a22984790 code [0x0000011a22984940, 0x0000011a22984dc8]
Event: 9.850 Thread 0x0000011a33e54800 nmethod 4624 0x0000011a22984f90 code [0x0000011a22985120, 0x0000011a22985178]
Event: 9.851 Thread 0x0000011a30d8e800 4625       4       com.esotericsoftware.kryo.io.Output::writeString (125 bytes)
Event: 9.854 Thread 0x0000011a30d95000 nmethod 4621 0x0000011a1bae1890 code [0x0000011a1bae1c20, 0x0000011a1bae3d58]
Event: 9.854 Thread 0x0000011a30d95000 4623       3       java.lang.invoke.InnerClassLambdaMetafactory$ForwardingMethodGenerator::generate (181 bytes)

GC Heap History (20 events):
Event: 2.595 GC heap after
{Heap after GC invocations=4 (full 0):
 garbage-first heap   total 65536K, used 15356K [0x0000000080000000, 0x0000000100000000)
  region size 1024K, 4 young (4096K), 4 survivors (4096K)
 Metaspace       used 13665K, capacity 14007K, committed 14208K, reserved 1062912K
  class space    used 1519K, capacity 1654K, committed 1664K, reserved 1048576K
}
Event: 3.895 GC heap before
{Heap before GC invocations=4 (full 0):
 garbage-first heap   total 65536K, used 39932K [0x0000000080000000, 0x0000000100000000)
  region size 1024K, 29 young (29696K), 4 survivors (4096K)
 Metaspace       used 18817K, capacity 19228K, committed 19328K, reserved 1067008K
  class space    used 2264K, capacity 2404K, committed 2432K, reserved 1048576K
}
Event: 3.903 GC heap after
{Heap after GC invocations=5 (full 0):
 garbage-first heap   total 78848K, used 16283K [0x0000000080000000, 0x0000000100000000)
  region size 1024K, 2 young (2048K), 2 survivors (2048K)
 Metaspace       used 18817K, capacity 19228K, committed 19328K, reserved 1067008K
  class space    used 2264K, capacity 2404K, committed 2432K, reserved 1048576K
}
Event: 4.171 GC heap before
{Heap before GC invocations=5 (full 0):
 garbage-first heap   total 78848K, used 30619K [0x0000000080000000, 0x0000000100000000)
  region size 1024K, 17 young (17408K), 2 survivors (2048K)
 Metaspace       used 20580K, capacity 21121K, committed 21248K, reserved 1067008K
  class space    used 2519K, capacity 2721K, committed 2816K, reserved 1048576K
}
Event: 4.176 GC heap after
{Heap after GC invocations=6 (full 0):
 garbage-first heap   total 78848K, used 16670K [0x0000000080000000, 0x0000000100000000)
  region size 1024K, 2 young (2048K), 2 survivors (2048K)
 Metaspace       used 20580K, capacity 21121K, committed 21248K, reserved 1067008K
  class space    used 2519K, capacity 2721K, committed 2816K, reserved 1048576K
}
Event: 4.673 GC heap before
{Heap before GC invocations=7 (full 0):
 garbage-first heap   total 78848K, used 47390K [0x0000000080000000, 0x0000000100000000)
  region size 1024K, 32 young (32768K), 2 survivors (2048K)
 Metaspace       used 23563K, capacity 24215K, committed 24320K, reserved 1071104K
  class space    used 3010K, capacity 3224K, committed 3328K, reserved 1048576K
}
Event: 4.679 GC heap after
{Heap after GC invocations=8 (full 0):
 garbage-first heap   total 78848K, used 17522K [0x0000000080000000, 0x0000000100000000)
  region size 1024K, 3 young (3072K), 3 survivors (3072K)
 Metaspace       used 23563K, capacity 24215K, committed 24320K, reserved 1071104K
  class space    used 3010K, capacity 3224K, committed 3328K, reserved 1048576K
}
Event: 5.317 GC heap before
{Heap before GC invocations=8 (full 0):
 garbage-first heap   total 78848K, used 49266K [0x0000000080000000, 0x0000000100000000)
  region size 1024K, 34 young (34816K), 3 survivors (3072K)
 Metaspace       used 26545K, capacity 27197K, committed 27392K, reserved 1073152K
  class space    used 3502K, capacity 3754K, committed 3840K, reserved 1048576K
}
Event: 5.326 GC heap after
{Heap after GC invocations=9 (full 0):
 garbage-first heap   total 78848K, used 18755K [0x0000000080000000, 0x0000000100000000)
  region size 1024K, 3 young (3072K), 3 survivors (3072K)
 Metaspace       used 26545K, capacity 27197K, committed 27392K, reserved 1073152K
  class space    used 3502K, capacity 3754K, committed 3840K, reserved 1048576K
}
Event: 6.073 GC heap before
{Heap before GC invocations=9 (full 0):
 garbage-first heap   total 78848K, used 51523K [0x0000000080000000, 0x0000000100000000)
  region size 1024K, 35 young (35840K), 3 survivors (3072K)
 Metaspace       used 30396K, capacity 31127K, committed 31232K, reserved 1077248K
  class space    used 4091K, capacity 4338K, committed 4352K, reserved 1048576K
}
Event: 6.082 GC heap after
{Heap after GC invocations=10 (full 0):
 garbage-first heap   total 78848K, used 20046K [0x0000000080000000, 0x0000000100000000)
  region size 1024K, 4 young (4096K), 4 survivors (4096K)
 Metaspace       used 30396K, capacity 31127K, committed 31232K, reserved 1077248K
  class space    used 4091K, capacity 4338K, committed 4352K, reserved 1048576K
}
Event: 6.683 GC heap before
{Heap before GC invocations=10 (full 0):
 garbage-first heap   total 78848K, used 33358K [0x0000000080000000, 0x0000000100000000)
  region size 1024K, 18 young (18432K), 4 survivors (4096K)
 Metaspace       used 34949K, capacity 35737K, committed 35840K, reserved 1081344K
  class space    used 4535K, capacity 4833K, committed 4864K, reserved 1048576K
}
Event: 6.699 GC heap after
{Heap after GC invocations=11 (full 0):
 garbage-first heap   total 95232K, used 22093K [0x0000000080000000, 0x0000000100000000)
  region size 1024K, 5 young (5120K), 5 survivors (5120K)
 Metaspace       used 34949K, capacity 35737K, committed 35840K, reserved 1081344K
  class space    used 4535K, capacity 4833K, committed 4864K, reserved 1048576K
}
Event: 7.411 GC heap before
{Heap before GC invocations=12 (full 0):
 garbage-first heap   total 95232K, used 56909K [0x0000000080000000, 0x0000000100000000)
  region size 1024K, 40 young (40960K), 5 survivors (5120K)
 Metaspace       used 37343K, capacity 38256K, committed 38476K, reserved 1083392K
  class space    used 4841K, capacity 5177K, committed 5248K, reserved 1048576K
}
Event: 7.426 GC heap after
{Heap after GC invocations=13 (full 0):
 garbage-first heap   total 95232K, used 25388K [0x0000000080000000, 0x0000000100000000)
  region size 1024K, 5 young (5120K), 5 survivors (5120K)
 Metaspace       used 37343K, capacity 38256K, committed 38476K, reserved 1083392K
  class space    used 4841K, capacity 5177K, committed 5248K, reserved 1048576K
}
Event: 8.158 GC heap before
{Heap before GC invocations=13 (full 0):
 garbage-first heap   total 95232K, used 65324K [0x0000000080000000, 0x0000000100000000)
  region size 1024K, 41 young (41984K), 5 survivors (5120K)
 Metaspace       used 40395K, capacity 41390K, committed 41676K, reserved 1085440K
  class space    used 5196K, capacity 5533K, committed 5632K, reserved 1048576K
}
Event: 8.171 GC heap after
{Heap after GC invocations=14 (full 0):
 garbage-first heap   total 95232K, used 27436K [0x0000000080000000, 0x0000000100000000)
  region size 1024K, 5 young (5120K), 5 survivors (5120K)
 Metaspace       used 40395K, capacity 41390K, committed 41676K, reserved 1085440K
  class space    used 5196K, capacity 5533K, committed 5632K, reserved 1048576K
}
Event: 8.899 GC heap before
{Heap before GC invocations=14 (full 0):
 garbage-first heap   total 95232K, used 65324K [0x0000000080000000, 0x0000000100000000)
  region size 1024K, 41 young (41984K), 5 survivors (5120K)
 Metaspace       used 43901K, capacity 44909K, committed 45132K, reserved 1089536K
  class space    used 5638K, capacity 6004K, committed 6016K, reserved 1048576K
}
Event: 8.916 GC heap after
{Heap after GC invocations=15 (full 0):
 garbage-first heap   total 95232K, used 28935K [0x0000000080000000, 0x0000000100000000)
  region size 1024K, 4 young (4096K), 4 survivors (4096K)
 Metaspace       used 43901K, capacity 44909K, committed 45132K, reserved 1089536K
  class space    used 5638K, capacity 6004K, committed 6016K, reserved 1048576K
}
Event: 9.854 GC heap before
{Heap before GC invocations=15 (full 0):
 garbage-first heap   total 95232K, used 66823K [0x0000000080000000, 0x0000000100000000)
  region size 1024K, 41 young (41984K), 4 survivors (4096K)
 Metaspace       used 46660K, capacity 47931K, committed 48204K, reserved 1091584K
  class space    used 5987K, capacity 6434K, committed 6528K, reserved 1048576K
}

Deoptimization events (20 events):
Event: 9.729 Thread 0x0000011a34089800 Uncommon trap: trap_request=0xffffff4d fr.pc=0x0000011a2286f6ec relative=0x00000000000001cc
Event: 9.729 Thread 0x0000011a34089800 Uncommon trap: reason=unstable_if action=reinterpret pc=0x0000011a2286f6ec method=java.util.ArrayDeque.addLast(Ljava/lang/Object;)V @ 42 c2
Event: 9.729 Thread 0x0000011a34089800 DEOPT PACKING pc=0x0000011a2286f6ec sp=0x00000017a2af8dc0
Event: 9.729 Thread 0x0000011a34089800 DEOPT UNPACKING pc=0x0000011a1aca78af sp=0x00000017a2af8d80 mode 2
Event: 9.839 Thread 0x0000011a35867000 Uncommon trap: trap_request=0xffffff4d fr.pc=0x0000011a227e59a8 relative=0x0000000000000ee8
Event: 9.839 Thread 0x0000011a3586d800 Uncommon trap: trap_request=0xffffff4d fr.pc=0x0000011a227e59a8 relative=0x0000000000000ee8
Event: 9.839 Thread 0x0000011a35867000 Uncommon trap: reason=unstable_if action=reinterpret pc=0x0000011a227e59a8 method=java.util.concurrent.ConcurrentHashMap.addCount(JI)V @ 34 c2
Event: 9.839 Thread 0x0000011a3586d800 Uncommon trap: reason=unstable_if action=reinterpret pc=0x0000011a227e59a8 method=java.util.concurrent.ConcurrentHashMap.addCount(JI)V @ 34 c2
Event: 9.839 Thread 0x0000011a35867000 DEOPT PACKING pc=0x0000011a227e59a8 sp=0x00000017a41fe1a0
Event: 9.839 Thread 0x0000011a3586d800 DEOPT PACKING pc=0x0000011a227e59a8 sp=0x00000017a42fe3a0
Event: 9.839 Thread 0x0000011a3586c800 Uncommon trap: trap_request=0xffffff4d fr.pc=0x0000011a227e59a8 relative=0x0000000000000ee8
Event: 9.839 Thread 0x0000011a3586c800 Uncommon trap: reason=unstable_if action=reinterpret pc=0x0000011a227e59a8 method=java.util.concurrent.ConcurrentHashMap.addCount(JI)V @ 34 c2
Event: 9.839 Thread 0x0000011a3586d800 DEOPT UNPACKING pc=0x0000011a1aca78af sp=0x00000017a42fe270 mode 2
Event: 9.839 Thread 0x0000011a3586c800 DEOPT PACKING pc=0x0000011a227e59a8 sp=0x00000017a3ffea10
Event: 9.839 Thread 0x0000011a35867000 DEOPT UNPACKING pc=0x0000011a1aca78af sp=0x00000017a41fe070 mode 2
Event: 9.839 Thread 0x0000011a3586c800 DEOPT UNPACKING pc=0x0000011a1aca78af sp=0x00000017a3ffe8e0 mode 2
Event: 9.840 Thread 0x0000011a3586c800 Uncommon trap: trap_request=0xffffff4d fr.pc=0x0000011a227e13ac relative=0x000000000000014c
Event: 9.840 Thread 0x0000011a3586c800 Uncommon trap: reason=unstable_if action=reinterpret pc=0x0000011a227e13ac method=java.util.concurrent.ConcurrentHashMap.addCount(JI)V @ 7 c2
Event: 9.840 Thread 0x0000011a3586c800 DEOPT PACKING pc=0x0000011a227e13ac sp=0x00000017a3ffe900
Event: 9.840 Thread 0x0000011a3586c800 DEOPT UNPACKING pc=0x0000011a1aca78af sp=0x00000017a3ffe860 mode 2

Classes redefined (0 events):
No events

Internal exceptions (20 events):
Event: 8.526 Thread 0x0000011a34089800 Exception <a 'java/lang/ClassNotFoundException'{0x0000000084d6dff0}: org/gradle/api/internal/project/ProjectScriptCustomizer> (0x0000000084d6dff0) thrown at [./src/hotspot/share/classfile/systemDictionary.cpp, line 231]
Event: 8.528 Thread 0x0000011a34089800 Exception <a 'java/lang/ClassNotFoundException'{0x0000000084d89450}: build_7pf6zdgz8e492jjdanigo4gizCustomizer> (0x0000000084d89450) thrown at [./src/hotspot/share/classfile/systemDictionary.cpp, line 231]
Event: 8.543 Thread 0x0000011a34089800 Exception <a 'java/lang/ClassNotFoundException'{0x0000000084c1ae00}: org/gradle/api/internal/initialization/DefaultScriptHandlerBeanInfo> (0x0000000084c1ae00) thrown at [./src/hotspot/share/classfile/systemDictionary.cpp, line 231]
Event: 8.544 Thread 0x0000011a34089800 Exception <a 'java/lang/ClassNotFoundException'{0x0000000084c43db8}: org/gradle/api/internal/initialization/DefaultScriptHandlerCustomizer> (0x0000000084c43db8) thrown at [./src/hotspot/share/classfile/systemDictionary.cpp, line 231]
Event: 8.698 Thread 0x0000011a34089800 Exception <a 'java/lang/ClassNotFoundException'{0x000000008440bde8}: org/gradle/api/internal/artifacts/dsl/dependencies/DefaultDependencyHandler_DecoratedBeanInfo> (0x000000008440bde8) thrown at [./src/hotspot/share/classfile/systemDictionary.cpp, line 231]
Event: 8.699 Thread 0x0000011a34089800 Exception <a 'java/lang/ClassNotFoundException'{0x0000000084449f48}: org/gradle/api/internal/artifacts/dsl/dependencies/DefaultDependencyHandlerBeanInfo> (0x0000000084449f48) thrown at [./src/hotspot/share/classfile/systemDictionary.cpp, line 231]
Event: 8.701 Thread 0x0000011a34089800 Exception <a 'java/lang/ClassNotFoundException'{0x00000000844886d8}: org/gradle/api/internal/artifacts/dsl/dependencies/DefaultDependencyHandlerCustomizer> (0x00000000844886d8) thrown at [./src/hotspot/share/classfile/systemDictionary.cpp, line 231]
Event: 8.706 Thread 0x0000011a34089800 Exception <a 'java/lang/ClassNotFoundException'{0x00000000844efaa0}: org/gradle/api/internal/artifacts/dsl/dependencies/DefaultDependencyHandler_DecoratedCustomizer> (0x00000000844efaa0) thrown at [./src/hotspot/share/classfile/systemDictionary.cpp, line 231]
Event: 8.730 Thread 0x0000011a34089800 Exception <a 'java/lang/NoSuchMethodError'{0x00000000843fb0b0}: 'java.lang.Object java.lang.invoke.DirectMethodHandle$Holder.invokeStatic(java.lang.Object, java.lang.Object, int, java.lang.Object)'> (0x00000000843fb0b0) thrown at [./src/hotspot/share/interpreter/linkResolver.cpp, line 773]
Event: 8.731 Thread 0x0000011a34089800 Exception <a 'java/lang/NoSuchMethodError'{0x0000000084202830}: 'java.lang.Object java.lang.invoke.Invokers$Holder.linkToTargetMethod(java.lang.Object, int, java.lang.Object, java.lang.Object)'> (0x0000000084202830) thrown at [./src/hotspot/share/interpreter/linkResolver.cpp, line 773]
Event: 9.045 Thread 0x0000011a34089800 Exception <a 'java/lang/NoSuchMethodError'{0x00000000855073f0}: 'java.lang.Object java.lang.invoke.DelegatingMethodHandle$Holder.reinvoke_L(java.lang.Object, java.lang.Object, java.lang.Object, java.lang.Object, java.lang.Object, java.lang.Object, java.lang.Object, java.lang.Object, java.lang.Object, java.lang.Object, java.lang.Object, java.lang.Object, java.lang.Object, java.lang.Object, java.lang.Object, java.lang.Object, java.lang.Object, java.lang.Object, java.lang.Object, java.lang.Object, java.lang.O
Event: 9.046 Thread 0x0000011a34089800 Exception <a 'java/lang/NoSuchMethodError'{0x0000000085512df8}: 'java.lang.Object java.lang.invoke.DirectMethodHandle$Holder.invokeSpecial(java.lang.Object, java.lang.Object, java.lang.Object, java.lang.Object, java.lang.Object, java.lang.Object, java.lang.Object, java.lang.Object, java.lang.Object, java.lang.Object, java.lang.Object, java.lang.Object, java.lang.Object, java.lang.Object, java.lang.Object, java.lang.Object, java.lang.Object, java.lang.Object, java.lang.Object, java.lang.Object, java.lang.Ob
Event: 9.047 Thread 0x0000011a34089800 Exception <a 'java/lang/NoSuchMethodError'{0x0000000085518fe8}: 'java.lang.Object java.lang.invoke.Invokers$Holder.invoker(java.lang.Object, java.lang.Object, java.lang.Object, java.lang.Object, java.lang.Object, java.lang.Object, java.lang.Object, java.lang.Object, java.lang.Object, java.lang.Object, java.lang.Object, java.lang.Object, java.lang.Object, java.lang.Object, java.lang.Object, java.lang.Object, java.lang.Object, java.lang.Object, java.lang.Object, java.lang.Object, java.lang.Object)'> (0x00000
Event: 9.048 Thread 0x0000011a34089800 Exception <a 'java/lang/NoSuchMethodError'{0x0000000085520358}: 'java.lang.Object java.lang.invoke.DelegatingMethodHandle$Holder.delegate(java.lang.Object, java.lang.Object, java.lang.Object, java.lang.Object, java.lang.Object, java.lang.Object, java.lang.Object, java.lang.Object, java.lang.Object, java.lang.Object, java.lang.Object, java.lang.Object, java.lang.Object, java.lang.Object, java.lang.Object, java.lang.Object, java.lang.Object, java.lang.Object, java.lang.Object, java.lang.Object, java.lang.Obj
Event: 9.059 Thread 0x0000011a34089800 Exception <a 'java/lang/NoSuchMethodError'{0x0000000085568e68}: 'java.lang.Object java.lang.invoke.DirectMethodHandle$Holder.invokeStatic(java.lang.Object, java.lang.Object, java.lang.Object, java.lang.Object, java.lang.Object, java.lang.Object, java.lang.Object, java.lang.Object, java.lang.Object, java.lang.Object, java.lang.Object, java.lang.Object, java.lang.Object, java.lang.Object, java.lang.Object)'> (0x0000000085568e68) thrown at [./src/hotspot/share/interpreter/linkResolver.cpp, line 773]
Event: 9.061 Thread 0x0000011a34089800 Exception <a 'java/lang/NoSuchMethodError'{0x00000000855794a0}: 'java.lang.Object java.lang.invoke.DirectMethodHandle$Holder.invokeStatic(java.lang.Object, java.lang.Object, java.lang.Object, java.lang.Object, java.lang.Object, java.lang.Object, java.lang.Object, java.lang.Object, java.lang.Object, java.lang.Object, java.lang.Object, java.lang.Object, java.lang.Object, java.lang.Object, java.lang.Object, java.lang.Object)'> (0x00000000855794a0) thrown at [./src/hotspot/share/interpreter/linkResolver.cpp, l
Event: 9.063 Thread 0x0000011a34089800 Exception <a 'java/lang/NoSuchMethodError'{0x0000000085589c38}: 'java.lang.Object java.lang.invoke.DelegatingMethodHandle$Holder.reinvoke_L(java.lang.Object, java.lang.Object, java.lang.Object, java.lang.Object, java.lang.Object, java.lang.Object, java.lang.Object, java.lang.Object, java.lang.Object, java.lang.Object, java.lang.Object, java.lang.Object, java.lang.Object, java.lang.Object, java.lang.Object, java.lang.Object, java.lang.Object, java.lang.Object, java.lang.Object, java.lang.Object)'> (0x000000
Event: 9.136 Thread 0x0000011a34089800 Exception <a 'java/lang/IncompatibleClassChangeError'{0x00000000852e5210}: Found class java.lang.Object, but interface was expected> (0x00000000852e5210) thrown at [./src/hotspot/share/interpreter/linkResolver.cpp, line 839]
Event: 9.274 Thread 0x0000011a34089800 Exception <a 'java/lang/NoSuchMethodError'{0x0000000084928b18}: 'int java.lang.invoke.DirectMethodHandle$Holder.invokeStaticInit(java.lang.Object)'> (0x0000000084928b18) thrown at [./src/hotspot/share/interpreter/linkResolver.cpp, line 773]
Event: 9.766 Thread 0x0000011a34089800 Exception <a 'java/lang/NoSuchMethodError'{0x0000000083de7f30}: 'void java.lang.invoke.DirectMethodHandle$Holder.invokeStatic(java.lang.Object, java.lang.Object, java.lang.Object, int, java.lang.Object)'> (0x0000000083de7f30) thrown at [./src/hotspot/share/interpreter/linkResolver.cpp, line 773]

Events (20 events):
Event: 9.846 loading class org/gradle/api/internal/artifacts/ivyservice/modulecache/artifacts/DefaultCachedArtifact done
Event: 9.846 Executing VM operation: RevokeBias
Event: 9.847 Executing VM operation: RevokeBias done
Event: 9.847 Executing VM operation: RevokeBias
Event: 9.847 Executing VM operation: RevokeBias done
Event: 9.847 Executing VM operation: RevokeBias
Event: 9.848 Executing VM operation: RevokeBias done
Event: 9.848 Executing VM operation: RevokeBias
Event: 9.848 Executing VM operation: RevokeBias done
Event: 9.849 loading class org/gradle/internal/component/model/ModuleSources
Event: 9.849 loading class org/gradle/internal/component/model/ModuleSources done
Event: 9.849 loading class org/gradle/internal/component/model/ModuleSources
Event: 9.849 loading class org/gradle/internal/component/model/ModuleSources done
Event: 9.849 loading class org/gradle/api/internal/artifacts/DefaultArtifactIdentifier
Event: 9.849 loading class org/gradle/api/internal/artifacts/DefaultArtifactIdentifier done
Event: 9.852 loading class org/gradle/api/internal/artifacts/ivyservice/resolutionstrategy/DefaultCachePolicy$CachedArtifactResolutionControl
Event: 9.852 loading class org/gradle/api/internal/artifacts/ivyservice/resolutionstrategy/DefaultCachePolicy$CachedArtifactResolutionControl done
Event: 9.854 loading class org/gradle/api/internal/artifacts/DownloadArtifactBuildOperationType
Event: 9.854 loading class org/gradle/api/internal/artifacts/DownloadArtifactBuildOperationType done
Event: 9.854 Executing VM operation: G1CollectForAllocation


Dynamic libraries:
0x00007ff691190000 - 0x00007ff69119a000 	C:\Program Files\Android\Android Studio\jre\bin\java.exe
0x00007ffbb28b0000 - 0x00007ffbb2aa5000 	C:\WINDOWS\SYSTEM32\ntdll.dll
0x00007ffbb1d20000 - 0x00007ffbb1dde000 	C:\WINDOWS\System32\KERNEL32.DLL
0x00007ffbb0370000 - 0x00007ffbb0638000 	C:\WINDOWS\System32\KERNELBASE.dll
0x00007ffbb0270000 - 0x00007ffbb0370000 	C:\WINDOWS\System32\ucrtbase.dll
0x00007ffbaabb0000 - 0x00007ffbaabc7000 	C:\Program Files\Android\Android Studio\jre\bin\VCRUNTIME140.dll
0x00007ffbaa730000 - 0x00007ffbaa749000 	C:\Program Files\Android\Android Studio\jre\bin\jli.dll
0x00007ffbb26c0000 - 0x00007ffbb2861000 	C:\WINDOWS\System32\USER32.dll
0x00007ffbb0240000 - 0x00007ffbb0262000 	C:\WINDOWS\System32\win32u.dll
0x00007ffbb0a70000 - 0x00007ffbb0a9b000 	C:\WINDOWS\System32\GDI32.dll
0x00007ffbb0130000 - 0x00007ffbb023d000 	C:\WINDOWS\System32\gdi32full.dll
0x00007ffbb0850000 - 0x00007ffbb08ed000 	C:\WINDOWS\System32\msvcp_win.dll
0x00007ffba00e0000 - 0x00007ffba037a000 	C:\WINDOWS\WinSxS\amd64_microsoft.windows.common-controls_6595b64144ccf1df_6.0.19041.1110_none_60b5254171f9507e\COMCTL32.dll
0x00007ffbb1150000 - 0x00007ffbb11ee000 	C:\WINDOWS\System32\msvcrt.dll
0x00007ffbb0b00000 - 0x00007ffbb0b30000 	C:\WINDOWS\System32\IMM32.DLL
0x00007ffbaa690000 - 0x00007ffbaa72d000 	C:\Program Files\Android\Android Studio\jre\bin\msvcp140.dll
0x00007ffb54bf0000 - 0x00007ffb556bf000 	C:\Program Files\Android\Android Studio\jre\bin\server\jvm.dll
0x00007ffbb1b30000 - 0x00007ffbb1bdc000 	C:\WINDOWS\System32\ADVAPI32.dll
0x00007ffbb13c0000 - 0x00007ffbb145b000 	C:\WINDOWS\System32\sechost.dll
0x00007ffbb1be0000 - 0x00007ffbb1d0a000 	C:\WINDOWS\System32\RPCRT4.dll
0x00007ffbb1d10000 - 0x00007ffbb1d18000 	C:\WINDOWS\System32\PSAPI.DLL
0x00007ffbab880000 - 0x00007ffbab889000 	C:\WINDOWS\SYSTEM32\WSOCK32.dll
0x00007ffb99930000 - 0x00007ffb99957000 	C:\WINDOWS\SYSTEM32\WINMM.dll
0x00007ffbb1460000 - 0x00007ffbb14cb000 	C:\WINDOWS\System32\WS2_32.dll
0x00007ffbae740000 - 0x00007ffbae74a000 	C:\WINDOWS\SYSTEM32\VERSION.dll
0x00007ffbae890000 - 0x00007ffbae8a2000 	C:\WINDOWS\SYSTEM32\kernel.appcore.dll
0x00007ffb5d500000 - 0x00007ffb5d511000 	C:\Program Files\Android\Android Studio\jre\bin\verify.dll
0x00007ffba11b0000 - 0x00007ffba1394000 	C:\WINDOWS\SYSTEM32\DBGHELP.DLL
0x00007ffb9b810000 - 0x00007ffb9b83c000 	C:\WINDOWS\SYSTEM32\dbgcore.DLL
0x00007ffbb00a0000 - 0x00007ffbb0122000 	C:\WINDOWS\System32\bcryptPrimitives.dll
0x00007ffb5d490000 - 0x00007ffb5d4b9000 	C:\Program Files\Android\Android Studio\jre\bin\java.dll
0x00007ffb9fa10000 - 0x00007ffb9fa1b000 	C:\Program Files\Android\Android Studio\jre\bin\jimage.dll
0x00007ffb5c020000 - 0x00007ffb5c038000 	C:\Program Files\Android\Android Studio\jre\bin\zip.dll
0x00007ffbb1e40000 - 0x00007ffbb2584000 	C:\WINDOWS\System32\SHELL32.dll
0x00007ffbadef0000 - 0x00007ffbae684000 	C:\WINDOWS\SYSTEM32\windows.storage.dll
0x00007ffbb0d60000 - 0x00007ffbb10b5000 	C:\WINDOWS\System32\combase.dll
0x00007ffbaf940000 - 0x00007ffbaf96e000 	C:\WINDOWS\SYSTEM32\Wldp.dll
0x00007ffbb1a80000 - 0x00007ffbb1b2d000 	C:\WINDOWS\System32\SHCORE.dll
0x00007ffbb1de0000 - 0x00007ffbb1e35000 	C:\WINDOWS\System32\shlwapi.dll
0x00007ffbaff00000 - 0x00007ffbaff1f000 	C:\WINDOWS\SYSTEM32\profapi.dll
0x00007ffb5a430000 - 0x00007ffb5a44a000 	C:\Program Files\Android\Android Studio\jre\bin\net.dll
0x00007ffba0520000 - 0x00007ffba062c000 	C:\WINDOWS\SYSTEM32\WINHTTP.dll
0x00007ffbaf6a0000 - 0x00007ffbaf70a000 	C:\WINDOWS\system32\mswsock.dll
0x00007ffb5a320000 - 0x00007ffb5a334000 	C:\Program Files\Android\Android Studio\jre\bin\nio.dll
0x00007ffbaab30000 - 0x00007ffbaab57000 	C:\Users\NAS\.gradle\native\8bec1ad78214c89d9ad589b4d07fe93259594b29d510b10fafb7a158f7737e5d\windows-amd64\native-platform.dll
0x00007ffbaa940000 - 0x00007ffbaaa7d000 	C:\Users\NAS\.gradle\native\53dbd7edfb1c66fb8903c78663c9afc45aea4f116125fa6feffd364cf09443e8\windows-amd64\native-platform-file-events.dll
0x00007ffb9d570000 - 0x00007ffb9d57a000 	C:\Program Files\Android\Android Studio\jre\bin\management.dll
0x00007ffb99f70000 - 0x00007ffb99f7c000 	C:\Program Files\Android\Android Studio\jre\bin\management_ext.dll
0x00007ffbaf890000 - 0x00007ffbaf8a8000 	C:\WINDOWS\SYSTEM32\CRYPTSP.dll
0x00007ffbaf020000 - 0x00007ffbaf054000 	C:\WINDOWS\system32\rsaenh.dll
0x00007ffbb0070000 - 0x00007ffbb0097000 	C:\WINDOWS\System32\bcrypt.dll
0x00007ffbafe80000 - 0x00007ffbafeae000 	C:\WINDOWS\SYSTEM32\USERENV.dll
0x00007ffbaf8b0000 - 0x00007ffbaf8bc000 	C:\WINDOWS\SYSTEM32\CRYPTBASE.dll
0x00007ffbaf390000 - 0x00007ffbaf3cb000 	C:\WINDOWS\SYSTEM32\IPHLPAPI.DLL
0x00007ffbb11f0000 - 0x00007ffbb11f8000 	C:\WINDOWS\System32\NSI.dll
0x00007ffba5c30000 - 0x00007ffba5c47000 	C:\WINDOWS\SYSTEM32\dhcpcsvc6.DLL
0x00007ffba71a0000 - 0x00007ffba71bd000 	C:\WINDOWS\SYSTEM32\dhcpcsvc.DLL
0x00007ffbaf3d0000 - 0x00007ffbaf49b000 	C:\WINDOWS\SYSTEM32\DNSAPI.dll

dbghelp: loaded successfully - version: 4.0.5 - missing functions: none
symbol engine: initialized successfully - sym options: 0x614 - pdb path: .;C:\Program Files\Android\Android Studio\jre\bin;C:\WINDOWS\SYSTEM32;C:\WINDOWS\WinSxS\amd64_microsoft.windows.common-controls_6595b64144ccf1df_6.0.19041.1110_none_60b5254171f9507e;C:\Program Files\Android\Android Studio\jre\bin\server;C:\Users\NAS\.gradle\native\8bec1ad78214c89d9ad589b4d07fe93259594b29d510b10fafb7a158f7737e5d\windows-amd64;C:\Users\NAS\.gradle\native\53dbd7edfb1c66fb8903c78663c9afc45aea4f116125fa6feffd364cf09443e8\windows-amd64

VM Arguments:
jvm_args: --add-opens=java.base/java.util=ALL-UNNAMED --add-opens=java.base/java.lang=ALL-UNNAMED --add-opens=java.base/java.lang.invoke=ALL-UNNAMED --add-opens=java.base/java.util=ALL-UNNAMED --add-opens=java.prefs/java.util.prefs=ALL-UNNAMED --add-opens=java.prefs/java.util.prefs=ALL-UNNAMED --add-opens=java.base/java.nio.charset=ALL-UNNAMED --add-opens=java.base/java.net=ALL-UNNAMED --add-opens=java.base/java.util.concurrent.atomic=ALL-UNNAMED -Xmx2048m -Dfile.encoding=UTF-8 -Duser.country=ID -Duser.language=en -Duser.variant 
java_command: org.gradle.launcher.daemon.bootstrap.GradleDaemon 7.0.2
java_class_path (initial): C:\Users\NAS\.gradle\wrapper\dists\gradle-7.0.2-bin\857tjihv64xamwrf0h14cai3r\gradle-7.0.2\lib\gradle-launcher-7.0.2.jar
Launcher Type: SUN_STANDARD

[Global flags]
     intx CICompilerCount                          = 3                                         {product} {ergonomic}
     uint ConcGCThreads                            = 1                                         {product} {ergonomic}
     uint G1ConcRefinementThreads                  = 4                                         {product} {ergonomic}
   size_t G1HeapRegionSize                         = 1048576                                   {product} {ergonomic}
    uintx GCDrainStackTargetSize                   = 64                                        {product} {ergonomic}
   size_t InitialHeapSize                          = 67108864                                  {product} {ergonomic}
   size_t MarkStackSize                            = 4194304                                   {product} {ergonomic}
   size_t MaxHeapSize                              = 2147483648                                {product} {command line}
   size_t MaxNewSize                               = 1287651328                                {product} {ergonomic}
   size_t MinHeapDeltaBytes                        = 1048576                                   {product} {ergonomic}
    uintx NonNMethodCodeHeapSize                   = 5830732                                {pd product} {ergonomic}
    uintx NonProfiledCodeHeapSize                  = 122913754                              {pd product} {ergonomic}
    uintx ProfiledCodeHeapSize                     = 122913754                              {pd product} {ergonomic}
    uintx ReservedCodeCacheSize                    = 251658240                              {pd product} {ergonomic}
     bool SegmentedCodeCache                       = true                                      {product} {ergonomic}
     bool UseCompressedClassPointers               = true                                 {lp64_product} {ergonomic}
     bool UseCompressedOops                        = true                                 {lp64_product} {ergonomic}
     bool UseG1GC                                  = true                                      {product} {ergonomic}
     bool UseLargePagesIndividualAllocation        = false                                  {pd product} {ergonomic}

Logging:
Log output configuration:
 #0: stdout all=warning uptime,level,tags
 #1: stderr all=off uptime,level,tags

Environment Variables:
PATH=C:\Python310\Scripts\;C:\Python310\;C:\Program Files (x86)\Common Files\Oracle\Java\javapath;C:\Program Files\AdoptOpenJDK\jdk-15.0.2.7-hotspot\bin;C:\Program Files\Common Files\Oracle\Java\javapath;C:\ProgramData\Oracle\Java\javapath;C:\Program Files (x86)\Common Files\Intel\Shared Libraries\redist\intel64\compiler;C:\WINDOWS\system32;C:\WINDOWS;C:\WINDOWS\System32\Wbem;C:\WINDOWS\System32\WindowsPowerShell\v1.0\;C:\WINDOWS\System32\OpenSSH\;C:\Program Files\dotnet\;C:\Users\NAS\AppData\Roaming\Python\Python39\Scripts;C:\Program Files\Java\jdk-15.0.2\bin;C:\Program Files (x86)\Java\jre1.8.0_271\bin;C:\\Program Files\\NodeJS\\12-lts\\bin\\node.exe;C:\xampp\php;C:\ProgramData\ComposerSetup\bin;C:\Program Files\Git\cmd;C:\Program Files\PuTTY\;C:\ProgramData\chocolatey\bin;C:\Program Files\AdoptOpenJDK\jdk-11.0.11\bin;C:\Program Files\flutter\bin;C:\Program Files\nodejs\;C:\Users\NAS\AppData\Local\Programs\Python\Python39\Scripts\;C:\Users\NAS\AppData\Local\Programs\Python\Python39\;C:\Users\NAS\AppData\Local\Microsoft\WindowsApps;C:\Users\NAS\.dotnet\tools;C:\Program Files\Java\jdk-15.0.2\bin;C:\Program Files\JetBrains\JetBrains Rider 2020.3.3\bin;C:\Program Files\Java\jdk1.8.0_111\bin;C:\Program Files\AdoptOpenJDK\jdk-15.0.2.7-hotspot;C:\Program Files\JetBrains\PyCharm Community Edition 2021.1\bin;C:\Users\NAS\AppData\Roaming\Composer\vendor\bin;C:\Users\NAS\AppData\Local\GitHubDesktop\bin;C:\Program Files\JetBrains\WebStorm 2021.1.3\bin;C:\Users\NAS\AppData\Local\Microsoft\WindowsApps;F:\android\BelajarAndoid\gradle-7.0.2\bin;C:\Users\NAS\AppData\Local\Programs\Microsoft VS Code\bin;C:\Users\NAS\AppData\Roaming\npm
USERNAME=NAS
OS=Windows_NT
PROCESSOR_IDENTIFIER=Intel64 Family 6 Model 61 Stepping 4, GenuineIntel



---------------  S Y S T E M  ---------------

OS: Windows 10 , 64 bit Build 19041 (10.0.19041.1348)
OS uptime: 0 days 0:55 hours

CPU:total 4 (initial active 4) (2 cores per cpu, 2 threads per core) family 6 model 61 stepping 4 microcode 0x2d, cmov, cx8, fxsr, mmx, sse, sse2, sse3, ssse3, sse4.1, sse4.2, popcnt, avx, avx2, aes, clmul, erms, 3dnowpref, lzcnt, ht, tsc, tscinvbit, bmi1, bmi2, adx, fma

Memory: 4k page, system-wide physical 3996M (441M free)
TotalPageFile size 16284M (AvailPageFile size 22M)
current process WorkingSet (physical memory assigned to process): 263M, peak: 265M
current process commit charge ("private bytes"): 292M, peak: 311M

vm_info: OpenJDK 64-Bit Server VM (11.0.10+0-b96-7249189) for windows-amd64 JRE (11.0.10+0-b96-7249189), built on Mar 31 2021 21:44:00 by "builder" with MS VC++ 14.0 (VS2015)

END.
