#
# There is insufficient memory for the Java Runtime Environment to continue.
# Native memory allocation (mmap) failed to map 24117248 bytes for Failed to commit area from 0x0000000087000000 to 0x0000000088700000 of length 24117248.
# Possible reasons:
#   The system is out of physical RAM or swap space
#   The process is running with CompressedOops enabled, and the Java Heap may be blocking the growth of the native heap
# Possible solutions:
#   Reduce memory load on the system
#   Increase physical memory or swap space
#   Check if swap backing store is full
#   Decrease Java heap size (-Xmx/-Xms)
#   Decrease number of Java threads
#   Decrease Java thread stack sizes (-Xss)
#   Set larger code cache with -XX:ReservedCodeCacheSize=
#   JVM is running with Unscaled Compressed Oops mode in which the Java heap is
#     placed in the first 4GB address space. The Java Heap base address is the
#     maximum limit for the native heap growth. Please use -XX:HeapBaseMinAddress
#     to set the Java Heap base and to place the Java Heap above 4GB virtual address.
# This output file may be truncated or incomplete.
#
#  Out of Memory Error (./src/hotspot/os/windows/os_windows.cpp:3301), pid=10036, tid=9292
#
# JRE version: OpenJDK Runtime Environment (11.0.10) (build 11.0.10+0-b96-7249189)
# Java VM: OpenJDK 64-Bit Server VM (11.0.10+0-b96-7249189, mixed mode, tiered, compressed oops, g1 gc, windows-amd64)
# No core dump will be written. Minidumps are not enabled by default on client versions of Windows
#

---------------  S U M M A R Y ------------

Command Line: --add-opens=java.base/java.util=ALL-UNNAMED --add-opens=java.base/java.lang=ALL-UNNAMED --add-opens=java.base/java.lang.invoke=ALL-UNNAMED --add-opens=java.base/java.util=ALL-UNNAMED --add-opens=java.prefs/java.util.prefs=ALL-UNNAMED --add-opens=java.prefs/java.util.prefs=ALL-UNNAMED --add-opens=java.base/java.nio.charset=ALL-UNNAMED --add-opens=java.base/java.net=ALL-UNNAMED --add-opens=java.base/java.util.concurrent.atomic=ALL-UNNAMED -Xmx2048m -Dfile.encoding=UTF-8 -Duser.country=ID -Duser.language=en -Duser.variant org.gradle.launcher.daemon.bootstrap.GradleDaemon 7.0.2

Host: Intel(R) Core(TM) i3-5005U CPU @ 2.00GHz, 4 cores, 3G,  Windows 10 , 64 bit Build 19041 (10.0.19041.1348)
Time: Thu Dec 30 11:10:49 2021 Eastern Standard Time elapsed time: 14.171745 seconds (0d 0h 0m 14s)

---------------  T H R E A D  ---------------

Current thread (0x000001629c5d9800):  VMThread "VM Thread" [stack: 0x000000405d100000,0x000000405d200000] [id=9292]

Stack: [0x000000405d100000,0x000000405d200000]
[error occurred during error reporting (printing stack bounds), id 0xc0000005, EXCEPTION_ACCESS_VIOLATION (0xc0000005) at pc=0x0000016286530f2d]

Native frames: (J=compiled Java code, j=interpreted, Vv=VM code, C=native code)
V  [jvm.dll+0x5ecfaa]
V  [jvm.dll+0x722bd5]
V  [jvm.dll+0x72412d]
V  [jvm.dll+0x724745]
V  [jvm.dll+0x7246fb]
V  [jvm.dll+0x5ec348]
V  [jvm.dll+0x5ecad8]
C  [ntdll.dll+0xa20cf]
C  [ntdll.dll+0x51454]
C  [ntdll.dll+0xa0bfe]
C  0x0000016286530f2d

VM_Operation (0x000000405e5f4cf0): G1CollectForAllocation, mode: safepoint, requested by thread 0x000001629f77b800


---------------  P R O C E S S  ---------------

Threads class SMR info:
_java_thread_list=0x00000162a274d430, length=43, elements={
0x0000016282a3e800, 0x000001629c5df800, 0x000001629c5e3000, 0x000001629c63a000,
0x000001629c63e000, 0x000001629c640000, 0x000001629c644800, 0x000001629c650000,
0x000001629c65d800, 0x000001629d0b7800, 0x000001629e8ea800, 0x000001629d19a800,
0x000001629e72f000, 0x000001629f142800, 0x000001629f410000, 0x000001629f3fc800,
0x000001629f77b800, 0x000001629f760000, 0x000001629f943000, 0x000001629f979800,
0x000001629f977000, 0x000001629f97d000, 0x000001629f978000, 0x000001629f1ec800,
0x000001629f97c000, 0x000001629f978800, 0x000001629f97a800, 0x000001629f97d800,
0x000001629f97b000, 0x00000162a24a2000, 0x00000162a249e000, 0x00000162a24a3000,
0x00000162a249e800, 0x00000162a24a1000, 0x00000162a24a3800, 0x00000162a24a4800,
0x00000162a24a5800, 0x00000162a249f800, 0x00000162a24a8800, 0x00000162a24ab000,
0x00000162a24a9800, 0x00000162a24a6000, 0x00000162a24aa000
}

Java Threads: ( => current thread )
  0x0000016282a3e800 JavaThread "main" [_thread_blocked, id=3660, stack(0x000000405cb00000,0x000000405cc00000)]
  0x000001629c5df800 JavaThread "Reference Handler" daemon [_thread_blocked, id=1228, stack(0x000000405d200000,0x000000405d300000)]
  0x000001629c5e3000 JavaThread "Finalizer" daemon [_thread_blocked, id=6152, stack(0x000000405d300000,0x000000405d400000)]
  0x000001629c63a000 JavaThread "Signal Dispatcher" daemon [_thread_blocked, id=8208, stack(0x000000405d400000,0x000000405d500000)]
  0x000001629c63e000 JavaThread "Attach Listener" daemon [_thread_blocked, id=4040, stack(0x000000405d500000,0x000000405d600000)]
  0x000001629c640000 JavaThread "Service Thread" daemon [_thread_blocked, id=1980, stack(0x000000405d600000,0x000000405d700000)]
  0x000001629c644800 JavaThread "C2 CompilerThread0" daemon [_thread_blocked, id=6832, stack(0x000000405d700000,0x000000405d800000)]
  0x000001629c650000 JavaThread "C1 CompilerThread0" daemon [_thread_blocked, id=11016, stack(0x000000405d800000,0x000000405d900000)]
  0x000001629c65d800 JavaThread "Sweeper thread" daemon [_thread_blocked, id=6580, stack(0x000000405d900000,0x000000405da00000)]
  0x000001629d0b7800 JavaThread "Common-Cleaner" daemon [_thread_blocked, id=2980, stack(0x000000405da00000,0x000000405db00000)]
  0x000001629e8ea800 JavaThread "Daemon health stats" [_thread_blocked, id=6936, stack(0x000000405de00000,0x000000405df00000)]
  0x000001629d19a800 JavaThread "Incoming local TCP Connector on port 53045" [_thread_in_native, id=1548, stack(0x000000405dc00000,0x000000405dd00000)]
  0x000001629e72f000 JavaThread "Daemon periodic checks" [_thread_blocked, id=5092, stack(0x000000405e100000,0x000000405e200000)]
  0x000001629f142800 JavaThread "Daemon" [_thread_blocked, id=7848, stack(0x000000405e200000,0x000000405e300000)]
  0x000001629f410000 JavaThread "Handler for socket connection from /127.0.0.1:53045 to /127.0.0.1:53046" [_thread_in_native, id=6728, stack(0x000000405e300000,0x000000405e400000)]
  0x000001629f3fc800 JavaThread "Cancel handler" [_thread_blocked, id=8736, stack(0x000000405e400000,0x000000405e500000)]
  0x000001629f77b800 JavaThread "Daemon worker" [_thread_blocked, id=6416, stack(0x000000405e500000,0x000000405e600000)]
  0x000001629f760000 JavaThread "Asynchronous log dispatcher for DefaultDaemonConnection: socket connection from /127.0.0.1:53045 to /127.0.0.1:53046" [_thread_blocked, id=11536, stack(0x000000405e600000,0x000000405e700000)]
  0x000001629f943000 JavaThread "Stdin handler" [_thread_blocked, id=4384, stack(0x000000405e700000,0x000000405e800000)]
  0x000001629f979800 JavaThread "Daemon client event forwarder" [_thread_blocked, id=8980, stack(0x000000405e800000,0x000000405e900000)]
  0x000001629f977000 JavaThread "Cache worker for file hash cache (C:\Users\NAS\.gradle\caches\7.0.2\fileHashes)" [_thread_blocked, id=544, stack(0x000000405e900000,0x000000405ea00000)]
  0x000001629f97d000 JavaThread "File lock request listener" [_thread_in_native, id=3568, stack(0x000000405ea00000,0x000000405eb00000)]
  0x000001629f978000 JavaThread "Cache worker for journal cache (C:\Users\NAS\.gradle\caches\journal-1)" [_thread_blocked, id=2596, stack(0x000000405eb00000,0x000000405ec00000)]
  0x000001629f1ec800 JavaThread "C2 CompilerThread1" daemon [_thread_blocked, id=6692, stack(0x000000405ec00000,0x000000405ed00000)]
  0x000001629f97c000 JavaThread "Cache worker for file hash cache (B:\Mobile\ProjectUas\.gradle\7.0.2\fileHashes)" [_thread_blocked, id=7164, stack(0x000000405ed00000,0x000000405ee00000)]
  0x000001629f978800 JavaThread "File watcher server" daemon [_thread_in_native, id=1148, stack(0x000000405ee00000,0x000000405ef00000)]
  0x000001629f97a800 JavaThread "File watcher consumer" daemon [_thread_blocked, id=1056, stack(0x000000405ef00000,0x000000405f000000)]
  0x000001629f97d800 JavaThread "Cache worker for checksums cache (B:\Mobile\ProjectUas\.gradle\checksums)" [_thread_blocked, id=4600, stack(0x000000405f000000,0x000000405f100000)]
  0x000001629f97b000 JavaThread "Cache worker for cache directory md-supplier (C:\Users\NAS\.gradle\caches\7.0.2\md-supplier)" [_thread_blocked, id=10520, stack(0x000000405f100000,0x000000405f200000)]
  0x00000162a24a2000 JavaThread "Cache worker for cache directory md-rule (C:\Users\NAS\.gradle\caches\7.0.2\md-rule)" [_thread_blocked, id=1680, stack(0x000000405f200000,0x000000405f300000)]
  0x00000162a249e000 JavaThread "Cache worker for execution history cache (C:\Users\NAS\.gradle\caches\7.0.2\executionHistory)" [_thread_blocked, id=220, stack(0x000000405f300000,0x000000405f400000)]
  0x00000162a24a3000 JavaThread "jar transforms" [_thread_blocked, id=12156, stack(0x000000405f400000,0x000000405f500000)]
  0x00000162a249e800 JavaThread "jar transforms Thread 2" [_thread_blocked, id=7492, stack(0x000000405f500000,0x000000405f600000)]
  0x00000162a24a1000 JavaThread "Cache worker for file content cache (C:\Users\NAS\.gradle\caches\7.0.2\fileContent)" [_thread_blocked, id=3268, stack(0x000000405f600000,0x000000405f700000)]
  0x00000162a24a3800 JavaThread "Cache worker for dependencies-accessors (B:\Mobile\ProjectUas\.gradle\7.0.2\dependencies-accessors)" [_thread_blocked, id=7592, stack(0x000000405f700000,0x000000405f800000)]
  0x00000162a24a4800 JavaThread "jar transforms Thread 3" [_thread_blocked, id=5760, stack(0x000000405f800000,0x000000405f900000)]
  0x00000162a24a5800 JavaThread "Cache worker for Build Output Cleanup Cache (B:\Mobile\ProjectUas\.gradle\buildOutputCleanup)" [_thread_blocked, id=8748, stack(0x000000405f900000,0x000000405fa00000)]
  0x00000162a249f800 JavaThread "Build operations" [_thread_blocked, id=2916, stack(0x000000405fa00000,0x000000405fb00000)]
  0x00000162a24a8800 JavaThread "Build operations Thread 2" [_thread_blocked, id=5592, stack(0x000000405fb00000,0x000000405fc00000)]
  0x00000162a24ab000 JavaThread "Build operations Thread 3" [_thread_blocked, id=4972, stack(0x000000405fc00000,0x000000405fd00000)]
  0x00000162a24a9800 JavaThread "Build operations Thread 4" [_thread_blocked, id=9060, stack(0x000000405fd00000,0x000000405fe00000)]
  0x00000162a24a6000 JavaThread "jar transforms Thread 4" [_thread_blocked, id=7416, stack(0x000000405fe00000,0x000000405ff00000)]
  0x00000162a24aa000 JavaThread "Memory manager" [_thread_blocked, id=6988, stack(0x000000405ff00000,0x0000004060000000)]

Other Threads:
=>0x000001629c5d9800 VMThread "VM Thread" [stack: 0x000000405d100000,0x000000405d200000] [id=9292]
  0x000001629d0dc800 WatcherThread [stack: 0x000000405db00000,0x000000405dc00000] [id=7600]
  0x0000016282a57000 GCTaskThread "GC Thread#0" [stack: 0x000000405cc00000,0x000000405cd00000] [id=8428]
  0x000001629da23800 GCTaskThread "GC Thread#1" [stack: 0x000000405dd00000,0x000000405de00000] [id=2160]
  0x000001629dee5000 GCTaskThread "GC Thread#2" [stack: 0x000000405df00000,0x000000405e000000] [id=7284]
  0x000001629e32a800 GCTaskThread "GC Thread#3" [stack: 0x000000405e000000,0x000000405e100000] [id=3272]
  0x0000016282a88800 ConcurrentGCThread "G1 Main Marker" [stack: 0x000000405cd00000,0x000000405ce00000] [id=3064]
  0x0000016282a8a800 ConcurrentGCThread "G1 Conc#0" [stack: 0x000000405ce00000,0x000000405cf00000] [id=7868]
  0x0000016282ae3800 ConcurrentGCThread "G1 Refine#0" [stack: 0x000000405cf00000,0x000000405d000000] [id=756]
  0x0000016282ae4800 ConcurrentGCThread "G1 Young RemSet Sampling" [stack: 0x000000405d000000,0x000000405d100000] [id=8324]

Threads with active compile tasks:
C2 CompilerThread0  14193 6361   !   4       java.lang.StringCoding::decode (300 bytes)
C1 CompilerThread0  14193 6375       3       com.google.common.cache.LocalCache$LoadingValueReference::notifyNewValue (21 bytes)
C2 CompilerThread1  14193 6360       4       java.lang.String::<init> (55 bytes)

VM state:at safepoint (normal execution)

VM Mutex/Monitor currently owned by a thread:  ([mutex/lock_event])
[0x0000016282a3b300] Threads_lock - owner thread: 0x000001629c5d9800
[0x0000016282a3bd20] Heap_lock - owner thread: 0x000001629f77b800

Heap address: 0x0000000080000000, size: 2048 MB, Compressed Oops mode: 32-bit
Narrow klass base: 0x0000000000000000, Narrow klass shift: 3
Compressed class space size: 1073741824 Address: 0x0000000100000000

Heap:
 garbage-first heap   total 138240K, used 56749K [0x0000000080000000, 0x0000000100000000)
  region size 1024K, 2 young (2048K), 2 survivors (2048K)
 Metaspace       used 66012K, capacity 67546K, committed 67788K, reserved 1107968K
  class space    used 8333K, capacity 8885K, committed 8960K, reserved 1048576K
Heap Regions: E=young(eden), S=young(survivor), O=old, HS=humongous(starts), HC=humongous(continues), CS=collection set, F=free, A=archive, TAMS=top-at-mark-start (previous, next)
|   0|0x0000000080000000, 0x0000000080100000, 0x0000000080100000|100%| O|  |TAMS 0x0000000080100000, 0x0000000080000000| Untracked 
|   1|0x0000000080100000, 0x0000000080200000, 0x0000000080200000|100%| O|  |TAMS 0x0000000080200000, 0x0000000080100000| Untracked 
|   2|0x0000000080200000, 0x0000000080300000, 0x0000000080300000|100%| O|  |TAMS 0x0000000080300000, 0x0000000080200000| Untracked 
|   3|0x0000000080300000, 0x0000000080400000, 0x0000000080400000|100%|HS|  |TAMS 0x0000000080400000, 0x0000000080300000| Complete 
|   4|0x0000000080400000, 0x0000000080500000, 0x0000000080500000|100%|HC|  |TAMS 0x0000000080500000, 0x0000000080400000| Complete 
|   5|0x0000000080500000, 0x0000000080600000, 0x0000000080600000|100%|HC|  |TAMS 0x0000000080600000, 0x0000000080500000| Complete 
|   6|0x0000000080600000, 0x0000000080700000, 0x0000000080700000|100%| O|  |TAMS 0x0000000080700000, 0x0000000080600000| Untracked 
|   7|0x0000000080700000, 0x0000000080800000, 0x0000000080800000|100%| O|  |TAMS 0x0000000080800000, 0x0000000080700000| Untracked 
|   8|0x0000000080800000, 0x0000000080900000, 0x0000000080900000|100%| O|  |TAMS 0x0000000080900000, 0x0000000080800000| Untracked 
|   9|0x0000000080900000, 0x0000000080a00000, 0x0000000080a00000|100%| O|  |TAMS 0x0000000080a00000, 0x0000000080900000| Untracked 
|  10|0x0000000080a00000, 0x0000000080b00000, 0x0000000080b00000|100%| O|  |TAMS 0x0000000080b00000, 0x0000000080a00000| Untracked 
|  11|0x0000000080b00000, 0x0000000080c00000, 0x0000000080c00000|100%| O|  |TAMS 0x0000000080c00000, 0x0000000080b00000| Untracked 
|  12|0x0000000080c00000, 0x0000000080d00000, 0x0000000080d00000|100%| O|  |TAMS 0x0000000080d00000, 0x0000000080c00000| Untracked 
|  13|0x0000000080d00000, 0x0000000080e00000, 0x0000000080e00000|100%| O|  |TAMS 0x0000000080e00000, 0x0000000080d00000| Untracked 
|  14|0x0000000080e00000, 0x0000000080f00000, 0x0000000080f00000|100%| O|  |TAMS 0x0000000080f00000, 0x0000000080e00000| Untracked 
|  15|0x0000000080f00000, 0x0000000081000000, 0x0000000081000000|100%| O|  |TAMS 0x0000000081000000, 0x0000000080f00000| Untracked 
|  16|0x0000000081000000, 0x0000000081100000, 0x0000000081100000|100%| O|  |TAMS 0x0000000081100000, 0x0000000081000000| Untracked 
|  17|0x0000000081100000, 0x0000000081200000, 0x0000000081200000|100%| O|  |TAMS 0x0000000081200000, 0x0000000081100000| Untracked 
|  18|0x0000000081200000, 0x0000000081300000, 0x0000000081300000|100%| O|  |TAMS 0x0000000081300000, 0x0000000081200000| Untracked 
|  19|0x0000000081300000, 0x0000000081400000, 0x0000000081400000|100%| O|  |TAMS 0x0000000081400000, 0x0000000081300000| Untracked 
|  20|0x0000000081400000, 0x0000000081500000, 0x0000000081500000|100%| O|  |TAMS 0x0000000081500000, 0x0000000081400000| Untracked 
|  21|0x0000000081500000, 0x0000000081600000, 0x0000000081600000|100%| O|  |TAMS 0x0000000081600000, 0x0000000081500000| Untracked 
|  22|0x0000000081600000, 0x0000000081700000, 0x0000000081700000|100%| O|  |TAMS 0x0000000081700000, 0x0000000081600000| Untracked 
|  23|0x0000000081700000, 0x0000000081800000, 0x0000000081800000|100%| O|  |TAMS 0x0000000081800000, 0x0000000081700000| Untracked 
|  24|0x0000000081800000, 0x0000000081900000, 0x0000000081900000|100%| O|  |TAMS 0x0000000081900000, 0x0000000081800000| Untracked 
|  25|0x0000000081900000, 0x0000000081a00000, 0x0000000081a00000|100%| O|  |TAMS 0x0000000081a00000, 0x0000000081900000| Untracked 
|  26|0x0000000081a00000, 0x0000000081b00000, 0x0000000081b00000|100%| O|  |TAMS 0x0000000081b00000, 0x0000000081a00000| Untracked 
|  27|0x0000000081b00000, 0x0000000081c00000, 0x0000000081c00000|100%|HS|  |TAMS 0x0000000081c00000, 0x0000000081b00000| Complete 
|  28|0x0000000081c00000, 0x0000000081d00000, 0x0000000081d00000|100%|HS|  |TAMS 0x0000000081d00000, 0x0000000081c00000| Complete 
|  29|0x0000000081d00000, 0x0000000081e00000, 0x0000000081e00000|100%|HS|  |TAMS 0x0000000081e00000, 0x0000000081d00000| Complete 
|  30|0x0000000081e00000, 0x0000000081f00000, 0x0000000081f00000|100%|HS|  |TAMS 0x0000000081f00000, 0x0000000081e00000| Complete 
|  31|0x0000000081f00000, 0x0000000082000000, 0x0000000082000000|100%|HC|  |TAMS 0x0000000082000000, 0x0000000081f00000| Complete 
|  32|0x0000000082000000, 0x0000000082100000, 0x0000000082100000|100%|HC|  |TAMS 0x0000000082100000, 0x0000000082000000| Complete 
|  33|0x0000000082100000, 0x0000000082200000, 0x0000000082200000|100%|HS|  |TAMS 0x0000000082200000, 0x0000000082100000| Complete 
|  34|0x0000000082200000, 0x0000000082300000, 0x0000000082300000|100%|HC|  |TAMS 0x0000000082300000, 0x0000000082200000| Complete 
|  35|0x0000000082300000, 0x0000000082400000, 0x0000000082400000|100%| O|  |TAMS 0x0000000082400000, 0x0000000082300000| Untracked 
|  36|0x0000000082400000, 0x0000000082500000, 0x0000000082500000|100%| O|  |TAMS 0x0000000082500000, 0x0000000082400000| Untracked 
|  37|0x0000000082500000, 0x0000000082600000, 0x0000000082600000|100%| O|  |TAMS 0x0000000082600000, 0x0000000082500000| Untracked 
|  38|0x0000000082600000, 0x0000000082700000, 0x0000000082700000|100%| O|  |TAMS 0x0000000082700000, 0x0000000082600000| Untracked 
|  39|0x0000000082700000, 0x0000000082800000, 0x0000000082800000|100%| O|  |TAMS 0x0000000082800000, 0x0000000082700000| Untracked 
|  40|0x0000000082800000, 0x0000000082900000, 0x0000000082900000|100%| O|  |TAMS 0x0000000082900000, 0x0000000082800000| Untracked 
|  41|0x0000000082900000, 0x0000000082a00000, 0x0000000082a00000|100%| O|  |TAMS 0x0000000082a00000, 0x0000000082900000| Untracked 
|  42|0x0000000082a00000, 0x0000000082b00000, 0x0000000082b00000|100%| O|  |TAMS 0x0000000082b00000, 0x0000000082a00000| Untracked 
|  43|0x0000000082b00000, 0x0000000082c00000, 0x0000000082c00000|100%| O|  |TAMS 0x0000000082c00000, 0x0000000082b00000| Untracked 
|  44|0x0000000082c00000, 0x0000000082d00000, 0x0000000082d00000|100%| O|  |TAMS 0x0000000082c00000, 0x0000000082c00000| Untracked 
|  45|0x0000000082d00000, 0x0000000082d00000, 0x0000000082e00000|  0%| F|  |TAMS 0x0000000082d00000, 0x0000000082d00000| Untracked 
|  46|0x0000000082e00000, 0x0000000082f00000, 0x0000000082f00000|100%| O|  |TAMS 0x0000000082e00000, 0x0000000082e00000| Untracked 
|  47|0x0000000082f00000, 0x0000000083000000, 0x0000000083000000|100%| O|  |TAMS 0x0000000082f00000, 0x0000000082f00000| Untracked 
|  48|0x0000000083000000, 0x0000000083100000, 0x0000000083100000|100%| O|  |TAMS 0x0000000083000000, 0x0000000083000000| Untracked 
|  49|0x0000000083100000, 0x0000000083200000, 0x0000000083200000|100%| O|  |TAMS 0x0000000083100000, 0x0000000083100000| Untracked 
|  50|0x0000000083200000, 0x0000000083300000, 0x0000000083300000|100%| O|  |TAMS 0x0000000083300000, 0x0000000083200000| Untracked 
|  51|0x0000000083300000, 0x0000000083400000, 0x0000000083400000|100%| O|  |TAMS 0x0000000083400000, 0x0000000083300000| Untracked 
|  52|0x0000000083400000, 0x0000000083500000, 0x0000000083500000|100%| O|  |TAMS 0x0000000083500000, 0x0000000083400000| Untracked 
|  53|0x0000000083500000, 0x0000000083600000, 0x0000000083600000|100%| O|  |TAMS 0x000000008353cc00, 0x0000000083500000| Untracked 
|  54|0x0000000083600000, 0x0000000083692a00, 0x0000000083700000| 57%| O|  |TAMS 0x0000000083600000, 0x0000000083600000| Untracked 
|  55|0x0000000083700000, 0x0000000083700000, 0x0000000083800000|  0%| F|  |TAMS 0x0000000083700000, 0x0000000083700000| Untracked 
|  56|0x0000000083800000, 0x0000000083800000, 0x0000000083900000|  0%| F|  |TAMS 0x0000000083800000, 0x0000000083800000| Untracked 
|  57|0x0000000083900000, 0x0000000083900000, 0x0000000083a00000|  0%| F|  |TAMS 0x0000000083900000, 0x0000000083900000| Untracked 
|  58|0x0000000083a00000, 0x0000000083a00000, 0x0000000083b00000|  0%| F|  |TAMS 0x0000000083a00000, 0x0000000083a00000| Untracked 
|  59|0x0000000083b00000, 0x0000000083b00000, 0x0000000083c00000|  0%| F|  |TAMS 0x0000000083b00000, 0x0000000083b00000| Untracked 
|  60|0x0000000083c00000, 0x0000000083c00000, 0x0000000083d00000|  0%| F|  |TAMS 0x0000000083c00000, 0x0000000083c00000| Untracked 
|  61|0x0000000083d00000, 0x0000000083d00000, 0x0000000083e00000|  0%| F|  |TAMS 0x0000000083d00000, 0x0000000083d00000| Untracked 
|  62|0x0000000083e00000, 0x0000000083e00000, 0x0000000083f00000|  0%| F|  |TAMS 0x0000000083e00000, 0x0000000083e00000| Untracked 
|  63|0x0000000083f00000, 0x0000000083f00000, 0x0000000084000000|  0%| F|  |TAMS 0x0000000083f00000, 0x0000000083f00000| Untracked 
|  64|0x0000000084000000, 0x0000000084000000, 0x0000000084100000|  0%| F|  |TAMS 0x0000000084000000, 0x0000000084000000| Untracked 
|  65|0x0000000084100000, 0x0000000084100000, 0x0000000084200000|  0%| F|  |TAMS 0x0000000084100000, 0x0000000084100000| Untracked 
|  66|0x0000000084200000, 0x0000000084200000, 0x0000000084300000|  0%| F|  |TAMS 0x0000000084200000, 0x0000000084200000| Untracked 
|  67|0x0000000084300000, 0x0000000084300000, 0x0000000084400000|  0%| F|  |TAMS 0x0000000084300000, 0x0000000084300000| Untracked 
|  68|0x0000000084400000, 0x0000000084400000, 0x0000000084500000|  0%| F|  |TAMS 0x0000000084400000, 0x0000000084400000| Untracked 
|  69|0x0000000084500000, 0x0000000084500000, 0x0000000084600000|  0%| F|  |TAMS 0x0000000084500000, 0x0000000084500000| Untracked 
|  70|0x0000000084600000, 0x0000000084600000, 0x0000000084700000|  0%| F|  |TAMS 0x0000000084600000, 0x0000000084600000| Untracked 
|  71|0x0000000084700000, 0x0000000084700000, 0x0000000084800000|  0%| F|  |TAMS 0x0000000084700000, 0x0000000084700000| Untracked 
|  72|0x0000000084800000, 0x0000000084800000, 0x0000000084900000|  0%| F|  |TAMS 0x0000000084800000, 0x0000000084800000| Untracked 
|  73|0x0000000084900000, 0x0000000084900000, 0x0000000084a00000|  0%| F|  |TAMS 0x0000000084900000, 0x0000000084900000| Untracked 
|  74|0x0000000084a00000, 0x0000000084a00000, 0x0000000084b00000|  0%| F|  |TAMS 0x0000000084a00000, 0x0000000084a00000| Untracked 
|  75|0x0000000084b00000, 0x0000000084bd8b40, 0x0000000084c00000| 84%| S|CS|TAMS 0x0000000084b00000, 0x0000000084b00000| Complete 
|  76|0x0000000084c00000, 0x0000000084d00000, 0x0000000084d00000|100%| S|CS|TAMS 0x0000000084c00000, 0x0000000084c00000| Complete 
|  77|0x0000000084d00000, 0x0000000084d00000, 0x0000000084e00000|  0%| F|  |TAMS 0x0000000084d00000, 0x0000000084d00000| Untracked 
|  78|0x0000000084e00000, 0x0000000084e00000, 0x0000000084f00000|  0%| F|  |TAMS 0x0000000084e00000, 0x0000000084e00000| Untracked 
|  79|0x0000000084f00000, 0x0000000084f00000, 0x0000000085000000|  0%| F|  |TAMS 0x0000000084f00000, 0x0000000084f00000| Untracked 
|  80|0x0000000085000000, 0x0000000085000000, 0x0000000085100000|  0%| F|  |TAMS 0x0000000085000000, 0x0000000085000000| Untracked 
|  81|0x0000000085100000, 0x0000000085100000, 0x0000000085200000|  0%| F|  |TAMS 0x0000000085100000, 0x0000000085100000| Untracked 
|  82|0x0000000085200000, 0x0000000085200000, 0x0000000085300000|  0%| F|  |TAMS 0x0000000085200000, 0x0000000085200000| Untracked 
|  83|0x0000000085300000, 0x0000000085300000, 0x0000000085400000|  0%| F|  |TAMS 0x0000000085300000, 0x0000000085300000| Untracked 
|  84|0x0000000085400000, 0x0000000085400000, 0x0000000085500000|  0%| F|  |TAMS 0x0000000085400000, 0x0000000085400000| Untracked 
|  85|0x0000000085500000, 0x0000000085500000, 0x0000000085600000|  0%| F|  |TAMS 0x0000000085500000, 0x0000000085500000| Untracked 
|  86|0x0000000085600000, 0x0000000085600000, 0x0000000085700000|  0%| F|  |TAMS 0x0000000085600000, 0x0000000085600000| Untracked 
|  87|0x0000000085700000, 0x0000000085700000, 0x0000000085800000|  0%| F|  |TAMS 0x0000000085700000, 0x0000000085700000| Untracked 
|  88|0x0000000085800000, 0x0000000085800000, 0x0000000085900000|  0%| F|  |TAMS 0x0000000085800000, 0x0000000085800000| Untracked 
|  89|0x0000000085900000, 0x0000000085900000, 0x0000000085a00000|  0%| F|  |TAMS 0x0000000085900000, 0x0000000085900000| Untracked 
|  90|0x0000000085a00000, 0x0000000085a00000, 0x0000000085b00000|  0%| F|  |TAMS 0x0000000085a00000, 0x0000000085a00000| Untracked 
|  91|0x0000000085b00000, 0x0000000085b00000, 0x0000000085c00000|  0%| F|  |TAMS 0x0000000085b00000, 0x0000000085b00000| Untracked 
|  92|0x0000000085c00000, 0x0000000085c00000, 0x0000000085d00000|  0%| F|  |TAMS 0x0000000085c00000, 0x0000000085c00000| Untracked 
|  93|0x0000000085d00000, 0x0000000085d00000, 0x0000000085e00000|  0%| F|  |TAMS 0x0000000085d00000, 0x0000000085d00000| Untracked 
|  94|0x0000000085e00000, 0x0000000085e00000, 0x0000000085f00000|  0%| F|  |TAMS 0x0000000085e00000, 0x0000000085e00000| Untracked 
|  95|0x0000000085f00000, 0x0000000085f00000, 0x0000000086000000|  0%| F|  |TAMS 0x0000000085f00000, 0x0000000085f00000| Untracked 
|  96|0x0000000086000000, 0x0000000086000000, 0x0000000086100000|  0%| F|  |TAMS 0x0000000086000000, 0x0000000086000000| Untracked 
|  97|0x0000000086100000, 0x0000000086100000, 0x0000000086200000|  0%| F|  |TAMS 0x0000000086100000, 0x0000000086100000| Untracked 
|  98|0x0000000086200000, 0x0000000086200000, 0x0000000086300000|  0%| F|  |TAMS 0x0000000086200000, 0x0000000086200000| Untracked 
|  99|0x0000000086300000, 0x0000000086300000, 0x0000000086400000|  0%| F|  |TAMS 0x0000000086300000, 0x0000000086300000| Untracked 
| 100|0x0000000086400000, 0x0000000086400000, 0x0000000086500000|  0%| F|  |TAMS 0x0000000086400000, 0x0000000086400000| Untracked 
| 101|0x0000000086500000, 0x0000000086500000, 0x0000000086600000|  0%| F|  |TAMS 0x0000000086500000, 0x0000000086500000| Untracked 
| 102|0x0000000086600000, 0x0000000086600000, 0x0000000086700000|  0%| F|  |TAMS 0x0000000086600000, 0x0000000086600000| Untracked 
| 103|0x0000000086700000, 0x0000000086700000, 0x0000000086800000|  0%| F|  |TAMS 0x0000000086700000, 0x0000000086700000| Untracked 
| 104|0x0000000086800000, 0x0000000086800000, 0x0000000086900000|  0%| F|  |TAMS 0x0000000086800000, 0x0000000086800000| Untracked 
| 105|0x0000000086900000, 0x0000000086900000, 0x0000000086a00000|  0%| F|  |TAMS 0x0000000086900000, 0x0000000086900000| Untracked 
| 106|0x0000000086a00000, 0x0000000086a00000, 0x0000000086b00000|  0%| F|  |TAMS 0x0000000086a00000, 0x0000000086a00000| Untracked 
| 107|0x0000000086b00000, 0x0000000086b00000, 0x0000000086c00000|  0%| F|  |TAMS 0x0000000086b00000, 0x0000000086b00000| Untracked 
| 108|0x0000000086c00000, 0x0000000086c00000, 0x0000000086d00000|  0%| F|  |TAMS 0x0000000086c00000, 0x0000000086c00000| Untracked 
| 109|0x0000000086d00000, 0x0000000086d00000, 0x0000000086e00000|  0%| F|  |TAMS 0x0000000086d00000, 0x0000000086d00000| Untracked 
| 110|0x0000000086e00000, 0x0000000086e00000, 0x0000000086f00000|  0%| F|  |TAMS 0x0000000086e00000, 0x0000000086e00000| Untracked 
| 111|0x0000000086f00000, 0x0000000086f00000, 0x0000000087000000|  0%| F|  |TAMS 0x0000000086f00000, 0x0000000086f00000| Untracked 

Card table byte_map: [0x0000016295930000,0x0000016295d30000] _byte_map_base: 0x0000016295530000

Marking Bits (Prev, Next): (CMBitMap*) 0x0000016282a7fdd0, (CMBitMap*) 0x0000016282a7fd98
 Prev Bits: [0x0000016298130000, 0x000001629a130000)
 Next Bits: [0x0000016296130000, 0x0000016298130000)

Polling page: 0x00000162809a0000

Metaspace:

Usage:
  Non-class:     57.29 MB capacity,    56.33 MB ( 98%) used,   815.93 KB (  1%) free+waste,   165.88 KB ( <1%) overhead. 
      Class:      8.68 MB capacity,     8.14 MB ( 94%) used,   474.69 KB (  5%) free+waste,    77.25 KB ( <1%) overhead. 
       Both:     65.96 MB capacity,    64.47 MB ( 98%) used,     1.26 MB (  2%) free+waste,   243.13 KB ( <1%) overhead. 

Virtual space:
  Non-class space:       58.00 MB reserved,      57.45 MB (>99%) committed 
      Class space:        1.00 GB reserved,       8.75 MB ( <1%) committed 
             Both:        1.06 GB reserved,      66.20 MB (  6%) committed 

Chunk freelists:
   Non-Class:  39.00 KB
       Class:  11.00 KB
        Both:  50.00 KB

MaxMetaspaceSize: 17179869184.00 GB
CompressedClassSpaceSize: 1.00 GB

CodeHeap 'non-profiled nmethods': size=120064Kb used=3387Kb max_used=3387Kb free=116676Kb
 bounds [0x000001628dff0000, 0x000001628e340000, 0x0000016295530000]
CodeHeap 'profiled nmethods': size=120000Kb used=13192Kb max_used=13192Kb free=106807Kb
 bounds [0x0000016286ac0000, 0x00000162877b0000, 0x000001628dff0000]
CodeHeap 'non-nmethods': size=5696Kb used=2264Kb max_used=2308Kb free=3432Kb
 bounds [0x0000016286530000, 0x00000162867a0000, 0x0000016286ac0000]
 total_blobs=7181 nmethods=6324 adapters=768
 compilation: enabled
              stopped_count=0, restarted_count=0
 full_count=0

Compilation events (20 events):
Event: 14.148 Thread 0x000001629c650000 nmethod 6364 0x000001628779c790 code [0x000001628779c980, 0x000001628779ce58]
Event: 14.148 Thread 0x000001629c650000 6365       3       org.gradle.api.internal.AbstractMutationGuard::<init> (5 bytes)
Event: 14.148 Thread 0x000001629c650000 nmethod 6365 0x000001628779d090 code [0x000001628779d240, 0x000001628779d398]
Event: 14.149 Thread 0x000001629c650000 6367       3       com.google.common.util.concurrent.AbstractFuture::releaseWaiters (38 bytes)
Event: 14.150 Thread 0x000001629c650000 nmethod 6367 0x000001628779d490 code [0x000001628779d6a0, 0x000001628779dc48]
Event: 14.150 Thread 0x000001629c650000 6368       3       com.google.common.util.concurrent.AbstractFuture$UnsafeAtomicHelper::casWaiters (13 bytes)
Event: 14.151 Thread 0x000001629c650000 nmethod 6368 0x000001628779de90 code [0x000001628779e040, 0x000001628779e218]
Event: 14.151 Thread 0x000001629c650000 6369       3       com.google.common.util.concurrent.AbstractFuture::afterDone (1 bytes)
Event: 14.151 Thread 0x000001629c650000 nmethod 6369 0x000001628779e310 code [0x000001628779e4c0, 0x000001628779e5b8]
Event: 14.151 Thread 0x000001629c650000 6370       3       com.google.common.util.concurrent.AbstractFuture::clearListeners (47 bytes)
Event: 14.151 Thread 0x000001629c650000 nmethod 6370 0x000001628779e690 code [0x000001628779e880, 0x000001628779ec98]
Event: 14.151 Thread 0x000001629c650000 6371       3       com.google.common.util.concurrent.AbstractFuture$UnsafeAtomicHelper::casListeners (13 bytes)
Event: 14.152 Thread 0x000001629c650000 nmethod 6371 0x000001628779ee10 code [0x000001628779efc0, 0x000001628779f198]
Event: 14.152 Thread 0x000001629c650000 6372       3       com.google.common.util.concurrent.AbstractFuture$TrustedFuture::get (5 bytes)
Event: 14.152 Thread 0x000001629c650000 nmethod 6372 0x000001628779f290 code [0x000001628779f440, 0x000001628779f568]
Event: 14.152 Thread 0x000001629c650000 6373       3       com.google.common.util.concurrent.AbstractFuture::get (167 bytes)
Event: 14.154 Thread 0x000001629c650000 nmethod 6373 0x000001628779f610 code [0x000001628779f940, 0x00000162877a0e48]
Event: 14.154 Thread 0x000001629c650000 6374       3       com.google.common.util.concurrent.AbstractFuture::getDoneValue (55 bytes)
Event: 14.155 Thread 0x000001629c650000 nmethod 6374 0x00000162877a1410 code [0x00000162877a1640, 0x00000162877a1e88]
Event: 14.155 Thread 0x000001629c650000 6375       3       com.google.common.cache.LocalCache$LoadingValueReference::notifyNewValue (21 bytes)

GC Heap History (20 events):
Event: 5.939 GC heap after
{Heap after GC invocations=10 (full 0):
 garbage-first heap   total 78848K, used 20511K [0x0000000080000000, 0x0000000100000000)
  region size 1024K, 4 young (4096K), 4 survivors (4096K)
 Metaspace       used 30442K, capacity 31137K, committed 31232K, reserved 1077248K
  class space    used 4095K, capacity 4343K, committed 4352K, reserved 1048576K
}
Event: 6.515 GC heap before
{Heap before GC invocations=10 (full 0):
 garbage-first heap   total 78848K, used 33823K [0x0000000080000000, 0x0000000100000000)
  region size 1024K, 18 young (18432K), 4 survivors (4096K)
 Metaspace       used 34979K, capacity 35737K, committed 35840K, reserved 1081344K
  class space    used 4536K, capacity 4833K, committed 4864K, reserved 1048576K
}
Event: 6.531 GC heap after
{Heap after GC invocations=11 (full 0):
 garbage-first heap   total 78848K, used 22425K [0x0000000080000000, 0x0000000100000000)
  region size 1024K, 5 young (5120K), 5 survivors (5120K)
 Metaspace       used 34979K, capacity 35737K, committed 35840K, reserved 1081344K
  class space    used 4536K, capacity 4833K, committed 4864K, reserved 1048576K
}
Event: 7.078 GC heap before
{Heap before GC invocations=12 (full 0):
 garbage-first heap   total 78848K, used 51097K [0x0000000080000000, 0x0000000100000000)
  region size 1024K, 33 young (33792K), 5 survivors (5120K)
 Metaspace       used 36867K, capacity 37729K, committed 37836K, reserved 1081344K
  class space    used 4775K, capacity 5088K, committed 5120K, reserved 1048576K
}
Event: 7.093 GC heap after
{Heap after GC invocations=13 (full 0):
 garbage-first heap   total 95232K, used 25131K [0x0000000080000000, 0x0000000100000000)
  region size 1024K, 5 young (5120K), 5 survivors (5120K)
 Metaspace       used 36867K, capacity 37729K, committed 37836K, reserved 1081344K
  class space    used 4775K, capacity 5088K, committed 5120K, reserved 1048576K
}
Event: 7.792 GC heap before
{Heap before GC invocations=13 (full 0):
 garbage-first heap   total 95232K, used 64043K [0x0000000080000000, 0x0000000100000000)
  region size 1024K, 40 young (40960K), 5 survivors (5120K)
 Metaspace       used 39650K, capacity 40596K, committed 40780K, reserved 1085440K
  class space    used 5076K, capacity 5424K, committed 5504K, reserved 1048576K
}
Event: 7.805 GC heap after
{Heap after GC invocations=14 (full 0):
 garbage-first heap   total 95232K, used 27172K [0x0000000080000000, 0x0000000100000000)
  region size 1024K, 5 young (5120K), 5 survivors (5120K)
 Metaspace       used 39650K, capacity 40596K, committed 40780K, reserved 1085440K
  class space    used 5076K, capacity 5424K, committed 5504K, reserved 1048576K
}
Event: 8.554 GC heap before
{Heap before GC invocations=14 (full 0):
 garbage-first heap   total 95232K, used 66084K [0x0000000080000000, 0x0000000100000000)
  region size 1024K, 43 young (44032K), 5 survivors (5120K)
 Metaspace       used 43523K, capacity 44561K, committed 44876K, reserved 1087488K
  class space    used 5565K, capacity 5930K, committed 6016K, reserved 1048576K
}
Event: 8.568 GC heap after
{Heap after GC invocations=15 (full 0):
 garbage-first heap   total 95232K, used 28983K [0x0000000080000000, 0x0000000100000000)
  region size 1024K, 5 young (5120K), 5 survivors (5120K)
 Metaspace       used 43523K, capacity 44561K, committed 44876K, reserved 1087488K
  class space    used 5565K, capacity 5930K, committed 6016K, reserved 1048576K
}
Event: 9.593 GC heap before
{Heap before GC invocations=15 (full 0):
 garbage-first heap   total 95232K, used 67895K [0x0000000080000000, 0x0000000100000000)
  region size 1024K, 43 young (44032K), 5 survivors (5120K)
 Metaspace       used 46328K, capacity 47548K, committed 47820K, reserved 1091584K
  class space    used 5934K, capacity 6370K, committed 6400K, reserved 1048576K
}
Event: 9.610 GC heap after
{Heap after GC invocations=16 (full 0):
 garbage-first heap   total 95232K, used 31593K [0x0000000080000000, 0x0000000100000000)
  region size 1024K, 5 young (5120K), 5 survivors (5120K)
 Metaspace       used 46328K, capacity 47548K, committed 47820K, reserved 1091584K
  class space    used 5934K, capacity 6370K, committed 6400K, reserved 1048576K
}
Event: 10.483 GC heap before
{Heap before GC invocations=16 (full 0):
 garbage-first heap   total 95232K, used 77673K [0x0000000080000000, 0x0000000100000000)
  region size 1024K, 43 young (44032K), 5 survivors (5120K)
 Metaspace       used 47731K, capacity 48987K, committed 49356K, reserved 1091584K
  class space    used 6101K, capacity 6533K, committed 6656K, reserved 1048576K
}
Event: 10.500 GC heap after
{Heap after GC invocations=17 (full 0):
 garbage-first heap   total 114688K, used 47791K [0x0000000080000000, 0x0000000100000000)
  region size 1024K, 6 young (6144K), 6 survivors (6144K)
 Metaspace       used 47731K, capacity 48987K, committed 49356K, reserved 1091584K
  class space    used 6101K, capacity 6533K, committed 6656K, reserved 1048576K
}
Event: 11.356 GC heap before
{Heap before GC invocations=17 (full 0):
 garbage-first heap   total 114688K, used 85679K [0x0000000080000000, 0x0000000100000000)
  region size 1024K, 43 young (44032K), 6 survivors (6144K)
 Metaspace       used 52532K, capacity 53909K, committed 54092K, reserved 1095680K
  class space    used 6715K, capacity 7214K, committed 7296K, reserved 1048576K
}
Event: 11.366 GC heap after
{Heap after GC invocations=18 (full 0):
 garbage-first heap   total 114688K, used 49746K [0x0000000080000000, 0x0000000100000000)
  region size 1024K, 2 young (2048K), 2 survivors (2048K)
 Metaspace       used 52532K, capacity 53909K, committed 54092K, reserved 1095680K
  class space    used 6715K, capacity 7214K, committed 7296K, reserved 1048576K
}
Event: 12.278 GC heap before
{Heap before GC invocations=18 (full 0):
 garbage-first heap   total 114688K, used 85586K [0x0000000080000000, 0x0000000100000000)
  region size 1024K, 38 young (38912K), 2 survivors (2048K)
 Metaspace       used 58621K, capacity 60067K, committed 60236K, reserved 1101824K
  class space    used 7407K, capacity 7940K, committed 8064K, reserved 1048576K
}
Event: 12.286 GC heap after
{Heap after GC invocations=19 (full 0):
 garbage-first heap   total 114688K, used 51345K [0x0000000080000000, 0x0000000100000000)
  region size 1024K, 3 young (3072K), 3 survivors (3072K)
 Metaspace       used 58621K, capacity 60067K, committed 60236K, reserved 1101824K
  class space    used 7407K, capacity 7940K, committed 8064K, reserved 1048576K
}
Event: 13.212 GC heap before
{Heap before GC invocations=20 (full 0):
 garbage-first heap   total 114688K, used 88209K [0x0000000080000000, 0x0000000100000000)
  region size 1024K, 40 young (40960K), 3 survivors (3072K)
 Metaspace       used 62417K, capacity 63956K, committed 64204K, reserved 1105920K
  class space    used 7864K, capacity 8397K, committed 8448K, reserved 1048576K
}
Event: 13.226 GC heap after
{Heap after GC invocations=21 (full 0):
 garbage-first heap   total 114688K, used 54781K [0x0000000080000000, 0x0000000100000000)
  region size 1024K, 5 young (5120K), 5 survivors (5120K)
 Metaspace       used 62417K, capacity 63956K, committed 64204K, reserved 1105920K
  class space    used 7864K, capacity 8397K, committed 8448K, reserved 1048576K
}
Event: 14.155 GC heap before
{Heap before GC invocations=21 (full 0):
 garbage-first heap   total 114688K, used 91645K [0x0000000080000000, 0x0000000100000000)
  region size 1024K, 40 young (40960K), 5 survivors (5120K)
 Metaspace       used 66012K, capacity 67546K, committed 67788K, reserved 1107968K
  class space    used 8333K, capacity 8885K, committed 8960K, reserved 1048576K
}

Deoptimization events (20 events):
Event: 14.050 Thread 0x000001629f77b800 Uncommon trap: trap_request=0xffffffbe fr.pc=0x000001628e32f794 relative=0x0000000000000a94
Event: 14.050 Thread 0x000001629f77b800 Uncommon trap: reason=profile_predicate action=maybe_recompile pc=0x000001628e32f794 method=jdk.internal.jimage.ImageStringsReader.charsFromByteBuffer([CLjava/nio/ByteBuffer;)V @ 6 c2
Event: 14.050 Thread 0x000001629f77b800 DEOPT PACKING pc=0x000001628e32f794 sp=0x000000405e5f4fe0
Event: 14.050 Thread 0x000001629f77b800 DEOPT UNPACKING pc=0x00000162865578af sp=0x000000405e5f4eb8 mode 2
Event: 14.050 Thread 0x000001629f77b800 Uncommon trap: trap_request=0xffffffbe fr.pc=0x000001628e32f794 relative=0x0000000000000a94
Event: 14.050 Thread 0x000001629f77b800 Uncommon trap: reason=profile_predicate action=maybe_recompile pc=0x000001628e32f794 method=jdk.internal.jimage.ImageStringsReader.charsFromByteBuffer([CLjava/nio/ByteBuffer;)V @ 6 c2
Event: 14.050 Thread 0x000001629f77b800 DEOPT PACKING pc=0x000001628e32f794 sp=0x000000405e5f4fe0
Event: 14.050 Thread 0x000001629f77b800 DEOPT UNPACKING pc=0x00000162865578af sp=0x000000405e5f4eb8 mode 2
Event: 14.050 Thread 0x000001629f77b800 Uncommon trap: trap_request=0xffffffbe fr.pc=0x000001628e32f794 relative=0x0000000000000a94
Event: 14.050 Thread 0x000001629f77b800 Uncommon trap: reason=profile_predicate action=maybe_recompile pc=0x000001628e32f794 method=jdk.internal.jimage.ImageStringsReader.charsFromByteBuffer([CLjava/nio/ByteBuffer;)V @ 6 c2
Event: 14.050 Thread 0x000001629f77b800 DEOPT PACKING pc=0x000001628e32f794 sp=0x000000405e5f4fe0
Event: 14.050 Thread 0x000001629f77b800 DEOPT UNPACKING pc=0x00000162865578af sp=0x000000405e5f4eb8 mode 2
Event: 14.050 Thread 0x000001629f77b800 Uncommon trap: trap_request=0xffffffbe fr.pc=0x000001628e32f794 relative=0x0000000000000a94
Event: 14.050 Thread 0x000001629f77b800 Uncommon trap: reason=profile_predicate action=maybe_recompile pc=0x000001628e32f794 method=jdk.internal.jimage.ImageStringsReader.charsFromByteBuffer([CLjava/nio/ByteBuffer;)V @ 6 c2
Event: 14.050 Thread 0x000001629f77b800 DEOPT PACKING pc=0x000001628e32f794 sp=0x000000405e5f4fe0
Event: 14.050 Thread 0x000001629f77b800 DEOPT UNPACKING pc=0x00000162865578af sp=0x000000405e5f4eb8 mode 2
Event: 14.100 Thread 0x000001629f77b800 Uncommon trap: trap_request=0xffffff4d fr.pc=0x000001628e14f590 relative=0x0000000000004c50
Event: 14.100 Thread 0x000001629f77b800 Uncommon trap: reason=unstable_if action=reinterpret pc=0x000001628e14f590 method=sun.net.www.protocol.jar.Handler.parseURL(Ljava/net/URL;Ljava/lang/String;II)V @ 116 c2
Event: 14.100 Thread 0x000001629f77b800 DEOPT PACKING pc=0x000001628e14f590 sp=0x000000405e5f8190
Event: 14.100 Thread 0x000001629f77b800 DEOPT UNPACKING pc=0x00000162865578af sp=0x000000405e5f8088 mode 2

Classes redefined (0 events):
No events

Internal exceptions (20 events):
Event: 10.814 Thread 0x000001629f77b800 Exception <a 'java/lang/NoSuchMethodError'{0x0000000086145910}: 'java.lang.Object java.lang.invoke.DirectMethodHandle$Holder.invokeSpecial(java.lang.Object, java.lang.Object, java.lang.Object, java.lang.Object, java.lang.Object, int)'> (0x0000000086145910) thrown at [./src/hotspot/share/interpreter/linkResolver.cpp, line 773]
Event: 10.814 Thread 0x000001629f77b800 Exception <a 'java/lang/NoSuchMethodError'{0x0000000086149f50}: 'java.lang.Object java.lang.invoke.Invokers$Holder.linkToTargetMethod(java.lang.Object, java.lang.Object, java.lang.Object, int, java.lang.Object)'> (0x0000000086149f50) thrown at [./src/hotspot/share/interpreter/linkResolver.cpp, line 773]
Event: 11.171 Thread 0x000001629f77b800 Exception <a 'java/lang/NoSuchMethodError'{0x00000000853ec1b8}: 'java.lang.Object java.lang.invoke.DirectMethodHandle$Holder.invokeSpecial(java.lang.Object, java.lang.Object, int, int, java.lang.Object, java.lang.Object, java.lang.Object)'> (0x00000000853ec1b8) thrown at [./src/hotspot/share/interpreter/linkResolver.cpp, line 773]
Event: 11.171 Thread 0x000001629f77b800 Exception <a 'java/lang/NoSuchMethodError'{0x00000000853f0738}: 'java.lang.Object java.lang.invoke.DelegatingMethodHandle$Holder.reinvoke_L(java.lang.Object, int, int, java.lang.Object, java.lang.Object, java.lang.Object)'> (0x00000000853f0738) thrown at [./src/hotspot/share/interpreter/linkResolver.cpp, line 773]
Event: 11.530 Thread 0x000001629f77b800 Exception <a 'java/lang/NoSuchMethodError'{0x0000000086ccf768}: 'int java.lang.invoke.DirectMethodHandle$Holder.invokeInterface(java.lang.Object, java.lang.Object, java.lang.Object, java.lang.Object)'> (0x0000000086ccf768) thrown at [./src/hotspot/share/interpreter/linkResolver.cpp, line 773]
Event: 12.017 Thread 0x000001629f77b800 Exception <a 'java/lang/NoSuchMethodError'{0x000000008553d300}: 'void java.lang.invoke.DirectMethodHandle$Holder.invokeInterface(java.lang.Object, java.lang.Object, java.lang.Object, java.lang.Object)'> (0x000000008553d300) thrown at [./src/hotspot/share/interpreter/linkResolver.cpp, line 773]
Event: 12.208 Thread 0x000001629f77b800 Exception <a 'java/lang/IncompatibleClassChangeError'{0x0000000084d50928}: Found class java.lang.Object, but interface was expected> (0x0000000084d50928) thrown at [./src/hotspot/share/interpreter/linkResolver.cpp, line 839]
Event: 12.507 Thread 0x000001629f77b800 Implicit null exception at 0x000001628e2b68ad to 0x000001628e2b6b70
Event: 12.847 Thread 0x000001629f77b800 Exception <a 'sun/nio/fs/WindowsException'{0x0000000085bdb428}> (0x0000000085bdb428) thrown at [./src/hotspot/share/prims/jni.cpp, line 615]
Event: 13.853 Thread 0x000001629f77b800 Exception <a 'java/lang/IncompatibleClassChangeError'{0x0000000085bb92a8}: Found class java.lang.Object, but interface was expected> (0x0000000085bb92a8) thrown at [./src/hotspot/share/interpreter/linkResolver.cpp, line 839]
Event: 13.895 Thread 0x000001629f77b800 Exception <a 'java/lang/ClassNotFoundException'{0x000000008597b2c0}: org/gradle/api/internal/project/DefaultAntBuilderBeanInfo> (0x000000008597b2c0) thrown at [./src/hotspot/share/classfile/systemDictionary.cpp, line 231]
Event: 13.897 Thread 0x000001629f77b800 Exception <a 'java/lang/ClassNotFoundException'{0x00000000859adbc0}: org/gradle/api/internal/project/ant/BasicAntBuilderBeanInfo> (0x00000000859adbc0) thrown at [./src/hotspot/share/classfile/systemDictionary.cpp, line 231]
Event: 13.898 Thread 0x000001629f77b800 Exception <a 'java/lang/ClassNotFoundException'{0x00000000859d6670}: org/gradle/api/AntBuilderBeanInfo> (0x00000000859d6670) thrown at [./src/hotspot/share/classfile/systemDictionary.cpp, line 231]
Event: 13.903 Thread 0x000001629f77b800 Exception <a 'java/lang/ClassNotFoundException'{0x0000000085851130}: groovy/util/AntBuilderBeanInfo> (0x0000000085851130) thrown at [./src/hotspot/share/classfile/systemDictionary.cpp, line 231]
Event: 13.907 Thread 0x000001629f77b800 Exception <a 'java/lang/ClassNotFoundException'{0x00000000858ccf58}: groovy/util/BuilderSupportBeanInfo> (0x00000000858ccf58) thrown at [./src/hotspot/share/classfile/systemDictionary.cpp, line 231]
Event: 13.913 Thread 0x000001629f77b800 Exception <a 'java/lang/ClassNotFoundException'{0x000000008574a180}: groovy/util/BuilderSupportCustomizer> (0x000000008574a180) thrown at [./src/hotspot/share/classfile/systemDictionary.cpp, line 231]
Event: 13.917 Thread 0x000001629f77b800 Exception <a 'java/lang/ClassNotFoundException'{0x00000000857c7040}: groovy/util/AntBuilderCustomizer> (0x00000000857c7040) thrown at [./src/hotspot/share/classfile/systemDictionary.cpp, line 231]
Event: 13.919 Thread 0x000001629f77b800 Exception <a 'java/lang/ClassNotFoundException'{0x00000000857f60b0}: org/gradle/api/AntBuilderCustomizer> (0x00000000857f60b0) thrown at [./src/hotspot/share/classfile/systemDictionary.cpp, line 231]
Event: 13.922 Thread 0x000001629f77b800 Exception <a 'java/lang/ClassNotFoundException'{0x0000000085631c00}: org/gradle/api/internal/project/ant/BasicAntBuilderCustomizer> (0x0000000085631c00) thrown at [./src/hotspot/share/classfile/systemDictionary.cpp, line 231]
Event: 13.925 Thread 0x000001629f77b800 Exception <a 'java/lang/ClassNotFoundException'{0x00000000856728e8}: org/gradle/api/internal/project/DefaultAntBuilderCustomizer> (0x00000000856728e8) thrown at [./src/hotspot/share/classfile/systemDictionary.cpp, line 231]

Events (20 events):
Event: 14.135 loading class org/gradle/api/ProjectState done
Event: 14.135 loading class org/jetbrains/kotlin/gradle/plugin/KotlinMultiplatformPluginKt$whenEvaluated$1$1
Event: 14.135 loading class org/jetbrains/kotlin/gradle/plugin/KotlinMultiplatformPluginKt$whenEvaluated$1$1 done
Event: 14.135 loading class org/gradle/api/internal/plugins/DefaultPluginManager$2
Event: 14.135 loading class org/gradle/api/internal/plugins/DefaultPluginManager$2 done
Event: 14.136 loading class org/gradle/api/internal/plugins/DefaultAppliedPlugin
Event: 14.136 loading class org/gradle/api/internal/plugins/DefaultAppliedPlugin done
Event: 14.136 loading class org/gradle/api/plugins/AppliedPlugin
Event: 14.136 loading class org/gradle/api/plugins/AppliedPlugin done
Event: 14.137 loading class org/jetbrains/kotlin/gradle/plugin/KotlinMultiplatformPluginKt$whenEvaluated$1$1$1
Event: 14.137 loading class org/jetbrains/kotlin/gradle/plugin/KotlinMultiplatformPluginKt$whenEvaluated$1$1$1 done
Event: 14.138 loading class com/android/build/gradle/LibraryPlugin
Event: 14.138 loading class com/android/build/gradle/LibraryPlugin done
Event: 14.143 loading class com/android/build/gradle/DynamicFeaturePlugin
Event: 14.143 loading class com/android/build/gradle/DynamicFeaturePlugin done
Event: 14.149 loading class com/android/build/gradle/AssetPackPlugin
Event: 14.149 loading class com/android/build/gradle/AssetPackPlugin done
Event: 14.154 loading class com/android/build/gradle/AssetPackBundlePlugin
Event: 14.154 loading class com/android/build/gradle/AssetPackBundlePlugin done
Event: 14.155 Executing VM operation: G1CollectForAllocation


Dynamic libraries:
0x00007ff691190000 - 0x00007ff69119a000 	C:\Program Files\Android\Android Studio\jre\bin\java.exe
0x00007ffbb28b0000 - 0x00007ffbb2aa5000 	C:\WINDOWS\SYSTEM32\ntdll.dll
0x00007ffbb1d20000 - 0x00007ffbb1dde000 	C:\WINDOWS\System32\KERNEL32.DLL
0x00007ffbb0370000 - 0x00007ffbb0638000 	C:\WINDOWS\System32\KERNELBASE.dll
0x00007ffbb0270000 - 0x00007ffbb0370000 	C:\WINDOWS\System32\ucrtbase.dll
0x00007ffbaa730000 - 0x00007ffbaa749000 	C:\Program Files\Android\Android Studio\jre\bin\jli.dll
0x00007ffbaabb0000 - 0x00007ffbaabc7000 	C:\Program Files\Android\Android Studio\jre\bin\VCRUNTIME140.dll
0x00007ffbb26c0000 - 0x00007ffbb2861000 	C:\WINDOWS\System32\USER32.dll
0x00007ffbb0240000 - 0x00007ffbb0262000 	C:\WINDOWS\System32\win32u.dll
0x00007ffba00e0000 - 0x00007ffba037a000 	C:\WINDOWS\WinSxS\amd64_microsoft.windows.common-controls_6595b64144ccf1df_6.0.19041.1110_none_60b5254171f9507e\COMCTL32.dll
0x00007ffbb0a70000 - 0x00007ffbb0a9b000 	C:\WINDOWS\System32\GDI32.dll
0x00007ffbb1150000 - 0x00007ffbb11ee000 	C:\WINDOWS\System32\msvcrt.dll
0x00007ffbb0130000 - 0x00007ffbb023d000 	C:\WINDOWS\System32\gdi32full.dll
0x00007ffbb0850000 - 0x00007ffbb08ed000 	C:\WINDOWS\System32\msvcp_win.dll
0x00007ffbb0b00000 - 0x00007ffbb0b30000 	C:\WINDOWS\System32\IMM32.DLL
0x00007ffbaa690000 - 0x00007ffbaa72d000 	C:\Program Files\Android\Android Studio\jre\bin\msvcp140.dll
0x00007ffb54bf0000 - 0x00007ffb556bf000 	C:\Program Files\Android\Android Studio\jre\bin\server\jvm.dll
0x00007ffbb1b30000 - 0x00007ffbb1bdc000 	C:\WINDOWS\System32\ADVAPI32.dll
0x00007ffbb13c0000 - 0x00007ffbb145b000 	C:\WINDOWS\System32\sechost.dll
0x00007ffbb1be0000 - 0x00007ffbb1d0a000 	C:\WINDOWS\System32\RPCRT4.dll
0x00007ffbb1d10000 - 0x00007ffbb1d18000 	C:\WINDOWS\System32\PSAPI.DLL
0x00007ffbab880000 - 0x00007ffbab889000 	C:\WINDOWS\SYSTEM32\WSOCK32.dll
0x00007ffbb1460000 - 0x00007ffbb14cb000 	C:\WINDOWS\System32\WS2_32.dll
0x00007ffb99930000 - 0x00007ffb99957000 	C:\WINDOWS\SYSTEM32\WINMM.dll
0x00007ffbae740000 - 0x00007ffbae74a000 	C:\WINDOWS\SYSTEM32\VERSION.dll
0x00007ffbae890000 - 0x00007ffbae8a2000 	C:\WINDOWS\SYSTEM32\kernel.appcore.dll
0x00007ffb5d500000 - 0x00007ffb5d511000 	C:\Program Files\Android\Android Studio\jre\bin\verify.dll
0x00007ffba11b0000 - 0x00007ffba1394000 	C:\WINDOWS\SYSTEM32\DBGHELP.DLL
0x00007ffb9b810000 - 0x00007ffb9b83c000 	C:\WINDOWS\SYSTEM32\dbgcore.DLL
0x00007ffbb00a0000 - 0x00007ffbb0122000 	C:\WINDOWS\System32\bcryptPrimitives.dll
0x00007ffb5d490000 - 0x00007ffb5d4b9000 	C:\Program Files\Android\Android Studio\jre\bin\java.dll
0x00007ffb9fa10000 - 0x00007ffb9fa1b000 	C:\Program Files\Android\Android Studio\jre\bin\jimage.dll
0x00007ffb5c020000 - 0x00007ffb5c038000 	C:\Program Files\Android\Android Studio\jre\bin\zip.dll
0x00007ffbb1e40000 - 0x00007ffbb2584000 	C:\WINDOWS\System32\SHELL32.dll
0x00007ffbadef0000 - 0x00007ffbae684000 	C:\WINDOWS\SYSTEM32\windows.storage.dll
0x00007ffbb0d60000 - 0x00007ffbb10b5000 	C:\WINDOWS\System32\combase.dll
0x00007ffbaf940000 - 0x00007ffbaf96e000 	C:\WINDOWS\SYSTEM32\Wldp.dll
0x00007ffbb1a80000 - 0x00007ffbb1b2d000 	C:\WINDOWS\System32\SHCORE.dll
0x00007ffbb1de0000 - 0x00007ffbb1e35000 	C:\WINDOWS\System32\shlwapi.dll
0x00007ffbaff00000 - 0x00007ffbaff1f000 	C:\WINDOWS\SYSTEM32\profapi.dll
0x00007ffb5a430000 - 0x00007ffb5a44a000 	C:\Program Files\Android\Android Studio\jre\bin\net.dll
0x00007ffba0520000 - 0x00007ffba062c000 	C:\WINDOWS\SYSTEM32\WINHTTP.dll
0x00007ffbaf6a0000 - 0x00007ffbaf70a000 	C:\WINDOWS\system32\mswsock.dll
0x00007ffb5a320000 - 0x00007ffb5a334000 	C:\Program Files\Android\Android Studio\jre\bin\nio.dll
0x00007ffbaab30000 - 0x00007ffbaab57000 	C:\Users\NAS\.gradle\native\8bec1ad78214c89d9ad589b4d07fe93259594b29d510b10fafb7a158f7737e5d\windows-amd64\native-platform.dll
0x00007ffbaa940000 - 0x00007ffbaaa7d000 	C:\Users\NAS\.gradle\native\53dbd7edfb1c66fb8903c78663c9afc45aea4f116125fa6feffd364cf09443e8\windows-amd64\native-platform-file-events.dll
0x00007ffb9d570000 - 0x00007ffb9d57a000 	C:\Program Files\Android\Android Studio\jre\bin\management.dll
0x00007ffb99f70000 - 0x00007ffb99f7c000 	C:\Program Files\Android\Android Studio\jre\bin\management_ext.dll
0x00007ffbaf890000 - 0x00007ffbaf8a8000 	C:\WINDOWS\SYSTEM32\CRYPTSP.dll
0x00007ffbaf020000 - 0x00007ffbaf054000 	C:\WINDOWS\system32\rsaenh.dll
0x00007ffbb0070000 - 0x00007ffbb0097000 	C:\WINDOWS\System32\bcrypt.dll
0x00007ffbafe80000 - 0x00007ffbafeae000 	C:\WINDOWS\SYSTEM32\USERENV.dll
0x00007ffbaf8b0000 - 0x00007ffbaf8bc000 	C:\WINDOWS\SYSTEM32\CRYPTBASE.dll
0x00007ffbaf390000 - 0x00007ffbaf3cb000 	C:\WINDOWS\SYSTEM32\IPHLPAPI.DLL
0x00007ffbb11f0000 - 0x00007ffbb11f8000 	C:\WINDOWS\System32\NSI.dll
0x00007ffba5c30000 - 0x00007ffba5c47000 	C:\WINDOWS\SYSTEM32\dhcpcsvc6.DLL
0x00007ffba71a0000 - 0x00007ffba71bd000 	C:\WINDOWS\SYSTEM32\dhcpcsvc.DLL
0x00007ffbaf3d0000 - 0x00007ffbaf49b000 	C:\WINDOWS\SYSTEM32\DNSAPI.dll

dbghelp: loaded successfully - version: 4.0.5 - missing functions: none
symbol engine: initialized successfully - sym options: 0x614 - pdb path: .;C:\Program Files\Android\Android Studio\jre\bin;C:\WINDOWS\SYSTEM32;C:\WINDOWS\WinSxS\amd64_microsoft.windows.common-controls_6595b64144ccf1df_6.0.19041.1110_none_60b5254171f9507e;C:\Program Files\Android\Android Studio\jre\bin\server;C:\Users\NAS\.gradle\native\8bec1ad78214c89d9ad589b4d07fe93259594b29d510b10fafb7a158f7737e5d\windows-amd64;C:\Users\NAS\.gradle\native\53dbd7edfb1c66fb8903c78663c9afc45aea4f116125fa6feffd364cf09443e8\windows-amd64

VM Arguments:
jvm_args: --add-opens=java.base/java.util=ALL-UNNAMED --add-opens=java.base/java.lang=ALL-UNNAMED --add-opens=java.base/java.lang.invoke=ALL-UNNAMED --add-opens=java.base/java.util=ALL-UNNAMED --add-opens=java.prefs/java.util.prefs=ALL-UNNAMED --add-opens=java.prefs/java.util.prefs=ALL-UNNAMED --add-opens=java.base/java.nio.charset=ALL-UNNAMED --add-opens=java.base/java.net=ALL-UNNAMED --add-opens=java.base/java.util.concurrent.atomic=ALL-UNNAMED -Xmx2048m -Dfile.encoding=UTF-8 -Duser.country=ID -Duser.language=en -Duser.variant 
java_command: org.gradle.launcher.daemon.bootstrap.GradleDaemon 7.0.2
java_class_path (initial): C:\Users\NAS\.gradle\wrapper\dists\gradle-7.0.2-bin\857tjihv64xamwrf0h14cai3r\gradle-7.0.2\lib\gradle-launcher-7.0.2.jar
Launcher Type: SUN_STANDARD

[Global flags]
     intx CICompilerCount                          = 3                                         {product} {ergonomic}
     uint ConcGCThreads                            = 1                                         {product} {ergonomic}
     uint G1ConcRefinementThreads                  = 4                                         {product} {ergonomic}
   size_t G1HeapRegionSize                         = 1048576                                   {product} {ergonomic}
    uintx GCDrainStackTargetSize                   = 64                                        {product} {ergonomic}
   size_t InitialHeapSize                          = 67108864                                  {product} {ergonomic}
   size_t MarkStackSize                            = 4194304                                   {product} {ergonomic}
   size_t MaxHeapSize                              = 2147483648                                {product} {command line}
   size_t MaxNewSize                               = 1287651328                                {product} {ergonomic}
   size_t MinHeapDeltaBytes                        = 1048576                                   {product} {ergonomic}
    uintx NonNMethodCodeHeapSize                   = 5830732                                {pd product} {ergonomic}
    uintx NonProfiledCodeHeapSize                  = 122913754                              {pd product} {ergonomic}
    uintx ProfiledCodeHeapSize                     = 122913754                              {pd product} {ergonomic}
    uintx ReservedCodeCacheSize                    = 251658240                              {pd product} {ergonomic}
     bool SegmentedCodeCache                       = true                                      {product} {ergonomic}
     bool UseCompressedClassPointers               = true                                 {lp64_product} {ergonomic}
     bool UseCompressedOops                        = true                                 {lp64_product} {ergonomic}
     bool UseG1GC                                  = true                                      {product} {ergonomic}
     bool UseLargePagesIndividualAllocation        = false                                  {pd product} {ergonomic}

Logging:
Log output configuration:
 #0: stdout all=warning uptime,level,tags
 #1: stderr all=off uptime,level,tags

Environment Variables:
PATH=C:\Python310\Scripts\;C:\Python310\;C:\Program Files (x86)\Common Files\Oracle\Java\javapath;C:\Program Files\AdoptOpenJDK\jdk-15.0.2.7-hotspot\bin;C:\Program Files\Common Files\Oracle\Java\javapath;C:\ProgramData\Oracle\Java\javapath;C:\Program Files (x86)\Common Files\Intel\Shared Libraries\redist\intel64\compiler;C:\WINDOWS\system32;C:\WINDOWS;C:\WINDOWS\System32\Wbem;C:\WINDOWS\System32\WindowsPowerShell\v1.0\;C:\WINDOWS\System32\OpenSSH\;C:\Program Files\dotnet\;C:\Users\NAS\AppData\Roaming\Python\Python39\Scripts;C:\Program Files\Java\jdk-15.0.2\bin;C:\Program Files (x86)\Java\jre1.8.0_271\bin;C:\\Program Files\\NodeJS\\12-lts\\bin\\node.exe;C:\xampp\php;C:\ProgramData\ComposerSetup\bin;C:\Program Files\Git\cmd;C:\Program Files\PuTTY\;C:\ProgramData\chocolatey\bin;C:\Program Files\AdoptOpenJDK\jdk-11.0.11\bin;C:\Program Files\flutter\bin;C:\Program Files\nodejs\;C:\Users\NAS\AppData\Local\Programs\Python\Python39\Scripts\;C:\Users\NAS\AppData\Local\Programs\Python\Python39\;C:\Users\NAS\AppData\Local\Microsoft\WindowsApps;C:\Users\NAS\.dotnet\tools;C:\Program Files\Java\jdk-15.0.2\bin;C:\Program Files\JetBrains\JetBrains Rider 2020.3.3\bin;C:\Program Files\Java\jdk1.8.0_111\bin;C:\Program Files\AdoptOpenJDK\jdk-15.0.2.7-hotspot;C:\Program Files\JetBrains\PyCharm Community Edition 2021.1\bin;C:\Users\NAS\AppData\Roaming\Composer\vendor\bin;C:\Users\NAS\AppData\Local\GitHubDesktop\bin;C:\Program Files\JetBrains\WebStorm 2021.1.3\bin;C:\Users\NAS\AppData\Local\Microsoft\WindowsApps;F:\android\BelajarAndoid\gradle-7.0.2\bin;C:\Users\NAS\AppData\Local\Programs\Microsoft VS Code\bin;C:\Users\NAS\AppData\Roaming\npm
USERNAME=NAS
OS=Windows_NT
PROCESSOR_IDENTIFIER=Intel64 Family 6 Model 61 Stepping 4, GenuineIntel



---------------  S Y S T E M  ---------------

OS: Windows 10 , 64 bit Build 19041 (10.0.19041.1348)
OS uptime: 0 days 0:51 hours

CPU:total 4 (initial active 4) (2 cores per cpu, 2 threads per core) family 6 model 61 stepping 4 microcode 0x2d, cmov, cx8, fxsr, mmx, sse, sse2, sse3, ssse3, sse4.1, sse4.2, popcnt, avx, avx2, aes, clmul, erms, 3dnowpref, lzcnt, ht, tsc, tscinvbit, bmi1, bmi2, adx, fma

Memory: 4k page, system-wide physical 3996M (330M free)
TotalPageFile size 16284M (AvailPageFile size 13M)
current process WorkingSet (physical memory assigned to process): 312M, peak: 313M
current process commit charge ("private bytes"): 339M, peak: 362M

vm_info: OpenJDK 64-Bit Server VM (11.0.10+0-b96-7249189) for windows-amd64 JRE (11.0.10+0-b96-7249189), built on Mar 31 2021 21:44:00 by "builder" with MS VC++ 14.0 (VS2015)

END.
