#
# There is insufficient memory for the Java Runtime Environment to continue.
# Native memory allocation (malloc) failed to allocate 62944 bytes for Chunk::new
# Possible reasons:
#   The system is out of physical RAM or swap space
#   The process is running with CompressedOops enabled, and the Java Heap may be blocking the growth of the native heap
# Possible solutions:
#   Reduce memory load on the system
#   Increase physical memory or swap space
#   Check if swap backing store is full
#   Decrease Java heap size (-Xmx/-Xms)
#   Decrease number of Java threads
#   Decrease Java thread stack sizes (-Xss)
#   Set larger code cache with -XX:ReservedCodeCacheSize=
#   JVM is running with Unscaled Compressed Oops mode in which the Java heap is
#     placed in the first 4GB address space. The Java Heap base address is the
#     maximum limit for the native heap growth. Please use -XX:HeapBaseMinAddress
#     to set the Java Heap base and to place the Java Heap above 4GB virtual address.
# This output file may be truncated or incomplete.
#
#  Out of Memory Error (./src/hotspot/share/memory/arena.cpp:197), pid=11052, tid=9328
#
# JRE version: OpenJDK Runtime Environment (11.0.10) (build 11.0.10+0-b96-7249189)
# Java VM: OpenJDK 64-Bit Server VM (11.0.10+0-b96-7249189, mixed mode, tiered, compressed oops, g1 gc, windows-amd64)
# No core dump will be written. Minidumps are not enabled by default on client versions of Windows
#

---------------  S U M M A R Y ------------

Command Line: --add-opens=java.base/java.util=ALL-UNNAMED --add-opens=java.base/java.lang=ALL-UNNAMED --add-opens=java.base/java.lang.invoke=ALL-UNNAMED --add-opens=java.base/java.util=ALL-UNNAMED --add-opens=java.prefs/java.util.prefs=ALL-UNNAMED --add-opens=java.prefs/java.util.prefs=ALL-UNNAMED --add-opens=java.base/java.nio.charset=ALL-UNNAMED --add-opens=java.base/java.net=ALL-UNNAMED --add-opens=java.base/java.util.concurrent.atomic=ALL-UNNAMED -Xmx2048m -Dfile.encoding=UTF-8 -Duser.country=ID -Duser.language=en -Duser.variant org.gradle.launcher.daemon.bootstrap.GradleDaemon 7.0.2

Host: Intel(R) Core(TM) i3-5005U CPU @ 2.00GHz, 4 cores, 3G,  Windows 10 , 64 bit Build 19041 (10.0.19041.1348)
Time: Thu Dec 30 10:31:58 2021 Eastern Standard Time elapsed time: 10.310534 seconds (0d 0h 0m 10s)

---------------  T H R E A D  ---------------

Current thread (0x000001cfad46d000):  JavaThread "C2 CompilerThread1" daemon [_thread_in_native, id=9328, stack(0x0000008151700000,0x0000008151800000)]


Current CompileTask:
C2:  10310 2906       4       java.util.AbstractCollection::addAll (42 bytes)

Stack: [0x0000008151700000,0x0000008151800000]
Native frames: (J=compiled Java code, j=interpreted, Vv=VM code, C=native code)
V  [jvm.dll+0x5ecfaa]
V  [jvm.dll+0x722bd5]
V  [jvm.dll+0x72412d]
V  [jvm.dll+0x7247e3]
V  [jvm.dll+0x242928]
V  [jvm.dll+0xbc4fc]
V  [jvm.dll+0xbca0c]
V  [jvm.dll+0x2b5567]
V  [jvm.dll+0x506028]
V  [jvm.dll+0x1fc985]
V  [jvm.dll+0x1fa77f]
V  [jvm.dll+0x18354c]
V  [jvm.dll+0x208ee7]
V  [jvm.dll+0x207731]
V  [jvm.dll+0x6eb1cf]
V  [jvm.dll+0x6e3d45]
V  [jvm.dll+0x5ebe96]
C  [ucrtbase.dll+0x21bb2]
C  [KERNEL32.DLL+0x17034]
C  [ntdll.dll+0x52651]


---------------  P R O C E S S  ---------------

Threads class SMR info:
_java_thread_list=0x000001cfaf52ee70, length=31, elements={
0x000001cf9216e800, 0x000001cfabbfe800, 0x000001cfabc00000, 0x000001cfac582800,
0x000001cfac587000, 0x000001cfac589000, 0x000001cfac58c000, 0x000001cfabc5e800,
0x000001cfabc63800, 0x000001cfac6c1000, 0x000001cfae8eb000, 0x000001cfad539000,
0x000001cfaed6c000, 0x000001cfae8f6000, 0x000001cfae407800, 0x000001cfadb73000,
0x000001cfadc86000, 0x000001cfaddda800, 0x000001cfad79f000, 0x000001cfad3c2000,
0x000001cfad3be800, 0x000001cfad3bc800, 0x000001cfad3be000, 0x000001cfad3bf800,
0x000001cfad3c0800, 0x000001cfad3c1000, 0x000001cfad3c3000, 0x000001cfad3bd000,
0x000001cfaf059000, 0x000001cfaf05a000, 0x000001cfad46d000
}

Java Threads: ( => current thread )
  0x000001cf9216e800 JavaThread "main" [_thread_blocked, id=3904, stack(0x000000814f000000,0x000000814f100000)]
  0x000001cfabbfe800 JavaThread "Reference Handler" daemon [_thread_blocked, id=11812, stack(0x000000814f700000,0x000000814f800000)]
  0x000001cfabc00000 JavaThread "Finalizer" daemon [_thread_blocked, id=10736, stack(0x000000814f800000,0x000000814f900000)]
  0x000001cfac582800 JavaThread "Signal Dispatcher" daemon [_thread_blocked, id=9520, stack(0x000000814f900000,0x000000814fa00000)]
  0x000001cfac587000 JavaThread "Attach Listener" daemon [_thread_blocked, id=1272, stack(0x000000814fa00000,0x000000814fb00000)]
  0x000001cfac589000 JavaThread "Service Thread" daemon [_thread_blocked, id=4040, stack(0x000000814fb00000,0x000000814fc00000)]
  0x000001cfac58c000 JavaThread "C2 CompilerThread0" daemon [_thread_in_native, id=1060, stack(0x000000814fc00000,0x000000814fd00000)]
  0x000001cfabc5e800 JavaThread "C1 CompilerThread0" daemon [_thread_blocked, id=11056, stack(0x000000814fd00000,0x000000814fe00000)]
  0x000001cfabc63800 JavaThread "Sweeper thread" daemon [_thread_blocked, id=5868, stack(0x000000814fe00000,0x000000814ff00000)]
  0x000001cfac6c1000 JavaThread "Common-Cleaner" daemon [_thread_blocked, id=756, stack(0x000000814ff00000,0x0000008150000000)]
  0x000001cfae8eb000 JavaThread "Daemon health stats" [_thread_blocked, id=12152, stack(0x0000008150300000,0x0000008150400000)]
  0x000001cfad539000 JavaThread "Incoming local TCP Connector on port 50581" [_thread_in_native, id=488, stack(0x0000008150100000,0x0000008150200000)]
  0x000001cfaed6c000 JavaThread "Daemon periodic checks" [_thread_blocked, id=9324, stack(0x0000008150600000,0x0000008150700000)]
  0x000001cfae8f6000 JavaThread "Daemon" [_thread_blocked, id=6912, stack(0x0000008150700000,0x0000008150800000)]
  0x000001cfae407800 JavaThread "Handler for socket connection from /127.0.0.1:50581 to /127.0.0.1:50582" [_thread_in_native, id=7184, stack(0x0000008150800000,0x0000008150900000)]
  0x000001cfadb73000 JavaThread "Cancel handler" [_thread_blocked, id=3096, stack(0x0000008150900000,0x0000008150a00000)]
  0x000001cfadc86000 JavaThread "Daemon worker" [_thread_in_vm, id=2440, stack(0x0000008150a00000,0x0000008150b00000)]
  0x000001cfaddda800 JavaThread "Asynchronous log dispatcher for DefaultDaemonConnection: socket connection from /127.0.0.1:50581 to /127.0.0.1:50582" [_thread_blocked, id=11280, stack(0x0000008150c00000,0x0000008150d00000)]
  0x000001cfad79f000 JavaThread "Stdin handler" [_thread_blocked, id=8968, stack(0x0000008150d00000,0x0000008150e00000)]
  0x000001cfad3c2000 JavaThread "Daemon client event forwarder" [_thread_blocked, id=5016, stack(0x0000008150e00000,0x0000008150f00000)]
  0x000001cfad3be800 JavaThread "Cache worker for file hash cache (C:\Users\NAS\.gradle\caches\7.0.2\fileHashes)" [_thread_blocked, id=8428, stack(0x0000008150b00000,0x0000008150c00000)]
  0x000001cfad3bc800 JavaThread "File lock request listener" [_thread_in_native, id=1408, stack(0x0000008150f00000,0x0000008151000000)]
  0x000001cfad3be000 JavaThread "Cache worker for journal cache (C:\Users\NAS\.gradle\caches\journal-1)" [_thread_blocked, id=544, stack(0x0000008151000000,0x0000008151100000)]
  0x000001cfad3bf800 JavaThread "Cache worker for file hash cache (B:\Mobile\ProjectUas\.gradle\7.0.2\fileHashes)" [_thread_blocked, id=4020, stack(0x0000008151200000,0x0000008151300000)]
  0x000001cfad3c0800 JavaThread "File watcher server" daemon [_thread_in_native, id=5560, stack(0x0000008151300000,0x0000008151400000)]
  0x000001cfad3c1000 JavaThread "File watcher consumer" daemon [_thread_blocked, id=1548, stack(0x0000008151400000,0x0000008151500000)]
  0x000001cfad3c3000 JavaThread "Cache worker for checksums cache (B:\Mobile\ProjectUas\.gradle\checksums)" [_thread_blocked, id=2428, stack(0x0000008151100000,0x0000008151200000)]
  0x000001cfad3bd000 JavaThread "Cache worker for cache directory md-supplier (C:\Users\NAS\.gradle\caches\7.0.2\md-supplier)" [_thread_blocked, id=4836, stack(0x0000008151500000,0x0000008151600000)]
  0x000001cfaf059000 JavaThread "Cache worker for cache directory md-rule (C:\Users\NAS\.gradle\caches\7.0.2\md-rule)" [_thread_blocked, id=3968, stack(0x0000008151600000,0x0000008151700000)]
  0x000001cfaf05a000 JavaThread "Cache worker for execution history cache (C:\Users\NAS\.gradle\caches\7.0.2\executionHistory)" [_thread_blocked, id=2524, stack(0x0000008151800000,0x0000008151900000)]
=>0x000001cfad46d000 JavaThread "C2 CompilerThread1" daemon [_thread_in_native, id=9328, stack(0x0000008151700000,0x0000008151800000)]

Other Threads:
  0x000001cfabbf6800 VMThread "VM Thread" [stack: 0x000000814f600000,0x000000814f700000] [id=1964]
  0x000001cfac6de000 WatcherThread [stack: 0x0000008150000000,0x0000008150100000] [id=1076]
  0x000001cf92186800 GCTaskThread "GC Thread#0" [stack: 0x000000814f100000,0x000000814f200000] [id=2848]
  0x000001cfacb49800 GCTaskThread "GC Thread#1" [stack: 0x0000008150200000,0x0000008150300000] [id=880]
  0x000001cfaef09000 GCTaskThread "GC Thread#2" [stack: 0x0000008150400000,0x0000008150500000] [id=12184]
  0x000001cfaee44000 GCTaskThread "GC Thread#3" [stack: 0x0000008150500000,0x0000008150600000] [id=6940]
  0x000001cf921b7800 ConcurrentGCThread "G1 Main Marker" [stack: 0x000000814f200000,0x000000814f300000] [id=2200]
  0x000001cf921b9800 ConcurrentGCThread "G1 Conc#0" [stack: 0x000000814f300000,0x000000814f400000] [id=964]
  0x000001cf92214000 ConcurrentGCThread "G1 Refine#0" [stack: 0x000000814f400000,0x000000814f500000] [id=8084]
  0x000001cf92215000 ConcurrentGCThread "G1 Young RemSet Sampling" [stack: 0x000000814f500000,0x000000814f600000] [id=1960]

Threads with active compile tasks:
C2 CompilerThread0  10378 2587       4       jdk.internal.loader.URLClassPath::getResource (74 bytes)
C2 CompilerThread1  10378 2906       4       java.util.AbstractCollection::addAll (42 bytes)

VM state:not at safepoint (normal execution)

VM Mutex/Monitor currently owned by a thread: None

Heap address: 0x0000000080000000, size: 2048 MB, Compressed Oops mode: 32-bit
Narrow klass base: 0x0000000000000000, Narrow klass shift: 3
Compressed class space size: 1073741824 Address: 0x0000000100000000

Heap:
 garbage-first heap   total 78848K, used 28603K [0x0000000080000000, 0x0000000100000000)
  region size 1024K, 14 young (14336K), 5 survivors (5120K)
 Metaspace       used 34629K, capacity 35421K, committed 35584K, reserved 1079296K
  class space    used 4514K, capacity 4833K, committed 4864K, reserved 1048576K
Heap Regions: E=young(eden), S=young(survivor), O=old, HS=humongous(starts), HC=humongous(continues), CS=collection set, F=free, A=archive, TAMS=top-at-mark-start (previous, next)
|   0|0x0000000080000000, 0x0000000080100000, 0x0000000080100000|100%| O|  |TAMS 0x0000000080100000, 0x0000000080000000| Untracked 
|   1|0x0000000080100000, 0x0000000080200000, 0x0000000080200000|100%| O|  |TAMS 0x0000000080200000, 0x0000000080100000| Untracked 
|   2|0x0000000080200000, 0x0000000080300000, 0x0000000080300000|100%| O|  |TAMS 0x0000000080300000, 0x0000000080200000| Untracked 
|   3|0x0000000080300000, 0x0000000080400000, 0x0000000080400000|100%|HS|  |TAMS 0x0000000080400000, 0x0000000080300000| Complete 
|   4|0x0000000080400000, 0x0000000080500000, 0x0000000080500000|100%|HC|  |TAMS 0x0000000080500000, 0x0000000080400000| Complete 
|   5|0x0000000080500000, 0x0000000080600000, 0x0000000080600000|100%|HC|  |TAMS 0x0000000080600000, 0x0000000080500000| Complete 
|   6|0x0000000080600000, 0x0000000080700000, 0x0000000080700000|100%| O|  |TAMS 0x0000000080700000, 0x0000000080600000| Untracked 
|   7|0x0000000080700000, 0x0000000080800000, 0x0000000080800000|100%| O|  |TAMS 0x0000000080800000, 0x0000000080700000| Untracked 
|   8|0x0000000080800000, 0x0000000080900000, 0x0000000080900000|100%| O|  |TAMS 0x0000000080900000, 0x0000000080800000| Untracked 
|   9|0x0000000080900000, 0x0000000080a00000, 0x0000000080a00000|100%| O|  |TAMS 0x0000000080a00000, 0x0000000080900000| Untracked 
|  10|0x0000000080a00000, 0x0000000080b00000, 0x0000000080b00000|100%| O|  |TAMS 0x0000000080b00000, 0x0000000080a00000| Untracked 
|  11|0x0000000080b00000, 0x0000000080c00000, 0x0000000080c00000|100%| O|  |TAMS 0x0000000080c00000, 0x0000000080b00000| Untracked 
|  12|0x0000000080c00000, 0x0000000080d00000, 0x0000000080d00000|100%| O|  |TAMS 0x0000000080d00000, 0x0000000080c00000| Untracked 
|  13|0x0000000080d00000, 0x0000000080e00000, 0x0000000080e00000|100%| O|  |TAMS 0x0000000080e00000, 0x0000000080d00000| Untracked 
|  14|0x0000000080e00000, 0x0000000080f00000, 0x0000000080f00000|100%| O|  |TAMS 0x0000000080e2de00, 0x0000000080e00000| Untracked 
|  15|0x0000000080f00000, 0x0000000080f71000, 0x0000000081000000| 44%| O|  |TAMS 0x0000000080f00000, 0x0000000080f00000| Untracked 
|  16|0x0000000081000000, 0x0000000081000000, 0x0000000081100000|  0%| F|  |TAMS 0x0000000081000000, 0x0000000081000000| Untracked 
|  17|0x0000000081100000, 0x0000000081100000, 0x0000000081200000|  0%| F|  |TAMS 0x0000000081100000, 0x0000000081100000| Untracked 
|  18|0x0000000081200000, 0x0000000081200000, 0x0000000081300000|  0%| F|  |TAMS 0x0000000081200000, 0x0000000081200000| Untracked 
|  19|0x0000000081300000, 0x0000000081300000, 0x0000000081400000|  0%| F|  |TAMS 0x0000000081300000, 0x0000000081300000| Untracked 
|  20|0x0000000081400000, 0x0000000081400000, 0x0000000081500000|  0%| F|  |TAMS 0x0000000081400000, 0x0000000081400000| Untracked 
|  21|0x0000000081500000, 0x0000000081500000, 0x0000000081600000|  0%| F|  |TAMS 0x0000000081500000, 0x0000000081500000| Untracked 
|  22|0x0000000081600000, 0x0000000081600000, 0x0000000081700000|  0%| F|  |TAMS 0x0000000081600000, 0x0000000081600000| Untracked 
|  23|0x0000000081700000, 0x0000000081700000, 0x0000000081800000|  0%| F|  |TAMS 0x0000000081700000, 0x0000000081700000| Untracked 
|  24|0x0000000081800000, 0x0000000081800000, 0x0000000081900000|  0%| F|  |TAMS 0x0000000081800000, 0x0000000081800000| Untracked 
|  25|0x0000000081900000, 0x0000000081900000, 0x0000000081a00000|  0%| F|  |TAMS 0x0000000081900000, 0x0000000081900000| Untracked 
|  26|0x0000000081a00000, 0x0000000081a00000, 0x0000000081b00000|  0%| F|  |TAMS 0x0000000081a00000, 0x0000000081a00000| Untracked 
|  27|0x0000000081b00000, 0x0000000081b00000, 0x0000000081c00000|  0%| F|  |TAMS 0x0000000081b00000, 0x0000000081b00000| Untracked 
|  28|0x0000000081c00000, 0x0000000081c00000, 0x0000000081d00000|  0%| F|  |TAMS 0x0000000081c00000, 0x0000000081c00000| Untracked 
|  29|0x0000000081d00000, 0x0000000081d00000, 0x0000000081e00000|  0%| F|  |TAMS 0x0000000081d00000, 0x0000000081d00000| Untracked 
|  30|0x0000000081e00000, 0x0000000081e00000, 0x0000000081f00000|  0%| F|  |TAMS 0x0000000081e00000, 0x0000000081e00000| Untracked 
|  31|0x0000000081f00000, 0x0000000081f00000, 0x0000000082000000|  0%| F|  |TAMS 0x0000000081f00000, 0x0000000081f00000| Untracked 
|  32|0x0000000082000000, 0x0000000082000000, 0x0000000082100000|  0%| F|  |TAMS 0x0000000082000000, 0x0000000082000000| Untracked 
|  33|0x0000000082100000, 0x0000000082100000, 0x0000000082200000|  0%| F|  |TAMS 0x0000000082100000, 0x0000000082100000| Untracked 
|  34|0x0000000082200000, 0x0000000082200000, 0x0000000082300000|  0%| F|  |TAMS 0x0000000082200000, 0x0000000082200000| Untracked 
|  35|0x0000000082300000, 0x000000008237dcd0, 0x0000000082400000| 49%| S|CS|TAMS 0x0000000082300000, 0x0000000082300000| Complete 
|  36|0x0000000082400000, 0x0000000082500000, 0x0000000082500000|100%| S|CS|TAMS 0x0000000082400000, 0x0000000082400000| Complete 
|  37|0x0000000082500000, 0x0000000082600000, 0x0000000082600000|100%| S|CS|TAMS 0x0000000082500000, 0x0000000082500000| Complete 
|  38|0x0000000082600000, 0x0000000082600000, 0x0000000082700000|  0%| F|  |TAMS 0x0000000082600000, 0x0000000082600000| Untracked 
|  39|0x0000000082700000, 0x0000000082700000, 0x0000000082800000|  0%| F|  |TAMS 0x0000000082700000, 0x0000000082700000| Untracked 
|  40|0x0000000082800000, 0x0000000082800000, 0x0000000082900000|  0%| F|  |TAMS 0x0000000082800000, 0x0000000082800000| Untracked 
|  41|0x0000000082900000, 0x0000000082a00000, 0x0000000082a00000|100%| S|CS|TAMS 0x0000000082900000, 0x0000000082900000| Complete 
|  42|0x0000000082a00000, 0x0000000082b00000, 0x0000000082b00000|100%| S|CS|TAMS 0x0000000082a00000, 0x0000000082a00000| Complete 
|  43|0x0000000082b00000, 0x0000000082b00000, 0x0000000082c00000|  0%| F|  |TAMS 0x0000000082b00000, 0x0000000082b00000| Untracked 
|  44|0x0000000082c00000, 0x0000000082c00000, 0x0000000082d00000|  0%| F|  |TAMS 0x0000000082c00000, 0x0000000082c00000| Untracked 
|  45|0x0000000082d00000, 0x0000000082d00000, 0x0000000082e00000|  0%| F|  |TAMS 0x0000000082d00000, 0x0000000082d00000| Untracked 
|  46|0x0000000082e00000, 0x0000000082e00000, 0x0000000082f00000|  0%| F|  |TAMS 0x0000000082e00000, 0x0000000082e00000| Untracked 
|  47|0x0000000082f00000, 0x0000000082f00000, 0x0000000083000000|  0%| F|  |TAMS 0x0000000082f00000, 0x0000000082f00000| Untracked 
|  48|0x0000000083000000, 0x0000000083000000, 0x0000000083100000|  0%| F|  |TAMS 0x0000000083000000, 0x0000000083000000| Untracked 
|  49|0x0000000083100000, 0x0000000083100000, 0x0000000083200000|  0%| F|  |TAMS 0x0000000083100000, 0x0000000083100000| Untracked 
|  50|0x0000000083200000, 0x0000000083200000, 0x0000000083300000|  0%| F|  |TAMS 0x0000000083200000, 0x0000000083200000| Untracked 
|  51|0x0000000083300000, 0x0000000083300000, 0x0000000083400000|  0%| F|  |TAMS 0x0000000083300000, 0x0000000083300000| Untracked 
|  52|0x0000000083400000, 0x0000000083400000, 0x0000000083500000|  0%| F|  |TAMS 0x0000000083400000, 0x0000000083400000| Untracked 
|  53|0x0000000083500000, 0x0000000083500000, 0x0000000083600000|  0%| F|  |TAMS 0x0000000083500000, 0x0000000083500000| Untracked 
|  54|0x0000000083600000, 0x0000000083600000, 0x0000000083700000|  0%| F|  |TAMS 0x0000000083600000, 0x0000000083600000| Untracked 
|  55|0x0000000083700000, 0x0000000083700000, 0x0000000083800000|  0%| F|  |TAMS 0x0000000083700000, 0x0000000083700000| Untracked 
|  56|0x0000000083800000, 0x0000000083800000, 0x0000000083900000|  0%| F|  |TAMS 0x0000000083800000, 0x0000000083800000| Untracked 
|  57|0x0000000083900000, 0x0000000083900000, 0x0000000083a00000|  0%| F|  |TAMS 0x0000000083900000, 0x0000000083900000| Untracked 
|  58|0x0000000083a00000, 0x0000000083a00000, 0x0000000083b00000|  0%| F|  |TAMS 0x0000000083a00000, 0x0000000083a00000| Untracked 
|  59|0x0000000083b00000, 0x0000000083b00000, 0x0000000083c00000|  0%| F|  |TAMS 0x0000000083b00000, 0x0000000083b00000| Untracked 
|  60|0x0000000083c00000, 0x0000000083c00000, 0x0000000083d00000|  0%| F|  |TAMS 0x0000000083c00000, 0x0000000083c00000| Untracked 
|  61|0x0000000083d00000, 0x0000000083d00000, 0x0000000083e00000|  0%| F|  |TAMS 0x0000000083d00000, 0x0000000083d00000| Untracked 
|  62|0x0000000083e00000, 0x0000000083e00000, 0x0000000083f00000|  0%| F|  |TAMS 0x0000000083e00000, 0x0000000083e00000| Untracked 
|  63|0x0000000083f00000, 0x0000000083f00000, 0x0000000084000000|  0%| F|  |TAMS 0x0000000083f00000, 0x0000000083f00000| Untracked 
|  64|0x0000000084000000, 0x0000000084000000, 0x0000000084100000|  0%| F|  |TAMS 0x0000000084000000, 0x0000000084000000| Untracked 
|  65|0x0000000084100000, 0x0000000084100000, 0x0000000084200000|  0%| F|  |TAMS 0x0000000084100000, 0x0000000084100000| Untracked 
|  66|0x0000000084200000, 0x0000000084200000, 0x0000000084300000|  0%| F|  |TAMS 0x0000000084200000, 0x0000000084200000| Untracked 
|  67|0x0000000084300000, 0x0000000084300000, 0x0000000084400000|  0%| F|  |TAMS 0x0000000084300000, 0x0000000084300000| Untracked 
|  68|0x0000000084400000, 0x0000000084500000, 0x0000000084500000|100%| E|  |TAMS 0x0000000084400000, 0x0000000084400000| Complete 
|  69|0x0000000084500000, 0x0000000084600000, 0x0000000084600000|100%| E|CS|TAMS 0x0000000084500000, 0x0000000084500000| Complete 
|  70|0x0000000084600000, 0x0000000084700000, 0x0000000084700000|100%| E|CS|TAMS 0x0000000084600000, 0x0000000084600000| Complete 
|  71|0x0000000084700000, 0x0000000084800000, 0x0000000084800000|100%| E|CS|TAMS 0x0000000084700000, 0x0000000084700000| Complete 
|  72|0x0000000084800000, 0x0000000084900000, 0x0000000084900000|100%| E|CS|TAMS 0x0000000084800000, 0x0000000084800000| Complete 
|  73|0x0000000084900000, 0x0000000084a00000, 0x0000000084a00000|100%| E|CS|TAMS 0x0000000084900000, 0x0000000084900000| Complete 
|  74|0x0000000084a00000, 0x0000000084b00000, 0x0000000084b00000|100%| E|CS|TAMS 0x0000000084a00000, 0x0000000084a00000| Complete 
|  75|0x0000000084b00000, 0x0000000084c00000, 0x0000000084c00000|100%| E|CS|TAMS 0x0000000084b00000, 0x0000000084b00000| Complete 
|  76|0x0000000084c00000, 0x0000000084d00000, 0x0000000084d00000|100%| E|CS|TAMS 0x0000000084c00000, 0x0000000084c00000| Complete 

Card table byte_map: [0x000001cfa5060000,0x000001cfa5460000] _byte_map_base: 0x000001cfa4c60000

Marking Bits (Prev, Next): (CMBitMap*) 0x000001cf921ae780, (CMBitMap*) 0x000001cf921ae748
 Prev Bits: [0x000001cfa7860000, 0x000001cfa9860000)
 Next Bits: [0x000001cfa5860000, 0x000001cfa7860000)

Polling page: 0x000001cf8ff60000

Metaspace:

Usage:
  Non-class:     29.93 MB capacity,    29.42 MB ( 98%) used,   447.90 KB (  1%) free+waste,    73.75 KB ( <1%) overhead. 
      Class:      4.72 MB capacity,     4.41 MB ( 94%) used,   275.68 KB (  6%) free+waste,    36.38 KB ( <1%) overhead. 
       Both:     34.65 MB capacity,    33.84 MB ( 98%) used,   723.58 KB (  2%) free+waste,   110.13 KB ( <1%) overhead. 

Virtual space:
  Non-class space:       30.00 MB reserved,      30.00 MB (100%) committed 
      Class space:        1.00 GB reserved,       4.75 MB ( <1%) committed 
             Both:        1.03 GB reserved,      34.75 MB (  3%) committed 

Chunk freelists:
   Non-Class:  4.00 KB
       Class:  31.00 KB
        Both:  35.00 KB

MaxMetaspaceSize: 17179869184.00 GB
CompressedClassSpaceSize: 1.00 GB

CodeHeap 'non-profiled nmethods': size=120064Kb used=1366Kb max_used=1366Kb free=118698Kb
 bounds [0x000001cf9d720000, 0x000001cf9d990000, 0x000001cfa4c60000]
CodeHeap 'profiled nmethods': size=120000Kb used=6252Kb max_used=6252Kb free=113747Kb
 bounds [0x000001cf961f0000, 0x000001cf96810000, 0x000001cf9d720000]
CodeHeap 'non-nmethods': size=5696Kb used=1173Kb max_used=1203Kb free=4522Kb
 bounds [0x000001cf95c60000, 0x000001cf95ed0000, 0x000001cf961f0000]
 total_blobs=3431 nmethods=2910 adapters=432
 compilation: enabled
              stopped_count=0, restarted_count=0
 full_count=0

Compilation events (20 events):
Event: 10.259 Thread 0x000001cfabc5e800 2895       3       java.util.TreeMap::colorOf (13 bytes)
Event: 10.260 Thread 0x000001cfabc5e800 nmethod 2895 0x000001cf96806b90 code [0x000001cf96806d40, 0x000001cf96806e78]
Event: 10.260 Thread 0x000001cfabc5e800 2897       3       java.lang.CharacterDataLatin1::isUpperCase (20 bytes)
Event: 10.260 Thread 0x000001cfabc5e800 nmethod 2897 0x000001cf96806f10 code [0x000001cf968070e0, 0x000001cf968072d8]
Event: 10.260 Thread 0x000001cfabc5e800 2898       3       java.lang.CharacterDataLatin1::isOtherUppercase (18 bytes)
Event: 10.260 Thread 0x000001cfabc5e800 nmethod 2898 0x000001cf96807410 code [0x000001cf968075e0, 0x000001cf968077d8]
Event: 10.260 Thread 0x000001cfabc5e800 2899       3       java.lang.CharacterDataLatin1::getPropertiesEx (11 bytes)
Event: 10.260 Thread 0x000001cfabc5e800 nmethod 2899 0x000001cf96807910 code [0x000001cf96807ac0, 0x000001cf96807bf8]
Event: 10.261 Thread 0x000001cfabc5e800 2904       1       java.beans.FeatureDescriptor::setName (6 bytes)
Event: 10.261 Thread 0x000001cfabc5e800 nmethod 2904 0x000001cf9d874810 code [0x000001cf9d8749c0, 0x000001cf9d874ab8]
Event: 10.261 Thread 0x000001cfabc5e800 2900       1       java.util.TreeMap$Entry::getValue (5 bytes)
Event: 10.261 Thread 0x000001cfabc5e800 nmethod 2900 0x000001cf9d874b10 code [0x000001cf9d874cc0, 0x000001cf9d874d78]
Event: 10.263 Thread 0x000001cfad46d000 nmethod 2903 0x000001cf9d874e10 code [0x000001cf9d874fa0, 0x000001cf9d875198]
Event: 10.263 Thread 0x000001cfad46d000 2906       4       java.util.AbstractCollection::addAll (42 bytes)
Event: 10.263 Thread 0x000001cfabc5e800 2907       1       java.lang.reflect.Field::getDeclaringClass (5 bytes)
Event: 10.263 Thread 0x000001cfabc5e800 nmethod 2907 0x000001cf9d875210 code [0x000001cf9d8753c0, 0x000001cf9d875478]
Event: 10.268 Thread 0x000001cfabc5e800 2908       1       groovy.lang.MetaProperty::getName (5 bytes)
Event: 10.268 Thread 0x000001cfabc5e800 nmethod 2908 0x000001cf9d875510 code [0x000001cf9d8756c0, 0x000001cf9d875778]
Event: 10.268 Thread 0x000001cfabc5e800 2909       3       java.beans.MethodRef::get (91 bytes)
Event: 10.269 Thread 0x000001cfabc5e800 nmethod 2909 0x000001cf96807d10 code [0x000001cf96807f80, 0x000001cf96808b38]

GC Heap History (18 events):
Event: 1.252 GC heap before
{Heap before GC invocations=0 (full 0):
 garbage-first heap   total 65536K, used 19456K [0x0000000080000000, 0x0000000100000000)
  region size 1024K, 14 young (14336K), 0 survivors (0K)
 Metaspace       used 6741K, capacity 6925K, committed 7168K, reserved 1056768K
  class space    used 582K, capacity 650K, committed 768K, reserved 1048576K
}
Event: 1.261 GC heap after
{Heap after GC invocations=1 (full 0):
 garbage-first heap   total 65536K, used 8220K [0x0000000080000000, 0x0000000100000000)
  region size 1024K, 2 young (2048K), 2 survivors (2048K)
 Metaspace       used 6741K, capacity 6925K, committed 7168K, reserved 1056768K
  class space    used 582K, capacity 650K, committed 768K, reserved 1048576K
}
Event: 1.839 GC heap before
{Heap before GC invocations=1 (full 0):
 garbage-first heap   total 65536K, used 15388K [0x0000000080000000, 0x0000000100000000)
  region size 1024K, 9 young (9216K), 2 survivors (2048K)
 Metaspace       used 9877K, capacity 10039K, committed 10368K, reserved 1058816K
  class space    used 1012K, capacity 1074K, committed 1152K, reserved 1048576K
}
Event: 1.845 GC heap after
{Heap after GC invocations=2 (full 0):
 garbage-first heap   total 65536K, used 8941K [0x0000000080000000, 0x0000000100000000)
  region size 1024K, 2 young (2048K), 2 survivors (2048K)
 Metaspace       used 9877K, capacity 10039K, committed 10368K, reserved 1058816K
  class space    used 1012K, capacity 1074K, committed 1152K, reserved 1048576K
}
Event: 2.966 GC heap before
{Heap before GC invocations=2 (full 0):
 garbage-first heap   total 65536K, used 33517K [0x0000000080000000, 0x0000000100000000)
  region size 1024K, 26 young (26624K), 2 survivors (2048K)
 Metaspace       used 11103K, capacity 11317K, committed 11520K, reserved 1058816K
  class space    used 1165K, capacity 1244K, committed 1280K, reserved 1048576K
}
Event: 2.972 GC heap after
{Heap after GC invocations=3 (full 0):
 garbage-first heap   total 65536K, used 9614K [0x0000000080000000, 0x0000000100000000)
  region size 1024K, 2 young (2048K), 2 survivors (2048K)
 Metaspace       used 11103K, capacity 11317K, committed 11520K, reserved 1058816K
  class space    used 1165K, capacity 1244K, committed 1280K, reserved 1048576K
}
Event: 4.082 GC heap before
{Heap before GC invocations=3 (full 0):
 garbage-first heap   total 65536K, used 43406K [0x0000000080000000, 0x0000000100000000)
  region size 1024K, 35 young (35840K), 2 survivors (2048K)
 Metaspace       used 13954K, capacity 14235K, committed 14592K, reserved 1062912K
  class space    used 1569K, capacity 1686K, committed 1792K, reserved 1048576K
}
Event: 4.091 GC heap after
{Heap after GC invocations=4 (full 0):
 garbage-first heap   total 65536K, used 14693K [0x0000000080000000, 0x0000000100000000)
  region size 1024K, 5 young (5120K), 5 survivors (5120K)
 Metaspace       used 13954K, capacity 14235K, committed 14592K, reserved 1062912K
  class space    used 1569K, capacity 1686K, committed 1792K, reserved 1048576K
}
Event: 6.180 GC heap before
{Heap before GC invocations=4 (full 0):
 garbage-first heap   total 65536K, used 42341K [0x0000000080000000, 0x0000000100000000)
  region size 1024K, 32 young (32768K), 5 survivors (5120K)
 Metaspace       used 19060K, capacity 19459K, committed 19712K, reserved 1067008K
  class space    used 2310K, capacity 2437K, committed 2560K, reserved 1048576K
}
Event: 6.193 GC heap after
{Heap after GC invocations=5 (full 0):
 garbage-first heap   total 65536K, used 16035K [0x0000000080000000, 0x0000000100000000)
  region size 1024K, 2 young (2048K), 2 survivors (2048K)
 Metaspace       used 19060K, capacity 19459K, committed 19712K, reserved 1067008K
  class space    used 2310K, capacity 2437K, committed 2560K, reserved 1048576K
}
Event: 6.532 GC heap before
{Heap before GC invocations=5 (full 0):
 garbage-first heap   total 65536K, used 27299K [0x0000000080000000, 0x0000000100000000)
  region size 1024K, 14 young (14336K), 2 survivors (2048K)
 Metaspace       used 20609K, capacity 21125K, committed 21248K, reserved 1067008K
  class space    used 2520K, capacity 2721K, committed 2816K, reserved 1048576K
}
Event: 6.538 GC heap after
{Heap after GC invocations=6 (full 0):
 garbage-first heap   total 78848K, used 16382K [0x0000000080000000, 0x0000000100000000)
  region size 1024K, 2 young (2048K), 2 survivors (2048K)
 Metaspace       used 20609K, capacity 21125K, committed 21248K, reserved 1067008K
  class space    used 2520K, capacity 2721K, committed 2816K, reserved 1048576K
}
Event: 7.321 GC heap before
{Heap before GC invocations=7 (full 0):
 garbage-first heap   total 78848K, used 48126K [0x0000000080000000, 0x0000000100000000)
  region size 1024K, 33 young (33792K), 2 survivors (2048K)
 Metaspace       used 23672K, capacity 24283K, committed 24576K, reserved 1071104K
  class space    used 3026K, capacity 3224K, committed 3328K, reserved 1048576K
}
Event: 7.330 GC heap after
{Heap after GC invocations=8 (full 0):
 garbage-first heap   total 78848K, used 17235K [0x0000000080000000, 0x0000000100000000)
  region size 1024K, 3 young (3072K), 3 survivors (3072K)
 Metaspace       used 23672K, capacity 24283K, committed 24576K, reserved 1071104K
  class space    used 3026K, capacity 3224K, committed 3328K, reserved 1048576K
}
Event: 8.583 GC heap before
{Heap before GC invocations=8 (full 0):
 garbage-first heap   total 78848K, used 50003K [0x0000000080000000, 0x0000000100000000)
  region size 1024K, 35 young (35840K), 3 survivors (3072K)
 Metaspace       used 26694K, capacity 27315K, committed 27392K, reserved 1073152K
  class space    used 3526K, capacity 3791K, committed 3840K, reserved 1048576K
}
Event: 8.593 GC heap after
{Heap after GC invocations=9 (full 0):
 garbage-first heap   total 78848K, used 18510K [0x0000000080000000, 0x0000000100000000)
  region size 1024K, 4 young (4096K), 4 survivors (4096K)
 Metaspace       used 26694K, capacity 27315K, committed 27392K, reserved 1073152K
  class space    used 3526K, capacity 3791K, committed 3840K, reserved 1048576K
}
Event: 9.830 GC heap before
{Heap before GC invocations=9 (full 0):
 garbage-first heap   total 78848K, used 52302K [0x0000000080000000, 0x0000000100000000)
  region size 1024K, 37 young (37888K), 4 survivors (4096K)
 Metaspace       used 31318K, capacity 32041K, committed 32128K, reserved 1077248K
  class space    used 4153K, capacity 4408K, committed 4480K, reserved 1048576K
}
Event: 9.848 GC heap after
{Heap after GC invocations=10 (full 0):
 garbage-first heap   total 78848K, used 20411K [0x0000000080000000, 0x0000000100000000)
  region size 1024K, 5 young (5120K), 5 survivors (5120K)
 Metaspace       used 31318K, capacity 32041K, committed 32128K, reserved 1077248K
  class space    used 4153K, capacity 4408K, committed 4480K, reserved 1048576K
}

Deoptimization events (20 events):
Event: 7.801 Thread 0x000001cfadc86000 Uncommon trap: trap_request=0xffffffde fr.pc=0x000001cf9d7ff260 relative=0x0000000000000320
Event: 7.801 Thread 0x000001cfadc86000 Uncommon trap: reason=class_check action=maybe_recompile pc=0x000001cf9d7ff260 method=java.util.Collections$SetFromMap.remove(Ljava/lang/Object;)Z @ 5 c2
Event: 7.801 Thread 0x000001cfadc86000 DEOPT PACKING pc=0x000001cf9d7ff260 sp=0x0000008150afc350
Event: 7.801 Thread 0x000001cfadc86000 DEOPT UNPACKING pc=0x000001cf95c878af sp=0x0000008150afc338 mode 2
Event: 8.683 Thread 0x000001cfadc86000 Uncommon trap: trap_request=0xffffff4d fr.pc=0x000001cf9d81b7cc relative=0x000000000000020c
Event: 8.683 Thread 0x000001cfadc86000 Uncommon trap: reason=unstable_if action=reinterpret pc=0x000001cf9d81b7cc method=java.util.HashMap.hash(Ljava/lang/Object;)I @ 1 c2
Event: 8.683 Thread 0x000001cfadc86000 DEOPT PACKING pc=0x000001cf9d81b7cc sp=0x0000008150af9150
Event: 8.683 Thread 0x000001cfadc86000 DEOPT UNPACKING pc=0x000001cf95c878af sp=0x0000008150af9088 mode 2
Event: 9.219 Thread 0x000001cfadc86000 Uncommon trap: trap_request=0xffffff4d fr.pc=0x000001cf9d843504 relative=0x00000000000001a4
Event: 9.219 Thread 0x000001cfadc86000 Uncommon trap: reason=unstable_if action=reinterpret pc=0x000001cf9d843504 method=java.util.regex.Pattern$BmpCharProperty.match(Ljava/util/regex/Matcher;ILjava/lang/CharSequence;)Z @ 39 c2
Event: 9.219 Thread 0x000001cfadc86000 DEOPT PACKING pc=0x000001cf9d843504 sp=0x0000008150af9ae0
Event: 9.219 Thread 0x000001cfadc86000 DEOPT UNPACKING pc=0x000001cf95c878af sp=0x0000008150af9a90 mode 2
Event: 9.965 Thread 0x000001cfadc86000 Uncommon trap: trap_request=0xffffff4d fr.pc=0x000001cf9d814c5c relative=0x000000000000513c
Event: 9.966 Thread 0x000001cfadc86000 Uncommon trap: reason=unstable_if action=reinterpret pc=0x000001cf9d814c5c method=jdk.internal.loader.BuiltinClassLoader.loadClassOrNull(Ljava/lang/String;Z)Ljava/lang/Class; @ 42 c2
Event: 9.966 Thread 0x000001cfadc86000 DEOPT PACKING pc=0x000001cf9d814c5c sp=0x0000008150af56f0
Event: 9.966 Thread 0x000001cfadc86000 DEOPT UNPACKING pc=0x000001cf95c878af sp=0x0000008150af5570 mode 2
Event: 10.228 Thread 0x000001cfadc86000 Uncommon trap: trap_request=0xffffff4d fr.pc=0x000001cf9d7bdbc4 relative=0x0000000000000084
Event: 10.228 Thread 0x000001cfadc86000 Uncommon trap: reason=unstable_if action=reinterpret pc=0x000001cf9d7bdbc4 method=jdk.internal.loader.URLClassPath$JarLoader.getResource(Ljava/lang/String;ZLjava/util/Set;)Ljdk/internal/loader/Resource; @ 17 c2
Event: 10.228 Thread 0x000001cfadc86000 DEOPT PACKING pc=0x000001cf9d7bdbc4 sp=0x0000008150af55b0
Event: 10.228 Thread 0x000001cfadc86000 DEOPT UNPACKING pc=0x000001cf95c878af sp=0x0000008150af54f8 mode 2

Classes redefined (0 events):
No events

Internal exceptions (20 events):
Event: 8.469 Thread 0x000001cfadc86000 Exception <a 'java/lang/NoSuchMethodError'{0x00000000832f0ae8}: 'java.lang.Object java.lang.invoke.DirectMethodHandle$Holder.invokeSpecial(java.lang.Object, java.lang.Object, java.lang.Object, java.lang.Object, java.lang.Object, java.lang.Object, java.lang.Object, java.lang.Object, java.lang.Object, java.lang.Object, java.lang.Object, java.lang.Object, java.lang.Object, java.lang.Object)'> (0x00000000832f0ae8) thrown at [./src/hotspot/share/interpreter/linkResolver.cpp, line 773]
Event: 8.470 Thread 0x000001cfadc86000 Exception <a 'java/lang/NoSuchMethodError'{0x0000000083102a20}: 'java.lang.Object java.lang.invoke.Invokers$Holder.linkToTargetMethod(java.lang.Object, java.lang.Object, java.lang.Object, java.lang.Object, java.lang.Object, java.lang.Object, java.lang.Object, java.lang.Object, java.lang.Object, java.lang.Object, java.lang.Object, java.lang.Object)'> (0x0000000083102a20) thrown at [./src/hotspot/share/interpreter/linkResolver.cpp, line 773]
Event: 8.484 Thread 0x000001cfadc86000 Exception <a 'java/lang/NoSuchMethodError'{0x0000000083193cf8}: 'java.lang.Object java.lang.invoke.DirectMethodHandle$Holder.invokeStaticInit(java.lang.Object, java.lang.Object, java.lang.Object, java.lang.Object)'> (0x0000000083193cf8) thrown at [./src/hotspot/share/interpreter/linkResolver.cpp, line 773]
Event: 8.683 Thread 0x000001cfadc86000 Implicit null exception at 0x000001cf9d81b5f5 to 0x000001cf9d81b7bc
Event: 9.625 Thread 0x000001cfadc86000 Exception <a 'java/lang/NoSuchMethodError'{0x0000000082d026a0}: 'void java.lang.invoke.DirectMethodHandle$Holder.invokeStaticInit(java.lang.Object, java.lang.Object, java.lang.Object)'> (0x0000000082d026a0) thrown at [./src/hotspot/share/interpreter/linkResolver.cpp, line 773]
Event: 9.627 Thread 0x000001cfadc86000 Exception <a 'java/lang/NoSuchMethodError'{0x0000000082d09478}: 'void java.lang.invoke.DirectMethodHandle$Holder.invokeStaticInit(java.lang.Object, java.lang.Object, java.lang.Object, java.lang.Object)'> (0x0000000082d09478) thrown at [./src/hotspot/share/interpreter/linkResolver.cpp, line 773]
Event: 9.633 Thread 0x000001cfadc86000 Exception <a 'java/lang/NoSuchMethodError'{0x0000000082d2bab0}: 'void java.lang.invoke.DirectMethodHandle$Holder.invokeStaticInit(java.lang.Object, java.lang.Object, java.lang.Object, java.lang.Object, java.lang.Object)'> (0x0000000082d2bab0) thrown at [./src/hotspot/share/interpreter/linkResolver.cpp, line 773]
Event: 9.634 Thread 0x000001cfadc86000 Exception <a 'java/lang/NoSuchMethodError'{0x0000000082d331c0}: 'int java.lang.invoke.DirectMethodHandle$Holder.invokeStaticInit(java.lang.Object, java.lang.Object, java.lang.Object)'> (0x0000000082d331c0) thrown at [./src/hotspot/share/interpreter/linkResolver.cpp, line 773]
Event: 9.729 Thread 0x000001cfadc86000 Exception <a 'java/lang/NoSuchMethodError'{0x0000000082d91d20}: 'int java.lang.invoke.DirectMethodHandle$Holder.invokeStaticInit(java.lang.Object, java.lang.Object, java.lang.Object, java.lang.Object)'> (0x0000000082d91d20) thrown at [./src/hotspot/share/interpreter/linkResolver.cpp, line 773]
Event: 9.732 Thread 0x000001cfadc86000 Exception <a 'java/lang/IncompatibleClassChangeError'{0x0000000082d9b280}: Found class java.lang.Object, but interface was expected> (0x0000000082d9b280) thrown at [./src/hotspot/share/interpreter/linkResolver.cpp, line 839]
Event: 10.210 Thread 0x000001cfadc86000 Exception <a 'java/lang/NoSuchMethodError'{0x00000000847f5b00}: 'java.lang.Object java.lang.invoke.DirectMethodHandle$Holder.invokeStatic(java.lang.Object, java.lang.Object, java.lang.Object, java.lang.Object, java.lang.Object, java.lang.Object, java.lang.Object, java.lang.Object, java.lang.Object, java.lang.Object, java.lang.Object, int)'> (0x00000000847f5b00) thrown at [./src/hotspot/share/interpreter/linkResolver.cpp, line 773]
Event: 10.214 Thread 0x000001cfadc86000 Exception <a 'java/lang/NoSuchMethodError'{0x0000000084614ac0}: 'java.lang.Object java.lang.invoke.DirectMethodHandle$Holder.invokeStatic(java.lang.Object, java.lang.Object, java.lang.Object, java.lang.Object, java.lang.Object, java.lang.Object, java.lang.Object, java.lang.Object, java.lang.Object, java.lang.Object, java.lang.Object, int, int)'> (0x0000000084614ac0) thrown at [./src/hotspot/share/interpreter/linkResolver.cpp, line 773]
Event: 10.220 Thread 0x000001cfadc86000 Exception <a 'java/lang/NoSuchMethodError'{0x00000000846342f0}: 'java.lang.Object java.lang.invoke.DirectMethodHandle$Holder.invokeStatic(java.lang.Object, java.lang.Object, java.lang.Object, java.lang.Object, java.lang.Object, java.lang.Object, java.lang.Object, java.lang.Object, java.lang.Object, java.lang.Object, java.lang.Object, int, int, java.lang.Object)'> (0x00000000846342f0) thrown at [./src/hotspot/share/interpreter/linkResolver.cpp, line 773]
Event: 10.224 Thread 0x000001cfadc86000 Exception <a 'java/lang/NoSuchMethodError'{0x00000000846553e8}: 'java.lang.Object java.lang.invoke.DirectMethodHandle$Holder.invokeStatic(java.lang.Object, java.lang.Object, java.lang.Object, java.lang.Object, java.lang.Object, java.lang.Object, java.lang.Object, java.lang.Object, java.lang.Object, java.lang.Object, java.lang.Object, int, int, java.lang.Object, java.lang.Object)'> (0x00000000846553e8) thrown at [./src/hotspot/share/interpreter/linkResolver.cpp, line 773]
Event: 10.231 Thread 0x000001cfadc86000 Exception <a 'java/lang/ClassNotFoundException'{0x00000000846842d0}: groovy/lang/ExpandoMetaClassBeanInfo> (0x00000000846842d0) thrown at [./src/hotspot/share/classfile/systemDictionary.cpp, line 231]
Event: 10.233 Thread 0x000001cfadc86000 Exception <a 'java/lang/ClassNotFoundException'{0x00000000846a31c0}: groovy/lang/MetaClassImplBeanInfo> (0x00000000846a31c0) thrown at [./src/hotspot/share/classfile/systemDictionary.cpp, line 231]
Event: 10.234 Thread 0x000001cfadc86000 Exception <a 'java/lang/ClassNotFoundException'{0x00000000846ab968}: java/lang/ObjectBeanInfo> (0x00000000846ab968) thrown at [./src/hotspot/share/classfile/systemDictionary.cpp, line 231]
Event: 10.236 Thread 0x000001cfadc86000 Exception <a 'java/lang/ClassNotFoundException'{0x00000000846b6548}: java/lang/ObjectCustomizer> (0x00000000846b6548) thrown at [./src/hotspot/share/classfile/systemDictionary.cpp, line 231]
Event: 10.249 Thread 0x000001cfadc86000 Exception <a 'java/lang/ClassNotFoundException'{0x00000000846dc2e0}: groovy/lang/MetaClassImplCustomizer> (0x00000000846dc2e0) thrown at [./src/hotspot/share/classfile/systemDictionary.cpp, line 231]
Event: 10.255 Thread 0x000001cfadc86000 Exception <a 'java/lang/ClassNotFoundException'{0x000000008451b070}: groovy/lang/ExpandoMetaClassCustomizer> (0x000000008451b070) thrown at [./src/hotspot/share/classfile/systemDictionary.cpp, line 231]

Events (20 events):
Event: 10.255 loading class groovy/lang/ExpandoMetaClassCustomizer
Event: 10.255 loading class groovy/lang/ExpandoMetaClassCustomizer done
Event: 10.260 loading class org/codehaus/groovy/reflection/CachedField
Event: 10.260 loading class org/codehaus/groovy/reflection/CachedField done
Event: 10.260 loading class org/codehaus/groovy/reflection/CachedField
Event: 10.260 loading class org/codehaus/groovy/reflection/CachedField done
Event: 10.260 loading class org/codehaus/groovy/reflection/CachedClass$1
Event: 10.260 loading class org/codehaus/groovy/reflection/CachedClass$1 done
Event: 10.261 loading class org/codehaus/groovy/reflection/CachedField
Event: 10.261 loading class org/codehaus/groovy/reflection/CachedField done
Event: 10.261 loading class org/codehaus/groovy/reflection/CachedField
Event: 10.261 loading class org/codehaus/groovy/reflection/CachedField done
Event: 10.262 loading class org/codehaus/groovy/util/ComplexKeyHashMap$1
Event: 10.262 loading class org/codehaus/groovy/util/ComplexKeyHashMap$1 done
Event: 10.264 loading class java/util/concurrent/locks/ReentrantReadWriteLock
Event: 10.265 loading class java/util/concurrent/locks/ReentrantReadWriteLock done
Event: 10.265 loading class org/codehaus/groovy/runtime/GroovyCategorySupport
Event: 10.265 loading class org/codehaus/groovy/runtime/GroovyCategorySupport done
Event: 10.266 loading class org/codehaus/groovy/runtime/GroovyCategorySupport$MyThreadLocal
Event: 10.266 loading class org/codehaus/groovy/runtime/GroovyCategorySupport$MyThreadLocal done


Dynamic libraries:
0x00007ff725c00000 - 0x00007ff725c0a000 	C:\Program Files\Android\Android Studio\jre\bin\java.exe
0x00007ffbb28b0000 - 0x00007ffbb2aa5000 	C:\WINDOWS\SYSTEM32\ntdll.dll
0x00007ffbb1d20000 - 0x00007ffbb1dde000 	C:\WINDOWS\System32\KERNEL32.DLL
0x00007ffbb0370000 - 0x00007ffbb0638000 	C:\WINDOWS\System32\KERNELBASE.dll
0x00007ffbb0270000 - 0x00007ffbb0370000 	C:\WINDOWS\System32\ucrtbase.dll
0x00007ffbaab10000 - 0x00007ffbaab29000 	C:\Program Files\Android\Android Studio\jre\bin\jli.dll
0x00007ffbaaaf0000 - 0x00007ffbaab07000 	C:\Program Files\Android\Android Studio\jre\bin\VCRUNTIME140.dll
0x00007ffbb26c0000 - 0x00007ffbb2861000 	C:\WINDOWS\System32\USER32.dll
0x00007ffba00e0000 - 0x00007ffba037a000 	C:\WINDOWS\WinSxS\amd64_microsoft.windows.common-controls_6595b64144ccf1df_6.0.19041.1110_none_60b5254171f9507e\COMCTL32.dll
0x00007ffbb0240000 - 0x00007ffbb0262000 	C:\WINDOWS\System32\win32u.dll
0x00007ffbb1150000 - 0x00007ffbb11ee000 	C:\WINDOWS\System32\msvcrt.dll
0x00007ffbb0a70000 - 0x00007ffbb0a9b000 	C:\WINDOWS\System32\GDI32.dll
0x00007ffbb0130000 - 0x00007ffbb023d000 	C:\WINDOWS\System32\gdi32full.dll
0x00007ffbb0850000 - 0x00007ffbb08ed000 	C:\WINDOWS\System32\msvcp_win.dll
0x00007ffbb0b00000 - 0x00007ffbb0b30000 	C:\WINDOWS\System32\IMM32.DLL
0x00007ffbaa8a0000 - 0x00007ffbaa93d000 	C:\Program Files\Android\Android Studio\jre\bin\msvcp140.dll
0x00007ffb54bf0000 - 0x00007ffb556bf000 	C:\Program Files\Android\Android Studio\jre\bin\server\jvm.dll
0x00007ffbb1b30000 - 0x00007ffbb1bdc000 	C:\WINDOWS\System32\ADVAPI32.dll
0x00007ffbb13c0000 - 0x00007ffbb145b000 	C:\WINDOWS\System32\sechost.dll
0x00007ffbb1be0000 - 0x00007ffbb1d0a000 	C:\WINDOWS\System32\RPCRT4.dll
0x00007ffbb1d10000 - 0x00007ffbb1d18000 	C:\WINDOWS\System32\PSAPI.DLL
0x00007ffbab880000 - 0x00007ffbab889000 	C:\WINDOWS\SYSTEM32\WSOCK32.dll
0x00007ffb99930000 - 0x00007ffb99957000 	C:\WINDOWS\SYSTEM32\WINMM.dll
0x00007ffbb1460000 - 0x00007ffbb14cb000 	C:\WINDOWS\System32\WS2_32.dll
0x00007ffbae740000 - 0x00007ffbae74a000 	C:\WINDOWS\SYSTEM32\VERSION.dll
0x00007ffbae890000 - 0x00007ffbae8a2000 	C:\WINDOWS\SYSTEM32\kernel.appcore.dll
0x00007ffb5d500000 - 0x00007ffb5d511000 	C:\Program Files\Android\Android Studio\jre\bin\verify.dll
0x00007ffba11b0000 - 0x00007ffba1394000 	C:\WINDOWS\SYSTEM32\DBGHELP.DLL
0x00007ffb9b810000 - 0x00007ffb9b83c000 	C:\WINDOWS\SYSTEM32\dbgcore.DLL
0x00007ffbb00a0000 - 0x00007ffbb0122000 	C:\WINDOWS\System32\bcryptPrimitives.dll
0x00007ffb5d490000 - 0x00007ffb5d4b9000 	C:\Program Files\Android\Android Studio\jre\bin\java.dll
0x00007ffb9fa10000 - 0x00007ffb9fa1b000 	C:\Program Files\Android\Android Studio\jre\bin\jimage.dll
0x00007ffb5c020000 - 0x00007ffb5c038000 	C:\Program Files\Android\Android Studio\jre\bin\zip.dll
0x00007ffbb1e40000 - 0x00007ffbb2584000 	C:\WINDOWS\System32\SHELL32.dll
0x00007ffbadef0000 - 0x00007ffbae684000 	C:\WINDOWS\SYSTEM32\windows.storage.dll
0x00007ffbb0d60000 - 0x00007ffbb10b5000 	C:\WINDOWS\System32\combase.dll
0x00007ffbaf940000 - 0x00007ffbaf96e000 	C:\WINDOWS\SYSTEM32\Wldp.dll
0x00007ffbb1a80000 - 0x00007ffbb1b2d000 	C:\WINDOWS\System32\SHCORE.dll
0x00007ffbb1de0000 - 0x00007ffbb1e35000 	C:\WINDOWS\System32\shlwapi.dll
0x00007ffbaff00000 - 0x00007ffbaff1f000 	C:\WINDOWS\SYSTEM32\profapi.dll
0x00007ffb5a430000 - 0x00007ffb5a44a000 	C:\Program Files\Android\Android Studio\jre\bin\net.dll
0x00007ffba0520000 - 0x00007ffba062c000 	C:\WINDOWS\SYSTEM32\WINHTTP.dll
0x00007ffbaf6a0000 - 0x00007ffbaf70a000 	C:\WINDOWS\system32\mswsock.dll
0x00007ffb5a320000 - 0x00007ffb5a334000 	C:\Program Files\Android\Android Studio\jre\bin\nio.dll
0x00007ffbaab30000 - 0x00007ffbaab57000 	C:\Users\NAS\.gradle\native\8bec1ad78214c89d9ad589b4d07fe93259594b29d510b10fafb7a158f7737e5d\windows-amd64\native-platform.dll
0x00007ffbaa940000 - 0x00007ffbaaa7d000 	C:\Users\NAS\.gradle\native\53dbd7edfb1c66fb8903c78663c9afc45aea4f116125fa6feffd364cf09443e8\windows-amd64\native-platform-file-events.dll
0x00007ffb9d570000 - 0x00007ffb9d57a000 	C:\Program Files\Android\Android Studio\jre\bin\management.dll
0x00007ffb99f70000 - 0x00007ffb99f7c000 	C:\Program Files\Android\Android Studio\jre\bin\management_ext.dll
0x00007ffbaf890000 - 0x00007ffbaf8a8000 	C:\WINDOWS\SYSTEM32\CRYPTSP.dll
0x00007ffbaf020000 - 0x00007ffbaf054000 	C:\WINDOWS\system32\rsaenh.dll
0x00007ffbb0070000 - 0x00007ffbb0097000 	C:\WINDOWS\System32\bcrypt.dll
0x00007ffbafe80000 - 0x00007ffbafeae000 	C:\WINDOWS\SYSTEM32\USERENV.dll
0x00007ffbaf8b0000 - 0x00007ffbaf8bc000 	C:\WINDOWS\SYSTEM32\CRYPTBASE.dll
0x00007ffbaf390000 - 0x00007ffbaf3cb000 	C:\WINDOWS\SYSTEM32\IPHLPAPI.DLL
0x00007ffbb11f0000 - 0x00007ffbb11f8000 	C:\WINDOWS\System32\NSI.dll
0x00007ffba5c30000 - 0x00007ffba5c47000 	C:\WINDOWS\SYSTEM32\dhcpcsvc6.DLL
0x00007ffba71a0000 - 0x00007ffba71bd000 	C:\WINDOWS\SYSTEM32\dhcpcsvc.DLL
0x00007ffbaf3d0000 - 0x00007ffbaf49b000 	C:\WINDOWS\SYSTEM32\DNSAPI.dll

dbghelp: loaded successfully - version: 4.0.5 - missing functions: none
symbol engine: initialized successfully - sym options: 0x614 - pdb path: .;C:\Program Files\Android\Android Studio\jre\bin;C:\WINDOWS\SYSTEM32;C:\WINDOWS\WinSxS\amd64_microsoft.windows.common-controls_6595b64144ccf1df_6.0.19041.1110_none_60b5254171f9507e;C:\Program Files\Android\Android Studio\jre\bin\server;C:\Users\NAS\.gradle\native\8bec1ad78214c89d9ad589b4d07fe93259594b29d510b10fafb7a158f7737e5d\windows-amd64;C:\Users\NAS\.gradle\native\53dbd7edfb1c66fb8903c78663c9afc45aea4f116125fa6feffd364cf09443e8\windows-amd64

VM Arguments:
jvm_args: --add-opens=java.base/java.util=ALL-UNNAMED --add-opens=java.base/java.lang=ALL-UNNAMED --add-opens=java.base/java.lang.invoke=ALL-UNNAMED --add-opens=java.base/java.util=ALL-UNNAMED --add-opens=java.prefs/java.util.prefs=ALL-UNNAMED --add-opens=java.prefs/java.util.prefs=ALL-UNNAMED --add-opens=java.base/java.nio.charset=ALL-UNNAMED --add-opens=java.base/java.net=ALL-UNNAMED --add-opens=java.base/java.util.concurrent.atomic=ALL-UNNAMED -Xmx2048m -Dfile.encoding=UTF-8 -Duser.country=ID -Duser.language=en -Duser.variant 
java_command: org.gradle.launcher.daemon.bootstrap.GradleDaemon 7.0.2
java_class_path (initial): C:\Users\NAS\.gradle\wrapper\dists\gradle-7.0.2-bin\857tjihv64xamwrf0h14cai3r\gradle-7.0.2\lib\gradle-launcher-7.0.2.jar
Launcher Type: SUN_STANDARD

[Global flags]
     intx CICompilerCount                          = 3                                         {product} {ergonomic}
     uint ConcGCThreads                            = 1                                         {product} {ergonomic}
     uint G1ConcRefinementThreads                  = 4                                         {product} {ergonomic}
   size_t G1HeapRegionSize                         = 1048576                                   {product} {ergonomic}
    uintx GCDrainStackTargetSize                   = 64                                        {product} {ergonomic}
   size_t InitialHeapSize                          = 67108864                                  {product} {ergonomic}
   size_t MarkStackSize                            = 4194304                                   {product} {ergonomic}
   size_t MaxHeapSize                              = 2147483648                                {product} {command line}
   size_t MaxNewSize                               = 1287651328                                {product} {ergonomic}
   size_t MinHeapDeltaBytes                        = 1048576                                   {product} {ergonomic}
    uintx NonNMethodCodeHeapSize                   = 5830732                                {pd product} {ergonomic}
    uintx NonProfiledCodeHeapSize                  = 122913754                              {pd product} {ergonomic}
    uintx ProfiledCodeHeapSize                     = 122913754                              {pd product} {ergonomic}
    uintx ReservedCodeCacheSize                    = 251658240                              {pd product} {ergonomic}
     bool SegmentedCodeCache                       = true                                      {product} {ergonomic}
     bool UseCompressedClassPointers               = true                                 {lp64_product} {ergonomic}
     bool UseCompressedOops                        = true                                 {lp64_product} {ergonomic}
     bool UseG1GC                                  = true                                      {product} {ergonomic}
     bool UseLargePagesIndividualAllocation        = false                                  {pd product} {ergonomic}

Logging:
Log output configuration:
 #0: stdout all=warning uptime,level,tags
 #1: stderr all=off uptime,level,tags

Environment Variables:
PATH=C:\Python310\Scripts\;C:\Python310\;C:\Program Files (x86)\Common Files\Oracle\Java\javapath;C:\Program Files\AdoptOpenJDK\jdk-15.0.2.7-hotspot\bin;C:\Program Files\Common Files\Oracle\Java\javapath;C:\ProgramData\Oracle\Java\javapath;C:\Program Files (x86)\Common Files\Intel\Shared Libraries\redist\intel64\compiler;C:\WINDOWS\system32;C:\WINDOWS;C:\WINDOWS\System32\Wbem;C:\WINDOWS\System32\WindowsPowerShell\v1.0\;C:\WINDOWS\System32\OpenSSH\;C:\Program Files\dotnet\;C:\Users\NAS\AppData\Roaming\Python\Python39\Scripts;C:\Program Files\Java\jdk-15.0.2\bin;C:\Program Files (x86)\Java\jre1.8.0_271\bin;C:\\Program Files\\NodeJS\\12-lts\\bin\\node.exe;C:\xampp\php;C:\ProgramData\ComposerSetup\bin;C:\Program Files\Git\cmd;C:\Program Files\PuTTY\;C:\ProgramData\chocolatey\bin;C:\Program Files\AdoptOpenJDK\jdk-11.0.11\bin;C:\Program Files\flutter\bin;C:\Program Files\nodejs\;C:\Users\NAS\AppData\Local\Programs\Python\Python39\Scripts\;C:\Users\NAS\AppData\Local\Programs\Python\Python39\;C:\Users\NAS\AppData\Local\Microsoft\WindowsApps;C:\Users\NAS\.dotnet\tools;C:\Program Files\Java\jdk-15.0.2\bin;C:\Program Files\JetBrains\JetBrains Rider 2020.3.3\bin;C:\Program Files\Java\jdk1.8.0_111\bin;C:\Program Files\AdoptOpenJDK\jdk-15.0.2.7-hotspot;C:\Program Files\JetBrains\PyCharm Community Edition 2021.1\bin;C:\Users\NAS\AppData\Roaming\Composer\vendor\bin;C:\Users\NAS\AppData\Local\GitHubDesktop\bin;C:\Program Files\JetBrains\WebStorm 2021.1.3\bin;C:\Users\NAS\AppData\Local\Microsoft\WindowsApps;F:\android\BelajarAndoid\gradle-7.0.2\bin;C:\Users\NAS\AppData\Local\Programs\Microsoft VS Code\bin;C:\Users\NAS\AppData\Roaming\npm
USERNAME=NAS
OS=Windows_NT
PROCESSOR_IDENTIFIER=Intel64 Family 6 Model 61 Stepping 4, GenuineIntel



---------------  S Y S T E M  ---------------

OS: Windows 10 , 64 bit Build 19041 (10.0.19041.1348)
OS uptime: 0 days 0:12 hours

CPU:total 4 (initial active 4) (2 cores per cpu, 2 threads per core) family 6 model 61 stepping 4 microcode 0x2d, cmov, cx8, fxsr, mmx, sse, sse2, sse3, ssse3, sse4.1, sse4.2, popcnt, avx, avx2, aes, clmul, erms, 3dnowpref, lzcnt, ht, tsc, tscinvbit, bmi1, bmi2, adx, fma

Memory: 4k page, system-wide physical 3996M (492M free)
TotalPageFile size 16284M (AvailPageFile size 5M)
current process WorkingSet (physical memory assigned to process): 204M, peak: 207M
current process commit charge ("private bytes"): 242M, peak: 246M

vm_info: OpenJDK 64-Bit Server VM (11.0.10+0-b96-7249189) for windows-amd64 JRE (11.0.10+0-b96-7249189), built on Mar 31 2021 21:44:00 by "builder" with MS VC++ 14.0 (VS2015)

END.
