#
# There is insufficient memory for the Java Runtime Environment to continue.
# Native memory allocation (malloc) failed to allocate 1784496 bytes for Chunk::new
# Possible reasons:
#   The system is out of physical RAM or swap space
#   The process is running with CompressedOops enabled, and the Java Heap may be blocking the growth of the native heap
# Possible solutions:
#   Reduce memory load on the system
#   Increase physical memory or swap space
#   Check if swap backing store is full
#   Decrease Java heap size (-Xmx/-Xms)
#   Decrease number of Java threads
#   Decrease Java thread stack sizes (-Xss)
#   Set larger code cache with -XX:ReservedCodeCacheSize=
#   JVM is running with Unscaled Compressed Oops mode in which the Java heap is
#     placed in the first 4GB address space. The Java Heap base address is the
#     maximum limit for the native heap growth. Please use -XX:HeapBaseMinAddress
#     to set the Java Heap base and to place the Java Heap above 4GB virtual address.
# This output file may be truncated or incomplete.
#
#  Out of Memory Error (./src/hotspot/share/memory/arena.cpp:197), pid=9644, tid=10016
#
# JRE version: OpenJDK Runtime Environment (11.0.10) (build 11.0.10+0-b96-7249189)
# Java VM: OpenJDK 64-Bit Server VM (11.0.10+0-b96-7249189, mixed mode, tiered, compressed oops, g1 gc, windows-amd64)
# No core dump will be written. Minidumps are not enabled by default on client versions of Windows
#

---------------  S U M M A R Y ------------

Command Line: --add-opens=java.base/java.util=ALL-UNNAMED --add-opens=java.base/java.lang=ALL-UNNAMED --add-opens=java.base/java.lang.invoke=ALL-UNNAMED --add-opens=java.base/java.util=ALL-UNNAMED --add-opens=java.prefs/java.util.prefs=ALL-UNNAMED --add-opens=java.prefs/java.util.prefs=ALL-UNNAMED --add-opens=java.base/java.nio.charset=ALL-UNNAMED --add-opens=java.base/java.net=ALL-UNNAMED --add-opens=java.base/java.util.concurrent.atomic=ALL-UNNAMED -Xmx2048m -Dfile.encoding=UTF-8 -Duser.country=ID -Duser.language=en -Duser.variant org.gradle.launcher.daemon.bootstrap.GradleDaemon 7.0.2

Host: Intel(R) Core(TM) i3-5005U CPU @ 2.00GHz, 4 cores, 3G,  Windows 10 , 64 bit Build 19041 (10.0.19041.1348)
Time: Thu Dec 30 11:13:58 2021 Eastern Standard Time elapsed time: 10.774193 seconds (0d 0h 0m 10s)

---------------  T H R E A D  ---------------

Current thread (0x00000193b6cef000):  JavaThread "C2 CompilerThread1" daemon [_thread_in_native, id=10016, stack(0x000000487f700000,0x000000487f800000)]


Current CompileTask:
C2:  10774 5110       4       groovy.lang.MetaClassImpl$1MOPIter::methodNameAction (325 bytes)

Stack: [0x000000487f700000,0x000000487f800000]
Native frames: (J=compiled Java code, j=interpreted, Vv=VM code, C=native code)
V  [jvm.dll+0x5ecfaa]
V  [jvm.dll+0x722bd5]
V  [jvm.dll+0x72412d]
V  [jvm.dll+0x7247e3]
V  [jvm.dll+0x242928]
V  [jvm.dll+0xbc4fc]
V  [jvm.dll+0xbca0c]
V  [jvm.dll+0x352d7d]
V  [jvm.dll+0x320ad3]
V  [jvm.dll+0x31ffca]
V  [jvm.dll+0x1fb602]
V  [jvm.dll+0x1fa7f4]
V  [jvm.dll+0x18354c]
V  [jvm.dll+0x208ee7]
V  [jvm.dll+0x207731]
V  [jvm.dll+0x6eb1cf]
V  [jvm.dll+0x6e3d45]
V  [jvm.dll+0x5ebe96]
C  [ucrtbase.dll+0x21bb2]
C  [KERNEL32.DLL+0x17034]
C  [ntdll.dll+0x52651]


---------------  P R O C E S S  ---------------

Threads class SMR info:
_java_thread_list=0x00000193b918b1a0, length=42, elements={
0x000001939979e800, 0x00000193b333e800, 0x00000193b3342000, 0x00000193b3398800,
0x00000193b339d000, 0x00000193b339f000, 0x00000193b33a0800, 0x00000193b33ad000,
0x00000193b33bc800, 0x00000193b3e28800, 0x00000193b61ad000, 0x00000193b5c41800,
0x00000193b6521000, 0x00000193b6520000, 0x00000193b61ca000, 0x00000193b656f800,
0x00000193b5c30800, 0x00000193b5784800, 0x00000193b5806800, 0x00000193b4a67000,
0x00000193b4a65800, 0x00000193b4a68000, 0x00000193b4a66800, 0x00000193b6cef000,
0x00000193b6738000, 0x00000193b6735000, 0x00000193b6736800, 0x00000193b6739000,
0x00000193b6737000, 0x00000193b6735800, 0x00000193b6739800, 0x00000193b673b800,
0x00000193b673c000, 0x00000193b673d000, 0x00000193b6742800, 0x00000193b673e800,
0x00000193b673f800, 0x00000193b6740000, 0x00000193b673e000, 0x00000193b6741000,
0x00000193b6742000, 0x00000193b9dfa800
}

Java Threads: ( => current thread )
  0x000001939979e800 JavaThread "main" [_thread_blocked, id=4840, stack(0x000000487d600000,0x000000487d700000)]
  0x00000193b333e800 JavaThread "Reference Handler" daemon [_thread_blocked, id=380, stack(0x000000487dd00000,0x000000487de00000)]
  0x00000193b3342000 JavaThread "Finalizer" daemon [_thread_blocked, id=10732, stack(0x000000487de00000,0x000000487df00000)]
  0x00000193b3398800 JavaThread "Signal Dispatcher" daemon [_thread_blocked, id=10668, stack(0x000000487df00000,0x000000487e000000)]
  0x00000193b339d000 JavaThread "Attach Listener" daemon [_thread_blocked, id=7800, stack(0x000000487e000000,0x000000487e100000)]
  0x00000193b339f000 JavaThread "Service Thread" daemon [_thread_blocked, id=10352, stack(0x000000487e100000,0x000000487e200000)]
  0x00000193b33a0800 JavaThread "C2 CompilerThread0" daemon [_thread_in_native, id=9388, stack(0x000000487e200000,0x000000487e300000)]
  0x00000193b33ad000 JavaThread "C1 CompilerThread0" daemon [_thread_in_native, id=9284, stack(0x000000487e300000,0x000000487e400000)]
  0x00000193b33bc800 JavaThread "Sweeper thread" daemon [_thread_blocked, id=7588, stack(0x000000487e400000,0x000000487e500000)]
  0x00000193b3e28800 JavaThread "Common-Cleaner" daemon [_thread_blocked, id=10956, stack(0x000000487e500000,0x000000487e600000)]
  0x00000193b61ad000 JavaThread "Daemon health stats" [_thread_blocked, id=7620, stack(0x000000487e900000,0x000000487ea00000)]
  0x00000193b5c41800 JavaThread "Incoming local TCP Connector on port 53110" [_thread_in_native, id=5912, stack(0x000000487e700000,0x000000487e800000)]
  0x00000193b6521000 JavaThread "Daemon periodic checks" [_thread_blocked, id=2624, stack(0x000000487ea00000,0x000000487eb00000)]
  0x00000193b6520000 JavaThread "Daemon" [_thread_blocked, id=2168, stack(0x000000487eb00000,0x000000487ec00000)]
  0x00000193b61ca000 JavaThread "Handler for socket connection from /127.0.0.1:53110 to /127.0.0.1:53111" [_thread_in_native, id=10112, stack(0x000000487ec00000,0x000000487ed00000)]
  0x00000193b656f800 JavaThread "Cancel handler" [_thread_blocked, id=6184, stack(0x000000487ee00000,0x000000487ef00000)]
  0x00000193b5c30800 JavaThread "Daemon worker" [_thread_in_vm, id=5016, stack(0x000000487ef00000,0x000000487f000000)]
  0x00000193b5784800 JavaThread "Asynchronous log dispatcher for DefaultDaemonConnection: socket connection from /127.0.0.1:53110 to /127.0.0.1:53111" [_thread_blocked, id=6524, stack(0x000000487f000000,0x000000487f100000)]
  0x00000193b5806800 JavaThread "Stdin handler" [_thread_blocked, id=6236, stack(0x000000487f100000,0x000000487f200000)]
  0x00000193b4a67000 JavaThread "Daemon client event forwarder" [_thread_blocked, id=11488, stack(0x000000487f200000,0x000000487f300000)]
  0x00000193b4a65800 JavaThread "Cache worker for file hash cache (C:\Users\NAS\.gradle\caches\7.0.2\fileHashes)" [_thread_blocked, id=2364, stack(0x000000487ed00000,0x000000487ee00000)]
  0x00000193b4a68000 JavaThread "File lock request listener" [_thread_in_native, id=9036, stack(0x000000487f500000,0x000000487f600000)]
  0x00000193b4a66800 JavaThread "Cache worker for journal cache (C:\Users\NAS\.gradle\caches\journal-1)" [_thread_blocked, id=12168, stack(0x000000487f600000,0x000000487f700000)]
=>0x00000193b6cef000 JavaThread "C2 CompilerThread1" daemon [_thread_in_native, id=10016, stack(0x000000487f700000,0x000000487f800000)]
  0x00000193b6738000 JavaThread "Cache worker for file hash cache (B:\Mobile\ProjectUas\.gradle\7.0.2\fileHashes)" [_thread_blocked, id=9076, stack(0x000000487f800000,0x000000487f900000)]
  0x00000193b6735000 JavaThread "File watcher server" daemon [_thread_in_native, id=7452, stack(0x000000487f900000,0x000000487fa00000)]
  0x00000193b6736800 JavaThread "File watcher consumer" daemon [_thread_blocked, id=9872, stack(0x000000487fa00000,0x000000487fb00000)]
  0x00000193b6739000 JavaThread "Cache worker for checksums cache (B:\Mobile\ProjectUas\.gradle\checksums)" [_thread_blocked, id=1160, stack(0x000000487fb00000,0x000000487fc00000)]
  0x00000193b6737000 JavaThread "Cache worker for cache directory md-supplier (C:\Users\NAS\.gradle\caches\7.0.2\md-supplier)" [_thread_blocked, id=2872, stack(0x000000487fc00000,0x000000487fd00000)]
  0x00000193b6735800 JavaThread "Cache worker for cache directory md-rule (C:\Users\NAS\.gradle\caches\7.0.2\md-rule)" [_thread_blocked, id=8900, stack(0x000000487fd00000,0x000000487fe00000)]
  0x00000193b6739800 JavaThread "Cache worker for execution history cache (C:\Users\NAS\.gradle\caches\7.0.2\executionHistory)" [_thread_blocked, id=2852, stack(0x000000487fe00000,0x000000487ff00000)]
  0x00000193b673b800 JavaThread "jar transforms" [_thread_blocked, id=10048, stack(0x000000487ff00000,0x0000004880000000)]
  0x00000193b673c000 JavaThread "jar transforms Thread 2" [_thread_blocked, id=8828, stack(0x0000004800000000,0x0000004800100000)]
  0x00000193b673d000 JavaThread "Cache worker for file content cache (C:\Users\NAS\.gradle\caches\7.0.2\fileContent)" [_thread_blocked, id=4012, stack(0x0000004800100000,0x0000004800200000)]
  0x00000193b6742800 JavaThread "Cache worker for dependencies-accessors (B:\Mobile\ProjectUas\.gradle\7.0.2\dependencies-accessors)" [_thread_blocked, id=10308, stack(0x0000004800200000,0x0000004800300000)]
  0x00000193b673e800 JavaThread "jar transforms Thread 3" [_thread_blocked, id=9528, stack(0x0000004800300000,0x0000004800400000)]
  0x00000193b673f800 JavaThread "Cache worker for Build Output Cleanup Cache (B:\Mobile\ProjectUas\.gradle\buildOutputCleanup)" [_thread_blocked, id=3556, stack(0x0000004800400000,0x0000004800500000)]
  0x00000193b6740000 JavaThread "Build operations" [_thread_blocked, id=10216, stack(0x0000004800500000,0x0000004800600000)]
  0x00000193b673e000 JavaThread "Build operations Thread 2" [_thread_blocked, id=3012, stack(0x0000004800600000,0x0000004800700000)]
  0x00000193b6741000 JavaThread "Build operations Thread 3" [_thread_blocked, id=8852, stack(0x0000004800700000,0x0000004800800000)]
  0x00000193b6742000 JavaThread "Build operations Thread 4" [_thread_blocked, id=6864, stack(0x0000004800800000,0x0000004800900000)]
  0x00000193b9dfa800 JavaThread "jar transforms Thread 4" [_thread_blocked, id=3564, stack(0x0000004800900000,0x0000004800a00000)]

Other Threads:
  0x00000193b3336800 VMThread "VM Thread" [stack: 0x000000487dc00000,0x000000487dd00000] [id=7840]
  0x00000193b3e53800 WatcherThread [stack: 0x000000487e600000,0x000000487e700000] [id=4976]
  0x00000193997b7800 GCTaskThread "GC Thread#0" [stack: 0x000000487d700000,0x000000487d800000] [id=12208]
  0x00000193b49b8000 GCTaskThread "GC Thread#1" [stack: 0x000000487e800000,0x000000487e900000] [id=10884]
  0x00000193b6537000 GCTaskThread "GC Thread#2" [stack: 0x000000487f300000,0x000000487f400000] [id=9588]
  0x00000193b650b800 GCTaskThread "GC Thread#3" [stack: 0x000000487f400000,0x000000487f500000] [id=8136]
  0x00000193997ea000 ConcurrentGCThread "G1 Main Marker" [stack: 0x000000487d800000,0x000000487d900000] [id=6868]
  0x00000193997ec000 ConcurrentGCThread "G1 Conc#0" [stack: 0x000000487d900000,0x000000487da00000] [id=9628]
  0x0000019399844000 ConcurrentGCThread "G1 Refine#0" [stack: 0x000000487da00000,0x000000487db00000] [id=7092]
  0x0000019399845000 ConcurrentGCThread "G1 Young RemSet Sampling" [stack: 0x000000487db00000,0x000000487dc00000] [id=10056]

Threads with active compile tasks:
C2 CompilerThread0  10812 5111       4       java.util.Arrays::binarySearch0 (95 bytes)
C2 CompilerThread1  10812 5110       4       groovy.lang.MetaClassImpl$1MOPIter::methodNameAction (325 bytes)

VM state:not at safepoint (normal execution)

VM Mutex/Monitor currently owned by a thread: None

Heap address: 0x0000000080000000, size: 2048 MB, Compressed Oops mode: 32-bit
Narrow klass base: 0x0000000000000000, Narrow klass shift: 3
Compressed class space size: 1073741824 Address: 0x0000000100000000

Heap:
 garbage-first heap   total 114688K, used 52552K [0x0000000080000000, 0x0000000100000000)
  region size 1024K, 14 young (14336K), 5 survivors (5120K)
 Metaspace       used 47451K, capacity 48629K, committed 48716K, reserved 1091584K
  class space    used 6066K, capacity 6511K, committed 6528K, reserved 1048576K
Heap Regions: E=young(eden), S=young(survivor), O=old, HS=humongous(starts), HC=humongous(continues), CS=collection set, F=free, A=archive, TAMS=top-at-mark-start (previous, next)
|   0|0x0000000080000000, 0x0000000080100000, 0x0000000080100000|100%| O|  |TAMS 0x0000000080100000, 0x0000000080000000| Untracked 
|   1|0x0000000080100000, 0x0000000080200000, 0x0000000080200000|100%| O|  |TAMS 0x0000000080200000, 0x0000000080100000| Untracked 
|   2|0x0000000080200000, 0x0000000080300000, 0x0000000080300000|100%| O|  |TAMS 0x0000000080300000, 0x0000000080200000| Untracked 
|   3|0x0000000080300000, 0x0000000080400000, 0x0000000080400000|100%|HS|  |TAMS 0x0000000080400000, 0x0000000080300000| Complete 
|   4|0x0000000080400000, 0x0000000080500000, 0x0000000080500000|100%|HC|  |TAMS 0x0000000080500000, 0x0000000080400000| Complete 
|   5|0x0000000080500000, 0x0000000080600000, 0x0000000080600000|100%|HC|  |TAMS 0x0000000080600000, 0x0000000080500000| Complete 
|   6|0x0000000080600000, 0x0000000080700000, 0x0000000080700000|100%| O|  |TAMS 0x0000000080700000, 0x0000000080600000| Untracked 
|   7|0x0000000080700000, 0x0000000080800000, 0x0000000080800000|100%| O|  |TAMS 0x0000000080800000, 0x0000000080700000| Untracked 
|   8|0x0000000080800000, 0x0000000080900000, 0x0000000080900000|100%| O|  |TAMS 0x0000000080900000, 0x0000000080800000| Untracked 
|   9|0x0000000080900000, 0x0000000080a00000, 0x0000000080a00000|100%| O|  |TAMS 0x0000000080a00000, 0x0000000080900000| Untracked 
|  10|0x0000000080a00000, 0x0000000080b00000, 0x0000000080b00000|100%| O|  |TAMS 0x0000000080b00000, 0x0000000080a00000| Untracked 
|  11|0x0000000080b00000, 0x0000000080c00000, 0x0000000080c00000|100%| O|  |TAMS 0x0000000080c00000, 0x0000000080b00000| Untracked 
|  12|0x0000000080c00000, 0x0000000080d00000, 0x0000000080d00000|100%| O|  |TAMS 0x0000000080d00000, 0x0000000080c00000| Untracked 
|  13|0x0000000080d00000, 0x0000000080e00000, 0x0000000080e00000|100%| O|  |TAMS 0x0000000080e00000, 0x0000000080d00000| Untracked 
|  14|0x0000000080e00000, 0x0000000080f00000, 0x0000000080f00000|100%| O|  |TAMS 0x0000000080f00000, 0x0000000080e00000| Untracked 
|  15|0x0000000080f00000, 0x0000000081000000, 0x0000000081000000|100%| O|  |TAMS 0x0000000081000000, 0x0000000080f00000| Untracked 
|  16|0x0000000081000000, 0x0000000081100000, 0x0000000081100000|100%| O|  |TAMS 0x0000000081100000, 0x0000000081000000| Untracked 
|  17|0x0000000081100000, 0x0000000081200000, 0x0000000081200000|100%| O|  |TAMS 0x0000000081200000, 0x0000000081100000| Untracked 
|  18|0x0000000081200000, 0x0000000081300000, 0x0000000081300000|100%| O|  |TAMS 0x0000000081300000, 0x0000000081200000| Untracked 
|  19|0x0000000081300000, 0x0000000081400000, 0x0000000081400000|100%| O|  |TAMS 0x0000000081400000, 0x0000000081300000| Untracked 
|  20|0x0000000081400000, 0x0000000081500000, 0x0000000081500000|100%| O|  |TAMS 0x0000000081500000, 0x0000000081400000| Untracked 
|  21|0x0000000081500000, 0x0000000081600000, 0x0000000081600000|100%| O|  |TAMS 0x000000008153d600, 0x0000000081500000| Untracked 
|  22|0x0000000081600000, 0x0000000081700000, 0x0000000081700000|100%| O|  |TAMS 0x0000000081600000, 0x0000000081600000| Untracked 
|  23|0x0000000081700000, 0x0000000081800000, 0x0000000081800000|100%| O|  |TAMS 0x0000000081700000, 0x0000000081700000| Untracked 
|  24|0x0000000081800000, 0x0000000081900000, 0x0000000081900000|100%| O|  |TAMS 0x0000000081800000, 0x0000000081800000| Untracked 
|  25|0x0000000081900000, 0x0000000081a00000, 0x0000000081a00000|100%| O|  |TAMS 0x0000000081900000, 0x0000000081900000| Untracked 
|  26|0x0000000081a00000, 0x0000000081b00000, 0x0000000081b00000|100%|HS|  |TAMS 0x0000000081a00000, 0x0000000081a00000| Complete 
|  27|0x0000000081b00000, 0x0000000081c00000, 0x0000000081c00000|100%|HS|  |TAMS 0x0000000081b00000, 0x0000000081b00000| Complete 
|  28|0x0000000081c00000, 0x0000000081d00000, 0x0000000081d00000|100%|HS|  |TAMS 0x0000000081c00000, 0x0000000081c00000| Complete 
|  29|0x0000000081d00000, 0x0000000081e00000, 0x0000000081e00000|100%|HS|  |TAMS 0x0000000081d00000, 0x0000000081d00000| Complete 
|  30|0x0000000081e00000, 0x0000000081f00000, 0x0000000081f00000|100%|HC|  |TAMS 0x0000000081e00000, 0x0000000081e00000| Complete 
|  31|0x0000000081f00000, 0x0000000082000000, 0x0000000082000000|100%|HC|  |TAMS 0x0000000081f00000, 0x0000000081f00000| Complete 
|  32|0x0000000082000000, 0x0000000082100000, 0x0000000082100000|100%| O|  |TAMS 0x0000000082000000, 0x0000000082000000| Untracked 
|  33|0x0000000082100000, 0x0000000082200000, 0x0000000082200000|100%| O|  |TAMS 0x0000000082100000, 0x0000000082100000| Untracked 
|  34|0x0000000082200000, 0x0000000082300000, 0x0000000082300000|100%| O|  |TAMS 0x0000000082200000, 0x0000000082200000| Untracked 
|  35|0x0000000082300000, 0x0000000082400000, 0x0000000082400000|100%| O|  |TAMS 0x0000000082300000, 0x0000000082300000| Untracked 
|  36|0x0000000082400000, 0x0000000082452200, 0x0000000082500000| 32%| O|  |TAMS 0x0000000082400000, 0x0000000082400000| Untracked 
|  37|0x0000000082500000, 0x0000000082600000, 0x0000000082600000|100%|HS|  |TAMS 0x0000000082500000, 0x0000000082500000| Complete 
|  38|0x0000000082600000, 0x0000000082700000, 0x0000000082700000|100%|HC|  |TAMS 0x0000000082600000, 0x0000000082600000| Complete 
|  39|0x0000000082700000, 0x0000000082700000, 0x0000000082800000|  0%| F|  |TAMS 0x0000000082700000, 0x0000000082700000| Untracked 
|  40|0x0000000082800000, 0x0000000082800000, 0x0000000082900000|  0%| F|  |TAMS 0x0000000082800000, 0x0000000082800000| Untracked 
|  41|0x0000000082900000, 0x0000000082900000, 0x0000000082a00000|  0%| F|  |TAMS 0x0000000082900000, 0x0000000082900000| Untracked 
|  42|0x0000000082a00000, 0x0000000082a00000, 0x0000000082b00000|  0%| F|  |TAMS 0x0000000082a00000, 0x0000000082a00000| Untracked 
|  43|0x0000000082b00000, 0x0000000082b00000, 0x0000000082c00000|  0%| F|  |TAMS 0x0000000082b00000, 0x0000000082b00000| Untracked 
|  44|0x0000000082c00000, 0x0000000082c00000, 0x0000000082d00000|  0%| F|  |TAMS 0x0000000082c00000, 0x0000000082c00000| Untracked 
|  45|0x0000000082d00000, 0x0000000082d00000, 0x0000000082e00000|  0%| F|  |TAMS 0x0000000082d00000, 0x0000000082d00000| Untracked 
|  46|0x0000000082e00000, 0x0000000082e00000, 0x0000000082f00000|  0%| F|  |TAMS 0x0000000082e00000, 0x0000000082e00000| Untracked 
|  47|0x0000000082f00000, 0x0000000082f00000, 0x0000000083000000|  0%| F|  |TAMS 0x0000000082f00000, 0x0000000082f00000| Untracked 
|  48|0x0000000083000000, 0x0000000083100000, 0x0000000083100000|100%| S|CS|TAMS 0x0000000083000000, 0x0000000083000000| Complete 
|  49|0x0000000083100000, 0x0000000083200000, 0x0000000083200000|100%| S|CS|TAMS 0x0000000083100000, 0x0000000083100000| Complete 
|  50|0x0000000083200000, 0x0000000083300000, 0x0000000083300000|100%| S|CS|TAMS 0x0000000083200000, 0x0000000083200000| Complete 
|  51|0x0000000083300000, 0x0000000083400000, 0x0000000083400000|100%| S|CS|TAMS 0x0000000083300000, 0x0000000083300000| Complete 
|  52|0x0000000083400000, 0x0000000083500000, 0x0000000083500000|100%| S|CS|TAMS 0x0000000083400000, 0x0000000083400000| Complete 
|  53|0x0000000083500000, 0x0000000083500000, 0x0000000083600000|  0%| F|  |TAMS 0x0000000083500000, 0x0000000083500000| Untracked 
|  54|0x0000000083600000, 0x0000000083600000, 0x0000000083700000|  0%| F|  |TAMS 0x0000000083600000, 0x0000000083600000| Untracked 
|  55|0x0000000083700000, 0x0000000083700000, 0x0000000083800000|  0%| F|  |TAMS 0x0000000083700000, 0x0000000083700000| Untracked 
|  56|0x0000000083800000, 0x0000000083800000, 0x0000000083900000|  0%| F|  |TAMS 0x0000000083800000, 0x0000000083800000| Untracked 
|  57|0x0000000083900000, 0x0000000083900000, 0x0000000083a00000|  0%| F|  |TAMS 0x0000000083900000, 0x0000000083900000| Untracked 
|  58|0x0000000083a00000, 0x0000000083a00000, 0x0000000083b00000|  0%| F|  |TAMS 0x0000000083a00000, 0x0000000083a00000| Untracked 
|  59|0x0000000083b00000, 0x0000000083b00000, 0x0000000083c00000|  0%| F|  |TAMS 0x0000000083b00000, 0x0000000083b00000| Untracked 
|  60|0x0000000083c00000, 0x0000000083c00000, 0x0000000083d00000|  0%| F|  |TAMS 0x0000000083c00000, 0x0000000083c00000| Untracked 
|  61|0x0000000083d00000, 0x0000000083d00000, 0x0000000083e00000|  0%| F|  |TAMS 0x0000000083d00000, 0x0000000083d00000| Untracked 
|  62|0x0000000083e00000, 0x0000000083e00000, 0x0000000083f00000|  0%| F|  |TAMS 0x0000000083e00000, 0x0000000083e00000| Untracked 
|  63|0x0000000083f00000, 0x0000000083f00000, 0x0000000084000000|  0%| F|  |TAMS 0x0000000083f00000, 0x0000000083f00000| Untracked 
|  64|0x0000000084000000, 0x0000000084000000, 0x0000000084100000|  0%| F|  |TAMS 0x0000000084000000, 0x0000000084000000| Untracked 
|  65|0x0000000084100000, 0x0000000084100000, 0x0000000084200000|  0%| F|  |TAMS 0x0000000084100000, 0x0000000084100000| Untracked 
|  66|0x0000000084200000, 0x0000000084200000, 0x0000000084300000|  0%| F|  |TAMS 0x0000000084200000, 0x0000000084200000| Untracked 
|  67|0x0000000084300000, 0x0000000084300000, 0x0000000084400000|  0%| F|  |TAMS 0x0000000084300000, 0x0000000084300000| Untracked 
|  68|0x0000000084400000, 0x0000000084400000, 0x0000000084500000|  0%| F|  |TAMS 0x0000000084400000, 0x0000000084400000| Untracked 
|  69|0x0000000084500000, 0x0000000084500000, 0x0000000084600000|  0%| F|  |TAMS 0x0000000084500000, 0x0000000084500000| Untracked 
|  70|0x0000000084600000, 0x0000000084600000, 0x0000000084700000|  0%| F|  |TAMS 0x0000000084600000, 0x0000000084600000| Untracked 
|  71|0x0000000084700000, 0x0000000084700000, 0x0000000084800000|  0%| F|  |TAMS 0x0000000084700000, 0x0000000084700000| Untracked 
|  72|0x0000000084800000, 0x0000000084800000, 0x0000000084900000|  0%| F|  |TAMS 0x0000000084800000, 0x0000000084800000| Untracked 
|  73|0x0000000084900000, 0x0000000084900000, 0x0000000084a00000|  0%| F|  |TAMS 0x0000000084900000, 0x0000000084900000| Untracked 
|  74|0x0000000084a00000, 0x0000000084a00000, 0x0000000084b00000|  0%| F|  |TAMS 0x0000000084a00000, 0x0000000084a00000| Untracked 
|  75|0x0000000084b00000, 0x0000000084b00000, 0x0000000084c00000|  0%| F|  |TAMS 0x0000000084b00000, 0x0000000084b00000| Untracked 
|  76|0x0000000084c00000, 0x0000000084c00000, 0x0000000084d00000|  0%| F|  |TAMS 0x0000000084c00000, 0x0000000084c00000| Untracked 
|  77|0x0000000084d00000, 0x0000000084d00000, 0x0000000084e00000|  0%| F|  |TAMS 0x0000000084d00000, 0x0000000084d00000| Untracked 
|  78|0x0000000084e00000, 0x0000000084e00000, 0x0000000084f00000|  0%| F|  |TAMS 0x0000000084e00000, 0x0000000084e00000| Untracked 
|  79|0x0000000084f00000, 0x0000000084f00000, 0x0000000085000000|  0%| F|  |TAMS 0x0000000084f00000, 0x0000000084f00000| Untracked 
|  80|0x0000000085000000, 0x0000000085000000, 0x0000000085100000|  0%| F|  |TAMS 0x0000000085000000, 0x0000000085000000| Untracked 
|  81|0x0000000085100000, 0x0000000085100000, 0x0000000085200000|  0%| F|  |TAMS 0x0000000085100000, 0x0000000085100000| Untracked 
|  82|0x0000000085200000, 0x0000000085200000, 0x0000000085300000|  0%| F|  |TAMS 0x0000000085200000, 0x0000000085200000| Untracked 
|  83|0x0000000085300000, 0x0000000085300000, 0x0000000085400000|  0%| F|  |TAMS 0x0000000085300000, 0x0000000085300000| Untracked 
|  84|0x0000000085400000, 0x0000000085400000, 0x0000000085500000|  0%| F|  |TAMS 0x0000000085400000, 0x0000000085400000| Untracked 
|  85|0x0000000085500000, 0x0000000085500000, 0x0000000085600000|  0%| F|  |TAMS 0x0000000085500000, 0x0000000085500000| Untracked 
|  86|0x0000000085600000, 0x0000000085600000, 0x0000000085700000|  0%| F|  |TAMS 0x0000000085600000, 0x0000000085600000| Untracked 
|  87|0x0000000085700000, 0x0000000085700000, 0x0000000085800000|  0%| F|  |TAMS 0x0000000085700000, 0x0000000085700000| Untracked 
|  88|0x0000000085800000, 0x0000000085800000, 0x0000000085900000|  0%| F|  |TAMS 0x0000000085800000, 0x0000000085800000| Untracked 
|  89|0x0000000085900000, 0x0000000085900000, 0x0000000085a00000|  0%| F|  |TAMS 0x0000000085900000, 0x0000000085900000| Untracked 
|  90|0x0000000085a00000, 0x0000000085a00000, 0x0000000085b00000|  0%| F|  |TAMS 0x0000000085a00000, 0x0000000085a00000| Untracked 
|  91|0x0000000085b00000, 0x0000000085b00000, 0x0000000085c00000|  0%| F|  |TAMS 0x0000000085b00000, 0x0000000085b00000| Untracked 
|  92|0x0000000085c00000, 0x0000000085c00000, 0x0000000085d00000|  0%| F|  |TAMS 0x0000000085c00000, 0x0000000085c00000| Untracked 
|  93|0x0000000085d00000, 0x0000000085d00000, 0x0000000085e00000|  0%| F|  |TAMS 0x0000000085d00000, 0x0000000085d00000| Untracked 
|  94|0x0000000085e00000, 0x0000000085e00000, 0x0000000085f00000|  0%| F|  |TAMS 0x0000000085e00000, 0x0000000085e00000| Untracked 
|  95|0x0000000085f00000, 0x0000000085f00000, 0x0000000086000000|  0%| F|  |TAMS 0x0000000085f00000, 0x0000000085f00000| Untracked 
|  96|0x0000000086000000, 0x0000000086000000, 0x0000000086100000|  0%| F|  |TAMS 0x0000000086000000, 0x0000000086000000| Untracked 
|  97|0x0000000086100000, 0x0000000086100000, 0x0000000086200000|  0%| F|  |TAMS 0x0000000086100000, 0x0000000086100000| Untracked 
|  98|0x0000000086200000, 0x0000000086200000, 0x0000000086300000|  0%| F|  |TAMS 0x0000000086200000, 0x0000000086200000| Untracked 
|  99|0x0000000086300000, 0x0000000086300000, 0x0000000086400000|  0%| F|  |TAMS 0x0000000086300000, 0x0000000086300000| Untracked 
| 100|0x0000000086400000, 0x0000000086400000, 0x0000000086500000|  0%| F|  |TAMS 0x0000000086400000, 0x0000000086400000| Untracked 
| 101|0x0000000086500000, 0x0000000086500000, 0x0000000086600000|  0%| F|  |TAMS 0x0000000086500000, 0x0000000086500000| Untracked 
| 102|0x0000000086600000, 0x0000000086680800, 0x0000000086700000| 50%| E|  |TAMS 0x0000000086600000, 0x0000000086600000| Complete 
| 103|0x0000000086700000, 0x0000000086800000, 0x0000000086800000|100%| E|CS|TAMS 0x0000000086700000, 0x0000000086700000| Complete 
| 104|0x0000000086800000, 0x0000000086900000, 0x0000000086900000|100%| E|CS|TAMS 0x0000000086800000, 0x0000000086800000| Complete 
| 105|0x0000000086900000, 0x0000000086a00000, 0x0000000086a00000|100%| E|CS|TAMS 0x0000000086900000, 0x0000000086900000| Complete 
| 106|0x0000000086a00000, 0x0000000086b00000, 0x0000000086b00000|100%| E|CS|TAMS 0x0000000086a00000, 0x0000000086a00000| Complete 
| 107|0x0000000086b00000, 0x0000000086c00000, 0x0000000086c00000|100%| E|CS|TAMS 0x0000000086b00000, 0x0000000086b00000| Complete 
| 108|0x0000000086c00000, 0x0000000086d00000, 0x0000000086d00000|100%| E|CS|TAMS 0x0000000086c00000, 0x0000000086c00000| Complete 
| 109|0x0000000086d00000, 0x0000000086e00000, 0x0000000086e00000|100%| E|CS|TAMS 0x0000000086d00000, 0x0000000086d00000| Complete 
| 110|0x0000000086e00000, 0x0000000086f00000, 0x0000000086f00000|100%| E|CS|TAMS 0x0000000086e00000, 0x0000000086e00000| Complete 
| 111|0x0000000086f00000, 0x0000000087000000, 0x0000000087000000|100%| E|CS|TAMS 0x0000000086f00000, 0x0000000086f00000| Complete 

Card table byte_map: [0x00000193ac690000,0x00000193aca90000] _byte_map_base: 0x00000193ac290000

Marking Bits (Prev, Next): (CMBitMap*) 0x00000193997e1330, (CMBitMap*) 0x00000193997e12f8
 Prev Bits: [0x00000193aee90000, 0x00000193b0e90000)
 Next Bits: [0x00000193ace90000, 0x00000193aee90000)

Polling page: 0x00000193976e0000

Metaspace:

Usage:
  Non-class:     41.19 MB capacity,    40.42 MB ( 98%) used,   668.70 KB (  2%) free+waste,   124.25 KB ( <1%) overhead. 
      Class:      6.36 MB capacity,     5.92 MB ( 93%) used,   385.32 KB (  6%) free+waste,    59.19 KB ( <1%) overhead. 
       Both:     47.55 MB capacity,    46.34 MB ( 97%) used,     1.03 MB (  2%) free+waste,   183.44 KB ( <1%) overhead. 

Virtual space:
  Non-class space:       42.00 MB reserved,      41.20 MB ( 98%) committed 
      Class space:        1.00 GB reserved,       6.38 MB ( <1%) committed 
             Both:        1.04 GB reserved,      47.57 MB (  4%) committed 

Chunk freelists:
   Non-Class:  6.00 KB
       Class:  17.00 KB
        Both:  23.00 KB

MaxMetaspaceSize: 17179869184.00 GB
CompressedClassSpaceSize: 1.00 GB

CodeHeap 'non-profiled nmethods': size=120064Kb used=2446Kb max_used=2446Kb free=117617Kb
 bounds [0x00000193a4d50000, 0x00000193a4fc0000, 0x00000193ac290000]
CodeHeap 'profiled nmethods': size=120000Kb used=10292Kb max_used=10292Kb free=109708Kb
 bounds [0x000001939d820000, 0x000001939e230000, 0x00000193a4d50000]
CodeHeap 'non-nmethods': size=5696Kb used=2215Kb max_used=2257Kb free=3480Kb
 bounds [0x000001939d290000, 0x000001939d500000, 0x000001939d820000]
 total_blobs=5961 nmethods=5173 adapters=699
 compilation: enabled
              stopped_count=0, restarted_count=0
 full_count=0

Compilation events (20 events):
Event: 10.753 Thread 0x00000193b33ad000 5180       3       org.gradle.internal.instantiation.generator.AbstractClassGenerator$ExtensibleTypePropertyHandler::claimPropertyImplementation (95 bytes)
Event: 10.754 Thread 0x00000193b33ad000 nmethod 5180 0x000001939e219f10 code [0x000001939e21a160, 0x000001939e21aa38]
Event: 10.754 Thread 0x00000193b33ad000 5175       3       org.gradle.internal.instantiation.generator.AbstractClassGenerator$PropertyTypePropertyHandler::visitProperty (29 bytes)
Event: 10.756 Thread 0x00000193b33ad000 nmethod 5175 0x000001939e21ad10 code [0x000001939e21af60, 0x000001939e21b818]
Event: 10.756 Thread 0x00000193b33ad000 5176       3       org.gradle.internal.instantiation.generator.AbstractClassGenerator$NamePropertyHandler::visitProperty (13 bytes)
Event: 10.756 Thread 0x00000193b33ad000 nmethod 5176 0x000001939e21bb10 code [0x000001939e21bce0, 0x000001939e21bf08]
Event: 10.756 Thread 0x00000193b33ad000 5177       3       org.gradle.internal.instantiation.generator.AbstractClassGenerator$ManagedPropertiesHandler::visitProperty (19 bytes)
Event: 10.757 Thread 0x00000193b33ad000 nmethod 5177 0x000001939e21c010 code [0x000001939e21c1e0, 0x000001939e21c478]
Event: 10.757 Thread 0x00000193b33ad000 5178       3       org.gradle.internal.instantiation.generator.AbstractClassGenerator::access$1800 (5 bytes)
Event: 10.758 Thread 0x00000193b33ad000 nmethod 5178 0x000001939e21c590 code [0x000001939e21c7c0, 0x000001939e21cec8]
Event: 10.758 Thread 0x00000193b33ad000 5179       3       org.gradle.internal.instantiation.generator.AbstractClassGenerator::isEagerAttachProperty (33 bytes)
Event: 10.760 Thread 0x00000193b33ad000 nmethod 5179 0x000001939e21d110 code [0x000001939e21d3a0, 0x000001939e21e0d8]
Event: 10.760 Thread 0x00000193b33ad000 5181       3       org.gradle.internal.instantiation.generator.AbstractClassGenerator$DslMixInPropertyType::claimPropertyImplementation (21 bytes)
Event: 10.761 Thread 0x00000193b33ad000 nmethod 5181 0x000001939e21e490 code [0x000001939e21e660, 0x000001939e21e828]
Event: 10.761 Thread 0x00000193b33ad000 5182       3       org.gradle.internal.instantiation.generator.AbstractClassGenerator$ServicesPropertyHandler::claimPropertyImplementation (40 bytes)
Event: 10.762 Thread 0x00000193b33ad000 nmethod 5182 0x000001939e21e910 code [0x000001939e21eb60, 0x000001939e21f398]
Event: 10.762 Thread 0x00000193b33ad000 5184       1       com.google.common.collect.ImmutableEntry::getValue (5 bytes)
Event: 10.762 Thread 0x00000193b33ad000 nmethod 5184 0x00000193a4fb3510 code [0x00000193a4fb36c0, 0x00000193a4fb3778]
Event: 10.762 Thread 0x00000193b33ad000 5185   !   3       java.lang.Class::desiredAssertionStatus (54 bytes)
Event: 10.763 Thread 0x00000193b33ad000 nmethod 5185 0x000001939e21f690 code [0x000001939e21f8a0, 0x000001939e21fe58]

GC Heap History (20 events):
Event: 4.161 GC heap before
{Heap before GC invocations=5 (full 0):
 garbage-first heap   total 65536K, used 32990K [0x0000000080000000, 0x0000000100000000)
  region size 1024K, 19 young (19456K), 2 survivors (2048K)
 Metaspace       used 20587K, capacity 21121K, committed 21248K, reserved 1067008K
  class space    used 2515K, capacity 2721K, committed 2816K, reserved 1048576K
}
Event: 4.167 GC heap after
{Heap after GC invocations=6 (full 0):
 garbage-first heap   total 78848K, used 17076K [0x0000000080000000, 0x0000000100000000)
  region size 1024K, 3 young (3072K), 3 survivors (3072K)
 Metaspace       used 20587K, capacity 21121K, committed 21248K, reserved 1067008K
  class space    used 2515K, capacity 2721K, committed 2816K, reserved 1048576K
}
Event: 4.677 GC heap before
{Heap before GC invocations=7 (full 0):
 garbage-first heap   total 78848K, used 46772K [0x0000000080000000, 0x0000000100000000)
  region size 1024K, 32 young (32768K), 3 survivors (3072K)
 Metaspace       used 23448K, capacity 24084K, committed 24320K, reserved 1071104K
  class space    used 2992K, capacity 3223K, committed 3328K, reserved 1048576K
}
Event: 4.685 GC heap after
{Heap after GC invocations=8 (full 0):
 garbage-first heap   total 78848K, used 17817K [0x0000000080000000, 0x0000000100000000)
  region size 1024K, 3 young (3072K), 3 survivors (3072K)
 Metaspace       used 23448K, capacity 24084K, committed 24320K, reserved 1071104K
  class space    used 2992K, capacity 3223K, committed 3328K, reserved 1048576K
}
Event: 5.463 GC heap before
{Heap before GC invocations=8 (full 0):
 garbage-first heap   total 78848K, used 55705K [0x0000000080000000, 0x0000000100000000)
  region size 1024K, 40 young (40960K), 3 survivors (3072K)
 Metaspace       used 27019K, capacity 27672K, committed 27904K, reserved 1073152K
  class space    used 3577K, capacity 3826K, committed 3840K, reserved 1048576K
}
Event: 5.472 GC heap after
{Heap after GC invocations=9 (full 0):
 garbage-first heap   total 78848K, used 19322K [0x0000000080000000, 0x0000000100000000)
  region size 1024K, 3 young (3072K), 3 survivors (3072K)
 Metaspace       used 27019K, capacity 27672K, committed 27904K, reserved 1073152K
  class space    used 3577K, capacity 3826K, committed 3840K, reserved 1048576K
}
Event: 6.489 GC heap before
{Heap before GC invocations=9 (full 0):
 garbage-first heap   total 78848K, used 56186K [0x0000000080000000, 0x0000000100000000)
  region size 1024K, 39 young (39936K), 3 survivors (3072K)
 Metaspace       used 33932K, capacity 34706K, committed 34944K, reserved 1079296K
  class space    used 4413K, capacity 4681K, committed 4736K, reserved 1048576K
}
Event: 6.500 GC heap after
{Heap after GC invocations=10 (full 0):
 garbage-first heap   total 78848K, used 21929K [0x0000000080000000, 0x0000000100000000)
  region size 1024K, 5 young (5120K), 5 survivors (5120K)
 Metaspace       used 33932K, capacity 34706K, committed 34944K, reserved 1079296K
  class space    used 4413K, capacity 4681K, committed 4736K, reserved 1048576K
}
Event: 6.679 GC heap before
{Heap before GC invocations=10 (full 0):
 garbage-first heap   total 78848K, used 26025K [0x0000000080000000, 0x0000000100000000)
  region size 1024K, 11 young (11264K), 5 survivors (5120K)
 Metaspace       used 34963K, capacity 35737K, committed 35840K, reserved 1081344K
  class space    used 4533K, capacity 4833K, committed 4864K, reserved 1048576K
}
Event: 6.695 GC heap after
{Heap after GC invocations=11 (full 0):
 garbage-first heap   total 78848K, used 22773K [0x0000000080000000, 0x0000000100000000)
  region size 1024K, 1 young (1024K), 1 survivors (1024K)
 Metaspace       used 34963K, capacity 35737K, committed 35840K, reserved 1081344K
  class space    used 4533K, capacity 4833K, committed 4864K, reserved 1048576K
}
Event: 7.201 GC heap before
{Heap before GC invocations=12 (full 0):
 garbage-first heap   total 78848K, used 47349K [0x0000000080000000, 0x0000000100000000)
  region size 1024K, 26 young (26624K), 1 survivors (1024K)
 Metaspace       used 36402K, capacity 37278K, committed 37580K, reserved 1081344K
  class space    used 4701K, capacity 5002K, committed 5120K, reserved 1048576K
}
Event: 7.208 GC heap after
{Heap after GC invocations=13 (full 0):
 garbage-first heap   total 95232K, used 24467K [0x0000000080000000, 0x0000000100000000)
  region size 1024K, 3 young (3072K), 3 survivors (3072K)
 Metaspace       used 36402K, capacity 37278K, committed 37580K, reserved 1081344K
  class space    used 4701K, capacity 5002K, committed 5120K, reserved 1048576K
}
Event: 8.026 GC heap before
{Heap before GC invocations=14 (full 0):
 garbage-first heap   total 95232K, used 60307K [0x0000000080000000, 0x0000000100000000)
  region size 1024K, 36 young (36864K), 3 survivors (3072K)
 Metaspace       used 39190K, capacity 40135K, committed 40396K, reserved 1085440K
  class space    used 5007K, capacity 5355K, committed 5376K, reserved 1048576K
}
Event: 8.036 GC heap after
{Heap after GC invocations=15 (full 0):
 garbage-first heap   total 95232K, used 26525K [0x0000000080000000, 0x0000000100000000)
  region size 1024K, 5 young (5120K), 5 survivors (5120K)
 Metaspace       used 39190K, capacity 40135K, committed 40396K, reserved 1085440K
  class space    used 5007K, capacity 5355K, committed 5376K, reserved 1048576K
}
Event: 8.739 GC heap before
{Heap before GC invocations=15 (full 0):
 garbage-first heap   total 95232K, used 62365K [0x0000000080000000, 0x0000000100000000)
  region size 1024K, 40 young (40960K), 5 survivors (5120K)
 Metaspace       used 42940K, capacity 43931K, committed 44236K, reserved 1087488K
  class space    used 5473K, capacity 5825K, committed 5888K, reserved 1048576K
}
Event: 8.752 GC heap after
{Heap after GC invocations=16 (full 0):
 garbage-first heap   total 95232K, used 27882K [0x0000000080000000, 0x0000000100000000)
  region size 1024K, 4 young (4096K), 4 survivors (4096K)
 Metaspace       used 42940K, capacity 43931K, committed 44236K, reserved 1087488K
  class space    used 5473K, capacity 5825K, committed 5888K, reserved 1048576K
}
Event: 9.463 GC heap before
{Heap before GC invocations=16 (full 0):
 garbage-first heap   total 95232K, used 64746K [0x0000000080000000, 0x0000000100000000)
  region size 1024K, 40 young (40960K), 4 survivors (4096K)
 Metaspace       used 45751K, capacity 46953K, committed 47052K, reserved 1089536K
  class space    used 5878K, capacity 6302K, committed 6400K, reserved 1048576K
}
Event: 9.476 GC heap after
{Heap after GC invocations=17 (full 0):
 garbage-first heap   total 95232K, used 29543K [0x0000000080000000, 0x0000000100000000)
  region size 1024K, 3 young (3072K), 3 survivors (3072K)
 Metaspace       used 45751K, capacity 46953K, committed 47052K, reserved 1089536K
  class space    used 5878K, capacity 6302K, committed 6400K, reserved 1048576K
}
Event: 10.599 GC heap before
{Heap before GC invocations=17 (full 0):
 garbage-first heap   total 95232K, used 72551K [0x0000000080000000, 0x0000000100000000)
  region size 1024K, 40 young (40960K), 3 survivors (3072K)
 Metaspace       used 47111K, capacity 48297K, committed 48460K, reserved 1091584K
  class space    used 6017K, capacity 6445K, committed 6528K, reserved 1048576K
}
Event: 10.614 GC heap after
{Heap after GC invocations=18 (full 0):
 garbage-first heap   total 114688K, used 42312K [0x0000000080000000, 0x0000000100000000)
  region size 1024K, 5 young (5120K), 5 survivors (5120K)
 Metaspace       used 47111K, capacity 48297K, committed 48460K, reserved 1091584K
  class space    used 6017K, capacity 6445K, committed 6528K, reserved 1048576K
}

Deoptimization events (20 events):
Event: 10.584 Thread 0x00000193b5c30800 DEOPT PACKING pc=0x000001939e1ea3aa sp=0x000000487eff1e50
Event: 10.584 Thread 0x00000193b5c30800 DEOPT UNPACKING pc=0x000001939d2b76ce sp=0x000000487eff1428 mode 0
Event: 10.615 Thread 0x00000193b5c30800 DEOPT PACKING pc=0x000001939d8e7b2e sp=0x000000487eff2450
Event: 10.615 Thread 0x00000193b5c30800 DEOPT UNPACKING pc=0x000001939d2b76ce sp=0x000000487eff18c0 mode 0
Event: 10.616 Thread 0x00000193b5c30800 DEOPT PACKING pc=0x000001939d8e7b2e sp=0x000000487eff2450
Event: 10.616 Thread 0x00000193b5c30800 DEOPT UNPACKING pc=0x000001939d2b76ce sp=0x000000487eff18c0 mode 0
Event: 10.624 Thread 0x00000193b5c30800 DEOPT PACKING pc=0x000001939e1ea3aa sp=0x000000487eff1cd0
Event: 10.624 Thread 0x00000193b5c30800 DEOPT UNPACKING pc=0x000001939d2b76ce sp=0x000000487eff12a8 mode 0
Event: 10.651 Thread 0x00000193b5c30800 DEOPT PACKING pc=0x000001939d8e7b2e sp=0x000000487eff2360
Event: 10.652 Thread 0x00000193b5c30800 DEOPT UNPACKING pc=0x000001939d2b76ce sp=0x000000487eff17d0 mode 0
Event: 10.656 Thread 0x00000193b5c30800 DEOPT PACKING pc=0x000001939e1ea3aa sp=0x000000487eff1cd0
Event: 10.656 Thread 0x00000193b5c30800 DEOPT UNPACKING pc=0x000001939d2b76ce sp=0x000000487eff12a8 mode 0
Event: 10.685 Thread 0x00000193b5c30800 DEOPT PACKING pc=0x000001939d8e7b2e sp=0x000000487eff2360
Event: 10.685 Thread 0x00000193b5c30800 DEOPT UNPACKING pc=0x000001939d2b76ce sp=0x000000487eff17d0 mode 0
Event: 10.685 Thread 0x00000193b5c30800 DEOPT PACKING pc=0x000001939daa1997 sp=0x000000487eff1e20
Event: 10.685 Thread 0x00000193b5c30800 DEOPT UNPACKING pc=0x000001939d2b76ce sp=0x000000487eff13a8 mode 0
Event: 10.740 Thread 0x00000193b5c30800 Uncommon trap: trap_request=0xffffff4d fr.pc=0x00000193a4f98788 relative=0x0000000000000528
Event: 10.740 Thread 0x00000193b5c30800 Uncommon trap: reason=unstable_if action=reinterpret pc=0x00000193a4f98788 method=com.google.common.collect.RegularImmutableMap.get([I[Ljava/lang/Object;IILjava/lang/Object;)Ljava/lang/Object; @ 34 c2
Event: 10.740 Thread 0x00000193b5c30800 DEOPT PACKING pc=0x00000193a4f98788 sp=0x000000487eff8040
Event: 10.740 Thread 0x00000193b5c30800 DEOPT UNPACKING pc=0x000001939d2b78af sp=0x000000487eff7f68 mode 2

Classes redefined (0 events):
No events

Internal exceptions (20 events):
Event: 10.528 Thread 0x00000193b5c30800 Exception <a 'java/security/PrivilegedActionException'{0x0000000083b2cd88}> (0x0000000083b2cd88) thrown at [./src/hotspot/share/prims/jvm.cpp, line 1306]
Event: 10.528 Thread 0x00000193b5c30800 Exception <a 'java/security/PrivilegedActionException'{0x0000000083b2f6f0}> (0x0000000083b2f6f0) thrown at [./src/hotspot/share/prims/jvm.cpp, line 1306]
Event: 10.528 Thread 0x00000193b5c30800 Exception <a 'java/security/PrivilegedActionException'{0x0000000083b30708}> (0x0000000083b30708) thrown at [./src/hotspot/share/prims/jvm.cpp, line 1306]
Event: 10.555 Thread 0x00000193b5c30800 Exception <a 'java/security/PrivilegedActionException'{0x0000000083bf3fc8}> (0x0000000083bf3fc8) thrown at [./src/hotspot/share/prims/jvm.cpp, line 1306]
Event: 10.556 Thread 0x00000193b5c30800 Exception <a 'java/security/PrivilegedActionException'{0x0000000083bf4fe0}> (0x0000000083bf4fe0) thrown at [./src/hotspot/share/prims/jvm.cpp, line 1306]
Event: 10.556 Thread 0x00000193b5c30800 Exception <a 'java/security/PrivilegedActionException'{0x0000000083bf7948}> (0x0000000083bf7948) thrown at [./src/hotspot/share/prims/jvm.cpp, line 1306]
Event: 10.556 Thread 0x00000193b5c30800 Exception <a 'java/security/PrivilegedActionException'{0x0000000083bf8960}> (0x0000000083bf8960) thrown at [./src/hotspot/share/prims/jvm.cpp, line 1306]
Event: 10.556 Thread 0x00000193b5c30800 Exception <a 'java/security/PrivilegedActionException'{0x0000000083bfb390}> (0x0000000083bfb390) thrown at [./src/hotspot/share/prims/jvm.cpp, line 1306]
Event: 10.557 Thread 0x00000193b5c30800 Exception <a 'java/security/PrivilegedActionException'{0x0000000083bfc3a8}> (0x0000000083bfc3a8) thrown at [./src/hotspot/share/prims/jvm.cpp, line 1306]
Event: 10.557 Thread 0x00000193b5c30800 Exception <a 'java/security/PrivilegedActionException'{0x0000000083bfed28}> (0x0000000083bfed28) thrown at [./src/hotspot/share/prims/jvm.cpp, line 1306]
Event: 10.557 Thread 0x00000193b5c30800 Exception <a 'java/security/PrivilegedActionException'{0x0000000083bffd40}> (0x0000000083bffd40) thrown at [./src/hotspot/share/prims/jvm.cpp, line 1306]
Event: 10.557 Thread 0x00000193b5c30800 Exception <a 'java/security/PrivilegedActionException'{0x0000000083a02bd0}> (0x0000000083a02bd0) thrown at [./src/hotspot/share/prims/jvm.cpp, line 1306]
Event: 10.557 Thread 0x00000193b5c30800 Exception <a 'java/security/PrivilegedActionException'{0x0000000083a03be8}> (0x0000000083a03be8) thrown at [./src/hotspot/share/prims/jvm.cpp, line 1306]
Event: 10.558 Thread 0x00000193b5c30800 Exception <a 'java/security/PrivilegedActionException'{0x0000000083a06618}> (0x0000000083a06618) thrown at [./src/hotspot/share/prims/jvm.cpp, line 1306]
Event: 10.558 Thread 0x00000193b5c30800 Exception <a 'java/security/PrivilegedActionException'{0x0000000083a07630}> (0x0000000083a07630) thrown at [./src/hotspot/share/prims/jvm.cpp, line 1306]
Event: 10.687 Thread 0x00000193b5c30800 Exception <a 'java/lang/ClassNotFoundException'{0x0000000086c335f0}: org/gradle/api/internal/project/DefaultProject_DecoratedBeanInfo> (0x0000000086c335f0) thrown at [./src/hotspot/share/classfile/systemDictionary.cpp, line 231]
Event: 10.688 Thread 0x00000193b5c30800 Exception <a 'java/lang/ClassNotFoundException'{0x0000000086c60360}: org/gradle/api/internal/project/DefaultProjectBeanInfo> (0x0000000086c60360) thrown at [./src/hotspot/share/classfile/systemDictionary.cpp, line 231]
Event: 10.690 Thread 0x00000193b5c30800 Exception <a 'java/lang/ClassNotFoundException'{0x0000000086ca5fa0}: org/gradle/api/internal/project/DefaultProjectCustomizer> (0x0000000086ca5fa0) thrown at [./src/hotspot/share/classfile/systemDictionary.cpp, line 231]
Event: 10.702 Thread 0x00000193b5c30800 Exception <a 'java/lang/ClassNotFoundException'{0x0000000086b607f0}: org/gradle/api/internal/project/DefaultProject_DecoratedCustomizer> (0x0000000086b607f0) thrown at [./src/hotspot/share/classfile/systemDictionary.cpp, line 231]
Event: 10.740 Thread 0x00000193b5c30800 Implicit null exception at 0x00000193a4f982b5 to 0x00000193a4f9876c

Events (20 events):
Event: 10.763 loading class org/gradle/api/tasks/TaskInputFilePropertyBuilder
Event: 10.763 loading class org/gradle/api/tasks/TaskInputFilePropertyBuilder done
Event: 10.763 loading class org/gradle/api/tasks/TaskFilePropertyBuilder
Event: 10.763 loading class org/gradle/api/tasks/TaskFilePropertyBuilder done
Event: 10.764 loading class org/gradle/api/tasks/TaskPropertyBuilder
Event: 10.764 loading class org/gradle/api/tasks/TaskPropertyBuilder done
Event: 10.765 loading class org/gradle/api/internal/FilePropertyContainer
Event: 10.765 loading class org/gradle/api/internal/FilePropertyContainer done
Event: 10.766 loading class org/gradle/api/internal/tasks/DefaultTaskInputs$TaskInputUnionFileCollection
Event: 10.766 loading class org/gradle/api/internal/tasks/DefaultTaskInputs$TaskInputUnionFileCollection done
Event: 10.767 loading class org/gradle/api/internal/file/CompositeFileCollection
Event: 10.767 loading class org/gradle/api/internal/file/CompositeFileCollection done
Event: 10.769 loading class org/gradle/api/internal/tasks/TaskInputsDeprecationSupport
Event: 10.769 loading class org/gradle/api/internal/tasks/TaskInputsDeprecationSupport done
Event: 10.770 loading class org/gradle/api/internal/tasks/DefaultTaskOutputs
Event: 10.770 loading class org/gradle/api/internal/tasks/DefaultTaskOutputs done
Event: 10.771 loading class org/gradle/api/tasks/TaskOutputFilePropertyBuilder
Event: 10.771 loading class org/gradle/api/tasks/TaskOutputFilePropertyBuilder done
Event: 10.772 loading class org/gradle/api/internal/tasks/DefaultTaskOutputs$TaskOutputUnionFileCollection
Event: 10.772 loading class org/gradle/api/internal/tasks/DefaultTaskOutputs$TaskOutputUnionFileCollection done


Dynamic libraries:
0x00007ff691190000 - 0x00007ff69119a000 	C:\Program Files\Android\Android Studio\jre\bin\java.exe
0x00007ffbb28b0000 - 0x00007ffbb2aa5000 	C:\WINDOWS\SYSTEM32\ntdll.dll
0x00007ffbb1d20000 - 0x00007ffbb1dde000 	C:\WINDOWS\System32\KERNEL32.DLL
0x00007ffbb0370000 - 0x00007ffbb0638000 	C:\WINDOWS\System32\KERNELBASE.dll
0x00007ffbb0270000 - 0x00007ffbb0370000 	C:\WINDOWS\System32\ucrtbase.dll
0x00007ffbaa730000 - 0x00007ffbaa749000 	C:\Program Files\Android\Android Studio\jre\bin\jli.dll
0x00007ffbaabb0000 - 0x00007ffbaabc7000 	C:\Program Files\Android\Android Studio\jre\bin\VCRUNTIME140.dll
0x00007ffbb26c0000 - 0x00007ffbb2861000 	C:\WINDOWS\System32\USER32.dll
0x00007ffbb0240000 - 0x00007ffbb0262000 	C:\WINDOWS\System32\win32u.dll
0x00007ffba00e0000 - 0x00007ffba037a000 	C:\WINDOWS\WinSxS\amd64_microsoft.windows.common-controls_6595b64144ccf1df_6.0.19041.1110_none_60b5254171f9507e\COMCTL32.dll
0x00007ffbb0a70000 - 0x00007ffbb0a9b000 	C:\WINDOWS\System32\GDI32.dll
0x00007ffbb1150000 - 0x00007ffbb11ee000 	C:\WINDOWS\System32\msvcrt.dll
0x00007ffbb0130000 - 0x00007ffbb023d000 	C:\WINDOWS\System32\gdi32full.dll
0x00007ffbb0850000 - 0x00007ffbb08ed000 	C:\WINDOWS\System32\msvcp_win.dll
0x00007ffbb0b00000 - 0x00007ffbb0b30000 	C:\WINDOWS\System32\IMM32.DLL
0x00007ffbaa690000 - 0x00007ffbaa72d000 	C:\Program Files\Android\Android Studio\jre\bin\msvcp140.dll
0x00007ffb54bf0000 - 0x00007ffb556bf000 	C:\Program Files\Android\Android Studio\jre\bin\server\jvm.dll
0x00007ffbb1b30000 - 0x00007ffbb1bdc000 	C:\WINDOWS\System32\ADVAPI32.dll
0x00007ffbb13c0000 - 0x00007ffbb145b000 	C:\WINDOWS\System32\sechost.dll
0x00007ffbb1be0000 - 0x00007ffbb1d0a000 	C:\WINDOWS\System32\RPCRT4.dll
0x00007ffbb1d10000 - 0x00007ffbb1d18000 	C:\WINDOWS\System32\PSAPI.DLL
0x00007ffbab880000 - 0x00007ffbab889000 	C:\WINDOWS\SYSTEM32\WSOCK32.dll
0x00007ffbb1460000 - 0x00007ffbb14cb000 	C:\WINDOWS\System32\WS2_32.dll
0x00007ffb99930000 - 0x00007ffb99957000 	C:\WINDOWS\SYSTEM32\WINMM.dll
0x00007ffbae740000 - 0x00007ffbae74a000 	C:\WINDOWS\SYSTEM32\VERSION.dll
0x00007ffbae890000 - 0x00007ffbae8a2000 	C:\WINDOWS\SYSTEM32\kernel.appcore.dll
0x00007ffb5d500000 - 0x00007ffb5d511000 	C:\Program Files\Android\Android Studio\jre\bin\verify.dll
0x00007ffba11b0000 - 0x00007ffba1394000 	C:\WINDOWS\SYSTEM32\DBGHELP.DLL
0x00007ffb9b810000 - 0x00007ffb9b83c000 	C:\WINDOWS\SYSTEM32\dbgcore.DLL
0x00007ffbb00a0000 - 0x00007ffbb0122000 	C:\WINDOWS\System32\bcryptPrimitives.dll
0x00007ffb5d490000 - 0x00007ffb5d4b9000 	C:\Program Files\Android\Android Studio\jre\bin\java.dll
0x00007ffb9fa10000 - 0x00007ffb9fa1b000 	C:\Program Files\Android\Android Studio\jre\bin\jimage.dll
0x00007ffb5c020000 - 0x00007ffb5c038000 	C:\Program Files\Android\Android Studio\jre\bin\zip.dll
0x00007ffbb1e40000 - 0x00007ffbb2584000 	C:\WINDOWS\System32\SHELL32.dll
0x00007ffbadef0000 - 0x00007ffbae684000 	C:\WINDOWS\SYSTEM32\windows.storage.dll
0x00007ffbb0d60000 - 0x00007ffbb10b5000 	C:\WINDOWS\System32\combase.dll
0x00007ffbaf940000 - 0x00007ffbaf96e000 	C:\WINDOWS\SYSTEM32\Wldp.dll
0x00007ffbb1a80000 - 0x00007ffbb1b2d000 	C:\WINDOWS\System32\SHCORE.dll
0x00007ffbb1de0000 - 0x00007ffbb1e35000 	C:\WINDOWS\System32\shlwapi.dll
0x00007ffbaff00000 - 0x00007ffbaff1f000 	C:\WINDOWS\SYSTEM32\profapi.dll
0x00007ffb5a430000 - 0x00007ffb5a44a000 	C:\Program Files\Android\Android Studio\jre\bin\net.dll
0x00007ffba0520000 - 0x00007ffba062c000 	C:\WINDOWS\SYSTEM32\WINHTTP.dll
0x00007ffbaf6a0000 - 0x00007ffbaf70a000 	C:\WINDOWS\system32\mswsock.dll
0x00007ffb5a320000 - 0x00007ffb5a334000 	C:\Program Files\Android\Android Studio\jre\bin\nio.dll
0x00007ffbaab30000 - 0x00007ffbaab57000 	C:\Users\NAS\.gradle\native\8bec1ad78214c89d9ad589b4d07fe93259594b29d510b10fafb7a158f7737e5d\windows-amd64\native-platform.dll
0x00007ffbaa940000 - 0x00007ffbaaa7d000 	C:\Users\NAS\.gradle\native\53dbd7edfb1c66fb8903c78663c9afc45aea4f116125fa6feffd364cf09443e8\windows-amd64\native-platform-file-events.dll
0x00007ffb9d570000 - 0x00007ffb9d57a000 	C:\Program Files\Android\Android Studio\jre\bin\management.dll
0x00007ffb99f70000 - 0x00007ffb99f7c000 	C:\Program Files\Android\Android Studio\jre\bin\management_ext.dll
0x00007ffbaf890000 - 0x00007ffbaf8a8000 	C:\WINDOWS\SYSTEM32\CRYPTSP.dll
0x00007ffbaf020000 - 0x00007ffbaf054000 	C:\WINDOWS\system32\rsaenh.dll
0x00007ffbb0070000 - 0x00007ffbb0097000 	C:\WINDOWS\System32\bcrypt.dll
0x00007ffbafe80000 - 0x00007ffbafeae000 	C:\WINDOWS\SYSTEM32\USERENV.dll
0x00007ffbaf8b0000 - 0x00007ffbaf8bc000 	C:\WINDOWS\SYSTEM32\CRYPTBASE.dll
0x00007ffbaf390000 - 0x00007ffbaf3cb000 	C:\WINDOWS\SYSTEM32\IPHLPAPI.DLL
0x00007ffbb11f0000 - 0x00007ffbb11f8000 	C:\WINDOWS\System32\NSI.dll
0x00007ffba5c30000 - 0x00007ffba5c47000 	C:\WINDOWS\SYSTEM32\dhcpcsvc6.DLL
0x00007ffba71a0000 - 0x00007ffba71bd000 	C:\WINDOWS\SYSTEM32\dhcpcsvc.DLL
0x00007ffbaf3d0000 - 0x00007ffbaf49b000 	C:\WINDOWS\SYSTEM32\DNSAPI.dll

dbghelp: loaded successfully - version: 4.0.5 - missing functions: none
symbol engine: initialized successfully - sym options: 0x614 - pdb path: .;C:\Program Files\Android\Android Studio\jre\bin;C:\WINDOWS\SYSTEM32;C:\WINDOWS\WinSxS\amd64_microsoft.windows.common-controls_6595b64144ccf1df_6.0.19041.1110_none_60b5254171f9507e;C:\Program Files\Android\Android Studio\jre\bin\server;C:\Users\NAS\.gradle\native\8bec1ad78214c89d9ad589b4d07fe93259594b29d510b10fafb7a158f7737e5d\windows-amd64;C:\Users\NAS\.gradle\native\53dbd7edfb1c66fb8903c78663c9afc45aea4f116125fa6feffd364cf09443e8\windows-amd64

VM Arguments:
jvm_args: --add-opens=java.base/java.util=ALL-UNNAMED --add-opens=java.base/java.lang=ALL-UNNAMED --add-opens=java.base/java.lang.invoke=ALL-UNNAMED --add-opens=java.base/java.util=ALL-UNNAMED --add-opens=java.prefs/java.util.prefs=ALL-UNNAMED --add-opens=java.prefs/java.util.prefs=ALL-UNNAMED --add-opens=java.base/java.nio.charset=ALL-UNNAMED --add-opens=java.base/java.net=ALL-UNNAMED --add-opens=java.base/java.util.concurrent.atomic=ALL-UNNAMED -Xmx2048m -Dfile.encoding=UTF-8 -Duser.country=ID -Duser.language=en -Duser.variant 
java_command: org.gradle.launcher.daemon.bootstrap.GradleDaemon 7.0.2
java_class_path (initial): C:\Users\NAS\.gradle\wrapper\dists\gradle-7.0.2-bin\857tjihv64xamwrf0h14cai3r\gradle-7.0.2\lib\gradle-launcher-7.0.2.jar
Launcher Type: SUN_STANDARD

[Global flags]
     intx CICompilerCount                          = 3                                         {product} {ergonomic}
     uint ConcGCThreads                            = 1                                         {product} {ergonomic}
     uint G1ConcRefinementThreads                  = 4                                         {product} {ergonomic}
   size_t G1HeapRegionSize                         = 1048576                                   {product} {ergonomic}
    uintx GCDrainStackTargetSize                   = 64                                        {product} {ergonomic}
   size_t InitialHeapSize                          = 67108864                                  {product} {ergonomic}
   size_t MarkStackSize                            = 4194304                                   {product} {ergonomic}
   size_t MaxHeapSize                              = 2147483648                                {product} {command line}
   size_t MaxNewSize                               = 1287651328                                {product} {ergonomic}
   size_t MinHeapDeltaBytes                        = 1048576                                   {product} {ergonomic}
    uintx NonNMethodCodeHeapSize                   = 5830732                                {pd product} {ergonomic}
    uintx NonProfiledCodeHeapSize                  = 122913754                              {pd product} {ergonomic}
    uintx ProfiledCodeHeapSize                     = 122913754                              {pd product} {ergonomic}
    uintx ReservedCodeCacheSize                    = 251658240                              {pd product} {ergonomic}
     bool SegmentedCodeCache                       = true                                      {product} {ergonomic}
     bool UseCompressedClassPointers               = true                                 {lp64_product} {ergonomic}
     bool UseCompressedOops                        = true                                 {lp64_product} {ergonomic}
     bool UseG1GC                                  = true                                      {product} {ergonomic}
     bool UseLargePagesIndividualAllocation        = false                                  {pd product} {ergonomic}

Logging:
Log output configuration:
 #0: stdout all=warning uptime,level,tags
 #1: stderr all=off uptime,level,tags

Environment Variables:
PATH=C:\Python310\Scripts\;C:\Python310\;C:\Program Files (x86)\Common Files\Oracle\Java\javapath;C:\Program Files\AdoptOpenJDK\jdk-15.0.2.7-hotspot\bin;C:\Program Files\Common Files\Oracle\Java\javapath;C:\ProgramData\Oracle\Java\javapath;C:\Program Files (x86)\Common Files\Intel\Shared Libraries\redist\intel64\compiler;C:\WINDOWS\system32;C:\WINDOWS;C:\WINDOWS\System32\Wbem;C:\WINDOWS\System32\WindowsPowerShell\v1.0\;C:\WINDOWS\System32\OpenSSH\;C:\Program Files\dotnet\;C:\Users\NAS\AppData\Roaming\Python\Python39\Scripts;C:\Program Files\Java\jdk-15.0.2\bin;C:\Program Files (x86)\Java\jre1.8.0_271\bin;C:\\Program Files\\NodeJS\\12-lts\\bin\\node.exe;C:\xampp\php;C:\ProgramData\ComposerSetup\bin;C:\Program Files\Git\cmd;C:\Program Files\PuTTY\;C:\ProgramData\chocolatey\bin;C:\Program Files\AdoptOpenJDK\jdk-11.0.11\bin;C:\Program Files\flutter\bin;C:\Program Files\nodejs\;C:\Users\NAS\AppData\Local\Programs\Python\Python39\Scripts\;C:\Users\NAS\AppData\Local\Programs\Python\Python39\;C:\Users\NAS\AppData\Local\Microsoft\WindowsApps;C:\Users\NAS\.dotnet\tools;C:\Program Files\Java\jdk-15.0.2\bin;C:\Program Files\JetBrains\JetBrains Rider 2020.3.3\bin;C:\Program Files\Java\jdk1.8.0_111\bin;C:\Program Files\AdoptOpenJDK\jdk-15.0.2.7-hotspot;C:\Program Files\JetBrains\PyCharm Community Edition 2021.1\bin;C:\Users\NAS\AppData\Roaming\Composer\vendor\bin;C:\Users\NAS\AppData\Local\GitHubDesktop\bin;C:\Program Files\JetBrains\WebStorm 2021.1.3\bin;C:\Users\NAS\AppData\Local\Microsoft\WindowsApps;F:\android\BelajarAndoid\gradle-7.0.2\bin;C:\Users\NAS\AppData\Local\Programs\Microsoft VS Code\bin;C:\Users\NAS\AppData\Roaming\npm
USERNAME=NAS
OS=Windows_NT
PROCESSOR_IDENTIFIER=Intel64 Family 6 Model 61 Stepping 4, GenuineIntel



---------------  S Y S T E M  ---------------

OS: Windows 10 , 64 bit Build 19041 (10.0.19041.1348)
OS uptime: 0 days 0:54 hours

CPU:total 4 (initial active 4) (2 cores per cpu, 2 threads per core) family 6 model 61 stepping 4 microcode 0x2d, cmov, cx8, fxsr, mmx, sse, sse2, sse3, ssse3, sse4.1, sse4.2, popcnt, avx, avx2, aes, clmul, erms, 3dnowpref, lzcnt, ht, tsc, tscinvbit, bmi1, bmi2, adx, fma

Memory: 4k page, system-wide physical 3996M (419M free)
TotalPageFile size 16284M (AvailPageFile size 3M)
current process WorkingSet (physical memory assigned to process): 269M, peak: 269M
current process commit charge ("private bytes"): 313M, peak: 313M

vm_info: OpenJDK 64-Bit Server VM (11.0.10+0-b96-7249189) for windows-amd64 JRE (11.0.10+0-b96-7249189), built on Mar 31 2021 21:44:00 by "builder" with MS VC++ 14.0 (VS2015)

END.
