#
# There is insufficient memory for the Java Runtime Environment to continue.
# Native memory allocation (mmap) failed to map 24117248 bytes for Failed to commit area from 0x0000000087000000 to 0x0000000088700000 of length 24117248.
# Possible reasons:
#   The system is out of physical RAM or swap space
#   The process is running with CompressedOops enabled, and the Java Heap may be blocking the growth of the native heap
# Possible solutions:
#   Reduce memory load on the system
#   Increase physical memory or swap space
#   Check if swap backing store is full
#   Decrease Java heap size (-Xmx/-Xms)
#   Decrease number of Java threads
#   Decrease Java thread stack sizes (-Xss)
#   Set larger code cache with -XX:ReservedCodeCacheSize=
#   JVM is running with Unscaled Compressed Oops mode in which the Java heap is
#     placed in the first 4GB address space. The Java Heap base address is the
#     maximum limit for the native heap growth. Please use -XX:HeapBaseMinAddress
#     to set the Java Heap base and to place the Java Heap above 4GB virtual address.
# This output file may be truncated or incomplete.
#
#  Out of Memory Error (./src/hotspot/os/windows/os_windows.cpp:3301), pid=10080, tid=6032
#
# JRE version: OpenJDK Runtime Environment (11.0.10) (build 11.0.10+0-b96-7249189)
# Java VM: OpenJDK 64-Bit Server VM (11.0.10+0-b96-7249189, mixed mode, tiered, compressed oops, g1 gc, windows-amd64)
# No core dump will be written. Minidumps are not enabled by default on client versions of Windows
#

---------------  S U M M A R Y ------------

Command Line: --add-opens=java.base/java.util=ALL-UNNAMED --add-opens=java.base/java.lang=ALL-UNNAMED --add-opens=java.base/java.lang.invoke=ALL-UNNAMED --add-opens=java.base/java.util=ALL-UNNAMED --add-opens=java.prefs/java.util.prefs=ALL-UNNAMED --add-opens=java.prefs/java.util.prefs=ALL-UNNAMED --add-opens=java.base/java.nio.charset=ALL-UNNAMED --add-opens=java.base/java.net=ALL-UNNAMED --add-opens=java.base/java.util.concurrent.atomic=ALL-UNNAMED -Xmx2048m -Dfile.encoding=UTF-8 -Duser.country=ID -Duser.language=en -Duser.variant org.gradle.launcher.daemon.bootstrap.GradleDaemon 7.0.2

Host: Intel(R) Core(TM) i3-5005U CPU @ 2.00GHz, 4 cores, 3G,  Windows 10 , 64 bit Build 19041 (10.0.19041.1348)
Time: Thu Dec 30 11:10:28 2021 Eastern Standard Time elapsed time: 15.074288 seconds (0d 0h 0m 15s)

---------------  T H R E A D  ---------------

Current thread (0x000001d2a5697800):  VMThread "VM Thread" [stack: 0x000000c321700000,0x000000c321800000] [id=6032]

Stack: [0x000000c321700000,0x000000c321800000]
[error occurred during error reporting (printing stack bounds), id 0xc0000005, EXCEPTION_ACCESS_VIOLATION (0xc0000005) at pc=0x000001d28f5e0f2d]

Native frames: (J=compiled Java code, j=interpreted, Vv=VM code, C=native code)
V  [jvm.dll+0x5ecfaa]
V  [jvm.dll+0x722bd5]
V  [jvm.dll+0x72412d]
V  [jvm.dll+0x724745]
V  [jvm.dll+0x7246fb]
V  [jvm.dll+0x5ec348]
V  [jvm.dll+0x5ecad8]
C  [ntdll.dll+0xa20cf]
C  [ntdll.dll+0x51454]
C  [ntdll.dll+0xa0bfe]
C  0x000001d28f5e0f2d

VM_Operation (0x000000c322bf57f0): G1CollectForAllocation, mode: safepoint, requested by thread 0x000001d2a8a54800


---------------  P R O C E S S  ---------------

Threads class SMR info:
_java_thread_list=0x000001d2a6303c80, length=43, elements={
0x000001d28baf0000, 0x000001d2a569d000, 0x000001d2a56a0800, 0x000001d2a56f6800,
0x000001d2a56fb000, 0x000001d2a56fd000, 0x000001d2a56fe800, 0x000001d2a570a800,
0x000001d2a6030800, 0x000001d2a616c000, 0x000001d2a7572800, 0x000001d2a8bea800,
0x000001d2a63d5000, 0x000001d2a8db7800, 0x000001d2a809b800, 0x000001d2a89ed800,
0x000001d2a8a54800, 0x000001d2a9753800, 0x000001d2a87de000, 0x000001d2a78a5000,
0x000001d2a89e3000, 0x000001d2a89e6000, 0x000001d2a89e4800, 0x000001d2a89e0800,
0x000001d2a89e1800, 0x000001d2a89e4000, 0x000001d2a89e2000, 0x000001d2a89e5800,
0x000001d2a89e7000, 0x000001d2ab850000, 0x000001d2ab853800, 0x000001d2ab84f800,
0x000001d2ab852800, 0x000001d2ab855000, 0x000001d2ab857800, 0x000001d2ab851800,
0x000001d2ab85a800, 0x000001d2ab85c800, 0x000001d2ab85d000, 0x000001d2ab85a000,
0x000001d2ab858000, 0x000001d2ab85b800, 0x000001d2ab85e000
}

Java Threads: ( => current thread )
  0x000001d28baf0000 JavaThread "main" [_thread_blocked, id=7528, stack(0x000000c321100000,0x000000c321200000)]
  0x000001d2a569d000 JavaThread "Reference Handler" daemon [_thread_blocked, id=10404, stack(0x000000c321800000,0x000000c321900000)]
  0x000001d2a56a0800 JavaThread "Finalizer" daemon [_thread_blocked, id=11040, stack(0x000000c321900000,0x000000c321a00000)]
  0x000001d2a56f6800 JavaThread "Signal Dispatcher" daemon [_thread_blocked, id=8872, stack(0x000000c321a00000,0x000000c321b00000)]
  0x000001d2a56fb000 JavaThread "Attach Listener" daemon [_thread_blocked, id=9680, stack(0x000000c321b00000,0x000000c321c00000)]
  0x000001d2a56fd000 JavaThread "Service Thread" daemon [_thread_blocked, id=7956, stack(0x000000c321c00000,0x000000c321d00000)]
  0x000001d2a56fe800 JavaThread "C2 CompilerThread0" daemon [_thread_blocked, id=3192, stack(0x000000c321d00000,0x000000c321e00000)]
  0x000001d2a570a800 JavaThread "C1 CompilerThread0" daemon [_thread_blocked, id=9124, stack(0x000000c321e00000,0x000000c321f00000)]
  0x000001d2a6030800 JavaThread "Sweeper thread" daemon [_thread_blocked, id=6568, stack(0x000000c321f00000,0x000000c322000000)]
  0x000001d2a616c000 JavaThread "Common-Cleaner" daemon [_thread_blocked, id=2460, stack(0x000000c322000000,0x000000c322100000)]
  0x000001d2a7572800 JavaThread "Daemon health stats" [_thread_blocked, id=11544, stack(0x000000c322400000,0x000000c322500000)]
  0x000001d2a8bea800 JavaThread "Incoming local TCP Connector on port 53025" [_thread_in_native, id=10340, stack(0x000000c322200000,0x000000c322300000)]
  0x000001d2a63d5000 JavaThread "Daemon periodic checks" [_thread_blocked, id=944, stack(0x000000c322700000,0x000000c322800000)]
  0x000001d2a8db7800 JavaThread "Daemon" [_thread_blocked, id=1944, stack(0x000000c322800000,0x000000c322900000)]
  0x000001d2a809b800 JavaThread "Handler for socket connection from /127.0.0.1:53025 to /127.0.0.1:53026" [_thread_in_native, id=10324, stack(0x000000c322900000,0x000000c322a00000)]
  0x000001d2a89ed800 JavaThread "Cancel handler" [_thread_blocked, id=5780, stack(0x000000c322a00000,0x000000c322b00000)]
  0x000001d2a8a54800 JavaThread "Daemon worker" [_thread_blocked, id=5868, stack(0x000000c322b00000,0x000000c322c00000)]
  0x000001d2a9753800 JavaThread "C2 CompilerThread1" daemon [_thread_blocked, id=9064, stack(0x000000c322c00000,0x000000c322d00000)]
  0x000001d2a87de000 JavaThread "Asynchronous log dispatcher for DefaultDaemonConnection: socket connection from /127.0.0.1:53025 to /127.0.0.1:53026" [_thread_blocked, id=8504, stack(0x000000c322d00000,0x000000c322e00000)]
  0x000001d2a78a5000 JavaThread "Stdin handler" [_thread_blocked, id=8300, stack(0x000000c322e00000,0x000000c322f00000)]
  0x000001d2a89e3000 JavaThread "Daemon client event forwarder" [_thread_blocked, id=6496, stack(0x000000c322f00000,0x000000c323000000)]
  0x000001d2a89e6000 JavaThread "Cache worker for file hash cache (C:\Users\NAS\.gradle\caches\7.0.2\fileHashes)" [_thread_blocked, id=6332, stack(0x000000c323000000,0x000000c323100000)]
  0x000001d2a89e4800 JavaThread "File lock request listener" [_thread_in_native, id=12000, stack(0x000000c323100000,0x000000c323200000)]
  0x000001d2a89e0800 JavaThread "Cache worker for journal cache (C:\Users\NAS\.gradle\caches\journal-1)" [_thread_blocked, id=6912, stack(0x000000c323200000,0x000000c323300000)]
  0x000001d2a89e1800 JavaThread "Cache worker for file hash cache (B:\Mobile\ProjectUas\.gradle\7.0.2\fileHashes)" [_thread_blocked, id=7484, stack(0x000000c323300000,0x000000c323400000)]
  0x000001d2a89e4000 JavaThread "File watcher server" daemon [_thread_in_native, id=1528, stack(0x000000c323400000,0x000000c323500000)]
  0x000001d2a89e2000 JavaThread "File watcher consumer" daemon [_thread_blocked, id=676, stack(0x000000c323500000,0x000000c323600000)]
  0x000001d2a89e5800 JavaThread "Cache worker for checksums cache (B:\Mobile\ProjectUas\.gradle\checksums)" [_thread_blocked, id=5332, stack(0x000000c323600000,0x000000c323700000)]
  0x000001d2a89e7000 JavaThread "Cache worker for cache directory md-supplier (C:\Users\NAS\.gradle\caches\7.0.2\md-supplier)" [_thread_blocked, id=3608, stack(0x000000c323700000,0x000000c323800000)]
  0x000001d2ab850000 JavaThread "Cache worker for cache directory md-rule (C:\Users\NAS\.gradle\caches\7.0.2\md-rule)" [_thread_blocked, id=4768, stack(0x000000c323800000,0x000000c323900000)]
  0x000001d2ab853800 JavaThread "Cache worker for execution history cache (C:\Users\NAS\.gradle\caches\7.0.2\executionHistory)" [_thread_blocked, id=10284, stack(0x000000c323900000,0x000000c323a00000)]
  0x000001d2ab84f800 JavaThread "jar transforms" [_thread_blocked, id=11176, stack(0x000000c323a00000,0x000000c323b00000)]
  0x000001d2ab852800 JavaThread "jar transforms Thread 2" [_thread_blocked, id=1516, stack(0x000000c323b00000,0x000000c323c00000)]
  0x000001d2ab855000 JavaThread "Cache worker for file content cache (C:\Users\NAS\.gradle\caches\7.0.2\fileContent)" [_thread_blocked, id=8316, stack(0x000000c323c00000,0x000000c323d00000)]
  0x000001d2ab857800 JavaThread "Cache worker for dependencies-accessors (B:\Mobile\ProjectUas\.gradle\7.0.2\dependencies-accessors)" [_thread_blocked, id=10052, stack(0x000000c323d00000,0x000000c323e00000)]
  0x000001d2ab851800 JavaThread "jar transforms Thread 3" [_thread_blocked, id=7364, stack(0x000000c323e00000,0x000000c323f00000)]
  0x000001d2ab85a800 JavaThread "Cache worker for Build Output Cleanup Cache (B:\Mobile\ProjectUas\.gradle\buildOutputCleanup)" [_thread_blocked, id=8372, stack(0x000000c323f00000,0x000000c324000000)]
  0x000001d2ab85c800 JavaThread "Build operations" [_thread_blocked, id=3464, stack(0x000000c324000000,0x000000c324100000)]
  0x000001d2ab85d000 JavaThread "Build operations Thread 2" [_thread_blocked, id=9900, stack(0x000000c324100000,0x000000c324200000)]
  0x000001d2ab85a000 JavaThread "Build operations Thread 3" [_thread_blocked, id=6712, stack(0x000000c324200000,0x000000c324300000)]
  0x000001d2ab858000 JavaThread "Build operations Thread 4" [_thread_blocked, id=11968, stack(0x000000c324300000,0x000000c324400000)]
  0x000001d2ab85b800 JavaThread "jar transforms Thread 4" [_thread_blocked, id=9668, stack(0x000000c324400000,0x000000c324500000)]
  0x000001d2ab85e000 JavaThread "Memory manager" [_thread_blocked, id=7820, stack(0x000000c324500000,0x000000c324600000)]

Other Threads:
=>0x000001d2a5697800 VMThread "VM Thread" [stack: 0x000000c321700000,0x000000c321800000] [id=6032]
  0x000001d2a6186800 WatcherThread [stack: 0x000000c322100000,0x000000c322200000] [id=12272]
  0x000001d28bb09000 GCTaskThread "GC Thread#0" [stack: 0x000000c321200000,0x000000c321300000] [id=10952]
  0x000001d2a646c800 GCTaskThread "GC Thread#1" [stack: 0x000000c322300000,0x000000c322400000] [id=8392]
  0x000001d2a72fd800 GCTaskThread "GC Thread#2" [stack: 0x000000c322500000,0x000000c322600000] [id=8696]
  0x000001d2a80c6000 GCTaskThread "GC Thread#3" [stack: 0x000000c322600000,0x000000c322700000] [id=4208]
  0x000001d28bb3b000 ConcurrentGCThread "G1 Main Marker" [stack: 0x000000c321300000,0x000000c321400000] [id=8716]
  0x000001d28bb3d000 ConcurrentGCThread "G1 Conc#0" [stack: 0x000000c321400000,0x000000c321500000] [id=9136]
  0x000001d28bb97000 ConcurrentGCThread "G1 Refine#0" [stack: 0x000000c321500000,0x000000c321600000] [id=2640]
  0x000001d28bb98800 ConcurrentGCThread "G1 Young RemSet Sampling" [stack: 0x000000c321600000,0x000000c321700000] [id=9396]

Threads with active compile tasks:
C2 CompilerThread0  15094 6537  s    4       java.util.Hashtable::put (104 bytes)
C1 CompilerThread0  15094 6536   !   3       java.lang.reflect.Executable::sharedToGenericString (321 bytes)
C2 CompilerThread1  15094 6530   !   4       jdk.internal.loader.BuiltinClassLoader::loadClassOrNull (143 bytes)

VM state:at safepoint (normal execution)

VM Mutex/Monitor currently owned by a thread:  ([mutex/lock_event])
[0x000001d28baebec0] Threads_lock - owner thread: 0x000001d2a5697800
[0x000001d28baebe30] Heap_lock - owner thread: 0x000001d2a8a54800

Heap address: 0x0000000080000000, size: 2048 MB, Compressed Oops mode: 32-bit
Narrow klass base: 0x0000000000000000, Narrow klass shift: 3
Compressed class space size: 1073741824 Address: 0x0000000100000000

Heap:
 garbage-first heap   total 138240K, used 57743K [0x0000000080000000, 0x0000000100000000)
  region size 1024K, 3 young (3072K), 3 survivors (3072K)
 Metaspace       used 66307K, capacity 67853K, committed 68044K, reserved 1107968K
  class space    used 8357K, capacity 8919K, committed 8960K, reserved 1048576K
Heap Regions: E=young(eden), S=young(survivor), O=old, HS=humongous(starts), HC=humongous(continues), CS=collection set, F=free, A=archive, TAMS=top-at-mark-start (previous, next)
|   0|0x0000000080000000, 0x0000000080100000, 0x0000000080100000|100%| O|  |TAMS 0x0000000080100000, 0x0000000080000000| Untracked 
|   1|0x0000000080100000, 0x0000000080200000, 0x0000000080200000|100%| O|  |TAMS 0x0000000080200000, 0x0000000080100000| Untracked 
|   2|0x0000000080200000, 0x0000000080300000, 0x0000000080300000|100%| O|  |TAMS 0x0000000080300000, 0x0000000080200000| Untracked 
|   3|0x0000000080300000, 0x0000000080400000, 0x0000000080400000|100%|HS|  |TAMS 0x0000000080400000, 0x0000000080300000| Complete 
|   4|0x0000000080400000, 0x0000000080500000, 0x0000000080500000|100%|HC|  |TAMS 0x0000000080500000, 0x0000000080400000| Complete 
|   5|0x0000000080500000, 0x0000000080600000, 0x0000000080600000|100%|HC|  |TAMS 0x0000000080600000, 0x0000000080500000| Complete 
|   6|0x0000000080600000, 0x0000000080700000, 0x0000000080700000|100%| O|  |TAMS 0x0000000080700000, 0x0000000080600000| Untracked 
|   7|0x0000000080700000, 0x0000000080800000, 0x0000000080800000|100%| O|  |TAMS 0x0000000080800000, 0x0000000080700000| Untracked 
|   8|0x0000000080800000, 0x0000000080900000, 0x0000000080900000|100%| O|  |TAMS 0x0000000080900000, 0x0000000080800000| Untracked 
|   9|0x0000000080900000, 0x0000000080a00000, 0x0000000080a00000|100%| O|  |TAMS 0x0000000080a00000, 0x0000000080900000| Untracked 
|  10|0x0000000080a00000, 0x0000000080b00000, 0x0000000080b00000|100%| O|  |TAMS 0x0000000080b00000, 0x0000000080a00000| Untracked 
|  11|0x0000000080b00000, 0x0000000080c00000, 0x0000000080c00000|100%| O|  |TAMS 0x0000000080c00000, 0x0000000080b00000| Untracked 
|  12|0x0000000080c00000, 0x0000000080d00000, 0x0000000080d00000|100%| O|  |TAMS 0x0000000080d00000, 0x0000000080c00000| Untracked 
|  13|0x0000000080d00000, 0x0000000080e00000, 0x0000000080e00000|100%| O|  |TAMS 0x0000000080e00000, 0x0000000080d00000| Untracked 
|  14|0x0000000080e00000, 0x0000000080f00000, 0x0000000080f00000|100%| O|  |TAMS 0x0000000080f00000, 0x0000000080e00000| Untracked 
|  15|0x0000000080f00000, 0x0000000081000000, 0x0000000081000000|100%| O|  |TAMS 0x0000000081000000, 0x0000000080f00000| Untracked 
|  16|0x0000000081000000, 0x0000000081100000, 0x0000000081100000|100%| O|  |TAMS 0x0000000081100000, 0x0000000081000000| Untracked 
|  17|0x0000000081100000, 0x0000000081200000, 0x0000000081200000|100%| O|  |TAMS 0x0000000081200000, 0x0000000081100000| Untracked 
|  18|0x0000000081200000, 0x0000000081300000, 0x0000000081300000|100%| O|  |TAMS 0x0000000081300000, 0x0000000081200000| Untracked 
|  19|0x0000000081300000, 0x0000000081400000, 0x0000000081400000|100%| O|  |TAMS 0x0000000081400000, 0x0000000081300000| Untracked 
|  20|0x0000000081400000, 0x0000000081500000, 0x0000000081500000|100%| O|  |TAMS 0x0000000081500000, 0x0000000081400000| Untracked 
|  21|0x0000000081500000, 0x0000000081600000, 0x0000000081600000|100%| O|  |TAMS 0x0000000081600000, 0x0000000081500000| Untracked 
|  22|0x0000000081600000, 0x0000000081700000, 0x0000000081700000|100%| O|  |TAMS 0x0000000081700000, 0x0000000081600000| Untracked 
|  23|0x0000000081700000, 0x0000000081800000, 0x0000000081800000|100%| O|  |TAMS 0x0000000081800000, 0x0000000081700000| Untracked 
|  24|0x0000000081800000, 0x0000000081900000, 0x0000000081900000|100%| O|  |TAMS 0x0000000081900000, 0x0000000081800000| Untracked 
|  25|0x0000000081900000, 0x0000000081a00000, 0x0000000081a00000|100%| O|  |TAMS 0x0000000081a00000, 0x0000000081900000| Untracked 
|  26|0x0000000081a00000, 0x0000000081b00000, 0x0000000081b00000|100%| O|  |TAMS 0x0000000081b00000, 0x0000000081a00000| Untracked 
|  27|0x0000000081b00000, 0x0000000081c00000, 0x0000000081c00000|100%| O|  |TAMS 0x0000000081c00000, 0x0000000081b00000| Untracked 
|  28|0x0000000081c00000, 0x0000000081d00000, 0x0000000081d00000|100%|HS|  |TAMS 0x0000000081d00000, 0x0000000081c00000| Complete 
|  29|0x0000000081d00000, 0x0000000081e00000, 0x0000000081e00000|100%|HS|  |TAMS 0x0000000081e00000, 0x0000000081d00000| Complete 
|  30|0x0000000081e00000, 0x0000000081f00000, 0x0000000081f00000|100%|HS|  |TAMS 0x0000000081f00000, 0x0000000081e00000| Complete 
|  31|0x0000000081f00000, 0x0000000082000000, 0x0000000082000000|100%|HS|  |TAMS 0x0000000082000000, 0x0000000081f00000| Complete 
|  32|0x0000000082000000, 0x0000000082100000, 0x0000000082100000|100%|HC|  |TAMS 0x0000000082100000, 0x0000000082000000| Complete 
|  33|0x0000000082100000, 0x0000000082200000, 0x0000000082200000|100%|HC|  |TAMS 0x0000000082200000, 0x0000000082100000| Complete 
|  34|0x0000000082200000, 0x0000000082300000, 0x0000000082300000|100%|HS|  |TAMS 0x0000000082300000, 0x0000000082200000| Complete 
|  35|0x0000000082300000, 0x0000000082400000, 0x0000000082400000|100%|HC|  |TAMS 0x0000000082400000, 0x0000000082300000| Complete 
|  36|0x0000000082400000, 0x0000000082500000, 0x0000000082500000|100%| O|  |TAMS 0x0000000082500000, 0x0000000082400000| Untracked 
|  37|0x0000000082500000, 0x0000000082600000, 0x0000000082600000|100%| O|  |TAMS 0x0000000082600000, 0x0000000082500000| Untracked 
|  38|0x0000000082600000, 0x0000000082700000, 0x0000000082700000|100%| O|  |TAMS 0x0000000082700000, 0x0000000082600000| Untracked 
|  39|0x0000000082700000, 0x0000000082800000, 0x0000000082800000|100%| O|  |TAMS 0x0000000082800000, 0x0000000082700000| Untracked 
|  40|0x0000000082800000, 0x0000000082900000, 0x0000000082900000|100%| O|  |TAMS 0x0000000082900000, 0x0000000082800000| Untracked 
|  41|0x0000000082900000, 0x0000000082a00000, 0x0000000082a00000|100%| O|  |TAMS 0x0000000082a00000, 0x0000000082900000| Untracked 
|  42|0x0000000082a00000, 0x0000000082b00000, 0x0000000082b00000|100%| O|  |TAMS 0x0000000082b00000, 0x0000000082a00000| Untracked 
|  43|0x0000000082b00000, 0x0000000082c00000, 0x0000000082c00000|100%| O|  |TAMS 0x0000000082c00000, 0x0000000082b00000| Untracked 
|  44|0x0000000082c00000, 0x0000000082d00000, 0x0000000082d00000|100%| O|  |TAMS 0x0000000082d00000, 0x0000000082c00000| Untracked 
|  45|0x0000000082d00000, 0x0000000082e00000, 0x0000000082e00000|100%| O|  |TAMS 0x0000000082e00000, 0x0000000082d00000| Untracked 
|  46|0x0000000082e00000, 0x0000000082f00000, 0x0000000082f00000|100%| O|  |TAMS 0x0000000082f00000, 0x0000000082e00000| Untracked 
|  47|0x0000000082f00000, 0x0000000083000000, 0x0000000083000000|100%| O|  |TAMS 0x0000000083000000, 0x0000000082f00000| Untracked 
|  48|0x0000000083000000, 0x0000000083100000, 0x0000000083100000|100%| O|  |TAMS 0x0000000083100000, 0x0000000083000000| Untracked 
|  49|0x0000000083100000, 0x00000000831f4c00, 0x0000000083200000| 95%| O|  |TAMS 0x00000000831f4c00, 0x0000000083100000| Untracked 
|  50|0x0000000083200000, 0x0000000083200000, 0x0000000083300000|  0%| F|  |TAMS 0x0000000083200000, 0x0000000083200000| Untracked 
|  51|0x0000000083300000, 0x0000000083400000, 0x0000000083400000|100%| O|  |TAMS 0x0000000083400000, 0x0000000083300000| Untracked 
|  52|0x0000000083400000, 0x0000000083500000, 0x0000000083500000|100%| O|  |TAMS 0x0000000083500000, 0x0000000083400000| Untracked 
|  53|0x0000000083500000, 0x0000000083600000, 0x0000000083600000|100%| O|  |TAMS 0x0000000083600000, 0x0000000083500000| Untracked 
|  54|0x0000000083600000, 0x0000000083700000, 0x0000000083700000|100%| O|  |TAMS 0x0000000083700000, 0x0000000083600000| Untracked 
|  55|0x0000000083700000, 0x0000000083700000, 0x0000000083800000|  0%| F|  |TAMS 0x0000000083700000, 0x0000000083700000| Untracked 
|  56|0x0000000083800000, 0x0000000083800000, 0x0000000083900000|  0%| F|  |TAMS 0x0000000083800000, 0x0000000083800000| Untracked 
|  57|0x0000000083900000, 0x0000000083900000, 0x0000000083a00000|  0%| F|  |TAMS 0x0000000083900000, 0x0000000083900000| Untracked 
|  58|0x0000000083a00000, 0x0000000083a00000, 0x0000000083b00000|  0%| F|  |TAMS 0x0000000083a00000, 0x0000000083a00000| Untracked 
|  59|0x0000000083b00000, 0x0000000083b00000, 0x0000000083c00000|  0%| F|  |TAMS 0x0000000083b00000, 0x0000000083b00000| Untracked 
|  60|0x0000000083c00000, 0x0000000083c00000, 0x0000000083d00000|  0%| F|  |TAMS 0x0000000083c00000, 0x0000000083c00000| Untracked 
|  61|0x0000000083d00000, 0x0000000083d00000, 0x0000000083e00000|  0%| F|  |TAMS 0x0000000083d00000, 0x0000000083d00000| Untracked 
|  62|0x0000000083e00000, 0x0000000083e00000, 0x0000000083f00000|  0%| F|  |TAMS 0x0000000083e00000, 0x0000000083e00000| Untracked 
|  63|0x0000000083f00000, 0x0000000083f00000, 0x0000000084000000|  0%| F|  |TAMS 0x0000000083f00000, 0x0000000083f00000| Untracked 
|  64|0x0000000084000000, 0x0000000084000000, 0x0000000084100000|  0%| F|  |TAMS 0x0000000084000000, 0x0000000084000000| Untracked 
|  65|0x0000000084100000, 0x0000000084100000, 0x0000000084200000|  0%| F|  |TAMS 0x0000000084100000, 0x0000000084100000| Untracked 
|  66|0x0000000084200000, 0x0000000084200000, 0x0000000084300000|  0%| F|  |TAMS 0x0000000084200000, 0x0000000084200000| Untracked 
|  67|0x0000000084300000, 0x0000000084300000, 0x0000000084400000|  0%| F|  |TAMS 0x0000000084300000, 0x0000000084300000| Untracked 
|  68|0x0000000084400000, 0x0000000084400000, 0x0000000084500000|  0%| F|  |TAMS 0x0000000084400000, 0x0000000084400000| Untracked 
|  69|0x0000000084500000, 0x0000000084500000, 0x0000000084600000|  0%| F|  |TAMS 0x0000000084500000, 0x0000000084500000| Untracked 
|  70|0x0000000084600000, 0x0000000084600000, 0x0000000084700000|  0%| F|  |TAMS 0x0000000084600000, 0x0000000084600000| Untracked 
|  71|0x0000000084700000, 0x0000000084700000, 0x0000000084800000|  0%| F|  |TAMS 0x0000000084700000, 0x0000000084700000| Untracked 
|  72|0x0000000084800000, 0x0000000084800000, 0x0000000084900000|  0%| F|  |TAMS 0x0000000084800000, 0x0000000084800000| Untracked 
|  73|0x0000000084900000, 0x0000000084900000, 0x0000000084a00000|  0%| F|  |TAMS 0x0000000084900000, 0x0000000084900000| Untracked 
|  74|0x0000000084a00000, 0x0000000084a00000, 0x0000000084b00000|  0%| F|  |TAMS 0x0000000084a00000, 0x0000000084a00000| Untracked 
|  75|0x0000000084b00000, 0x0000000084b00000, 0x0000000084c00000|  0%| F|  |TAMS 0x0000000084b00000, 0x0000000084b00000| Untracked 
|  76|0x0000000084c00000, 0x0000000084c00000, 0x0000000084d00000|  0%| F|  |TAMS 0x0000000084c00000, 0x0000000084c00000| Untracked 
|  77|0x0000000084d00000, 0x0000000084d6f270, 0x0000000084e00000| 43%| S|CS|TAMS 0x0000000084d00000, 0x0000000084d00000| Complete 
|  78|0x0000000084e00000, 0x0000000084f00000, 0x0000000084f00000|100%| S|CS|TAMS 0x0000000084e00000, 0x0000000084e00000| Complete 
|  79|0x0000000084f00000, 0x0000000085000000, 0x0000000085000000|100%| S|CS|TAMS 0x0000000084f00000, 0x0000000084f00000| Complete 
|  80|0x0000000085000000, 0x0000000085000000, 0x0000000085100000|  0%| F|  |TAMS 0x0000000085000000, 0x0000000085000000| Untracked 
|  81|0x0000000085100000, 0x0000000085100000, 0x0000000085200000|  0%| F|  |TAMS 0x0000000085100000, 0x0000000085100000| Untracked 
|  82|0x0000000085200000, 0x0000000085200000, 0x0000000085300000|  0%| F|  |TAMS 0x0000000085200000, 0x0000000085200000| Untracked 
|  83|0x0000000085300000, 0x0000000085300000, 0x0000000085400000|  0%| F|  |TAMS 0x0000000085300000, 0x0000000085300000| Untracked 
|  84|0x0000000085400000, 0x0000000085400000, 0x0000000085500000|  0%| F|  |TAMS 0x0000000085400000, 0x0000000085400000| Untracked 
|  85|0x0000000085500000, 0x0000000085500000, 0x0000000085600000|  0%| F|  |TAMS 0x0000000085500000, 0x0000000085500000| Untracked 
|  86|0x0000000085600000, 0x0000000085600000, 0x0000000085700000|  0%| F|  |TAMS 0x0000000085600000, 0x0000000085600000| Untracked 
|  87|0x0000000085700000, 0x0000000085700000, 0x0000000085800000|  0%| F|  |TAMS 0x0000000085700000, 0x0000000085700000| Untracked 
|  88|0x0000000085800000, 0x0000000085800000, 0x0000000085900000|  0%| F|  |TAMS 0x0000000085800000, 0x0000000085800000| Untracked 
|  89|0x0000000085900000, 0x0000000085900000, 0x0000000085a00000|  0%| F|  |TAMS 0x0000000085900000, 0x0000000085900000| Untracked 
|  90|0x0000000085a00000, 0x0000000085a00000, 0x0000000085b00000|  0%| F|  |TAMS 0x0000000085a00000, 0x0000000085a00000| Untracked 
|  91|0x0000000085b00000, 0x0000000085b00000, 0x0000000085c00000|  0%| F|  |TAMS 0x0000000085b00000, 0x0000000085b00000| Untracked 
|  92|0x0000000085c00000, 0x0000000085c00000, 0x0000000085d00000|  0%| F|  |TAMS 0x0000000085c00000, 0x0000000085c00000| Untracked 
|  93|0x0000000085d00000, 0x0000000085d00000, 0x0000000085e00000|  0%| F|  |TAMS 0x0000000085d00000, 0x0000000085d00000| Untracked 
|  94|0x0000000085e00000, 0x0000000085e00000, 0x0000000085f00000|  0%| F|  |TAMS 0x0000000085e00000, 0x0000000085e00000| Untracked 
|  95|0x0000000085f00000, 0x0000000085f00000, 0x0000000086000000|  0%| F|  |TAMS 0x0000000085f00000, 0x0000000085f00000| Untracked 
|  96|0x0000000086000000, 0x0000000086000000, 0x0000000086100000|  0%| F|  |TAMS 0x0000000086000000, 0x0000000086000000| Untracked 
|  97|0x0000000086100000, 0x0000000086100000, 0x0000000086200000|  0%| F|  |TAMS 0x0000000086100000, 0x0000000086100000| Untracked 
|  98|0x0000000086200000, 0x0000000086200000, 0x0000000086300000|  0%| F|  |TAMS 0x0000000086200000, 0x0000000086200000| Untracked 
|  99|0x0000000086300000, 0x0000000086300000, 0x0000000086400000|  0%| F|  |TAMS 0x0000000086300000, 0x0000000086300000| Untracked 
| 100|0x0000000086400000, 0x0000000086400000, 0x0000000086500000|  0%| F|  |TAMS 0x0000000086400000, 0x0000000086400000| Untracked 
| 101|0x0000000086500000, 0x0000000086500000, 0x0000000086600000|  0%| F|  |TAMS 0x0000000086500000, 0x0000000086500000| Untracked 
| 102|0x0000000086600000, 0x0000000086600000, 0x0000000086700000|  0%| F|  |TAMS 0x0000000086600000, 0x0000000086600000| Untracked 
| 103|0x0000000086700000, 0x0000000086700000, 0x0000000086800000|  0%| F|  |TAMS 0x0000000086700000, 0x0000000086700000| Untracked 
| 104|0x0000000086800000, 0x0000000086800000, 0x0000000086900000|  0%| F|  |TAMS 0x0000000086800000, 0x0000000086800000| Untracked 
| 105|0x0000000086900000, 0x0000000086900000, 0x0000000086a00000|  0%| F|  |TAMS 0x0000000086900000, 0x0000000086900000| Untracked 
| 106|0x0000000086a00000, 0x0000000086a00000, 0x0000000086b00000|  0%| F|  |TAMS 0x0000000086a00000, 0x0000000086a00000| Untracked 
| 107|0x0000000086b00000, 0x0000000086b00000, 0x0000000086c00000|  0%| F|  |TAMS 0x0000000086b00000, 0x0000000086b00000| Untracked 
| 108|0x0000000086c00000, 0x0000000086c00000, 0x0000000086d00000|  0%| F|  |TAMS 0x0000000086c00000, 0x0000000086c00000| Untracked 
| 109|0x0000000086d00000, 0x0000000086d00000, 0x0000000086e00000|  0%| F|  |TAMS 0x0000000086d00000, 0x0000000086d00000| Untracked 
| 110|0x0000000086e00000, 0x0000000086e00000, 0x0000000086f00000|  0%| F|  |TAMS 0x0000000086e00000, 0x0000000086e00000| Untracked 
| 111|0x0000000086f00000, 0x0000000086f00000, 0x0000000087000000|  0%| F|  |TAMS 0x0000000086f00000, 0x0000000086f00000| Untracked 

Card table byte_map: [0x000001d29e9e0000,0x000001d29ede0000] _byte_map_base: 0x000001d29e5e0000

Marking Bits (Prev, Next): (CMBitMap*) 0x000001d28bb324d0, (CMBitMap*) 0x000001d28bb32498
 Prev Bits: [0x000001d2a11e0000, 0x000001d2a31e0000)
 Next Bits: [0x000001d29f1e0000, 0x000001d2a11e0000)

Polling page: 0x000001d289970000

Metaspace:

Usage:
  Non-class:     57.55 MB capacity,    56.59 MB ( 98%) used,   816.65 KB (  1%) free+waste,   166.81 KB ( <1%) overhead. 
      Class:      8.71 MB capacity,     8.16 MB ( 94%) used,   484.42 KB (  5%) free+waste,    77.44 KB ( <1%) overhead. 
       Both:     66.26 MB capacity,    64.75 MB ( 98%) used,     1.27 MB (  2%) free+waste,   244.25 KB ( <1%) overhead. 

Virtual space:
  Non-class space:       58.00 MB reserved,      57.70 MB (>99%) committed 
      Class space:        1.00 GB reserved,       8.75 MB ( <1%) committed 
             Both:        1.06 GB reserved,      66.45 MB (  6%) committed 

Chunk freelists:
   Non-Class:  22.00 KB
       Class:  9.00 KB
        Both:  31.00 KB

MaxMetaspaceSize: 17179869184.00 GB
CompressedClassSpaceSize: 1.00 GB

CodeHeap 'non-profiled nmethods': size=120064Kb used=3547Kb max_used=3547Kb free=116516Kb
 bounds [0x000001d2970a0000, 0x000001d297420000, 0x000001d29e5e0000]
CodeHeap 'profiled nmethods': size=120000Kb used=13446Kb max_used=13446Kb free=106553Kb
 bounds [0x000001d28fb70000, 0x000001d2908a0000, 0x000001d2970a0000]
CodeHeap 'non-nmethods': size=5696Kb used=2264Kb max_used=2324Kb free=3431Kb
 bounds [0x000001d28f5e0000, 0x000001d28f850000, 0x000001d28fb70000]
 total_blobs=7333 nmethods=6476 adapters=768
 compilation: enabled
              stopped_count=0, restarted_count=0
 full_count=0

Compilation events (20 events):
Event: 15.039 Thread 0x000001d2a570a800 nmethod 6526 0x000001d29088dc90 code [0x000001d29088df40, 0x000001d29088ec88]
Event: 15.039 Thread 0x000001d2a570a800 6527       3       org.gradle.internal.operations.DefaultBuildOperationExecutor$ListenerAdapter::close (1 bytes)
Event: 15.039 Thread 0x000001d2a570a800 nmethod 6527 0x000001d29088f190 code [0x000001d29088f340, 0x000001d29088f438]
Event: 15.042 Thread 0x000001d2a56fe800 6528       4       java.util.LinkedList$ListItr::next (56 bytes)
Event: 15.042 Thread 0x000001d2a570a800 6529       3       groovy.lang.MetaClassImpl::getNewMetaMethods (18 bytes)
Event: 15.043 Thread 0x000001d2a570a800 nmethod 6529 0x000001d29088f510 code [0x000001d29088f6c0, 0x000001d29088f8c8]
Event: 15.043 Thread 0x000001d2a9753800 6530   !   4       jdk.internal.loader.BuiltinClassLoader::loadClassOrNull (143 bytes)
Event: 15.046 Thread 0x000001d2a56fe800 nmethod 6528 0x000001d297416090 code [0x000001d297416220, 0x000001d297416498]
Event: 15.051 Thread 0x000001d2a56fe800 6531   !   4       java.lang.Class::getTypeName (76 bytes)
Event: 15.051 Thread 0x000001d2a570a800 6532       3       com.sun.beans.util.Cache$CacheEntry::matches (53 bytes)
Event: 15.052 Thread 0x000001d2a570a800 nmethod 6532 0x000001d29088f990 code [0x000001d29088fb80, 0x000001d2908900e8]
Event: 15.052 Thread 0x000001d2a570a800 6533       3       groovy.lang.MetaClassImpl::addFields (41 bytes)
Event: 15.052 Thread 0x000001d2a570a800 nmethod 6533 0x000001d290890290 code [0x000001d290890480, 0x000001d290890b58]
Event: 15.052 Thread 0x000001d2a570a800 6534       3       org.codehaus.groovy.reflection.CachedClass::getFields (11 bytes)
Event: 15.053 Thread 0x000001d2a570a800 nmethod 6534 0x000001d290890e10 code [0x000001d290890fe0, 0x000001d290891288]
Event: 15.053 Thread 0x000001d2a570a800 6535       3       groovy.lang.MetaClassImpl$Index::put (10 bytes)
Event: 15.053 Thread 0x000001d2a570a800 nmethod 6535 0x000001d290891390 code [0x000001d290891560, 0x000001d290891768]
Event: 15.062 Thread 0x000001d2a56fe800 nmethod 6531 0x000001d297416610 code [0x000001d297416800, 0x000001d297416bc0]
Event: 15.063 Thread 0x000001d2a570a800 6536   !   3       java.lang.reflect.Executable::sharedToGenericString (321 bytes)
Event: 15.064 Thread 0x000001d2a56fe800 6537  s    4       java.util.Hashtable::put (104 bytes)

GC Heap History (20 events):
Event: 6.829 GC heap after
{Heap after GC invocations=11 (full 0):
 garbage-first heap   total 78848K, used 22472K [0x0000000080000000, 0x0000000100000000)
  region size 1024K, 5 young (5120K), 5 survivors (5120K)
 Metaspace       used 34957K, capacity 35741K, committed 35840K, reserved 1081344K
  class space    used 4536K, capacity 4833K, committed 4864K, reserved 1048576K
}
Event: 7.439 GC heap before
{Heap before GC invocations=12 (full 0):
 garbage-first heap   total 78848K, used 54216K [0x0000000080000000, 0x0000000100000000)
  region size 1024K, 36 young (36864K), 5 survivors (5120K)
 Metaspace       used 37090K, capacity 37985K, committed 38220K, reserved 1083392K
  class space    used 4808K, capacity 5128K, committed 5248K, reserved 1048576K
}
Event: 7.458 GC heap after
{Heap after GC invocations=13 (full 0):
 garbage-first heap   total 95232K, used 25578K [0x0000000080000000, 0x0000000100000000)
  region size 1024K, 5 young (5120K), 5 survivors (5120K)
 Metaspace       used 37090K, capacity 37985K, committed 38220K, reserved 1083392K
  class space    used 4808K, capacity 5128K, committed 5248K, reserved 1048576K
}
Event: 8.308 GC heap before
{Heap before GC invocations=14 (full 0):
 garbage-first heap   total 95232K, used 66538K [0x0000000080000000, 0x0000000100000000)
  region size 1024K, 42 young (43008K), 5 survivors (5120K)
 Metaspace       used 40063K, capacity 40945K, committed 41036K, reserved 1085440K
  class space    used 5147K, capacity 5495K, committed 5504K, reserved 1048576K
}
Event: 8.323 GC heap after
{Heap after GC invocations=15 (full 0):
 garbage-first heap   total 95232K, used 27997K [0x0000000080000000, 0x0000000100000000)
  region size 1024K, 5 young (5120K), 5 survivors (5120K)
 Metaspace       used 40063K, capacity 40945K, committed 41036K, reserved 1085440K
  class space    used 5147K, capacity 5495K, committed 5504K, reserved 1048576K
}
Event: 9.022 GC heap before
{Heap before GC invocations=15 (full 0):
 garbage-first heap   total 95232K, used 66909K [0x0000000080000000, 0x0000000100000000)
  region size 1024K, 43 young (44032K), 5 survivors (5120K)
 Metaspace       used 43724K, capacity 44808K, committed 44876K, reserved 1087488K
  class space    used 5597K, capacity 5969K, committed 6016K, reserved 1048576K
}
Event: 9.039 GC heap after
{Heap after GC invocations=16 (full 0):
 garbage-first heap   total 95232K, used 29307K [0x0000000080000000, 0x0000000100000000)
  region size 1024K, 4 young (4096K), 4 survivors (4096K)
 Metaspace       used 43724K, capacity 44808K, committed 44876K, reserved 1087488K
  class space    used 5597K, capacity 5969K, committed 6016K, reserved 1048576K
}
Event: 9.971 GC heap before
{Heap before GC invocations=16 (full 0):
 garbage-first heap   total 95232K, used 68219K [0x0000000080000000, 0x0000000100000000)
  region size 1024K, 42 young (43008K), 4 survivors (4096K)
 Metaspace       used 46535K, capacity 47731K, committed 47948K, reserved 1091584K
  class space    used 5964K, capacity 6409K, committed 6528K, reserved 1048576K
}
Event: 9.986 GC heap after
{Heap after GC invocations=17 (full 0):
 garbage-first heap   total 95232K, used 31130K [0x0000000080000000, 0x0000000100000000)
  region size 1024K, 4 young (4096K), 4 survivors (4096K)
 Metaspace       used 46535K, capacity 47731K, committed 47948K, reserved 1091584K
  class space    used 5964K, capacity 6409K, committed 6528K, reserved 1048576K
}
Event: 11.006 GC heap before
{Heap before GC invocations=17 (full 0):
 garbage-first heap   total 95232K, used 77210K [0x0000000080000000, 0x0000000100000000)
  region size 1024K, 42 young (43008K), 4 survivors (4096K)
 Metaspace       used 47925K, capacity 49223K, committed 49356K, reserved 1091584K
  class space    used 6129K, capacity 6608K, committed 6656K, reserved 1048576K
}
Event: 11.024 GC heap after
{Heap after GC invocations=18 (full 0):
 garbage-first heap   total 114688K, used 48825K [0x0000000080000000, 0x0000000100000000)
  region size 1024K, 6 young (6144K), 6 survivors (6144K)
 Metaspace       used 47925K, capacity 49223K, committed 49356K, reserved 1091584K
  class space    used 6129K, capacity 6608K, committed 6656K, reserved 1048576K
}
Event: 12.154 GC heap before
{Heap before GC invocations=18 (full 0):
 garbage-first heap   total 114688K, used 86713K [0x0000000080000000, 0x0000000100000000)
  region size 1024K, 43 young (44032K), 6 survivors (6144K)
 Metaspace       used 52994K, capacity 54370K, committed 54604K, reserved 1097728K
  class space    used 6772K, capacity 7280K, committed 7296K, reserved 1048576K
}
Event: 12.163 GC heap after
{Heap after GC invocations=19 (full 0):
 garbage-first heap   total 114688K, used 50883K [0x0000000080000000, 0x0000000100000000)
  region size 1024K, 2 young (2048K), 2 survivors (2048K)
 Metaspace       used 52994K, capacity 54370K, committed 54604K, reserved 1097728K
  class space    used 6772K, capacity 7280K, committed 7296K, reserved 1048576K
}
Event: 13.094 GC heap before
{Heap before GC invocations=19 (full 0):
 garbage-first heap   total 114688K, used 87747K [0x0000000080000000, 0x0000000100000000)
  region size 1024K, 38 young (38912K), 2 survivors (2048K)
 Metaspace       used 59027K, capacity 60469K, committed 60748K, reserved 1101824K
  class space    used 7466K, capacity 8010K, committed 8064K, reserved 1048576K
}
Event: 13.101 GC heap after
{Heap after GC invocations=20 (full 0):
 garbage-first heap   total 114688K, used 52301K [0x0000000080000000, 0x0000000100000000)
  region size 1024K, 3 young (3072K), 3 survivors (3072K)
 Metaspace       used 59027K, capacity 60469K, committed 60748K, reserved 1101824K
  class space    used 7466K, capacity 8010K, committed 8064K, reserved 1048576K
}
Event: 13.757 GC heap before
{Heap before GC invocations=20 (full 0):
 garbage-first heap   total 114688K, used 78925K [0x0000000080000000, 0x0000000100000000)
  region size 1024K, 31 young (31744K), 3 survivors (3072K)
 Metaspace       used 62056K, capacity 63562K, committed 63692K, reserved 1103872K
  class space    used 7817K, capacity 8374K, committed 8448K, reserved 1048576K
}
Event: 13.773 GC heap after
{Heap after GC invocations=21 (full 0):
 garbage-first heap   total 114688K, used 55389K [0x0000000080000000, 0x0000000100000000)
  region size 1024K, 5 young (5120K), 5 survivors (5120K)
 Metaspace       used 62056K, capacity 63562K, committed 63692K, reserved 1103872K
  class space    used 7817K, capacity 8374K, committed 8448K, reserved 1048576K
}
Event: 14.204 GC heap before
{Heap before GC invocations=22 (full 0):
 garbage-first heap   total 114688K, used 72797K [0x0000000080000000, 0x0000000100000000)
  region size 1024K, 23 young (23552K), 5 survivors (5120K)
 Metaspace       used 63570K, capacity 65082K, committed 65228K, reserved 1105920K
  class space    used 8021K, capacity 8599K, committed 8704K, reserved 1048576K
}
Event: 14.217 GC heap after
{Heap after GC invocations=23 (full 0):
 garbage-first heap   total 114688K, used 57058K [0x0000000080000000, 0x0000000100000000)
  region size 1024K, 2 young (2048K), 2 survivors (2048K)
 Metaspace       used 63570K, capacity 65082K, committed 65228K, reserved 1105920K
  class space    used 8021K, capacity 8599K, committed 8704K, reserved 1048576K
}
Event: 15.065 GC heap before
{Heap before GC invocations=24 (full 0):
 garbage-first heap   total 114688K, used 88802K [0x0000000080000000, 0x0000000100000000)
  region size 1024K, 32 young (32768K), 2 survivors (2048K)
 Metaspace       used 66307K, capacity 67853K, committed 68044K, reserved 1107968K
  class space    used 8357K, capacity 8919K, committed 8960K, reserved 1048576K
}

Deoptimization events (20 events):
Event: 14.792 Thread 0x000001d2a8a54800 Uncommon trap: trap_request=0xffffffbe fr.pc=0x000001d2973f8e14 relative=0x0000000000000a94
Event: 14.792 Thread 0x000001d2a8a54800 Uncommon trap: reason=profile_predicate action=maybe_recompile pc=0x000001d2973f8e14 method=jdk.internal.jimage.ImageStringsReader.charsFromByteBuffer([CLjava/nio/ByteBuffer;)V @ 6 c2
Event: 14.792 Thread 0x000001d2a8a54800 DEOPT PACKING pc=0x000001d2973f8e14 sp=0x000000c322bf54a0
Event: 14.792 Thread 0x000001d2a8a54800 DEOPT UNPACKING pc=0x000001d28f6078af sp=0x000000c322bf5378 mode 2
Event: 14.792 Thread 0x000001d2a8a54800 Uncommon trap: trap_request=0xffffffbe fr.pc=0x000001d2973f8e14 relative=0x0000000000000a94
Event: 14.792 Thread 0x000001d2a8a54800 Uncommon trap: reason=profile_predicate action=maybe_recompile pc=0x000001d2973f8e14 method=jdk.internal.jimage.ImageStringsReader.charsFromByteBuffer([CLjava/nio/ByteBuffer;)V @ 6 c2
Event: 14.792 Thread 0x000001d2a8a54800 DEOPT PACKING pc=0x000001d2973f8e14 sp=0x000000c322bf54a0
Event: 14.792 Thread 0x000001d2a8a54800 DEOPT UNPACKING pc=0x000001d28f6078af sp=0x000000c322bf5378 mode 2
Event: 14.792 Thread 0x000001d2a8a54800 Uncommon trap: trap_request=0xffffffbe fr.pc=0x000001d2973f8e14 relative=0x0000000000000a94
Event: 14.792 Thread 0x000001d2a8a54800 Uncommon trap: reason=profile_predicate action=maybe_recompile pc=0x000001d2973f8e14 method=jdk.internal.jimage.ImageStringsReader.charsFromByteBuffer([CLjava/nio/ByteBuffer;)V @ 6 c2
Event: 14.792 Thread 0x000001d2a8a54800 DEOPT PACKING pc=0x000001d2973f8e14 sp=0x000000c322bf54a0
Event: 14.792 Thread 0x000001d2a8a54800 DEOPT UNPACKING pc=0x000001d28f6078af sp=0x000000c322bf5378 mode 2
Event: 14.792 Thread 0x000001d2a8a54800 Uncommon trap: trap_request=0xffffffbe fr.pc=0x000001d2973f8e14 relative=0x0000000000000a94
Event: 14.792 Thread 0x000001d2a8a54800 Uncommon trap: reason=profile_predicate action=maybe_recompile pc=0x000001d2973f8e14 method=jdk.internal.jimage.ImageStringsReader.charsFromByteBuffer([CLjava/nio/ByteBuffer;)V @ 6 c2
Event: 14.792 Thread 0x000001d2a8a54800 DEOPT PACKING pc=0x000001d2973f8e14 sp=0x000000c322bf54a0
Event: 14.792 Thread 0x000001d2a8a54800 DEOPT UNPACKING pc=0x000001d28f6078af sp=0x000000c322bf5378 mode 2
Event: 14.848 Thread 0x000001d2a8a54800 Uncommon trap: trap_request=0xffffff4d fr.pc=0x000001d29725da00 relative=0x0000000000003340
Event: 14.848 Thread 0x000001d2a8a54800 Uncommon trap: reason=unstable_if action=reinterpret pc=0x000001d29725da00 method=sun.net.www.protocol.jar.Handler.parseURL(Ljava/net/URL;Ljava/lang/String;II)V @ 116 c2
Event: 14.848 Thread 0x000001d2a8a54800 DEOPT PACKING pc=0x000001d29725da00 sp=0x000000c322bf83e0
Event: 14.848 Thread 0x000001d2a8a54800 DEOPT UNPACKING pc=0x000001d28f6078af sp=0x000000c322bf83a0 mode 2

Classes redefined (0 events):
No events

Internal exceptions (20 events):
Event: 13.482 Thread 0x000001d2a8a54800 Exception <a 'sun/nio/fs/WindowsException'{0x0000000085fea1e8}> (0x0000000085fea1e8) thrown at [./src/hotspot/share/prims/jni.cpp, line 615]
Event: 14.582 Thread 0x000001d2a8a54800 Exception <a 'java/lang/IncompatibleClassChangeError'{0x0000000086650be8}: Found class java.lang.Object, but interface was expected> (0x0000000086650be8) thrown at [./src/hotspot/share/interpreter/linkResolver.cpp, line 839]
Event: 14.639 Thread 0x000001d2a8a54800 Exception <a 'java/lang/ClassNotFoundException'{0x0000000086413120}: org/gradle/api/internal/project/DefaultAntBuilderBeanInfo> (0x0000000086413120) thrown at [./src/hotspot/share/classfile/systemDictionary.cpp, line 231]
Event: 14.640 Thread 0x000001d2a8a54800 Exception <a 'java/lang/ClassNotFoundException'{0x00000000864457d8}: org/gradle/api/internal/project/ant/BasicAntBuilderBeanInfo> (0x00000000864457d8) thrown at [./src/hotspot/share/classfile/systemDictionary.cpp, line 231]
Event: 14.642 Thread 0x000001d2a8a54800 Exception <a 'java/lang/ClassNotFoundException'{0x000000008646e288}: org/gradle/api/AntBuilderBeanInfo> (0x000000008646e288) thrown at [./src/hotspot/share/classfile/systemDictionary.cpp, line 231]
Event: 14.645 Thread 0x000001d2a8a54800 Exception <a 'java/lang/ClassNotFoundException'{0x00000000864e8a60}: groovy/util/AntBuilderBeanInfo> (0x00000000864e8a60) thrown at [./src/hotspot/share/classfile/systemDictionary.cpp, line 231]
Event: 14.649 Thread 0x000001d2a8a54800 Exception <a 'java/lang/ClassNotFoundException'{0x0000000086364ad0}: groovy/util/BuilderSupportBeanInfo> (0x0000000086364ad0) thrown at [./src/hotspot/share/classfile/systemDictionary.cpp, line 231]
Event: 14.652 Thread 0x000001d2a8a54800 Exception <a 'java/lang/ClassNotFoundException'{0x00000000863e1a78}: groovy/util/BuilderSupportCustomizer> (0x00000000863e1a78) thrown at [./src/hotspot/share/classfile/systemDictionary.cpp, line 231]
Event: 14.656 Thread 0x000001d2a8a54800 Exception <a 'java/lang/ClassNotFoundException'{0x000000008625ebc8}: groovy/util/AntBuilderCustomizer> (0x000000008625ebc8) thrown at [./src/hotspot/share/classfile/systemDictionary.cpp, line 231]
Event: 14.658 Thread 0x000001d2a8a54800 Exception <a 'java/lang/ClassNotFoundException'{0x000000008628de88}: org/gradle/api/AntBuilderCustomizer> (0x000000008628de88) thrown at [./src/hotspot/share/classfile/systemDictionary.cpp, line 231]
Event: 14.661 Thread 0x000001d2a8a54800 Exception <a 'java/lang/ClassNotFoundException'{0x00000000862c9530}: org/gradle/api/internal/project/ant/BasicAntBuilderCustomizer> (0x00000000862c9530) thrown at [./src/hotspot/share/classfile/systemDictionary.cpp, line 231]
Event: 14.664 Thread 0x000001d2a8a54800 Exception <a 'java/lang/ClassNotFoundException'{0x000000008610a700}: org/gradle/api/internal/project/DefaultAntBuilderCustomizer> (0x000000008610a700) thrown at [./src/hotspot/share/classfile/systemDictionary.cpp, line 231]
Event: 15.044 Thread 0x000001d2a8a54800 Exception <a 'java/lang/ClassNotFoundException'{0x00000000852cce10}: org/gradle/api/plugins/internal/DefaultBasePluginConventionBeanInfo> (0x00000000852cce10) thrown at [./src/hotspot/share/classfile/systemDictionary.cpp, line 231]
Event: 15.047 Thread 0x000001d2a8a54800 Exception <a 'java/lang/ClassNotFoundException'{0x0000000085108ab0}: org/gradle/api/plugins/BasePluginConventionBeanInfo> (0x0000000085108ab0) thrown at [./src/hotspot/share/classfile/systemDictionary.cpp, line 231]
Event: 15.048 Thread 0x000001d2a8a54800 Exception <a 'java/lang/ClassNotFoundException'{0x0000000085144488}: org/gradle/api/plugins/BasePluginConventionCustomizer> (0x0000000085144488) thrown at [./src/hotspot/share/classfile/systemDictionary.cpp, line 231]
Event: 15.050 Thread 0x000001d2a8a54800 Exception <a 'java/lang/ClassNotFoundException'{0x00000000851910e0}: org/gradle/api/plugins/internal/DefaultBasePluginConventionCustomizer> (0x00000000851910e0) thrown at [./src/hotspot/share/classfile/systemDictionary.cpp, line 231]
Event: 15.056 Thread 0x000001d2a8a54800 Exception <a 'java/lang/ClassNotFoundException'{0x0000000085011848}: org/gradle/api/plugins/internal/DefaultJavaPluginConventionBeanInfo> (0x0000000085011848) thrown at [./src/hotspot/share/classfile/systemDictionary.cpp, line 231]
Event: 15.058 Thread 0x000001d2a8a54800 Exception <a 'java/lang/ClassNotFoundException'{0x000000008504d028}: org/gradle/api/plugins/JavaPluginConventionBeanInfo> (0x000000008504d028) thrown at [./src/hotspot/share/classfile/systemDictionary.cpp, line 231]
Event: 15.060 Thread 0x000001d2a8a54800 Exception <a 'java/lang/ClassNotFoundException'{0x0000000085088c60}: org/gradle/api/plugins/JavaPluginConventionCustomizer> (0x0000000085088c60) thrown at [./src/hotspot/share/classfile/systemDictionary.cpp, line 231]
Event: 15.063 Thread 0x000001d2a8a54800 Exception <a 'java/lang/ClassNotFoundException'{0x00000000850df2d8}: org/gradle/api/plugins/internal/DefaultJavaPluginConventionCustomizer> (0x00000000850df2d8) thrown at [./src/hotspot/share/classfile/systemDictionary.cpp, line 231]

Events (20 events):
Event: 15.057 loading class org/gradle/api/plugins/JavaPluginConventionBeanInfo done
Event: 15.058 loading class org/gradle/api/plugins/JavaPluginConventionBeanInfo
Event: 15.058 loading class org/gradle/api/plugins/JavaPluginConventionBeanInfo done
Event: 15.058 loading class org/gradle/api/plugins/JavaPluginConventionCustomizer
Event: 15.058 loading class org/gradle/api/plugins/JavaPluginConventionCustomizer done
Event: 15.059 loading class org/gradle/api/plugins/JavaPluginConventionCustomizer
Event: 15.059 loading class org/gradle/api/plugins/JavaPluginConventionCustomizer done
Event: 15.059 loading class org/gradle/api/plugins/JavaPluginConventionCustomizer
Event: 15.059 loading class org/gradle/api/plugins/JavaPluginConventionCustomizer done
Event: 15.060 loading class org/gradle/api/plugins/JavaPluginConventionCustomizer
Event: 15.060 loading class org/gradle/api/plugins/JavaPluginConventionCustomizer done
Event: 15.061 loading class org/gradle/api/plugins/internal/DefaultJavaPluginConventionCustomizer
Event: 15.061 loading class org/gradle/api/plugins/internal/DefaultJavaPluginConventionCustomizer done
Event: 15.062 loading class org/gradle/api/plugins/internal/DefaultJavaPluginConventionCustomizer
Event: 15.062 loading class org/gradle/api/plugins/internal/DefaultJavaPluginConventionCustomizer done
Event: 15.062 loading class org/gradle/api/plugins/internal/DefaultJavaPluginConventionCustomizer
Event: 15.062 loading class org/gradle/api/plugins/internal/DefaultJavaPluginConventionCustomizer done
Event: 15.063 loading class org/gradle/api/plugins/internal/DefaultJavaPluginConventionCustomizer
Event: 15.063 loading class org/gradle/api/plugins/internal/DefaultJavaPluginConventionCustomizer done
Event: 15.064 Executing VM operation: G1CollectForAllocation


Dynamic libraries:
0x00007ff691190000 - 0x00007ff69119a000 	C:\Program Files\Android\Android Studio\jre\bin\java.exe
0x00007ffbb28b0000 - 0x00007ffbb2aa5000 	C:\WINDOWS\SYSTEM32\ntdll.dll
0x00007ffbb1d20000 - 0x00007ffbb1dde000 	C:\WINDOWS\System32\KERNEL32.DLL
0x00007ffbb0370000 - 0x00007ffbb0638000 	C:\WINDOWS\System32\KERNELBASE.dll
0x00007ffbb0270000 - 0x00007ffbb0370000 	C:\WINDOWS\System32\ucrtbase.dll
0x00007ffbaabb0000 - 0x00007ffbaabc7000 	C:\Program Files\Android\Android Studio\jre\bin\VCRUNTIME140.dll
0x00007ffbaa730000 - 0x00007ffbaa749000 	C:\Program Files\Android\Android Studio\jre\bin\jli.dll
0x00007ffbb26c0000 - 0x00007ffbb2861000 	C:\WINDOWS\System32\USER32.dll
0x00007ffbb0240000 - 0x00007ffbb0262000 	C:\WINDOWS\System32\win32u.dll
0x00007ffbb0a70000 - 0x00007ffbb0a9b000 	C:\WINDOWS\System32\GDI32.dll
0x00007ffbb0130000 - 0x00007ffbb023d000 	C:\WINDOWS\System32\gdi32full.dll
0x00007ffbb0850000 - 0x00007ffbb08ed000 	C:\WINDOWS\System32\msvcp_win.dll
0x00007ffba00e0000 - 0x00007ffba037a000 	C:\WINDOWS\WinSxS\amd64_microsoft.windows.common-controls_6595b64144ccf1df_6.0.19041.1110_none_60b5254171f9507e\COMCTL32.dll
0x00007ffbb1150000 - 0x00007ffbb11ee000 	C:\WINDOWS\System32\msvcrt.dll
0x00007ffbb0b00000 - 0x00007ffbb0b30000 	C:\WINDOWS\System32\IMM32.DLL
0x00007ffbaa690000 - 0x00007ffbaa72d000 	C:\Program Files\Android\Android Studio\jre\bin\msvcp140.dll
0x00007ffb54bf0000 - 0x00007ffb556bf000 	C:\Program Files\Android\Android Studio\jre\bin\server\jvm.dll
0x00007ffbb1b30000 - 0x00007ffbb1bdc000 	C:\WINDOWS\System32\ADVAPI32.dll
0x00007ffbb13c0000 - 0x00007ffbb145b000 	C:\WINDOWS\System32\sechost.dll
0x00007ffbb1be0000 - 0x00007ffbb1d0a000 	C:\WINDOWS\System32\RPCRT4.dll
0x00007ffbb1d10000 - 0x00007ffbb1d18000 	C:\WINDOWS\System32\PSAPI.DLL
0x00007ffb99930000 - 0x00007ffb99957000 	C:\WINDOWS\SYSTEM32\WINMM.dll
0x00007ffbab880000 - 0x00007ffbab889000 	C:\WINDOWS\SYSTEM32\WSOCK32.dll
0x00007ffbb1460000 - 0x00007ffbb14cb000 	C:\WINDOWS\System32\WS2_32.dll
0x00007ffbae740000 - 0x00007ffbae74a000 	C:\WINDOWS\SYSTEM32\VERSION.dll
0x00007ffbae890000 - 0x00007ffbae8a2000 	C:\WINDOWS\SYSTEM32\kernel.appcore.dll
0x00007ffb5d500000 - 0x00007ffb5d511000 	C:\Program Files\Android\Android Studio\jre\bin\verify.dll
0x00007ffba11b0000 - 0x00007ffba1394000 	C:\WINDOWS\SYSTEM32\DBGHELP.DLL
0x00007ffb9b810000 - 0x00007ffb9b83c000 	C:\WINDOWS\SYSTEM32\dbgcore.DLL
0x00007ffbb00a0000 - 0x00007ffbb0122000 	C:\WINDOWS\System32\bcryptPrimitives.dll
0x00007ffb5d490000 - 0x00007ffb5d4b9000 	C:\Program Files\Android\Android Studio\jre\bin\java.dll
0x00007ffb9fa10000 - 0x00007ffb9fa1b000 	C:\Program Files\Android\Android Studio\jre\bin\jimage.dll
0x00007ffb5c020000 - 0x00007ffb5c038000 	C:\Program Files\Android\Android Studio\jre\bin\zip.dll
0x00007ffbb1e40000 - 0x00007ffbb2584000 	C:\WINDOWS\System32\SHELL32.dll
0x00007ffbadef0000 - 0x00007ffbae684000 	C:\WINDOWS\SYSTEM32\windows.storage.dll
0x00007ffbb0d60000 - 0x00007ffbb10b5000 	C:\WINDOWS\System32\combase.dll
0x00007ffbaf940000 - 0x00007ffbaf96e000 	C:\WINDOWS\SYSTEM32\Wldp.dll
0x00007ffbb1a80000 - 0x00007ffbb1b2d000 	C:\WINDOWS\System32\SHCORE.dll
0x00007ffbb1de0000 - 0x00007ffbb1e35000 	C:\WINDOWS\System32\shlwapi.dll
0x00007ffbaff00000 - 0x00007ffbaff1f000 	C:\WINDOWS\SYSTEM32\profapi.dll
0x00007ffb5a430000 - 0x00007ffb5a44a000 	C:\Program Files\Android\Android Studio\jre\bin\net.dll
0x00007ffba0520000 - 0x00007ffba062c000 	C:\WINDOWS\SYSTEM32\WINHTTP.dll
0x00007ffbaf6a0000 - 0x00007ffbaf70a000 	C:\WINDOWS\system32\mswsock.dll
0x00007ffb5a320000 - 0x00007ffb5a334000 	C:\Program Files\Android\Android Studio\jre\bin\nio.dll
0x00007ffbaab30000 - 0x00007ffbaab57000 	C:\Users\NAS\.gradle\native\8bec1ad78214c89d9ad589b4d07fe93259594b29d510b10fafb7a158f7737e5d\windows-amd64\native-platform.dll
0x00007ffbaa940000 - 0x00007ffbaaa7d000 	C:\Users\NAS\.gradle\native\53dbd7edfb1c66fb8903c78663c9afc45aea4f116125fa6feffd364cf09443e8\windows-amd64\native-platform-file-events.dll
0x00007ffb9d570000 - 0x00007ffb9d57a000 	C:\Program Files\Android\Android Studio\jre\bin\management.dll
0x00007ffb99f70000 - 0x00007ffb99f7c000 	C:\Program Files\Android\Android Studio\jre\bin\management_ext.dll
0x00007ffbaf890000 - 0x00007ffbaf8a8000 	C:\WINDOWS\SYSTEM32\CRYPTSP.dll
0x00007ffbaf020000 - 0x00007ffbaf054000 	C:\WINDOWS\system32\rsaenh.dll
0x00007ffbb0070000 - 0x00007ffbb0097000 	C:\WINDOWS\System32\bcrypt.dll
0x00007ffbafe80000 - 0x00007ffbafeae000 	C:\WINDOWS\SYSTEM32\USERENV.dll
0x00007ffbaf8b0000 - 0x00007ffbaf8bc000 	C:\WINDOWS\SYSTEM32\CRYPTBASE.dll
0x00007ffbaf390000 - 0x00007ffbaf3cb000 	C:\WINDOWS\SYSTEM32\IPHLPAPI.DLL
0x00007ffbb11f0000 - 0x00007ffbb11f8000 	C:\WINDOWS\System32\NSI.dll
0x00007ffba5c30000 - 0x00007ffba5c47000 	C:\WINDOWS\SYSTEM32\dhcpcsvc6.DLL
0x00007ffba71a0000 - 0x00007ffba71bd000 	C:\WINDOWS\SYSTEM32\dhcpcsvc.DLL
0x00007ffbaf3d0000 - 0x00007ffbaf49b000 	C:\WINDOWS\SYSTEM32\DNSAPI.dll

dbghelp: loaded successfully - version: 4.0.5 - missing functions: none
symbol engine: initialized successfully - sym options: 0x614 - pdb path: .;C:\Program Files\Android\Android Studio\jre\bin;C:\WINDOWS\SYSTEM32;C:\WINDOWS\WinSxS\amd64_microsoft.windows.common-controls_6595b64144ccf1df_6.0.19041.1110_none_60b5254171f9507e;C:\Program Files\Android\Android Studio\jre\bin\server;C:\Users\NAS\.gradle\native\8bec1ad78214c89d9ad589b4d07fe93259594b29d510b10fafb7a158f7737e5d\windows-amd64;C:\Users\NAS\.gradle\native\53dbd7edfb1c66fb8903c78663c9afc45aea4f116125fa6feffd364cf09443e8\windows-amd64

VM Arguments:
jvm_args: --add-opens=java.base/java.util=ALL-UNNAMED --add-opens=java.base/java.lang=ALL-UNNAMED --add-opens=java.base/java.lang.invoke=ALL-UNNAMED --add-opens=java.base/java.util=ALL-UNNAMED --add-opens=java.prefs/java.util.prefs=ALL-UNNAMED --add-opens=java.prefs/java.util.prefs=ALL-UNNAMED --add-opens=java.base/java.nio.charset=ALL-UNNAMED --add-opens=java.base/java.net=ALL-UNNAMED --add-opens=java.base/java.util.concurrent.atomic=ALL-UNNAMED -Xmx2048m -Dfile.encoding=UTF-8 -Duser.country=ID -Duser.language=en -Duser.variant 
java_command: org.gradle.launcher.daemon.bootstrap.GradleDaemon 7.0.2
java_class_path (initial): C:\Users\NAS\.gradle\wrapper\dists\gradle-7.0.2-bin\857tjihv64xamwrf0h14cai3r\gradle-7.0.2\lib\gradle-launcher-7.0.2.jar
Launcher Type: SUN_STANDARD

[Global flags]
     intx CICompilerCount                          = 3                                         {product} {ergonomic}
     uint ConcGCThreads                            = 1                                         {product} {ergonomic}
     uint G1ConcRefinementThreads                  = 4                                         {product} {ergonomic}
   size_t G1HeapRegionSize                         = 1048576                                   {product} {ergonomic}
    uintx GCDrainStackTargetSize                   = 64                                        {product} {ergonomic}
   size_t InitialHeapSize                          = 67108864                                  {product} {ergonomic}
   size_t MarkStackSize                            = 4194304                                   {product} {ergonomic}
   size_t MaxHeapSize                              = 2147483648                                {product} {command line}
   size_t MaxNewSize                               = 1287651328                                {product} {ergonomic}
   size_t MinHeapDeltaBytes                        = 1048576                                   {product} {ergonomic}
    uintx NonNMethodCodeHeapSize                   = 5830732                                {pd product} {ergonomic}
    uintx NonProfiledCodeHeapSize                  = 122913754                              {pd product} {ergonomic}
    uintx ProfiledCodeHeapSize                     = 122913754                              {pd product} {ergonomic}
    uintx ReservedCodeCacheSize                    = 251658240                              {pd product} {ergonomic}
     bool SegmentedCodeCache                       = true                                      {product} {ergonomic}
     bool UseCompressedClassPointers               = true                                 {lp64_product} {ergonomic}
     bool UseCompressedOops                        = true                                 {lp64_product} {ergonomic}
     bool UseG1GC                                  = true                                      {product} {ergonomic}
     bool UseLargePagesIndividualAllocation        = false                                  {pd product} {ergonomic}

Logging:
Log output configuration:
 #0: stdout all=warning uptime,level,tags
 #1: stderr all=off uptime,level,tags

Environment Variables:
PATH=C:\Python310\Scripts\;C:\Python310\;C:\Program Files (x86)\Common Files\Oracle\Java\javapath;C:\Program Files\AdoptOpenJDK\jdk-15.0.2.7-hotspot\bin;C:\Program Files\Common Files\Oracle\Java\javapath;C:\ProgramData\Oracle\Java\javapath;C:\Program Files (x86)\Common Files\Intel\Shared Libraries\redist\intel64\compiler;C:\WINDOWS\system32;C:\WINDOWS;C:\WINDOWS\System32\Wbem;C:\WINDOWS\System32\WindowsPowerShell\v1.0\;C:\WINDOWS\System32\OpenSSH\;C:\Program Files\dotnet\;C:\Users\NAS\AppData\Roaming\Python\Python39\Scripts;C:\Program Files\Java\jdk-15.0.2\bin;C:\Program Files (x86)\Java\jre1.8.0_271\bin;C:\\Program Files\\NodeJS\\12-lts\\bin\\node.exe;C:\xampp\php;C:\ProgramData\ComposerSetup\bin;C:\Program Files\Git\cmd;C:\Program Files\PuTTY\;C:\ProgramData\chocolatey\bin;C:\Program Files\AdoptOpenJDK\jdk-11.0.11\bin;C:\Program Files\flutter\bin;C:\Program Files\nodejs\;C:\Users\NAS\AppData\Local\Programs\Python\Python39\Scripts\;C:\Users\NAS\AppData\Local\Programs\Python\Python39\;C:\Users\NAS\AppData\Local\Microsoft\WindowsApps;C:\Users\NAS\.dotnet\tools;C:\Program Files\Java\jdk-15.0.2\bin;C:\Program Files\JetBrains\JetBrains Rider 2020.3.3\bin;C:\Program Files\Java\jdk1.8.0_111\bin;C:\Program Files\AdoptOpenJDK\jdk-15.0.2.7-hotspot;C:\Program Files\JetBrains\PyCharm Community Edition 2021.1\bin;C:\Users\NAS\AppData\Roaming\Composer\vendor\bin;C:\Users\NAS\AppData\Local\GitHubDesktop\bin;C:\Program Files\JetBrains\WebStorm 2021.1.3\bin;C:\Users\NAS\AppData\Local\Microsoft\WindowsApps;F:\android\BelajarAndoid\gradle-7.0.2\bin;C:\Users\NAS\AppData\Local\Programs\Microsoft VS Code\bin;C:\Users\NAS\AppData\Roaming\npm
USERNAME=NAS
OS=Windows_NT
PROCESSOR_IDENTIFIER=Intel64 Family 6 Model 61 Stepping 4, GenuineIntel



---------------  S Y S T E M  ---------------

OS: Windows 10 , 64 bit Build 19041 (10.0.19041.1348)
OS uptime: 0 days 0:51 hours

CPU:total 4 (initial active 4) (2 cores per cpu, 2 threads per core) family 6 model 61 stepping 4 microcode 0x2d, cmov, cx8, fxsr, mmx, sse, sse2, sse3, ssse3, sse4.1, sse4.2, popcnt, avx, avx2, aes, clmul, erms, 3dnowpref, lzcnt, ht, tsc, tscinvbit, bmi1, bmi2, adx, fma

Memory: 4k page, system-wide physical 3996M (315M free)
TotalPageFile size 16284M (AvailPageFile size 20M)
current process WorkingSet (physical memory assigned to process): 306M, peak: 306M
current process commit charge ("private bytes"): 334M, peak: 357M

vm_info: OpenJDK 64-Bit Server VM (11.0.10+0-b96-7249189) for windows-amd64 JRE (11.0.10+0-b96-7249189), built on Mar 31 2021 21:44:00 by "builder" with MS VC++ 14.0 (VS2015)

END.
