#
# There is insufficient memory for the Java Runtime Environment to continue.
# Native memory allocation (malloc) failed to allocate 1099216 bytes for Chunk::new
# Possible reasons:
#   The system is out of physical RAM or swap space
#   The process is running with CompressedOops enabled, and the Java Heap may be blocking the growth of the native heap
# Possible solutions:
#   Reduce memory load on the system
#   Increase physical memory or swap space
#   Check if swap backing store is full
#   Decrease Java heap size (-Xmx/-Xms)
#   Decrease number of Java threads
#   Decrease Java thread stack sizes (-Xss)
#   Set larger code cache with -XX:ReservedCodeCacheSize=
#   JVM is running with Unscaled Compressed Oops mode in which the Java heap is
#     placed in the first 4GB address space. The Java Heap base address is the
#     maximum limit for the native heap growth. Please use -XX:HeapBaseMinAddress
#     to set the Java Heap base and to place the Java Heap above 4GB virtual address.
# This output file may be truncated or incomplete.
#
#  Out of Memory Error (./src/hotspot/share/memory/arena.cpp:197), pid=9620, tid=10596
#
# JRE version: OpenJDK Runtime Environment (11.0.10) (build 11.0.10+0-b96-7249189)
# Java VM: OpenJDK 64-Bit Server VM (11.0.10+0-b96-7249189, mixed mode, tiered, compressed oops, g1 gc, windows-amd64)
# No core dump will be written. Minidumps are not enabled by default on client versions of Windows
#

---------------  S U M M A R Y ------------

Command Line: --add-opens=java.base/java.util=ALL-UNNAMED --add-opens=java.base/java.lang=ALL-UNNAMED --add-opens=java.base/java.lang.invoke=ALL-UNNAMED --add-opens=java.base/java.util=ALL-UNNAMED --add-opens=java.prefs/java.util.prefs=ALL-UNNAMED --add-opens=java.prefs/java.util.prefs=ALL-UNNAMED --add-opens=java.base/java.nio.charset=ALL-UNNAMED --add-opens=java.base/java.net=ALL-UNNAMED --add-opens=java.base/java.util.concurrent.atomic=ALL-UNNAMED -Xmx2048m -Dfile.encoding=UTF-8 -Duser.country=ID -Duser.language=en -Duser.variant org.gradle.launcher.daemon.bootstrap.GradleDaemon 7.0.2

Host: Intel(R) Core(TM) i3-5005U CPU @ 2.00GHz, 4 cores, 3G,  Windows 10 , 64 bit Build 19041 (10.0.19041.1348)
Time: Thu Dec 30 11:09:42 2021 Eastern Standard Time elapsed time: 17.360290 seconds (0d 0h 0m 17s)

---------------  T H R E A D  ---------------

Current thread (0x0000029c2d8c4000):  JavaThread "C2 CompilerThread0" daemon [_thread_in_native, id=10596, stack(0x000000a9bf200000,0x000000a9bf300000)]


Current CompileTask:
C2:  17360 7133 %     4       org.gradle.internal.instantiation.generator.AbstractClassGenerator::inspectType @ 163 (560 bytes)

Stack: [0x000000a9bf200000,0x000000a9bf300000]
Native frames: (J=compiled Java code, j=interpreted, Vv=VM code, C=native code)
V  [jvm.dll+0x5ecfaa]
V  [jvm.dll+0x722bd5]
V  [jvm.dll+0x72412d]
V  [jvm.dll+0x7247e3]
V  [jvm.dll+0x242928]
V  [jvm.dll+0xbc4fc]
V  [jvm.dll+0xbca0c]
V  [jvm.dll+0x2b4fd4]
V  [jvm.dll+0x506028]
V  [jvm.dll+0x1fcbde]
V  [jvm.dll+0x1fa77f]
V  [jvm.dll+0x18354c]
V  [jvm.dll+0x208ee7]
V  [jvm.dll+0x207731]
V  [jvm.dll+0x6eb1cf]
V  [jvm.dll+0x6e3d45]
V  [jvm.dll+0x5ebe96]
C  [ucrtbase.dll+0x21bb2]
C  [KERNEL32.DLL+0x17034]
C  [ntdll.dll+0x52651]


---------------  P R O C E S S  ---------------

Threads class SMR info:
_java_thread_list=0x0000029c34cf11e0, length=42, elements={
0x0000029c13cc1000, 0x0000029c2d85d800, 0x0000029c2d867000, 0x0000029c2d8b9000,
0x0000029c2d8bd000, 0x0000029c2d8bf800, 0x0000029c2d8c4000, 0x0000029c2d8cc000,
0x0000029c2d8d5800, 0x0000029c2e335800, 0x0000029c2f22f800, 0x0000029c2f811000,
0x0000029c308df800, 0x0000029c2f018800, 0x0000029c2f019000, 0x0000029c302bb000,
0x0000029c2fdad800, 0x0000029c303d3000, 0x0000029c2fdae000, 0x0000029c2d8ca800,
0x0000029c2d8cd000, 0x0000029c2d8ce000, 0x0000029c2d8c9000, 0x0000029c2d8c8000,
0x0000029c2d8ce800, 0x0000029c2d8ca000, 0x0000029c2d8cb800, 0x0000029c2f83d800,
0x0000029c2f83b000, 0x0000029c2f83f000, 0x0000029c2f841800, 0x0000029c2f83c000,
0x0000029c2f842800, 0x0000029c2f844000, 0x0000029c2f83e000, 0x0000029c2f844800,
0x0000029c2f845800, 0x0000029c2f846800, 0x0000029c2f848000, 0x0000029c2f849800,
0x0000029c2f847000, 0x0000029c31dd3800
}

Java Threads: ( => current thread )
  0x0000029c13cc1000 JavaThread "main" [_thread_blocked, id=7704, stack(0x000000a9be600000,0x000000a9be700000)]
  0x0000029c2d85d800 JavaThread "Reference Handler" daemon [_thread_blocked, id=5704, stack(0x000000a9bed00000,0x000000a9bee00000)]
  0x0000029c2d867000 JavaThread "Finalizer" daemon [_thread_blocked, id=4776, stack(0x000000a9bee00000,0x000000a9bef00000)]
  0x0000029c2d8b9000 JavaThread "Signal Dispatcher" daemon [_thread_blocked, id=10516, stack(0x000000a9bef00000,0x000000a9bf000000)]
  0x0000029c2d8bd000 JavaThread "Attach Listener" daemon [_thread_blocked, id=10556, stack(0x000000a9bf000000,0x000000a9bf100000)]
  0x0000029c2d8bf800 JavaThread "Service Thread" daemon [_thread_blocked, id=10576, stack(0x000000a9bf100000,0x000000a9bf200000)]
=>0x0000029c2d8c4000 JavaThread "C2 CompilerThread0" daemon [_thread_in_native, id=10596, stack(0x000000a9bf200000,0x000000a9bf300000)]
  0x0000029c2d8cc000 JavaThread "C1 CompilerThread0" daemon [_thread_blocked, id=10588, stack(0x000000a9bf300000,0x000000a9bf400000)]
  0x0000029c2d8d5800 JavaThread "Sweeper thread" daemon [_thread_blocked, id=10600, stack(0x000000a9bf400000,0x000000a9bf500000)]
  0x0000029c2e335800 JavaThread "Common-Cleaner" daemon [_thread_blocked, id=10968, stack(0x000000a9bf500000,0x000000a9bf600000)]
  0x0000029c2f22f800 JavaThread "Daemon health stats" [_thread_blocked, id=11284, stack(0x000000a9bf900000,0x000000a9bfa00000)]
  0x0000029c2f811000 JavaThread "Incoming local TCP Connector on port 52998" [_thread_in_native, id=11380, stack(0x000000a9bf700000,0x000000a9bf800000)]
  0x0000029c308df800 JavaThread "Daemon periodic checks" [_thread_blocked, id=7076, stack(0x000000a9bfa00000,0x000000a9bfb00000)]
  0x0000029c2f018800 JavaThread "Daemon" [_thread_blocked, id=6888, stack(0x000000a9bfb00000,0x000000a9bfc00000)]
  0x0000029c2f019000 JavaThread "Handler for socket connection from /127.0.0.1:52998 to /127.0.0.1:52999" [_thread_in_native, id=10776, stack(0x000000a9bfc00000,0x000000a9bfd00000)]
  0x0000029c302bb000 JavaThread "Cancel handler" [_thread_blocked, id=10072, stack(0x000000a9bfd00000,0x000000a9bfe00000)]
  0x0000029c2fdad800 JavaThread "Daemon worker" [_thread_in_vm, id=10248, stack(0x000000a9bfe00000,0x000000a9bff00000)]
  0x0000029c303d3000 JavaThread "Asynchronous log dispatcher for DefaultDaemonConnection: socket connection from /127.0.0.1:52998 to /127.0.0.1:52999" [_thread_blocked, id=9132, stack(0x000000a9c0000000,0x000000a9c0100000)]
  0x0000029c2fdae000 JavaThread "Stdin handler" [_thread_blocked, id=11784, stack(0x000000a9c0100000,0x000000a9c0200000)]
  0x0000029c2d8ca800 JavaThread "Daemon client event forwarder" [_thread_blocked, id=1020, stack(0x000000a9c0200000,0x000000a9c0300000)]
  0x0000029c2d8cd000 JavaThread "Cache worker for file hash cache (C:\Users\NAS\.gradle\caches\7.0.2\fileHashes)" [_thread_blocked, id=9280, stack(0x000000a9c0400000,0x000000a9c0500000)]
  0x0000029c2d8ce000 JavaThread "File lock request listener" [_thread_in_native, id=11268, stack(0x000000a9c0500000,0x000000a9c0600000)]
  0x0000029c2d8c9000 JavaThread "Cache worker for journal cache (C:\Users\NAS\.gradle\caches\journal-1)" [_thread_blocked, id=9944, stack(0x000000a9c0600000,0x000000a9c0700000)]
  0x0000029c2d8c8000 JavaThread "Cache worker for file hash cache (B:\Mobile\ProjectUas\.gradle\7.0.2\fileHashes)" [_thread_blocked, id=11060, stack(0x000000a9c0700000,0x000000a9c0800000)]
  0x0000029c2d8ce800 JavaThread "File watcher server" daemon [_thread_in_native, id=11068, stack(0x000000a9c0800000,0x000000a9c0900000)]
  0x0000029c2d8ca000 JavaThread "File watcher consumer" daemon [_thread_blocked, id=11564, stack(0x000000a9c0900000,0x000000a9c0a00000)]
  0x0000029c2d8cb800 JavaThread "Cache worker for checksums cache (B:\Mobile\ProjectUas\.gradle\checksums)" [_thread_blocked, id=11568, stack(0x000000a9c0a00000,0x000000a9c0b00000)]
  0x0000029c2f83d800 JavaThread "Cache worker for cache directory md-supplier (C:\Users\NAS\.gradle\caches\7.0.2\md-supplier)" [_thread_blocked, id=11764, stack(0x000000a9c0b00000,0x000000a9c0c00000)]
  0x0000029c2f83b000 JavaThread "Cache worker for cache directory md-rule (C:\Users\NAS\.gradle\caches\7.0.2\md-rule)" [_thread_blocked, id=11772, stack(0x000000a9c0c00000,0x000000a9c0d00000)]
  0x0000029c2f83f000 JavaThread "Cache worker for execution history cache (C:\Users\NAS\.gradle\caches\7.0.2\executionHistory)" [_thread_blocked, id=10784, stack(0x000000a9c0d00000,0x000000a9c0e00000)]
  0x0000029c2f841800 JavaThread "jar transforms" [_thread_blocked, id=7940, stack(0x000000a9c0e00000,0x000000a9c0f00000)]
  0x0000029c2f83c000 JavaThread "jar transforms Thread 2" [_thread_blocked, id=10068, stack(0x000000a9c0f00000,0x000000a9c1000000)]
  0x0000029c2f842800 JavaThread "Cache worker for file content cache (C:\Users\NAS\.gradle\caches\7.0.2\fileContent)" [_thread_blocked, id=660, stack(0x000000a9c1000000,0x000000a9c1100000)]
  0x0000029c2f844000 JavaThread "Cache worker for dependencies-accessors (B:\Mobile\ProjectUas\.gradle\7.0.2\dependencies-accessors)" [_thread_blocked, id=3668, stack(0x000000a9c1100000,0x000000a9c1200000)]
  0x0000029c2f83e000 JavaThread "jar transforms Thread 3" [_thread_blocked, id=8916, stack(0x000000a9c1200000,0x000000a9c1300000)]
  0x0000029c2f844800 JavaThread "Cache worker for Build Output Cleanup Cache (B:\Mobile\ProjectUas\.gradle\buildOutputCleanup)" [_thread_blocked, id=9916, stack(0x000000a9c1300000,0x000000a9c1400000)]
  0x0000029c2f845800 JavaThread "Build operations" [_thread_blocked, id=10040, stack(0x000000a9c1400000,0x000000a9c1500000)]
  0x0000029c2f846800 JavaThread "Build operations Thread 2" [_thread_blocked, id=9440, stack(0x000000a9c1500000,0x000000a9c1600000)]
  0x0000029c2f848000 JavaThread "Build operations Thread 3" [_thread_blocked, id=5532, stack(0x000000a9c1600000,0x000000a9c1700000)]
  0x0000029c2f849800 JavaThread "Build operations Thread 4" [_thread_blocked, id=10316, stack(0x000000a9c1700000,0x000000a9c1800000)]
  0x0000029c2f847000 JavaThread "jar transforms Thread 4" [_thread_blocked, id=9960, stack(0x000000a9c1800000,0x000000a9c1900000)]
  0x0000029c31dd3800 JavaThread "Memory manager" [_thread_blocked, id=7412, stack(0x000000a9c1900000,0x000000a9c1a00000)]

Other Threads:
  0x0000029c2d855000 VMThread "VM Thread" [stack: 0x000000a9bec00000,0x000000a9bed00000] [id=10020]
  0x0000029c2e353000 WatcherThread [stack: 0x000000a9bf600000,0x000000a9bf700000] [id=11064]
  0x0000029c13cda000 GCTaskThread "GC Thread#0" [stack: 0x000000a9be700000,0x000000a9be800000] [id=7200]
  0x0000029c2e7cd000 GCTaskThread "GC Thread#1" [stack: 0x000000a9bf800000,0x000000a9bf900000] [id=10500]
  0x0000029c30497000 GCTaskThread "GC Thread#2" [stack: 0x000000a9bff00000,0x000000a9c0000000] [id=2848]
  0x0000029c303e2000 GCTaskThread "GC Thread#3" [stack: 0x000000a9c0300000,0x000000a9c0400000] [id=2864]
  0x0000029c13d09000 ConcurrentGCThread "G1 Main Marker" [stack: 0x000000a9be800000,0x000000a9be900000] [id=10408]
  0x0000029c13d0a800 ConcurrentGCThread "G1 Conc#0" [stack: 0x000000a9be900000,0x000000a9bea00000] [id=1956]
  0x0000029c13d62000 ConcurrentGCThread "G1 Refine#0" [stack: 0x000000a9bea00000,0x000000a9beb00000] [id=8724]
  0x0000029c13d63000 ConcurrentGCThread "G1 Young RemSet Sampling" [stack: 0x000000a9beb00000,0x000000a9bec00000] [id=9776]

Threads with active compile tasks:
C2 CompilerThread0  17416 7133 %     4       org.gradle.internal.instantiation.generator.AbstractClassGenerator::inspectType @ 163 (560 bytes)

VM state:not at safepoint (normal execution)

VM Mutex/Monitor currently owned by a thread:  ([mutex/lock_event])
[0x0000029c13cbd670] SymbolTable_lock - owner thread: 0x0000029c2fdad800

Heap address: 0x0000000080000000, size: 2048 MB, Compressed Oops mode: 32-bit
Narrow klass base: 0x0000000000000000, Narrow klass shift: 3
Compressed class space size: 1073741824 Address: 0x0000000100000000

Heap:
 garbage-first heap   total 139264K, used 99848K [0x0000000080000000, 0x0000000100000000)
  region size 1024K, 41 young (41984K), 3 survivors (3072K)
 Metaspace       used 75362K, capacity 77069K, committed 77208K, reserved 1120256K
  class space    used 9725K, capacity 10351K, committed 10444K, reserved 1048576K
Heap Regions: E=young(eden), S=young(survivor), O=old, HS=humongous(starts), HC=humongous(continues), CS=collection set, F=free, A=archive, TAMS=top-at-mark-start (previous, next)
|   0|0x0000000080000000, 0x0000000080100000, 0x0000000080100000|100%| O|  |TAMS 0x0000000080100000, 0x0000000080000000| Untracked 
|   1|0x0000000080100000, 0x0000000080200000, 0x0000000080200000|100%| O|  |TAMS 0x0000000080200000, 0x0000000080100000| Untracked 
|   2|0x0000000080200000, 0x0000000080300000, 0x0000000080300000|100%| O|  |TAMS 0x0000000080300000, 0x0000000080200000| Untracked 
|   3|0x0000000080300000, 0x0000000080400000, 0x0000000080400000|100%|HS|  |TAMS 0x0000000080400000, 0x0000000080300000| Complete 
|   4|0x0000000080400000, 0x0000000080500000, 0x0000000080500000|100%|HC|  |TAMS 0x0000000080500000, 0x0000000080400000| Complete 
|   5|0x0000000080500000, 0x0000000080600000, 0x0000000080600000|100%|HC|  |TAMS 0x0000000080600000, 0x0000000080500000| Complete 
|   6|0x0000000080600000, 0x0000000080700000, 0x0000000080700000|100%| O|  |TAMS 0x0000000080700000, 0x0000000080600000| Untracked 
|   7|0x0000000080700000, 0x0000000080800000, 0x0000000080800000|100%| O|  |TAMS 0x0000000080800000, 0x0000000080700000| Untracked 
|   8|0x0000000080800000, 0x0000000080900000, 0x0000000080900000|100%| O|  |TAMS 0x0000000080900000, 0x0000000080800000| Untracked 
|   9|0x0000000080900000, 0x0000000080a00000, 0x0000000080a00000|100%| O|  |TAMS 0x0000000080a00000, 0x0000000080900000| Untracked 
|  10|0x0000000080a00000, 0x0000000080b00000, 0x0000000080b00000|100%| O|  |TAMS 0x0000000080b00000, 0x0000000080a00000| Untracked 
|  11|0x0000000080b00000, 0x0000000080c00000, 0x0000000080c00000|100%| O|  |TAMS 0x0000000080c00000, 0x0000000080b00000| Untracked 
|  12|0x0000000080c00000, 0x0000000080d00000, 0x0000000080d00000|100%| O|  |TAMS 0x0000000080d00000, 0x0000000080c00000| Untracked 
|  13|0x0000000080d00000, 0x0000000080e00000, 0x0000000080e00000|100%| O|  |TAMS 0x0000000080e00000, 0x0000000080d00000| Untracked 
|  14|0x0000000080e00000, 0x0000000080f00000, 0x0000000080f00000|100%| O|  |TAMS 0x0000000080f00000, 0x0000000080e00000| Untracked 
|  15|0x0000000080f00000, 0x0000000081000000, 0x0000000081000000|100%| O|  |TAMS 0x0000000081000000, 0x0000000080f00000| Untracked 
|  16|0x0000000081000000, 0x0000000081100000, 0x0000000081100000|100%| O|  |TAMS 0x0000000081100000, 0x0000000081000000| Untracked 
|  17|0x0000000081100000, 0x0000000081200000, 0x0000000081200000|100%| O|  |TAMS 0x0000000081200000, 0x0000000081100000| Untracked 
|  18|0x0000000081200000, 0x0000000081300000, 0x0000000081300000|100%| O|  |TAMS 0x0000000081300000, 0x0000000081200000| Untracked 
|  19|0x0000000081300000, 0x0000000081400000, 0x0000000081400000|100%| O|  |TAMS 0x0000000081400000, 0x0000000081300000| Untracked 
|  20|0x0000000081400000, 0x0000000081500000, 0x0000000081500000|100%| O|  |TAMS 0x0000000081500000, 0x0000000081400000| Untracked 
|  21|0x0000000081500000, 0x0000000081600000, 0x0000000081600000|100%| O|  |TAMS 0x0000000081600000, 0x0000000081500000| Untracked 
|  22|0x0000000081600000, 0x0000000081700000, 0x0000000081700000|100%| O|  |TAMS 0x0000000081700000, 0x0000000081600000| Untracked 
|  23|0x0000000081700000, 0x0000000081800000, 0x0000000081800000|100%| O|  |TAMS 0x0000000081800000, 0x0000000081700000| Untracked 
|  24|0x0000000081800000, 0x0000000081900000, 0x0000000081900000|100%| O|  |TAMS 0x0000000081900000, 0x0000000081800000| Untracked 
|  25|0x0000000081900000, 0x0000000081a00000, 0x0000000081a00000|100%| O|  |TAMS 0x0000000081a00000, 0x0000000081900000| Untracked 
|  26|0x0000000081a00000, 0x0000000081b00000, 0x0000000081b00000|100%| O|  |TAMS 0x0000000081b00000, 0x0000000081a00000| Untracked 
|  27|0x0000000081b00000, 0x0000000081c00000, 0x0000000081c00000|100%|HS|  |TAMS 0x0000000081c00000, 0x0000000081b00000| Complete 
|  28|0x0000000081c00000, 0x0000000081d00000, 0x0000000081d00000|100%|HS|  |TAMS 0x0000000081d00000, 0x0000000081c00000| Complete 
|  29|0x0000000081d00000, 0x0000000081e00000, 0x0000000081e00000|100%|HS|  |TAMS 0x0000000081e00000, 0x0000000081d00000| Complete 
|  30|0x0000000081e00000, 0x0000000081f00000, 0x0000000081f00000|100%|HS|  |TAMS 0x0000000081f00000, 0x0000000081e00000| Complete 
|  31|0x0000000081f00000, 0x0000000082000000, 0x0000000082000000|100%|HC|  |TAMS 0x0000000082000000, 0x0000000081f00000| Complete 
|  32|0x0000000082000000, 0x0000000082100000, 0x0000000082100000|100%|HC|  |TAMS 0x0000000082100000, 0x0000000082000000| Complete 
|  33|0x0000000082100000, 0x0000000082200000, 0x0000000082200000|100%|HS|  |TAMS 0x0000000082200000, 0x0000000082100000| Complete 
|  34|0x0000000082200000, 0x0000000082300000, 0x0000000082300000|100%|HC|  |TAMS 0x0000000082300000, 0x0000000082200000| Complete 
|  35|0x0000000082300000, 0x0000000082400000, 0x0000000082400000|100%| O|  |TAMS 0x0000000082400000, 0x0000000082300000| Untracked 
|  36|0x0000000082400000, 0x0000000082500000, 0x0000000082500000|100%| O|  |TAMS 0x0000000082500000, 0x0000000082400000| Untracked 
|  37|0x0000000082500000, 0x0000000082600000, 0x0000000082600000|100%| O|  |TAMS 0x0000000082600000, 0x0000000082500000| Untracked 
|  38|0x0000000082600000, 0x0000000082700000, 0x0000000082700000|100%| O|  |TAMS 0x0000000082700000, 0x0000000082600000| Untracked 
|  39|0x0000000082700000, 0x0000000082800000, 0x0000000082800000|100%| O|  |TAMS 0x0000000082800000, 0x0000000082700000| Untracked 
|  40|0x0000000082800000, 0x0000000082900000, 0x0000000082900000|100%| O|  |TAMS 0x0000000082900000, 0x0000000082800000| Untracked 
|  41|0x0000000082900000, 0x0000000082a00000, 0x0000000082a00000|100%| O|  |TAMS 0x0000000082900000, 0x0000000082900000| Untracked 
|  42|0x0000000082a00000, 0x0000000082b00000, 0x0000000082b00000|100%| O|  |TAMS 0x0000000082a00000, 0x0000000082a00000| Untracked 
|  43|0x0000000082b00000, 0x0000000082c00000, 0x0000000082c00000|100%| O|  |TAMS 0x0000000082b00000, 0x0000000082b00000| Untracked 
|  44|0x0000000082c00000, 0x0000000082d00000, 0x0000000082d00000|100%| O|  |TAMS 0x0000000082c00000, 0x0000000082c00000| Untracked 
|  45|0x0000000082d00000, 0x0000000082e00000, 0x0000000082e00000|100%| O|  |TAMS 0x0000000082e00000, 0x0000000082d00000| Untracked 
|  46|0x0000000082e00000, 0x0000000082f00000, 0x0000000082f00000|100%| O|  |TAMS 0x0000000082f00000, 0x0000000082e00000| Untracked 
|  47|0x0000000082f00000, 0x0000000083000000, 0x0000000083000000|100%| O|  |TAMS 0x0000000083000000, 0x0000000082f00000| Untracked 
|  48|0x0000000083000000, 0x0000000083100000, 0x0000000083100000|100%| O|  |TAMS 0x0000000083100000, 0x0000000083000000| Untracked 
|  49|0x0000000083100000, 0x0000000083200000, 0x0000000083200000|100%| O|  |TAMS 0x0000000083200000, 0x0000000083100000| Untracked 
|  50|0x0000000083200000, 0x0000000083300000, 0x0000000083300000|100%| O|  |TAMS 0x00000000832ad600, 0x0000000083200000| Untracked 
|  51|0x0000000083300000, 0x0000000083400000, 0x0000000083400000|100%| O|  |TAMS 0x0000000083300000, 0x0000000083300000| Untracked 
|  52|0x0000000083400000, 0x0000000083500000, 0x0000000083500000|100%| O|  |TAMS 0x0000000083400000, 0x0000000083400000| Untracked 
|  53|0x0000000083500000, 0x0000000083600000, 0x0000000083600000|100%| O|  |TAMS 0x0000000083500000, 0x0000000083500000| Untracked 
|  54|0x0000000083600000, 0x0000000083700000, 0x0000000083700000|100%| O|  |TAMS 0x0000000083600000, 0x0000000083600000| Untracked 
|  55|0x0000000083700000, 0x0000000083800000, 0x0000000083800000|100%| O|  |TAMS 0x0000000083700000, 0x0000000083700000| Untracked 
|  56|0x0000000083800000, 0x00000000838a1400, 0x0000000083900000| 62%| O|  |TAMS 0x0000000083800000, 0x0000000083800000| Untracked 
|  57|0x0000000083900000, 0x0000000083900000, 0x0000000083a00000|  0%| F|  |TAMS 0x0000000083900000, 0x0000000083900000| Untracked 
|  58|0x0000000083a00000, 0x0000000083a00000, 0x0000000083b00000|  0%| F|  |TAMS 0x0000000083a00000, 0x0000000083a00000| Untracked 
|  59|0x0000000083b00000, 0x0000000083b00000, 0x0000000083c00000|  0%| F|  |TAMS 0x0000000083b00000, 0x0000000083b00000| Untracked 
|  60|0x0000000083c00000, 0x0000000083c00000, 0x0000000083d00000|  0%| F|  |TAMS 0x0000000083c00000, 0x0000000083c00000| Untracked 
|  61|0x0000000083d00000, 0x0000000083d00000, 0x0000000083e00000|  0%| F|  |TAMS 0x0000000083d00000, 0x0000000083d00000| Untracked 
|  62|0x0000000083e00000, 0x0000000083e00000, 0x0000000083f00000|  0%| F|  |TAMS 0x0000000083e00000, 0x0000000083e00000| Untracked 
|  63|0x0000000083f00000, 0x0000000083f00000, 0x0000000084000000|  0%| F|  |TAMS 0x0000000083f00000, 0x0000000083f00000| Untracked 
|  64|0x0000000084000000, 0x0000000084000000, 0x0000000084100000|  0%| F|  |TAMS 0x0000000084000000, 0x0000000084000000| Untracked 
|  65|0x0000000084100000, 0x0000000084100000, 0x0000000084200000|  0%| F|  |TAMS 0x0000000084100000, 0x0000000084100000| Untracked 
|  66|0x0000000084200000, 0x0000000084200000, 0x0000000084300000|  0%| F|  |TAMS 0x0000000084200000, 0x0000000084200000| Untracked 
|  67|0x0000000084300000, 0x0000000084300000, 0x0000000084400000|  0%| F|  |TAMS 0x0000000084300000, 0x0000000084300000| Untracked 
|  68|0x0000000084400000, 0x0000000084400000, 0x0000000084500000|  0%| F|  |TAMS 0x0000000084400000, 0x0000000084400000| Untracked 
|  69|0x0000000084500000, 0x0000000084500000, 0x0000000084600000|  0%| F|  |TAMS 0x0000000084500000, 0x0000000084500000| Untracked 
|  70|0x0000000084600000, 0x0000000084600000, 0x0000000084700000|  0%| F|  |TAMS 0x0000000084600000, 0x0000000084600000| Untracked 
|  71|0x0000000084700000, 0x0000000084700000, 0x0000000084800000|  0%| F|  |TAMS 0x0000000084700000, 0x0000000084700000| Untracked 
|  72|0x0000000084800000, 0x0000000084800000, 0x0000000084900000|  0%| F|  |TAMS 0x0000000084800000, 0x0000000084800000| Untracked 
|  73|0x0000000084900000, 0x0000000084900000, 0x0000000084a00000|  0%| F|  |TAMS 0x0000000084900000, 0x0000000084900000| Untracked 
|  74|0x0000000084a00000, 0x0000000084a00000, 0x0000000084b00000|  0%| F|  |TAMS 0x0000000084a00000, 0x0000000084a00000| Untracked 
|  75|0x0000000084b00000, 0x0000000084b00000, 0x0000000084c00000|  0%| F|  |TAMS 0x0000000084b00000, 0x0000000084b00000| Untracked 
|  76|0x0000000084c00000, 0x0000000084c00000, 0x0000000084d00000|  0%| F|  |TAMS 0x0000000084c00000, 0x0000000084c00000| Untracked 
|  77|0x0000000084d00000, 0x0000000084d00000, 0x0000000084e00000|  0%| F|  |TAMS 0x0000000084d00000, 0x0000000084d00000| Untracked 
|  78|0x0000000084e00000, 0x0000000084e00000, 0x0000000084f00000|  0%| F|  |TAMS 0x0000000084e00000, 0x0000000084e00000| Untracked 
|  79|0x0000000084f00000, 0x0000000084f00000, 0x0000000085000000|  0%| F|  |TAMS 0x0000000084f00000, 0x0000000084f00000| Untracked 
|  80|0x0000000085000000, 0x0000000085000000, 0x0000000085100000|  0%| F|  |TAMS 0x0000000085000000, 0x0000000085000000| Untracked 
|  81|0x0000000085100000, 0x0000000085100000, 0x0000000085200000|  0%| F|  |TAMS 0x0000000085100000, 0x0000000085100000| Untracked 
|  82|0x0000000085200000, 0x0000000085200000, 0x0000000085300000|  0%| F|  |TAMS 0x0000000085200000, 0x0000000085200000| Untracked 
|  83|0x0000000085300000, 0x0000000085300000, 0x0000000085400000|  0%| F|  |TAMS 0x0000000085300000, 0x0000000085300000| Untracked 
|  84|0x0000000085400000, 0x0000000085400000, 0x0000000085500000|  0%| F|  |TAMS 0x0000000085400000, 0x0000000085400000| Untracked 
|  85|0x0000000085500000, 0x00000000855e0ce0, 0x0000000085600000| 87%| S|CS|TAMS 0x0000000085500000, 0x0000000085500000| Complete 
|  86|0x0000000085600000, 0x0000000085700000, 0x0000000085700000|100%| S|CS|TAMS 0x0000000085600000, 0x0000000085600000| Complete 
|  87|0x0000000085700000, 0x0000000085800000, 0x0000000085800000|100%| S|CS|TAMS 0x0000000085700000, 0x0000000085700000| Complete 
|  88|0x0000000085800000, 0x0000000085800000, 0x0000000085900000|  0%| F|  |TAMS 0x0000000085800000, 0x0000000085800000| Untracked 
|  89|0x0000000085900000, 0x0000000085900000, 0x0000000085a00000|  0%| F|  |TAMS 0x0000000085900000, 0x0000000085900000| Untracked 
|  90|0x0000000085a00000, 0x0000000085a00000, 0x0000000085b00000|  0%| F|  |TAMS 0x0000000085a00000, 0x0000000085a00000| Untracked 
|  91|0x0000000085b00000, 0x0000000085b00000, 0x0000000085c00000|  0%| F|  |TAMS 0x0000000085b00000, 0x0000000085b00000| Untracked 
|  92|0x0000000085c00000, 0x0000000085c00000, 0x0000000085d00000|  0%| F|  |TAMS 0x0000000085c00000, 0x0000000085c00000| Untracked 
|  93|0x0000000085d00000, 0x0000000085e00000, 0x0000000085e00000|100%| O|  |TAMS 0x0000000085e00000, 0x0000000085d00000| Untracked 
|  94|0x0000000085e00000, 0x0000000085e00000, 0x0000000085f00000|  0%| F|  |TAMS 0x0000000085e00000, 0x0000000085e00000| Untracked 
|  95|0x0000000085f00000, 0x0000000085f00000, 0x0000000086000000|  0%| F|  |TAMS 0x0000000085f00000, 0x0000000085f00000| Untracked 
|  96|0x0000000086000000, 0x0000000086000000, 0x0000000086100000|  0%| F|  |TAMS 0x0000000086000000, 0x0000000086000000| Untracked 
|  97|0x0000000086100000, 0x0000000086100000, 0x0000000086200000|  0%| F|  |TAMS 0x0000000086100000, 0x0000000086100000| Untracked 
|  98|0x0000000086200000, 0x0000000086300000, 0x0000000086300000|100%| E|  |TAMS 0x0000000086200000, 0x0000000086200000| Complete 
|  99|0x0000000086300000, 0x0000000086400000, 0x0000000086400000|100%| E|CS|TAMS 0x0000000086300000, 0x0000000086300000| Complete 
| 100|0x0000000086400000, 0x0000000086500000, 0x0000000086500000|100%| E|CS|TAMS 0x0000000086400000, 0x0000000086400000| Complete 
| 101|0x0000000086500000, 0x0000000086600000, 0x0000000086600000|100%| E|CS|TAMS 0x0000000086500000, 0x0000000086500000| Complete 
| 102|0x0000000086600000, 0x0000000086700000, 0x0000000086700000|100%| E|CS|TAMS 0x0000000086600000, 0x0000000086600000| Complete 
| 103|0x0000000086700000, 0x0000000086800000, 0x0000000086800000|100%| E|CS|TAMS 0x0000000086700000, 0x0000000086700000| Complete 
| 104|0x0000000086800000, 0x0000000086900000, 0x0000000086900000|100%| E|CS|TAMS 0x0000000086800000, 0x0000000086800000| Complete 
| 105|0x0000000086900000, 0x0000000086a00000, 0x0000000086a00000|100%| E|CS|TAMS 0x0000000086900000, 0x0000000086900000| Complete 
| 106|0x0000000086a00000, 0x0000000086b00000, 0x0000000086b00000|100%| E|CS|TAMS 0x0000000086a00000, 0x0000000086a00000| Complete 
| 107|0x0000000086b00000, 0x0000000086c00000, 0x0000000086c00000|100%| E|CS|TAMS 0x0000000086b00000, 0x0000000086b00000| Complete 
| 108|0x0000000086c00000, 0x0000000086d00000, 0x0000000086d00000|100%| E|CS|TAMS 0x0000000086c00000, 0x0000000086c00000| Complete 
| 109|0x0000000086d00000, 0x0000000086e00000, 0x0000000086e00000|100%| E|CS|TAMS 0x0000000086d00000, 0x0000000086d00000| Complete 
| 110|0x0000000086e00000, 0x0000000086f00000, 0x0000000086f00000|100%| E|CS|TAMS 0x0000000086e00000, 0x0000000086e00000| Complete 
| 111|0x0000000086f00000, 0x0000000087000000, 0x0000000087000000|100%| E|CS|TAMS 0x0000000086f00000, 0x0000000086f00000| Complete 
| 112|0x0000000087000000, 0x0000000087100000, 0x0000000087100000|100%| E|CS|TAMS 0x0000000087000000, 0x0000000087000000| Complete 
| 113|0x0000000087100000, 0x0000000087200000, 0x0000000087200000|100%| E|CS|TAMS 0x0000000087100000, 0x0000000087100000| Complete 
| 114|0x0000000087200000, 0x0000000087300000, 0x0000000087300000|100%| E|CS|TAMS 0x0000000087200000, 0x0000000087200000| Complete 
| 115|0x0000000087300000, 0x0000000087400000, 0x0000000087400000|100%| E|CS|TAMS 0x0000000087300000, 0x0000000087300000| Complete 
| 116|0x0000000087400000, 0x0000000087500000, 0x0000000087500000|100%| E|CS|TAMS 0x0000000087400000, 0x0000000087400000| Complete 
| 117|0x0000000087500000, 0x0000000087600000, 0x0000000087600000|100%| E|CS|TAMS 0x0000000087500000, 0x0000000087500000| Complete 
| 118|0x0000000087600000, 0x0000000087700000, 0x0000000087700000|100%| E|CS|TAMS 0x0000000087600000, 0x0000000087600000| Complete 
| 119|0x0000000087700000, 0x0000000087800000, 0x0000000087800000|100%| E|CS|TAMS 0x0000000087700000, 0x0000000087700000| Complete 
| 120|0x0000000087800000, 0x0000000087900000, 0x0000000087900000|100%| E|CS|TAMS 0x0000000087800000, 0x0000000087800000| Complete 
| 121|0x0000000087900000, 0x0000000087a00000, 0x0000000087a00000|100%| E|CS|TAMS 0x0000000087900000, 0x0000000087900000| Complete 
| 122|0x0000000087a00000, 0x0000000087b00000, 0x0000000087b00000|100%| E|CS|TAMS 0x0000000087a00000, 0x0000000087a00000| Complete 
| 123|0x0000000087b00000, 0x0000000087c00000, 0x0000000087c00000|100%| E|CS|TAMS 0x0000000087b00000, 0x0000000087b00000| Complete 
| 124|0x0000000087c00000, 0x0000000087d00000, 0x0000000087d00000|100%| E|CS|TAMS 0x0000000087c00000, 0x0000000087c00000| Complete 
| 125|0x0000000087d00000, 0x0000000087e00000, 0x0000000087e00000|100%| E|CS|TAMS 0x0000000087d00000, 0x0000000087d00000| Complete 
| 126|0x0000000087e00000, 0x0000000087f00000, 0x0000000087f00000|100%| E|CS|TAMS 0x0000000087e00000, 0x0000000087e00000| Complete 
| 127|0x0000000087f00000, 0x0000000088000000, 0x0000000088000000|100%| E|CS|TAMS 0x0000000087f00000, 0x0000000087f00000| Complete 
| 128|0x0000000088000000, 0x0000000088100000, 0x0000000088100000|100%| E|CS|TAMS 0x0000000088000000, 0x0000000088000000| Complete 
| 129|0x0000000088100000, 0x0000000088200000, 0x0000000088200000|100%| E|CS|TAMS 0x0000000088100000, 0x0000000088100000| Complete 
| 130|0x0000000088200000, 0x0000000088300000, 0x0000000088300000|100%| E|CS|TAMS 0x0000000088200000, 0x0000000088200000| Complete 
| 131|0x0000000088300000, 0x0000000088400000, 0x0000000088400000|100%| E|CS|TAMS 0x0000000088300000, 0x0000000088300000| Complete 
| 132|0x0000000088400000, 0x0000000088500000, 0x0000000088500000|100%| E|CS|TAMS 0x0000000088400000, 0x0000000088400000| Complete 
| 133|0x0000000088500000, 0x0000000088600000, 0x0000000088600000|100%| E|CS|TAMS 0x0000000088500000, 0x0000000088500000| Complete 
| 134|0x0000000088600000, 0x0000000088700000, 0x0000000088700000|100%| E|CS|TAMS 0x0000000088600000, 0x0000000088600000| Complete 
| 135|0x0000000088700000, 0x0000000088800000, 0x0000000088800000|100%| E|CS|TAMS 0x0000000088700000, 0x0000000088700000| Complete 

Card table byte_map: [0x0000029c26bb0000,0x0000029c26fb0000] _byte_map_base: 0x0000029c267b0000

Marking Bits (Prev, Next): (CMBitMap*) 0x0000029c13d00418, (CMBitMap*) 0x0000029c13d00450
 Prev Bits: [0x0000029c273b0000, 0x0000029c293b0000)
 Next Bits: [0x0000029c293b0000, 0x0000029c2b3b0000)

Polling page: 0x0000029c11b30000

Metaspace:

Usage:
  Non-class:     65.22 MB capacity,    64.14 MB ( 98%) used,   919.86 KB (  1%) free+waste,   187.81 KB ( <1%) overhead. 
      Class:     10.14 MB capacity,     9.50 MB ( 94%) used,   566.80 KB (  5%) free+waste,    87.31 KB ( <1%) overhead. 
       Both:     75.36 MB capacity,    73.64 MB ( 98%) used,     1.45 MB (  2%) free+waste,   275.13 KB ( <1%) overhead. 

Virtual space:
  Non-class space:       70.00 MB reserved,      65.45 MB ( 93%) committed 
      Class space:        1.00 GB reserved,      10.20 MB ( <1%) committed 
             Both:        1.07 GB reserved,      75.65 MB (  7%) committed 

Chunk freelists:
   Non-Class:  46.00 KB
       Class:  17.00 KB
        Both:  63.00 KB

MaxMetaspaceSize: 17179869184.00 GB
CompressedClassSpaceSize: 1.00 GB

CodeHeap 'non-profiled nmethods': size=120064Kb used=3234Kb max_used=3234Kb free=116829Kb
 bounds [0x0000029c1f270000, 0x0000029c1f5a0000, 0x0000029c267b0000]
CodeHeap 'profiled nmethods': size=120000Kb used=14163Kb max_used=14163Kb free=105836Kb
 bounds [0x0000029c17d40000, 0x0000029c18b20000, 0x0000029c1f270000]
CodeHeap 'non-nmethods': size=5696Kb used=2269Kb max_used=2303Kb free=3426Kb
 bounds [0x0000029c177b0000, 0x0000029c17a20000, 0x0000029c17d40000]
 total_blobs=7934 nmethods=7069 adapters=776
 compilation: enabled
              stopped_count=0, restarted_count=0
 full_count=0

Compilation events (20 events):
Event: 17.306 Thread 0x0000029c2d8cc000 7157       3       java.util.HashMap$TreeNode::find (172 bytes)
Event: 17.307 Thread 0x0000029c2d8cc000 nmethod 7157 0x0000029c18afd590 code [0x0000029c18afd7e0, 0x0000029c18afe1d8]
Event: 17.308 Thread 0x0000029c2d8cc000 7158       3       org.gradle.api.internal.collections.AbstractIterationOrderRetainingElementSource::realizePending (54 bytes)
Event: 17.309 Thread 0x0000029c2d8cc000 nmethod 7158 0x0000029c18afe510 code [0x0000029c18afe720, 0x0000029c18afecb8]
Event: 17.313 Thread 0x0000029c2d8cc000 7159       1       org.gradle.api.services.internal.BuildServiceProvider::getType (5 bytes)
Event: 17.313 Thread 0x0000029c2d8cc000 nmethod 7159 0x0000029c1f598090 code [0x0000029c1f598240, 0x0000029c1f5982f8]
Event: 17.313 Thread 0x0000029c2d8cc000 7160       3       com.android.build.api.artifact.impl.StorageProviderImpl::getStorage (57 bytes)
Event: 17.315 Thread 0x0000029c2d8cc000 nmethod 7160 0x0000029c18afee90 code [0x0000029c18aff180, 0x0000029c18b000f8]
Event: 17.315 Thread 0x0000029c2d8cc000 7161       3       org.gradle.internal.typeconversion.JustReturningParser::<init> (15 bytes)
Event: 17.315 Thread 0x0000029c2d8cc000 nmethod 7161 0x0000029c18b00610 code [0x0000029c18b007c0, 0x0000029c18b009d8]
Event: 17.315 Thread 0x0000029c2d8cc000 7162       3       org.gradle.internal.typeconversion.NotationParserBuilder$LazyDisplayName::<init> (10 bytes)
Event: 17.316 Thread 0x0000029c2d8cc000 nmethod 7162 0x0000029c18b00a90 code [0x0000029c18b00c40, 0x0000029c18b00df8]
Event: 17.325 Thread 0x0000029c2d8cc000 7166       3       org.gradle.internal.instantiation.generator.AsmBackedClassGenerator$ClassBuilderImpl::applyManagedStateToProperty (26 bytes)
Event: 17.328 Thread 0x0000029c2d8cc000 nmethod 7166 0x0000029c18b00e90 code [0x0000029c18b01160, 0x0000029c18b01d88]
Event: 17.328 Thread 0x0000029c2d8cc000 7167       3       java.lang.invoke.LambdaForm$DMH/0x0000000100663840::invokeStatic (20 bytes)
Event: 17.328 Thread 0x0000029c2d8cc000 nmethod 7167 0x0000029c18b02290 code [0x0000029c18b02460, 0x0000029c18b02998]
Event: 17.328 Thread 0x0000029c2d8cc000 7168       3       org.gradle.internal.instantiation.generator.AsmBackedClassGenerator$ClassBuilderImpl::applyReadOnlyManagedStateToGetter (56 bytes)
Event: 17.332 Thread 0x0000029c2d8cc000 nmethod 7168 0x0000029c18b02b10 code [0x0000029c18b02e80, 0x0000029c18b044e8]
Event: 17.352 Thread 0x0000029c2d8cc000 7169   !   3       org.gradle.api.internal.provider.AbstractProperty::doCalculateValue (48 bytes)
Event: 17.354 Thread 0x0000029c2d8cc000 nmethod 7169 0x0000029c18b04d10 code [0x0000029c18b04fc0, 0x0000029c18b05c48]

GC Heap History (20 events):
Event: 8.688 GC heap before
{Heap before GC invocations=13 (full 0):
 garbage-first heap   total 95232K, used 67987K [0x0000000080000000, 0x0000000100000000)
  region size 1024K, 45 young (46080K), 5 survivors (5120K)
 Metaspace       used 40524K, capacity 41522K, committed 41676K, reserved 1085440K
  class space    used 5221K, capacity 5597K, committed 5632K, reserved 1048576K
}
Event: 8.702 GC heap after
{Heap after GC invocations=14 (full 0):
 garbage-first heap   total 95232K, used 26931K [0x0000000080000000, 0x0000000100000000)
  region size 1024K, 5 young (5120K), 5 survivors (5120K)
 Metaspace       used 40524K, capacity 41522K, committed 41676K, reserved 1085440K
  class space    used 5221K, capacity 5597K, committed 5632K, reserved 1048576K
}
Event: 9.518 GC heap before
{Heap before GC invocations=14 (full 0):
 garbage-first heap   total 95232K, used 70963K [0x0000000080000000, 0x0000000100000000)
  region size 1024K, 48 young (49152K), 5 survivors (5120K)
 Metaspace       used 44721K, capacity 45850K, committed 46156K, reserved 1089536K
  class space    used 5746K, capacity 6147K, committed 6272K, reserved 1048576K
}
Event: 9.532 GC heap after
{Heap after GC invocations=15 (full 0):
 garbage-first heap   total 95232K, used 28913K [0x0000000080000000, 0x0000000100000000)
  region size 1024K, 5 young (5120K), 5 survivors (5120K)
 Metaspace       used 44721K, capacity 45850K, committed 46156K, reserved 1089536K
  class space    used 5746K, capacity 6147K, committed 6272K, reserved 1048576K
}
Event: 10.739 GC heap before
{Heap before GC invocations=15 (full 0):
 garbage-first heap   total 95232K, used 71921K [0x0000000080000000, 0x0000000100000000)
  region size 1024K, 47 young (48128K), 5 survivors (5120K)
 Metaspace       used 47017K, capacity 48210K, committed 48460K, reserved 1091584K
  class space    used 6008K, capacity 6438K, committed 6528K, reserved 1048576K
}
Event: 10.756 GC heap after
{Heap after GC invocations=16 (full 0):
 garbage-first heap   total 95232K, used 32376K [0x0000000080000000, 0x0000000100000000)
  region size 1024K, 6 young (6144K), 6 survivors (6144K)
 Metaspace       used 47017K, capacity 48210K, committed 48460K, reserved 1091584K
  class space    used 6008K, capacity 6438K, committed 6528K, reserved 1048576K
}
Event: 11.869 GC heap before
{Heap before GC invocations=16 (full 0):
 garbage-first heap   total 95232K, used 80504K [0x0000000080000000, 0x0000000100000000)
  region size 1024K, 46 young (47104K), 6 survivors (6144K)
 Metaspace       used 50243K, capacity 51513K, committed 51660K, reserved 1093632K
  class space    used 6413K, capacity 6883K, committed 6912K, reserved 1048576K
}
Event: 11.887 GC heap after
{Heap after GC invocations=17 (full 0):
 garbage-first heap   total 115712K, used 48362K [0x0000000080000000, 0x0000000100000000)
  region size 1024K, 6 young (6144K), 6 survivors (6144K)
 Metaspace       used 50243K, capacity 51513K, committed 51660K, reserved 1093632K
  class space    used 6413K, capacity 6883K, committed 6912K, reserved 1048576K
}
Event: 12.935 GC heap before
{Heap before GC invocations=17 (full 0):
 garbage-first heap   total 115712K, used 88298K [0x0000000080000000, 0x0000000100000000)
  region size 1024K, 45 young (46080K), 6 survivors (6144K)
 Metaspace       used 56539K, capacity 57954K, committed 58060K, reserved 1099776K
  class space    used 7120K, capacity 7622K, committed 7680K, reserved 1048576K
}
Event: 12.944 GC heap after
{Heap after GC invocations=18 (full 0):
 garbage-first heap   total 115712K, used 50359K [0x0000000080000000, 0x0000000100000000)
  region size 1024K, 2 young (2048K), 2 survivors (2048K)
 Metaspace       used 56539K, capacity 57954K, committed 58060K, reserved 1099776K
  class space    used 7120K, capacity 7622K, committed 7680K, reserved 1048576K
}
Event: 13.311 GC heap before
{Heap before GC invocations=18 (full 0):
 garbage-first heap   total 115712K, used 61623K [0x0000000080000000, 0x0000000100000000)
  region size 1024K, 14 young (14336K), 2 survivors (2048K)
 Metaspace       used 58613K, capacity 60061K, committed 60236K, reserved 1101824K
  class space    used 7411K, capacity 7937K, committed 8064K, reserved 1048576K
}
Event: 13.321 GC heap after
{Heap after GC invocations=19 (full 0):
 garbage-first heap   total 115712K, used 50729K [0x0000000080000000, 0x0000000100000000)
  region size 1024K, 3 young (3072K), 3 survivors (3072K)
 Metaspace       used 58613K, capacity 60061K, committed 60236K, reserved 1101824K
  class space    used 7411K, capacity 7937K, committed 8064K, reserved 1048576K
}
Event: 14.097 GC heap before
{Heap before GC invocations=20 (full 0):
 garbage-first heap   total 115712K, used 84521K [0x0000000080000000, 0x0000000100000000)
  region size 1024K, 36 young (36864K), 3 survivors (3072K)
 Metaspace       used 62035K, capacity 63532K, committed 63640K, reserved 1103872K
  class space    used 7820K, capacity 8363K, committed 8396K, reserved 1048576K
}
Event: 14.115 GC heap after
{Heap after GC invocations=21 (full 0):
 garbage-first heap   total 115712K, used 53941K [0x0000000080000000, 0x0000000100000000)
  region size 1024K, 5 young (5120K), 5 survivors (5120K)
 Metaspace       used 62035K, capacity 63532K, committed 63640K, reserved 1103872K
  class space    used 7820K, capacity 8363K, committed 8396K, reserved 1048576K
}
Event: 14.937 GC heap before
{Heap before GC invocations=22 (full 0):
 garbage-first heap   total 115712K, used 87733K [0x0000000080000000, 0x0000000100000000)
  region size 1024K, 38 young (38912K), 5 survivors (5120K)
 Metaspace       used 65235K, capacity 66747K, committed 66968K, reserved 1107968K
  class space    used 8249K, capacity 8789K, committed 8908K, reserved 1048576K
}
Event: 14.953 GC heap after
{Heap after GC invocations=23 (full 0):
 garbage-first heap   total 139264K, used 55903K [0x0000000080000000, 0x0000000100000000)
  region size 1024K, 2 young (2048K), 2 survivors (2048K)
 Metaspace       used 65235K, capacity 66747K, committed 66968K, reserved 1107968K
  class space    used 8249K, capacity 8789K, committed 8908K, reserved 1048576K
}
Event: 15.652 GC heap before
{Heap before GC invocations=23 (full 0):
 garbage-first heap   total 139264K, used 97887K [0x0000000080000000, 0x0000000100000000)
  region size 1024K, 43 young (44032K), 2 survivors (2048K)
 Metaspace       used 67210K, capacity 68852K, committed 69016K, reserved 1110016K
  class space    used 8483K, capacity 9058K, committed 9164K, reserved 1048576K
}
Event: 15.664 GC heap after
{Heap after GC invocations=24 (full 0):
 garbage-first heap   total 139264K, used 59419K [0x0000000080000000, 0x0000000100000000)
  region size 1024K, 6 young (6144K), 6 survivors (6144K)
 Metaspace       used 67210K, capacity 68852K, committed 69016K, reserved 1110016K
  class space    used 8483K, capacity 9058K, committed 9164K, reserved 1048576K
}
Event: 16.635 GC heap before
{Heap before GC invocations=24 (full 0):
 garbage-first heap   total 139264K, used 101403K [0x0000000080000000, 0x0000000100000000)
  region size 1024K, 47 young (48128K), 6 survivors (6144K)
 Metaspace       used 72263K, capacity 73896K, committed 74136K, reserved 1114112K
  class space    used 9289K, capacity 9884K, committed 9932K, reserved 1048576K
}
Event: 16.651 GC heap after
{Heap after GC invocations=25 (full 0):
 garbage-first heap   total 139264K, used 61960K [0x0000000080000000, 0x0000000100000000)
  region size 1024K, 3 young (3072K), 3 survivors (3072K)
 Metaspace       used 72263K, capacity 73896K, committed 74136K, reserved 1114112K
  class space    used 9289K, capacity 9884K, committed 9932K, reserved 1048576K
}

Deoptimization events (20 events):
Event: 17.049 Thread 0x0000029c2fdad800 DEOPT PACKING pc=0x0000029c1f54f880 sp=0x000000a9bfefa3b0
Event: 17.049 Thread 0x0000029c2fdad800 DEOPT UNPACKING pc=0x0000029c177d78af sp=0x000000a9bfefa2a8 mode 2
Event: 17.049 Thread 0x0000029c2fdad800 Uncommon trap: trap_request=0xffffff4d fr.pc=0x0000029c1f3770e8 relative=0x00000000000001a8
Event: 17.049 Thread 0x0000029c2fdad800 Uncommon trap: reason=unstable_if action=reinterpret pc=0x0000029c1f3770e8 method=java.util.HashMap.getNode(ILjava/lang/Object;)Ljava/util/HashMap$Node; @ 84 c2
Event: 17.049 Thread 0x0000029c2fdad800 DEOPT PACKING pc=0x0000029c1f3770e8 sp=0x000000a9bfefa310
Event: 17.049 Thread 0x0000029c2fdad800 DEOPT UNPACKING pc=0x0000029c177d78af sp=0x000000a9bfefa280 mode 2
Event: 17.250 Thread 0x0000029c2fdad800 DEOPT PACKING pc=0x0000029c184272c4 sp=0x000000a9bfef88c0
Event: 17.250 Thread 0x0000029c2fdad800 DEOPT UNPACKING pc=0x0000029c177d76ce sp=0x000000a9bfef7cf8 mode 0
Event: 17.250 Thread 0x0000029c2fdad800 DEOPT PACKING pc=0x0000029c184273cc sp=0x000000a9bfef8930
Event: 17.250 Thread 0x0000029c2fdad800 DEOPT UNPACKING pc=0x0000029c177d76ce sp=0x000000a9bfef7dd0 mode 0
Event: 17.250 Thread 0x0000029c2fdad800 DEOPT PACKING pc=0x0000029c184f25d4 sp=0x000000a9bfef89a0
Event: 17.251 Thread 0x0000029c2fdad800 DEOPT UNPACKING pc=0x0000029c177d76ce sp=0x000000a9bfef7da0 mode 0
Event: 17.259 Thread 0x0000029c2fdad800 Uncommon trap: trap_request=0xffffff4d fr.pc=0x0000029c1f4887f8 relative=0x00000000000006f8
Event: 17.259 Thread 0x0000029c2fdad800 Uncommon trap: reason=unstable_if action=reinterpret pc=0x0000029c1f4887f8 method=java.util.HashMap.putVal(ILjava/lang/Object;Ljava/lang/Object;ZZ)Ljava/lang/Object; @ 109 c2
Event: 17.259 Thread 0x0000029c2fdad800 DEOPT PACKING pc=0x0000029c1f4887f8 sp=0x000000a9bfef8880
Event: 17.259 Thread 0x0000029c2fdad800 DEOPT UNPACKING pc=0x0000029c177d78af sp=0x000000a9bfef8798 mode 2
Event: 17.259 Thread 0x0000029c2fdad800 Uncommon trap: trap_request=0xffffff4d fr.pc=0x0000029c1f3cf8ec relative=0x000000000000066c
Event: 17.259 Thread 0x0000029c2fdad800 Uncommon trap: reason=unstable_if action=reinterpret pc=0x0000029c1f3cf8ec method=java.util.HashMap.putVal(ILjava/lang/Object;Ljava/lang/Object;ZZ)Ljava/lang/Object; @ 109 c2
Event: 17.259 Thread 0x0000029c2fdad800 DEOPT PACKING pc=0x0000029c1f3cf8ec sp=0x000000a9bfef87d0
Event: 17.259 Thread 0x0000029c2fdad800 DEOPT UNPACKING pc=0x0000029c177d78af sp=0x000000a9bfef8788 mode 2

Classes redefined (0 events):
No events

Internal exceptions (20 events):
Event: 15.561 Thread 0x0000029c2fdad800 Exception <a 'java/lang/ClassNotFoundException'{0x0000000086452ca8}: com/android/build/gradle/internal/dsl/BuildTypeBeanInfo> (0x0000000086452ca8) thrown at [./src/hotspot/share/classfile/systemDictionary.cpp, line 231]
Event: 15.562 Thread 0x0000029c2fdad800 Exception <a 'java/lang/ClassNotFoundException'{0x000000008646b2b8}: com/android/builder/core/AbstractBuildTypeBeanInfo> (0x000000008646b2b8) thrown at [./src/hotspot/share/classfile/systemDictionary.cpp, line 231]
Event: 15.562 Thread 0x0000029c2fdad800 Exception <a 'java/lang/ClassNotFoundException'{0x0000000086484420}: com/android/builder/core/AbstractBuildTypeCustomizer> (0x0000000086484420) thrown at [./src/hotspot/share/classfile/systemDictionary.cpp, line 231]
Event: 15.564 Thread 0x0000029c2fdad800 Exception <a 'java/lang/ClassNotFoundException'{0x00000000864b9c78}: com/android/build/gradle/internal/dsl/BuildTypeCustomizer> (0x00000000864b9c78) thrown at [./src/hotspot/share/classfile/systemDictionary.cpp, line 231]
Event: 15.569 Thread 0x0000029c2fdad800 Exception <a 'java/lang/ClassNotFoundException'{0x0000000086347640}: com/android/build/gradle/internal/dsl/BuildType_DecoratedCustomizer> (0x0000000086347640) thrown at [./src/hotspot/share/classfile/systemDictionary.cpp, line 231]
Event: 15.576 Thread 0x0000029c2fdad800 Exception <a 'java/lang/ClassNotFoundException'{0x000000008620a108}: build_2m93fbtnt1df9h9ilcavmdsov$_run_closure1$_closure4BeanInfo> (0x000000008620a108) thrown at [./src/hotspot/share/classfile/systemDictionary.cpp, line 231]
Event: 15.577 Thread 0x0000029c2fdad800 Exception <a 'java/lang/ClassNotFoundException'{0x000000008621afe0}: build_2m93fbtnt1df9h9ilcavmdsov$_run_closure1$_closure4Customizer> (0x000000008621afe0) thrown at [./src/hotspot/share/classfile/systemDictionary.cpp, line 231]
Event: 15.579 Thread 0x0000029c2fdad800 Exception <a 'java/lang/ClassNotFoundException'{0x0000000086244380}: build_2m93fbtnt1df9h9ilcavmdsov$_run_closure1BeanInfo> (0x0000000086244380) thrown at [./src/hotspot/share/classfile/systemDictionary.cpp, line 231]
Event: 15.580 Thread 0x0000029c2fdad800 Exception <a 'java/lang/ClassNotFoundException'{0x0000000086254790}: build_2m93fbtnt1df9h9ilcavmdsov$_run_closure1Customizer> (0x0000000086254790) thrown at [./src/hotspot/share/classfile/systemDictionary.cpp, line 231]
Event: 16.599 Thread 0x0000029c2fdad800 Exception <a 'java/lang/ClassNotFoundException'{0x000000008600a5c8}: com/android/build/gradle/internal/api/ApkVariantOutputImpl_DecoratedBeanInfo> (0x000000008600a5c8) thrown at [./src/hotspot/share/classfile/systemDictionary.cpp, line 231]
Event: 16.599 Thread 0x0000029c2fdad800 Exception <a 'java/lang/ClassNotFoundException'{0x0000000086023f80}: com/android/build/gradle/internal/api/ApkVariantOutputImplBeanInfo> (0x0000000086023f80) thrown at [./src/hotspot/share/classfile/systemDictionary.cpp, line 231]
Event: 16.600 Thread 0x0000029c2fdad800 Exception <a 'java/lang/ClassNotFoundException'{0x000000008603e1a0}: com/android/build/gradle/internal/api/BaseVariantOutputImplBeanInfo> (0x000000008603e1a0) thrown at [./src/hotspot/share/classfile/systemDictionary.cpp, line 231]
Event: 16.600 Thread 0x0000029c2fdad800 Exception <a 'java/lang/ClassNotFoundException'{0x0000000086058428}: com/android/build/gradle/internal/api/BaseVariantOutputImplCustomizer> (0x0000000086058428) thrown at [./src/hotspot/share/classfile/systemDictionary.cpp, line 231]
Event: 16.602 Thread 0x0000029c2fdad800 Exception <a 'java/lang/ClassNotFoundException'{0x0000000086084fa0}: com/android/build/gradle/internal/api/ApkVariantOutputImplCustomizer> (0x0000000086084fa0) thrown at [./src/hotspot/share/classfile/systemDictionary.cpp, line 231]
Event: 16.604 Thread 0x0000029c2fdad800 Exception <a 'java/lang/ClassNotFoundException'{0x00000000860ade38}: com/android/build/gradle/internal/api/ApkVariantOutputImpl_DecoratedCustomizer> (0x00000000860ade38) thrown at [./src/hotspot/share/classfile/systemDictionary.cpp, line 231]
Event: 16.653 Thread 0x0000029c2fdad800 Exception <a 'java/lang/ClassNotFoundException'{0x0000000088725c88}: com/android/build/gradle/internal/api/ReadOnlyBuildTypeBeanInfo> (0x0000000088725c88) thrown at [./src/hotspot/share/classfile/systemDictionary.cpp, line 231]
Event: 16.654 Thread 0x0000029c2fdad800 Exception <a 'java/lang/ClassNotFoundException'{0x000000008873ed60}: com/android/build/gradle/internal/api/ReadOnlyBaseConfigBeanInfo> (0x000000008873ed60) thrown at [./src/hotspot/share/classfile/systemDictionary.cpp, line 231]
Event: 16.654 Thread 0x0000029c2fdad800 Exception <a 'java/lang/ClassNotFoundException'{0x00000000887586e0}: com/android/build/gradle/internal/api/ReadOnlyBaseConfigCustomizer> (0x00000000887586e0) thrown at [./src/hotspot/share/classfile/systemDictionary.cpp, line 231]
Event: 16.656 Thread 0x0000029c2fdad800 Exception <a 'java/lang/ClassNotFoundException'{0x00000000887821b8}: com/android/build/gradle/internal/api/ReadOnlyBuildTypeCustomizer> (0x00000000887821b8) thrown at [./src/hotspot/share/classfile/systemDictionary.cpp, line 231]
Event: 17.298 Thread 0x0000029c2fdad800 Exception <a 'java/lang/NoSuchMethodError'{0x00000000869c0948}: 'java.lang.Object java.lang.invoke.Invokers$Holder.linkToTargetMethod(java.lang.Object, int, java.lang.Object)'> (0x00000000869c0948) thrown at [./src/hotspot/share/interpreter/linkResolver.cpp, line 773]

Events (20 events):
Event: 17.340 loading class com/android/build/gradle/internal/lint/SourceProviderInput
Event: 17.340 loading class com/android/build/gradle/internal/lint/SourceProviderInput done
Event: 17.341 loading class com/android/build/gradle/internal/lint/JavaArtifactInput
Event: 17.341 loading class com/android/build/gradle/internal/lint/JavaArtifactInput done
Event: 17.345 loading class com/android/build/gradle/internal/component/DynamicFeatureCreationConfig
Event: 17.345 loading class com/android/build/gradle/internal/component/DynamicFeatureCreationConfig done
Event: 17.347 loading class com/android/build/gradle/internal/lint/DependencyCaches
Event: 17.347 loading class com/android/build/gradle/internal/lint/DependencyCaches done
Event: 17.347 loading class com/android/tools/lint/model/LintModelAndroidArtifact
Event: 17.347 loading class com/android/tools/lint/model/LintModelAndroidArtifact done
Event: 17.348 loading class com/android/tools/lint/model/LintModelArtifact
Event: 17.348 loading class com/android/tools/lint/model/LintModelArtifact done
Event: 17.348 loading class com/android/tools/lint/model/LintModelDependencies
Event: 17.348 loading class com/android/tools/lint/model/LintModelDependencies done
Event: 17.349 loading class com/android/build/gradle/internal/ide/dependencies/ArtifactCollectionsInputs
Event: 17.349 loading class com/android/build/gradle/internal/ide/dependencies/ArtifactCollectionsInputs done
Event: 17.353 loading class com/android/build/gradle/internal/BuildToolsExecutableInput
Event: 17.353 loading class com/android/build/gradle/internal/BuildToolsExecutableInput done
Event: 17.354 loading class com/android/build/gradle/tasks/AidlCompile$Companion
Event: 17.354 loading class com/android/build/gradle/tasks/AidlCompile$Companion done


Dynamic libraries:
0x00007ff691190000 - 0x00007ff69119a000 	C:\Program Files\Android\Android Studio\jre\bin\java.exe
0x00007ffbb28b0000 - 0x00007ffbb2aa5000 	C:\WINDOWS\SYSTEM32\ntdll.dll
0x00007ffbb1d20000 - 0x00007ffbb1dde000 	C:\WINDOWS\System32\KERNEL32.DLL
0x00007ffbb0370000 - 0x00007ffbb0638000 	C:\WINDOWS\System32\KERNELBASE.dll
0x00007ffbb0270000 - 0x00007ffbb0370000 	C:\WINDOWS\System32\ucrtbase.dll
0x00007ffbaabb0000 - 0x00007ffbaabc7000 	C:\Program Files\Android\Android Studio\jre\bin\VCRUNTIME140.dll
0x00007ffbaa730000 - 0x00007ffbaa749000 	C:\Program Files\Android\Android Studio\jre\bin\jli.dll
0x00007ffbb26c0000 - 0x00007ffbb2861000 	C:\WINDOWS\System32\USER32.dll
0x00007ffba00e0000 - 0x00007ffba037a000 	C:\WINDOWS\WinSxS\amd64_microsoft.windows.common-controls_6595b64144ccf1df_6.0.19041.1110_none_60b5254171f9507e\COMCTL32.dll
0x00007ffbb0240000 - 0x00007ffbb0262000 	C:\WINDOWS\System32\win32u.dll
0x00007ffbb1150000 - 0x00007ffbb11ee000 	C:\WINDOWS\System32\msvcrt.dll
0x00007ffbb0a70000 - 0x00007ffbb0a9b000 	C:\WINDOWS\System32\GDI32.dll
0x00007ffbb0130000 - 0x00007ffbb023d000 	C:\WINDOWS\System32\gdi32full.dll
0x00007ffbb0850000 - 0x00007ffbb08ed000 	C:\WINDOWS\System32\msvcp_win.dll
0x00007ffbb0b00000 - 0x00007ffbb0b30000 	C:\WINDOWS\System32\IMM32.DLL
0x00007ffbaa690000 - 0x00007ffbaa72d000 	C:\Program Files\Android\Android Studio\jre\bin\msvcp140.dll
0x00007ffb54bf0000 - 0x00007ffb556bf000 	C:\Program Files\Android\Android Studio\jre\bin\server\jvm.dll
0x00007ffbb1b30000 - 0x00007ffbb1bdc000 	C:\WINDOWS\System32\ADVAPI32.dll
0x00007ffbb13c0000 - 0x00007ffbb145b000 	C:\WINDOWS\System32\sechost.dll
0x00007ffbb1be0000 - 0x00007ffbb1d0a000 	C:\WINDOWS\System32\RPCRT4.dll
0x00007ffbb1d10000 - 0x00007ffbb1d18000 	C:\WINDOWS\System32\PSAPI.DLL
0x00007ffbab880000 - 0x00007ffbab889000 	C:\WINDOWS\SYSTEM32\WSOCK32.dll
0x00007ffb99930000 - 0x00007ffb99957000 	C:\WINDOWS\SYSTEM32\WINMM.dll
0x00007ffbae740000 - 0x00007ffbae74a000 	C:\WINDOWS\SYSTEM32\VERSION.dll
0x00007ffbb1460000 - 0x00007ffbb14cb000 	C:\WINDOWS\System32\WS2_32.dll
0x00007ffbae890000 - 0x00007ffbae8a2000 	C:\WINDOWS\SYSTEM32\kernel.appcore.dll
0x00007ffb5d500000 - 0x00007ffb5d511000 	C:\Program Files\Android\Android Studio\jre\bin\verify.dll
0x00007ffba11b0000 - 0x00007ffba1394000 	C:\WINDOWS\SYSTEM32\DBGHELP.DLL
0x00007ffb9b810000 - 0x00007ffb9b83c000 	C:\WINDOWS\SYSTEM32\dbgcore.DLL
0x00007ffbb00a0000 - 0x00007ffbb0122000 	C:\WINDOWS\System32\bcryptPrimitives.dll
0x00007ffb5d490000 - 0x00007ffb5d4b9000 	C:\Program Files\Android\Android Studio\jre\bin\java.dll
0x00007ffb9fa10000 - 0x00007ffb9fa1b000 	C:\Program Files\Android\Android Studio\jre\bin\jimage.dll
0x00007ffb5c020000 - 0x00007ffb5c038000 	C:\Program Files\Android\Android Studio\jre\bin\zip.dll
0x00007ffbb1e40000 - 0x00007ffbb2584000 	C:\WINDOWS\System32\SHELL32.dll
0x00007ffbadef0000 - 0x00007ffbae684000 	C:\WINDOWS\SYSTEM32\windows.storage.dll
0x00007ffbb0d60000 - 0x00007ffbb10b5000 	C:\WINDOWS\System32\combase.dll
0x00007ffbaf940000 - 0x00007ffbaf96e000 	C:\WINDOWS\SYSTEM32\Wldp.dll
0x00007ffbb1a80000 - 0x00007ffbb1b2d000 	C:\WINDOWS\System32\SHCORE.dll
0x00007ffbb1de0000 - 0x00007ffbb1e35000 	C:\WINDOWS\System32\shlwapi.dll
0x00007ffbaff00000 - 0x00007ffbaff1f000 	C:\WINDOWS\SYSTEM32\profapi.dll
0x00007ffb5a430000 - 0x00007ffb5a44a000 	C:\Program Files\Android\Android Studio\jre\bin\net.dll
0x00007ffba0520000 - 0x00007ffba062c000 	C:\WINDOWS\SYSTEM32\WINHTTP.dll
0x00007ffbaf6a0000 - 0x00007ffbaf70a000 	C:\WINDOWS\system32\mswsock.dll
0x00007ffb5a320000 - 0x00007ffb5a334000 	C:\Program Files\Android\Android Studio\jre\bin\nio.dll
0x00007ffbaab30000 - 0x00007ffbaab57000 	C:\Users\NAS\.gradle\native\8bec1ad78214c89d9ad589b4d07fe93259594b29d510b10fafb7a158f7737e5d\windows-amd64\native-platform.dll
0x00007ffbaa940000 - 0x00007ffbaaa7d000 	C:\Users\NAS\.gradle\native\53dbd7edfb1c66fb8903c78663c9afc45aea4f116125fa6feffd364cf09443e8\windows-amd64\native-platform-file-events.dll
0x00007ffb9d570000 - 0x00007ffb9d57a000 	C:\Program Files\Android\Android Studio\jre\bin\management.dll
0x00007ffb99f70000 - 0x00007ffb99f7c000 	C:\Program Files\Android\Android Studio\jre\bin\management_ext.dll
0x00007ffbaf890000 - 0x00007ffbaf8a8000 	C:\WINDOWS\SYSTEM32\CRYPTSP.dll
0x00007ffbaf020000 - 0x00007ffbaf054000 	C:\WINDOWS\system32\rsaenh.dll
0x00007ffbb0070000 - 0x00007ffbb0097000 	C:\WINDOWS\System32\bcrypt.dll
0x00007ffbafe80000 - 0x00007ffbafeae000 	C:\WINDOWS\SYSTEM32\USERENV.dll
0x00007ffbaf8b0000 - 0x00007ffbaf8bc000 	C:\WINDOWS\SYSTEM32\CRYPTBASE.dll
0x00007ffbaf390000 - 0x00007ffbaf3cb000 	C:\WINDOWS\SYSTEM32\IPHLPAPI.DLL
0x00007ffbb11f0000 - 0x00007ffbb11f8000 	C:\WINDOWS\System32\NSI.dll
0x00007ffba5c30000 - 0x00007ffba5c47000 	C:\WINDOWS\SYSTEM32\dhcpcsvc6.DLL
0x00007ffba71a0000 - 0x00007ffba71bd000 	C:\WINDOWS\SYSTEM32\dhcpcsvc.DLL
0x00007ffbaf3d0000 - 0x00007ffbaf49b000 	C:\WINDOWS\SYSTEM32\DNSAPI.dll

dbghelp: loaded successfully - version: 4.0.5 - missing functions: none
symbol engine: initialized successfully - sym options: 0x614 - pdb path: .;C:\Program Files\Android\Android Studio\jre\bin;C:\WINDOWS\SYSTEM32;C:\WINDOWS\WinSxS\amd64_microsoft.windows.common-controls_6595b64144ccf1df_6.0.19041.1110_none_60b5254171f9507e;C:\Program Files\Android\Android Studio\jre\bin\server;C:\Users\NAS\.gradle\native\8bec1ad78214c89d9ad589b4d07fe93259594b29d510b10fafb7a158f7737e5d\windows-amd64;C:\Users\NAS\.gradle\native\53dbd7edfb1c66fb8903c78663c9afc45aea4f116125fa6feffd364cf09443e8\windows-amd64

VM Arguments:
jvm_args: --add-opens=java.base/java.util=ALL-UNNAMED --add-opens=java.base/java.lang=ALL-UNNAMED --add-opens=java.base/java.lang.invoke=ALL-UNNAMED --add-opens=java.base/java.util=ALL-UNNAMED --add-opens=java.prefs/java.util.prefs=ALL-UNNAMED --add-opens=java.prefs/java.util.prefs=ALL-UNNAMED --add-opens=java.base/java.nio.charset=ALL-UNNAMED --add-opens=java.base/java.net=ALL-UNNAMED --add-opens=java.base/java.util.concurrent.atomic=ALL-UNNAMED -Xmx2048m -Dfile.encoding=UTF-8 -Duser.country=ID -Duser.language=en -Duser.variant 
java_command: org.gradle.launcher.daemon.bootstrap.GradleDaemon 7.0.2
java_class_path (initial): C:\Users\NAS\.gradle\wrapper\dists\gradle-7.0.2-bin\857tjihv64xamwrf0h14cai3r\gradle-7.0.2\lib\gradle-launcher-7.0.2.jar
Launcher Type: SUN_STANDARD

[Global flags]
     intx CICompilerCount                          = 3                                         {product} {ergonomic}
     uint ConcGCThreads                            = 1                                         {product} {ergonomic}
     uint G1ConcRefinementThreads                  = 4                                         {product} {ergonomic}
   size_t G1HeapRegionSize                         = 1048576                                   {product} {ergonomic}
    uintx GCDrainStackTargetSize                   = 64                                        {product} {ergonomic}
   size_t InitialHeapSize                          = 67108864                                  {product} {ergonomic}
   size_t MarkStackSize                            = 4194304                                   {product} {ergonomic}
   size_t MaxHeapSize                              = 2147483648                                {product} {command line}
   size_t MaxNewSize                               = 1287651328                                {product} {ergonomic}
   size_t MinHeapDeltaBytes                        = 1048576                                   {product} {ergonomic}
    uintx NonNMethodCodeHeapSize                   = 5830732                                {pd product} {ergonomic}
    uintx NonProfiledCodeHeapSize                  = 122913754                              {pd product} {ergonomic}
    uintx ProfiledCodeHeapSize                     = 122913754                              {pd product} {ergonomic}
    uintx ReservedCodeCacheSize                    = 251658240                              {pd product} {ergonomic}
     bool SegmentedCodeCache                       = true                                      {product} {ergonomic}
     bool UseCompressedClassPointers               = true                                 {lp64_product} {ergonomic}
     bool UseCompressedOops                        = true                                 {lp64_product} {ergonomic}
     bool UseG1GC                                  = true                                      {product} {ergonomic}
     bool UseLargePagesIndividualAllocation        = false                                  {pd product} {ergonomic}

Logging:
Log output configuration:
 #0: stdout all=warning uptime,level,tags
 #1: stderr all=off uptime,level,tags

Environment Variables:
PATH=C:\Python310\Scripts\;C:\Python310\;C:\Program Files (x86)\Common Files\Oracle\Java\javapath;C:\Program Files\AdoptOpenJDK\jdk-15.0.2.7-hotspot\bin;C:\Program Files\Common Files\Oracle\Java\javapath;C:\ProgramData\Oracle\Java\javapath;C:\Program Files (x86)\Common Files\Intel\Shared Libraries\redist\intel64\compiler;C:\WINDOWS\system32;C:\WINDOWS;C:\WINDOWS\System32\Wbem;C:\WINDOWS\System32\WindowsPowerShell\v1.0\;C:\WINDOWS\System32\OpenSSH\;C:\Program Files\dotnet\;C:\Users\NAS\AppData\Roaming\Python\Python39\Scripts;C:\Program Files\Java\jdk-15.0.2\bin;C:\Program Files (x86)\Java\jre1.8.0_271\bin;C:\\Program Files\\NodeJS\\12-lts\\bin\\node.exe;C:\xampp\php;C:\ProgramData\ComposerSetup\bin;C:\Program Files\Git\cmd;C:\Program Files\PuTTY\;C:\ProgramData\chocolatey\bin;C:\Program Files\AdoptOpenJDK\jdk-11.0.11\bin;C:\Program Files\flutter\bin;C:\Program Files\nodejs\;C:\Users\NAS\AppData\Local\Programs\Python\Python39\Scripts\;C:\Users\NAS\AppData\Local\Programs\Python\Python39\;C:\Users\NAS\AppData\Local\Microsoft\WindowsApps;C:\Users\NAS\.dotnet\tools;C:\Program Files\Java\jdk-15.0.2\bin;C:\Program Files\JetBrains\JetBrains Rider 2020.3.3\bin;C:\Program Files\Java\jdk1.8.0_111\bin;C:\Program Files\AdoptOpenJDK\jdk-15.0.2.7-hotspot;C:\Program Files\JetBrains\PyCharm Community Edition 2021.1\bin;C:\Users\NAS\AppData\Roaming\Composer\vendor\bin;C:\Users\NAS\AppData\Local\GitHubDesktop\bin;C:\Program Files\JetBrains\WebStorm 2021.1.3\bin;C:\Users\NAS\AppData\Local\Microsoft\WindowsApps;F:\android\BelajarAndoid\gradle-7.0.2\bin;C:\Users\NAS\AppData\Local\Programs\Microsoft VS Code\bin;C:\Users\NAS\AppData\Roaming\npm
USERNAME=NAS
OS=Windows_NT
PROCESSOR_IDENTIFIER=Intel64 Family 6 Model 61 Stepping 4, GenuineIntel



---------------  S Y S T E M  ---------------

OS: Windows 10 , 64 bit Build 19041 (10.0.19041.1348)
OS uptime: 0 days 0:50 hours

CPU:total 4 (initial active 4) (2 cores per cpu, 2 threads per core) family 6 model 61 stepping 4 microcode 0x2d, cmov, cx8, fxsr, mmx, sse, sse2, sse3, ssse3, sse4.1, sse4.2, popcnt, avx, avx2, aes, clmul, erms, 3dnowpref, lzcnt, ht, tsc, tscinvbit, bmi1, bmi2, adx, fma

Memory: 4k page, system-wide physical 3996M (283M free)
TotalPageFile size 16284M (AvailPageFile size 0M)
current process WorkingSet (physical memory assigned to process): 336M, peak: 336M
current process commit charge ("private bytes"): 364M, peak: 364M

vm_info: OpenJDK 64-Bit Server VM (11.0.10+0-b96-7249189) for windows-amd64 JRE (11.0.10+0-b96-7249189), built on Mar 31 2021 21:44:00 by "builder" with MS VC++ 14.0 (VS2015)

END.
